Determining if the include file sys/audioio.h exists failed with the following output:
Change Dir: /root/linphone/linphone-android/WORK/android-x86/Build/speex/CMakeFiles/CMakeTmp

Run Build Command:"/usr/bin/make" "cmTC_2c9ca/fast"
make[4]: Entering directory '/root/linphone/linphone-android/WORK/android-x86/Build/speex/CMakeFiles/CMakeTmp'
/usr/bin/make -f CMakeFiles/cmTC_2c9ca.dir/build.make CMakeFiles/cmTC_2c9ca.dir/build
make[5]: Entering directory '/root/linphone/linphone-android/WORK/android-x86/Build/speex/CMakeFiles/CMakeTmp'
Building C object CMakeFiles/cmTC_2c9ca.dir/CheckIncludeFile.c.o
/root/android-ndk-r15c/toolchains/llvm/prebuilt/linux-x86_64/bin/clang --target=i686-none-linux-android --gcc-toolchain=/root/android-ndk-r15c/toolchains/x86-4.9/prebuilt/linux-x86_64 --sysroot=/root/android-ndk-r15c/sysroot  -isystem /root/android-ndk-r15c/sysroot/usr/include -isystem /root/android-ndk-r15c/sysroot/usr/include/i686-linux-android  -funwind-tables -no-canonical-prefixes -D__ANDROID_API__=16 -fexceptions  -g -fPIE   -o CMakeFiles/cmTC_2c9ca.dir/CheckIncludeFile.c.o   -c /root/linphone/linphone-android/WORK/android-x86/Build/speex/CMakeFiles/CMakeTmp/CheckIncludeFile.c
/root/linphone/linphone-android/WORK/android-x86/Build/speex/CMakeFiles/CMakeTmp/CheckIncludeFile.c:1:10: fatal error: 'sys/audioio.h' file not found
#include <sys/audioio.h>
         ^~~~~~~~~~~~~~~
1 error generated.
CMakeFiles/cmTC_2c9ca.dir/build.make:65: recipe for target 'CMakeFiles/cmTC_2c9ca.dir/CheckIncludeFile.c.o' failed
make[5]: *** [CMakeFiles/cmTC_2c9ca.dir/CheckIncludeFile.c.o] Error 1
make[5]: Leaving directory '/root/linphone/linphone-android/WORK/android-x86/Build/speex/CMakeFiles/CMakeTmp'
Makefile:126: recipe for target 'cmTC_2c9ca/fast' failed
make[4]: *** [cmTC_2c9ca/fast] Error 2
make[4]: Leaving directory '/root/linphone/linphone-android/WORK/android-x86/Build/speex/CMakeFiles/CMakeTmp'


Determining if the include file sys/soundcard.h exists failed with the following output:
Change Dir: /root/linphone/linphone-android/WORK/android-x86/Build/speex/CMakeFiles/CMakeTmp

Run Build Command:"/usr/bin/make" "cmTC_f8812/fast"
make[4]: Entering directory '/root/linphone/linphone-android/WORK/android-x86/Build/speex/CMakeFiles/CMakeTmp'
/usr/bin/make -f CMakeFiles/cmTC_f8812.dir/build.make CMakeFiles/cmTC_f8812.dir/build
make[5]: Entering directory '/root/linphone/linphone-android/WORK/android-x86/Build/speex/CMakeFiles/CMakeTmp'
Building C object CMakeFiles/cmTC_f8812.dir/CheckIncludeFile.c.o
/root/android-ndk-r15c/toolchains/llvm/prebuilt/linux-x86_64/bin/clang --target=i686-none-linux-android --gcc-toolchain=/root/android-ndk-r15c/toolchains/x86-4.9/prebuilt/linux-x86_64 --sysroot=/root/android-ndk-r15c/sysroot  -isystem /root/android-ndk-r15c/sysroot/usr/include -isystem /root/android-ndk-r15c/sysroot/usr/include/i686-linux-android  -funwind-tables -no-canonical-prefixes -D__ANDROID_API__=16 -fexceptions  -g -fPIE   -o CMakeFiles/cmTC_f8812.dir/CheckIncludeFile.c.o   -c /root/linphone/linphone-android/WORK/android-x86/Build/speex/CMakeFiles/CMakeTmp/CheckIncludeFile.c
/root/linphone/linphone-android/WORK/android-x86/Build/speex/CMakeFiles/CMakeTmp/CheckIncludeFile.c:1:10: fatal error: 'sys/soundcard.h' file not found
#include <sys/soundcard.h>
         ^~~~~~~~~~~~~~~~~
1 error generated.
CMakeFiles/cmTC_f8812.dir/build.make:65: recipe for target 'CMakeFiles/cmTC_f8812.dir/CheckIncludeFile.c.o' failed
make[5]: *** [CMakeFiles/cmTC_f8812.dir/CheckIncludeFile.c.o] Error 1
make[5]: Leaving directory '/root/linphone/linphone-android/WORK/android-x86/Build/speex/CMakeFiles/CMakeTmp'
Makefile:126: recipe for target 'cmTC_f8812/fast' failed
make[4]: *** [cmTC_f8812/fast] Error 2
make[4]: Leaving directory '/root/linphone/linphone-android/WORK/android-x86/Build/speex/CMakeFiles/CMakeTmp'


