Determining if the CU_curses_run_tests exist failed with the following output:
Change Dir: /root/linphone/linphone-android/WORK/android-arm64/Build/bctoolbox/CMakeFiles/CMakeTmp

Run Build Command:"/usr/bin/make" "cmTC_03485/fast"
make[4]: Entering directory '/root/linphone/linphone-android/WORK/android-arm64/Build/bctoolbox/CMakeFiles/CMakeTmp'
/usr/bin/make -f CMakeFiles/cmTC_03485.dir/build.make CMakeFiles/cmTC_03485.dir/build
make[5]: Entering directory '/root/linphone/linphone-android/WORK/android-arm64/Build/bctoolbox/CMakeFiles/CMakeTmp'
Building C object CMakeFiles/cmTC_03485.dir/CheckSymbolExists.c.o
/root/android-ndk-r15c/toolchains/llvm/prebuilt/linux-x86_64/bin/clang --target=aarch64-none-linux-android --gcc-toolchain=/root/android-ndk-r15c/toolchains/aarch64-linux-android-4.9/prebuilt/linux-x86_64 --sysroot=/root/android-ndk-r15c/sysroot  -I/root/linphone/linphone-android/liblinphone-sdk/android-arm64/include -isystem /root/android-ndk-r15c/sysroot/usr/include -isystem /root/android-ndk-r15c/sysroot/usr/include/aarch64-linux-android  -funwind-tables -no-canonical-prefixes -D__ANDROID_API__=21 -fexceptions  -g -fPIE   -o CMakeFiles/cmTC_03485.dir/CheckSymbolExists.c.o   -c /root/linphone/linphone-android/WORK/android-arm64/Build/bctoolbox/CMakeFiles/CMakeTmp/CheckSymbolExists.c
/root/linphone/linphone-android/WORK/android-arm64/Build/bctoolbox/CMakeFiles/CMakeTmp/CheckSymbolExists.c:8:19: error: use of undeclared identifier 'CU_curses_run_tests'
  return ((int*)(&CU_curses_run_tests))[argc];
                  ^
1 error generated.
CMakeFiles/cmTC_03485.dir/build.make:65: recipe for target 'CMakeFiles/cmTC_03485.dir/CheckSymbolExists.c.o' failed
make[5]: *** [CMakeFiles/cmTC_03485.dir/CheckSymbolExists.c.o] Error 1
make[5]: Leaving directory '/root/linphone/linphone-android/WORK/android-arm64/Build/bctoolbox/CMakeFiles/CMakeTmp'
Makefile:126: recipe for target 'cmTC_03485/fast' failed
make[4]: *** [cmTC_03485/fast] Error 2
make[4]: Leaving directory '/root/linphone/linphone-android/WORK/android-arm64/Build/bctoolbox/CMakeFiles/CMakeTmp'

File /root/linphone/linphone-android/WORK/android-arm64/Build/bctoolbox/CMakeFiles/CMakeTmp/CheckSymbolExists.c:
/* */
#include <BCUnit/BCUnit.h>

int main(int argc, char** argv)
{
  (void)argv;
#ifndef CU_curses_run_tests
  return ((int*)(&CU_curses_run_tests))[argc];
#else
  (void)argc;
  return 0;
#endif
}

Determining if the function clock_gettime exists in the rt failed with the following output:
Change Dir: /root/linphone/linphone-android/WORK/android-arm64/Build/bctoolbox/CMakeFiles/CMakeTmp

Run Build Command:"/usr/bin/make" "cmTC_0cb76/fast"
make[4]: Entering directory '/root/linphone/linphone-android/WORK/android-arm64/Build/bctoolbox/CMakeFiles/CMakeTmp'
/usr/bin/make -f CMakeFiles/cmTC_0cb76.dir/build.make CMakeFiles/cmTC_0cb76.dir/build
make[5]: Entering directory '/root/linphone/linphone-android/WORK/android-arm64/Build/bctoolbox/CMakeFiles/CMakeTmp'
Building C object CMakeFiles/cmTC_0cb76.dir/CheckFunctionExists.c.o
/root/android-ndk-r15c/toolchains/llvm/prebuilt/linux-x86_64/bin/clang --target=aarch64-none-linux-android --gcc-toolchain=/root/android-ndk-r15c/toolchains/aarch64-linux-android-4.9/prebuilt/linux-x86_64 --sysroot=/root/android-ndk-r15c/sysroot  -isystem /root/android-ndk-r15c/sysroot/usr/include -isystem /root/android-ndk-r15c/sysroot/usr/include/aarch64-linux-android  -funwind-tables -no-canonical-prefixes -D__ANDROID_API__=21 -fexceptions -DCHECK_FUNCTION_EXISTS=clock_gettime -g -fPIE   -o CMakeFiles/cmTC_0cb76.dir/CheckFunctionExists.c.o   -c /usr/local/share/cmake-3.11/Modules/CheckFunctionExists.c
Linking C executable cmTC_0cb76
/usr/local/bin/cmake -E cmake_link_script CMakeFiles/cmTC_0cb76.dir/link.txt --verbose=1
/root/android-ndk-r15c/toolchains/llvm/prebuilt/linux-x86_64/bin/clang --target=aarch64-none-linux-android --gcc-toolchain=/root/android-ndk-r15c/toolchains/aarch64-linux-android-4.9/prebuilt/linux-x86_64 --sysroot=/root/android-ndk-r15c/platforms/android-21/arch-arm64 -funwind-tables -no-canonical-prefixes -D__ANDROID_API__=21 -fexceptions -DCHECK_FUNCTION_EXISTS=clock_gettime -g  -fPIE -pie -Wl,--gc-sections  CMakeFiles/cmTC_0cb76.dir/CheckFunctionExists.c.o  -o cmTC_0cb76 -lrt 
/root/android-ndk-r15c/toolchains/aarch64-linux-android-4.9/prebuilt/linux-x86_64/lib/gcc/aarch64-linux-android/4.9.x/../../../../aarch64-linux-android/bin/ld: cannot find -lrt
clang: error: linker command failed with exit code 1 (use -v to see invocation)
CMakeFiles/cmTC_0cb76.dir/build.make:86: recipe for target 'cmTC_0cb76' failed
make[5]: *** [cmTC_0cb76] Error 1
make[5]: Leaving directory '/root/linphone/linphone-android/WORK/android-arm64/Build/bctoolbox/CMakeFiles/CMakeTmp'
Makefile:126: recipe for target 'cmTC_0cb76/fast' failed
make[4]: *** [cmTC_0cb76/fast] Error 2
make[4]: Leaving directory '/root/linphone/linphone-android/WORK/android-arm64/Build/bctoolbox/CMakeFiles/CMakeTmp'


Determining if the include file execinfo.h exists failed with the following output:
Change Dir: /root/linphone/linphone-android/WORK/android-arm64/Build/bctoolbox/CMakeFiles/CMakeTmp

Run Build Command:"/usr/bin/make" "cmTC_d80e0/fast"
make[4]: Entering directory '/root/linphone/linphone-android/WORK/android-arm64/Build/bctoolbox/CMakeFiles/CMakeTmp'
/usr/bin/make -f CMakeFiles/cmTC_d80e0.dir/build.make CMakeFiles/cmTC_d80e0.dir/build
make[5]: Entering directory '/root/linphone/linphone-android/WORK/android-arm64/Build/bctoolbox/CMakeFiles/CMakeTmp'
Building C object CMakeFiles/cmTC_d80e0.dir/CheckIncludeFile.c.o
/root/android-ndk-r15c/toolchains/llvm/prebuilt/linux-x86_64/bin/clang --target=aarch64-none-linux-android --gcc-toolchain=/root/android-ndk-r15c/toolchains/aarch64-linux-android-4.9/prebuilt/linux-x86_64 --sysroot=/root/android-ndk-r15c/sysroot  -isystem /root/android-ndk-r15c/sysroot/usr/include -isystem /root/android-ndk-r15c/sysroot/usr/include/aarch64-linux-android  -funwind-tables -no-canonical-prefixes -D__ANDROID_API__=21 -fexceptions  -g -fPIE   -o CMakeFiles/cmTC_d80e0.dir/CheckIncludeFile.c.o   -c /root/linphone/linphone-android/WORK/android-arm64/Build/bctoolbox/CMakeFiles/CMakeTmp/CheckIncludeFile.c
/root/linphone/linphone-android/WORK/android-arm64/Build/bctoolbox/CMakeFiles/CMakeTmp/CheckIncludeFile.c:1:10: fatal error: 'execinfo.h' file not found
#include <execinfo.h>
         ^~~~~~~~~~~~
1 error generated.
CMakeFiles/cmTC_d80e0.dir/build.make:65: recipe for target 'CMakeFiles/cmTC_d80e0.dir/CheckIncludeFile.c.o' failed
make[5]: *** [CMakeFiles/cmTC_d80e0.dir/CheckIncludeFile.c.o] Error 1
make[5]: Leaving directory '/root/linphone/linphone-android/WORK/android-arm64/Build/bctoolbox/CMakeFiles/CMakeTmp'
Makefile:126: recipe for target 'cmTC_d80e0/fast' failed
make[4]: *** [cmTC_d80e0/fast] Error 2
make[4]: Leaving directory '/root/linphone/linphone-android/WORK/android-arm64/Build/bctoolbox/CMakeFiles/CMakeTmp'


