The target system is: Android - 16 - armv7-a
The host system is: Linux - 4.15.0-041500-generic - x86_64
Compiling the C compiler identification source file "CMakeCCompilerId.c" succeeded.
Compiler: /root/android-ndk-r15c/toolchains/llvm/prebuilt/linux-x86_64/bin/clang 
Build flags: 
Id flags:  

The output was:
0


Compilation of the C compiler identification source "CMakeCCompilerId.c" produced "a.out"

The C compiler identification is Clang, found in "/root/linphone/linphone-android/WORK/android-armv7/Build/ms2/CMakeFiles/3.11.0-rc2/CompilerIdC/a.out"

Compiling the CXX compiler identification source file "CMakeCXXCompilerId.cpp" succeeded.
Compiler: /root/android-ndk-r15c/toolchains/llvm/prebuilt/linux-x86_64/bin/clang++ 
Build flags: 
Id flags:  

The output was:
0


Compilation of the CXX compiler identification source "CMakeCXXCompilerId.cpp" produced "a.out"

The CXX compiler identification is Clang, found in "/root/linphone/linphone-android/WORK/android-armv7/Build/ms2/CMakeFiles/3.11.0-rc2/CompilerIdCXX/a.out"

Determining if the C compiler works passed with the following output:
Change Dir: /root/linphone/linphone-android/WORK/android-armv7/Build/ms2/CMakeFiles/CMakeTmp

Run Build Command:"/usr/bin/make" "cmTC_8c2e0/fast"
make[4]: Entering directory '/root/linphone/linphone-android/WORK/android-armv7/Build/ms2/CMakeFiles/CMakeTmp'
/usr/bin/make -f CMakeFiles/cmTC_8c2e0.dir/build.make CMakeFiles/cmTC_8c2e0.dir/build
make[5]: Entering directory '/root/linphone/linphone-android/WORK/android-armv7/Build/ms2/CMakeFiles/CMakeTmp'
Building C object CMakeFiles/cmTC_8c2e0.dir/testCCompiler.c.o
/root/android-ndk-r15c/toolchains/llvm/prebuilt/linux-x86_64/bin/clang --target=armv7-none-linux-androideabi --gcc-toolchain=/root/android-ndk-r15c/toolchains/arm-linux-androideabi-4.9/prebuilt/linux-x86_64 --sysroot=/root/android-ndk-r15c/sysroot  -isystem /root/android-ndk-r15c/sysroot/usr/include -isystem /root/android-ndk-r15c/sysroot/usr/include/arm-linux-androideabi  -march=armv7-a -mthumb -mfpu=neon -mfloat-abi=softfp -funwind-tables -no-canonical-prefixes -D__ANDROID_API__=16 -fexceptions  -g -fPIE   -o CMakeFiles/cmTC_8c2e0.dir/testCCompiler.c.o   -c /root/linphone/linphone-android/WORK/android-armv7/Build/ms2/CMakeFiles/CMakeTmp/testCCompiler.c
Linking C executable cmTC_8c2e0
/usr/local/bin/cmake -E cmake_link_script CMakeFiles/cmTC_8c2e0.dir/link.txt --verbose=1
/root/android-ndk-r15c/toolchains/llvm/prebuilt/linux-x86_64/bin/clang --target=armv7-none-linux-androideabi --gcc-toolchain=/root/android-ndk-r15c/toolchains/arm-linux-androideabi-4.9/prebuilt/linux-x86_64 --sysroot=/root/android-ndk-r15c/platforms/android-16/arch-arm -march=armv7-a -mthumb -mfpu=neon -mfloat-abi=softfp -funwind-tables -no-canonical-prefixes -D__ANDROID_API__=16 -fexceptions  -g  -Wl,--fix-cortex-a8  -fPIE -pie -Wl,--gc-sections -Wl,-z,nocopyreloc  CMakeFiles/cmTC_8c2e0.dir/testCCompiler.c.o  -o cmTC_8c2e0 
make[5]: Leaving directory '/root/linphone/linphone-android/WORK/android-armv7/Build/ms2/CMakeFiles/CMakeTmp'
make[4]: Leaving directory '/root/linphone/linphone-android/WORK/android-armv7/Build/ms2/CMakeFiles/CMakeTmp'


Detecting C compiler ABI info compiled with the following output:
Change Dir: /root/linphone/linphone-android/WORK/android-armv7/Build/ms2/CMakeFiles/CMakeTmp

Run Build Command:"/usr/bin/make" "cmTC_6d5ad/fast"
make[4]: Entering directory '/root/linphone/linphone-android/WORK/android-armv7/Build/ms2/CMakeFiles/CMakeTmp'
/usr/bin/make -f CMakeFiles/cmTC_6d5ad.dir/build.make CMakeFiles/cmTC_6d5ad.dir/build
make[5]: Entering directory '/root/linphone/linphone-android/WORK/android-armv7/Build/ms2/CMakeFiles/CMakeTmp'
Building C object CMakeFiles/cmTC_6d5ad.dir/CMakeCCompilerABI.c.o
/root/android-ndk-r15c/toolchains/llvm/prebuilt/linux-x86_64/bin/clang --target=armv7-none-linux-androideabi --gcc-toolchain=/root/android-ndk-r15c/toolchains/arm-linux-androideabi-4.9/prebuilt/linux-x86_64 --sysroot=/root/android-ndk-r15c/sysroot  -isystem /root/android-ndk-r15c/sysroot/usr/include -isystem /root/android-ndk-r15c/sysroot/usr/include/arm-linux-androideabi  -march=armv7-a -mthumb -mfpu=neon -mfloat-abi=softfp -funwind-tables -no-canonical-prefixes -D__ANDROID_API__=16 -fexceptions  -g -fPIE   -o CMakeFiles/cmTC_6d5ad.dir/CMakeCCompilerABI.c.o   -c /usr/local/share/cmake-3.11/Modules/CMakeCCompilerABI.c
Linking C executable cmTC_6d5ad
/usr/local/bin/cmake -E cmake_link_script CMakeFiles/cmTC_6d5ad.dir/link.txt --verbose=1
/root/android-ndk-r15c/toolchains/llvm/prebuilt/linux-x86_64/bin/clang --target=armv7-none-linux-androideabi --gcc-toolchain=/root/android-ndk-r15c/toolchains/arm-linux-androideabi-4.9/prebuilt/linux-x86_64 --sysroot=/root/android-ndk-r15c/platforms/android-16/arch-arm -march=armv7-a -mthumb -mfpu=neon -mfloat-abi=softfp -funwind-tables -no-canonical-prefixes -D__ANDROID_API__=16 -fexceptions  -g  -Wl,--fix-cortex-a8  -fPIE -pie -Wl,--gc-sections -Wl,-z,nocopyreloc -v CMakeFiles/cmTC_6d5ad.dir/CMakeCCompilerABI.c.o  -o cmTC_6d5ad 
Android clang version 5.0.300080  (based on LLVM 5.0.300080)
Target: armv7-none-linux-android
Thread model: posix
InstalledDir: /root/android-ndk-r15c/toolchains/llvm/prebuilt/linux-x86_64/bin
Found candidate GCC installation: /root/android-ndk-r15c/toolchains/arm-linux-androideabi-4.9/prebuilt/linux-x86_64/lib/gcc/arm-linux-androideabi/4.9.x
Selected GCC installation: /root/android-ndk-r15c/toolchains/arm-linux-androideabi-4.9/prebuilt/linux-x86_64/lib/gcc/arm-linux-androideabi/4.9.x
Candidate multilib: thumb;@thumb
Candidate multilib: armv7-a;@armv7
Candidate multilib: armv7-a/thumb;@armv7@thumb
Candidate multilib: .;
Selected multilib: armv7-a/thumb;@armv7@thumb
 "/root/android-ndk-r15c/toolchains/arm-linux-androideabi-4.9/prebuilt/linux-x86_64/lib/gcc/arm-linux-androideabi/4.9.x/../../../../arm-linux-androideabi/bin/ld" --sysroot=/root/android-ndk-r15c/platforms/android-16/arch-arm -pie -z relro -X --eh-frame-hdr -m armelf_linux_eabi -dynamic-linker /system/bin/linker -o cmTC_6d5ad /root/android-ndk-r15c/platforms/android-16/arch-arm/usr/lib/../lib/crtbegin_dynamic.o -L/root/android-ndk-r15c/toolchains/llvm/prebuilt/linux-x86_64/lib64/clang/5.0.300080/lib/linux/arm -L/root/android-ndk-r15c/toolchains/arm-linux-androideabi-4.9/prebuilt/linux-x86_64/lib/gcc/arm-linux-androideabi/4.9.x/armv7-a/thumb -L/root/android-ndk-r15c/toolchains/arm-linux-androideabi-4.9/prebuilt/linux-x86_64/lib/gcc/arm-linux-androideabi/4.9.x/../../../../arm-linux-androideabi/lib/../lib/armv7-a/thumb -L/root/android-ndk-r15c/platforms/android-16/arch-arm/usr/lib/../lib -L/root/android-ndk-r15c/toolchains/arm-linux-androideabi-4.9/prebuilt/linux-x86_64/lib/gcc/arm-linux-androideabi/4.9.x/../../../../arm-linux-androideabi/lib/armv7-a/thumb -L/root/android-ndk-r15c/platforms/android-16/arch-arm/usr/lib --fix-cortex-a8 --gc-sections -z nocopyreloc CMakeFiles/cmTC_6d5ad.dir/CMakeCCompilerABI.c.o -lgcc -ldl -lc -lgcc -ldl /root/android-ndk-r15c/platforms/android-16/arch-arm/usr/lib/../lib/crtend_android.o
make[5]: Leaving directory '/root/linphone/linphone-android/WORK/android-armv7/Build/ms2/CMakeFiles/CMakeTmp'
make[4]: Leaving directory '/root/linphone/linphone-android/WORK/android-armv7/Build/ms2/CMakeFiles/CMakeTmp'


Parsed C implicit link information from above output:
  link line regex: [^( *|.*[/\])(arm-linux-androideabi-ld|CMAKE_LINK_STARTFILE-NOTFOUND|([^/\]+-)?ld|collect2)[^/\]*( |$)]
  ignore line: [Change Dir: /root/linphone/linphone-android/WORK/android-armv7/Build/ms2/CMakeFiles/CMakeTmp]
  ignore line: []
  ignore line: [Run Build Command:"/usr/bin/make" "cmTC_6d5ad/fast"]
  ignore line: [make[4]: Entering directory '/root/linphone/linphone-android/WORK/android-armv7/Build/ms2/CMakeFiles/CMakeTmp']
  ignore line: [/usr/bin/make -f CMakeFiles/cmTC_6d5ad.dir/build.make CMakeFiles/cmTC_6d5ad.dir/build]
  ignore line: [make[5]: Entering directory '/root/linphone/linphone-android/WORK/android-armv7/Build/ms2/CMakeFiles/CMakeTmp']
  ignore line: [Building C object CMakeFiles/cmTC_6d5ad.dir/CMakeCCompilerABI.c.o]
  ignore line: [/root/android-ndk-r15c/toolchains/llvm/prebuilt/linux-x86_64/bin/clang --target=armv7-none-linux-androideabi --gcc-toolchain=/root/android-ndk-r15c/toolchains/arm-linux-androideabi-4.9/prebuilt/linux-x86_64 --sysroot=/root/android-ndk-r15c/sysroot  -isystem /root/android-ndk-r15c/sysroot/usr/include -isystem /root/android-ndk-r15c/sysroot/usr/include/arm-linux-androideabi  -march=armv7-a -mthumb -mfpu=neon -mfloat-abi=softfp -funwind-tables -no-canonical-prefixes -D__ANDROID_API__=16 -fexceptions  -g -fPIE   -o CMakeFiles/cmTC_6d5ad.dir/CMakeCCompilerABI.c.o   -c /usr/local/share/cmake-3.11/Modules/CMakeCCompilerABI.c]
  ignore line: [Linking C executable cmTC_6d5ad]
  ignore line: [/usr/local/bin/cmake -E cmake_link_script CMakeFiles/cmTC_6d5ad.dir/link.txt --verbose=1]
  ignore line: [/root/android-ndk-r15c/toolchains/llvm/prebuilt/linux-x86_64/bin/clang --target=armv7-none-linux-androideabi --gcc-toolchain=/root/android-ndk-r15c/toolchains/arm-linux-androideabi-4.9/prebuilt/linux-x86_64 --sysroot=/root/android-ndk-r15c/platforms/android-16/arch-arm -march=armv7-a -mthumb -mfpu=neon -mfloat-abi=softfp -funwind-tables -no-canonical-prefixes -D__ANDROID_API__=16 -fexceptions  -g  -Wl,--fix-cortex-a8  -fPIE -pie -Wl,--gc-sections -Wl,-z,nocopyreloc -v CMakeFiles/cmTC_6d5ad.dir/CMakeCCompilerABI.c.o  -o cmTC_6d5ad ]
  ignore line: [Android clang version 5.0.300080  (based on LLVM 5.0.300080)]
  ignore line: [Target: armv7-none-linux-android]
  ignore line: [Thread model: posix]
  ignore line: [InstalledDir: /root/android-ndk-r15c/toolchains/llvm/prebuilt/linux-x86_64/bin]
  ignore line: [Found candidate GCC installation: /root/android-ndk-r15c/toolchains/arm-linux-androideabi-4.9/prebuilt/linux-x86_64/lib/gcc/arm-linux-androideabi/4.9.x]
  ignore line: [Selected GCC installation: /root/android-ndk-r15c/toolchains/arm-linux-androideabi-4.9/prebuilt/linux-x86_64/lib/gcc/arm-linux-androideabi/4.9.x]
  ignore line: [Candidate multilib: thumb]
  ignore line: [@thumb]
  ignore line: [Candidate multilib: armv7-a]
  ignore line: [@armv7]
  ignore line: [Candidate multilib: armv7-a/thumb]
  ignore line: [@armv7@thumb]
  ignore line: [Candidate multilib: .]
  ignore line: []
  ignore line: [Selected multilib: armv7-a/thumb]
  ignore line: [@armv7@thumb]
  link line: [ "/root/android-ndk-r15c/toolchains/arm-linux-androideabi-4.9/prebuilt/linux-x86_64/lib/gcc/arm-linux-androideabi/4.9.x/../../../../arm-linux-androideabi/bin/ld" --sysroot=/root/android-ndk-r15c/platforms/android-16/arch-arm -pie -z relro -X --eh-frame-hdr -m armelf_linux_eabi -dynamic-linker /system/bin/linker -o cmTC_6d5ad /root/android-ndk-r15c/platforms/android-16/arch-arm/usr/lib/../lib/crtbegin_dynamic.o -L/root/android-ndk-r15c/toolchains/llvm/prebuilt/linux-x86_64/lib64/clang/5.0.300080/lib/linux/arm -L/root/android-ndk-r15c/toolchains/arm-linux-androideabi-4.9/prebuilt/linux-x86_64/lib/gcc/arm-linux-androideabi/4.9.x/armv7-a/thumb -L/root/android-ndk-r15c/toolchains/arm-linux-androideabi-4.9/prebuilt/linux-x86_64/lib/gcc/arm-linux-androideabi/4.9.x/../../../../arm-linux-androideabi/lib/../lib/armv7-a/thumb -L/root/android-ndk-r15c/platforms/android-16/arch-arm/usr/lib/../lib -L/root/android-ndk-r15c/toolchains/arm-linux-androideabi-4.9/prebuilt/linux-x86_64/lib/gcc/arm-linux-androideabi/4.9.x/../../../../arm-linux-androideabi/lib/armv7-a/thumb -L/root/android-ndk-r15c/platforms/android-16/arch-arm/usr/lib --fix-cortex-a8 --gc-sections -z nocopyreloc CMakeFiles/cmTC_6d5ad.dir/CMakeCCompilerABI.c.o -lgcc -ldl -lc -lgcc -ldl /root/android-ndk-r15c/platforms/android-16/arch-arm/usr/lib/../lib/crtend_android.o]
    arg [/root/android-ndk-r15c/toolchains/arm-linux-androideabi-4.9/prebuilt/linux-x86_64/lib/gcc/arm-linux-androideabi/4.9.x/../../../../arm-linux-androideabi/bin/ld] ==> ignore
    arg [--sysroot=/root/android-ndk-r15c/platforms/android-16/arch-arm] ==> ignore
    arg [-pie] ==> ignore
    arg [-zrelro] ==> ignore
    arg [-X] ==> ignore
    arg [--eh-frame-hdr] ==> ignore
    arg [-m] ==> ignore
    arg [armelf_linux_eabi] ==> ignore
    arg [-dynamic-linker] ==> ignore
    arg [/system/bin/linker] ==> ignore
    arg [-o] ==> ignore
    arg [cmTC_6d5ad] ==> ignore
    arg [/root/android-ndk-r15c/platforms/android-16/arch-arm/usr/lib/../lib/crtbegin_dynamic.o] ==> ignore
    arg [-L/root/android-ndk-r15c/toolchains/llvm/prebuilt/linux-x86_64/lib64/clang/5.0.300080/lib/linux/arm] ==> dir [/root/android-ndk-r15c/toolchains/llvm/prebuilt/linux-x86_64/lib64/clang/5.0.300080/lib/linux/arm]
    arg [-L/root/android-ndk-r15c/toolchains/arm-linux-androideabi-4.9/prebuilt/linux-x86_64/lib/gcc/arm-linux-androideabi/4.9.x/armv7-a/thumb] ==> dir [/root/android-ndk-r15c/toolchains/arm-linux-androideabi-4.9/prebuilt/linux-x86_64/lib/gcc/arm-linux-androideabi/4.9.x/armv7-a/thumb]
    arg [-L/root/android-ndk-r15c/toolchains/arm-linux-androideabi-4.9/prebuilt/linux-x86_64/lib/gcc/arm-linux-androideabi/4.9.x/../../../../arm-linux-androideabi/lib/../lib/armv7-a/thumb] ==> dir [/root/android-ndk-r15c/toolchains/arm-linux-androideabi-4.9/prebuilt/linux-x86_64/lib/gcc/arm-linux-androideabi/4.9.x/../../../../arm-linux-androideabi/lib/../lib/armv7-a/thumb]
    arg [-L/root/android-ndk-r15c/platforms/android-16/arch-arm/usr/lib/../lib] ==> dir [/root/android-ndk-r15c/platforms/android-16/arch-arm/usr/lib/../lib]
    arg [-L/root/android-ndk-r15c/toolchains/arm-linux-androideabi-4.9/prebuilt/linux-x86_64/lib/gcc/arm-linux-androideabi/4.9.x/../../../../arm-linux-androideabi/lib/armv7-a/thumb] ==> dir [/root/android-ndk-r15c/toolchains/arm-linux-androideabi-4.9/prebuilt/linux-x86_64/lib/gcc/arm-linux-androideabi/4.9.x/../../../../arm-linux-androideabi/lib/armv7-a/thumb]
    arg [-L/root/android-ndk-r15c/platforms/android-16/arch-arm/usr/lib] ==> dir [/root/android-ndk-r15c/platforms/android-16/arch-arm/usr/lib]
    arg [--fix-cortex-a8] ==> ignore
    arg [--gc-sections] ==> ignore
    arg [-znocopyreloc] ==> ignore
    arg [CMakeFiles/cmTC_6d5ad.dir/CMakeCCompilerABI.c.o] ==> ignore
    arg [-lgcc] ==> lib [gcc]
    arg [-ldl] ==> lib [dl]
    arg [-lc] ==> lib [c]
    arg [-lgcc] ==> lib [gcc]
    arg [-ldl] ==> lib [dl]
    arg [/root/android-ndk-r15c/platforms/android-16/arch-arm/usr/lib/../lib/crtend_android.o] ==> ignore
  collapse library dir [/root/android-ndk-r15c/toolchains/llvm/prebuilt/linux-x86_64/lib64/clang/5.0.300080/lib/linux/arm] ==> [/root/android-ndk-r15c/toolchains/llvm/prebuilt/linux-x86_64/lib64/clang/5.0.300080/lib/linux/arm]
  collapse library dir [/root/android-ndk-r15c/toolchains/arm-linux-androideabi-4.9/prebuilt/linux-x86_64/lib/gcc/arm-linux-androideabi/4.9.x/armv7-a/thumb] ==> [/root/android-ndk-r15c/toolchains/arm-linux-androideabi-4.9/prebuilt/linux-x86_64/lib/gcc/arm-linux-androideabi/4.9.x/armv7-a/thumb]
  collapse library dir [/root/android-ndk-r15c/toolchains/arm-linux-androideabi-4.9/prebuilt/linux-x86_64/lib/gcc/arm-linux-androideabi/4.9.x/../../../../arm-linux-androideabi/lib/../lib/armv7-a/thumb] ==> [/root/android-ndk-r15c/toolchains/arm-linux-androideabi-4.9/prebuilt/linux-x86_64/arm-linux-androideabi/lib/armv7-a/thumb]
  collapse library dir [/root/android-ndk-r15c/platforms/android-16/arch-arm/usr/lib/../lib] ==> [/root/android-ndk-r15c/platforms/android-16/arch-arm/usr/lib]
  collapse library dir [/root/android-ndk-r15c/toolchains/arm-linux-androideabi-4.9/prebuilt/linux-x86_64/lib/gcc/arm-linux-androideabi/4.9.x/../../../../arm-linux-androideabi/lib/armv7-a/thumb] ==> [/root/android-ndk-r15c/toolchains/arm-linux-androideabi-4.9/prebuilt/linux-x86_64/arm-linux-androideabi/lib/armv7-a/thumb]
  collapse library dir [/root/android-ndk-r15c/platforms/android-16/arch-arm/usr/lib] ==> [/root/android-ndk-r15c/platforms/android-16/arch-arm/usr/lib]
  implicit libs: [gcc;dl;c;gcc;dl]
  implicit dirs: [/root/android-ndk-r15c/toolchains/llvm/prebuilt/linux-x86_64/lib64/clang/5.0.300080/lib/linux/arm;/root/android-ndk-r15c/toolchains/arm-linux-androideabi-4.9/prebuilt/linux-x86_64/lib/gcc/arm-linux-androideabi/4.9.x/armv7-a/thumb;/root/android-ndk-r15c/toolchains/arm-linux-androideabi-4.9/prebuilt/linux-x86_64/arm-linux-androideabi/lib/armv7-a/thumb;/root/android-ndk-r15c/platforms/android-16/arch-arm/usr/lib]
  implicit fwks: []




Detecting C [-std=c11] compiler features compiled with the following output:
Change Dir: /root/linphone/linphone-android/WORK/android-armv7/Build/ms2/CMakeFiles/CMakeTmp

Run Build Command:"/usr/bin/make" "cmTC_67106/fast"
make[4]: Entering directory '/root/linphone/linphone-android/WORK/android-armv7/Build/ms2/CMakeFiles/CMakeTmp'
/usr/bin/make -f CMakeFiles/cmTC_67106.dir/build.make CMakeFiles/cmTC_67106.dir/build
make[5]: Entering directory '/root/linphone/linphone-android/WORK/android-armv7/Build/ms2/CMakeFiles/CMakeTmp'
Building C object CMakeFiles/cmTC_67106.dir/feature_tests.c.o
/root/android-ndk-r15c/toolchains/llvm/prebuilt/linux-x86_64/bin/clang --target=armv7-none-linux-androideabi --gcc-toolchain=/root/android-ndk-r15c/toolchains/arm-linux-androideabi-4.9/prebuilt/linux-x86_64 --sysroot=/root/android-ndk-r15c/sysroot  -isystem /root/android-ndk-r15c/sysroot/usr/include -isystem /root/android-ndk-r15c/sysroot/usr/include/arm-linux-androideabi  -march=armv7-a -mthumb -mfpu=neon -mfloat-abi=softfp -funwind-tables -no-canonical-prefixes -D__ANDROID_API__=16 -fexceptions  -g -fPIE   -std=c11 -o CMakeFiles/cmTC_67106.dir/feature_tests.c.o   -c /root/linphone/linphone-android/WORK/android-armv7/Build/ms2/CMakeFiles/feature_tests.c
Linking C executable cmTC_67106
/usr/local/bin/cmake -E cmake_link_script CMakeFiles/cmTC_67106.dir/link.txt --verbose=1
/root/android-ndk-r15c/toolchains/llvm/prebuilt/linux-x86_64/bin/clang --target=armv7-none-linux-androideabi --gcc-toolchain=/root/android-ndk-r15c/toolchains/arm-linux-androideabi-4.9/prebuilt/linux-x86_64 --sysroot=/root/android-ndk-r15c/platforms/android-16/arch-arm -march=armv7-a -mthumb -mfpu=neon -mfloat-abi=softfp -funwind-tables -no-canonical-prefixes -D__ANDROID_API__=16 -fexceptions  -g  -Wl,--fix-cortex-a8  -fPIE -pie -Wl,--gc-sections -Wl,-z,nocopyreloc  CMakeFiles/cmTC_67106.dir/feature_tests.c.o  -o cmTC_67106 
make[5]: Leaving directory '/root/linphone/linphone-android/WORK/android-armv7/Build/ms2/CMakeFiles/CMakeTmp'
make[4]: Leaving directory '/root/linphone/linphone-android/WORK/android-armv7/Build/ms2/CMakeFiles/CMakeTmp'


    Feature record: C_FEATURE:1c_function_prototypes
    Feature record: C_FEATURE:1c_restrict
    Feature record: C_FEATURE:1c_static_assert
    Feature record: C_FEATURE:1c_variadic_macros


Detecting C [-std=c99] compiler features compiled with the following output:
Change Dir: /root/linphone/linphone-android/WORK/android-armv7/Build/ms2/CMakeFiles/CMakeTmp

Run Build Command:"/usr/bin/make" "cmTC_60311/fast"
make[4]: Entering directory '/root/linphone/linphone-android/WORK/android-armv7/Build/ms2/CMakeFiles/CMakeTmp'
/usr/bin/make -f CMakeFiles/cmTC_60311.dir/build.make CMakeFiles/cmTC_60311.dir/build
make[5]: Entering directory '/root/linphone/linphone-android/WORK/android-armv7/Build/ms2/CMakeFiles/CMakeTmp'
Building C object CMakeFiles/cmTC_60311.dir/feature_tests.c.o
/root/android-ndk-r15c/toolchains/llvm/prebuilt/linux-x86_64/bin/clang --target=armv7-none-linux-androideabi --gcc-toolchain=/root/android-ndk-r15c/toolchains/arm-linux-androideabi-4.9/prebuilt/linux-x86_64 --sysroot=/root/android-ndk-r15c/sysroot  -isystem /root/android-ndk-r15c/sysroot/usr/include -isystem /root/android-ndk-r15c/sysroot/usr/include/arm-linux-androideabi  -march=armv7-a -mthumb -mfpu=neon -mfloat-abi=softfp -funwind-tables -no-canonical-prefixes -D__ANDROID_API__=16 -fexceptions  -g -fPIE   -std=c99 -o CMakeFiles/cmTC_60311.dir/feature_tests.c.o   -c /root/linphone/linphone-android/WORK/android-armv7/Build/ms2/CMakeFiles/feature_tests.c
Linking C executable cmTC_60311
/usr/local/bin/cmake -E cmake_link_script CMakeFiles/cmTC_60311.dir/link.txt --verbose=1
/root/android-ndk-r15c/toolchains/llvm/prebuilt/linux-x86_64/bin/clang --target=armv7-none-linux-androideabi --gcc-toolchain=/root/android-ndk-r15c/toolchains/arm-linux-androideabi-4.9/prebuilt/linux-x86_64 --sysroot=/root/android-ndk-r15c/platforms/android-16/arch-arm -march=armv7-a -mthumb -mfpu=neon -mfloat-abi=softfp -funwind-tables -no-canonical-prefixes -D__ANDROID_API__=16 -fexceptions  -g  -Wl,--fix-cortex-a8  -fPIE -pie -Wl,--gc-sections -Wl,-z,nocopyreloc  CMakeFiles/cmTC_60311.dir/feature_tests.c.o  -o cmTC_60311 
make[5]: Leaving directory '/root/linphone/linphone-android/WORK/android-armv7/Build/ms2/CMakeFiles/CMakeTmp'
make[4]: Leaving directory '/root/linphone/linphone-android/WORK/android-armv7/Build/ms2/CMakeFiles/CMakeTmp'


    Feature record: C_FEATURE:1c_function_prototypes
    Feature record: C_FEATURE:1c_restrict
    Feature record: C_FEATURE:0c_static_assert
    Feature record: C_FEATURE:1c_variadic_macros


Detecting C [-std=c90] compiler features compiled with the following output:
Change Dir: /root/linphone/linphone-android/WORK/android-armv7/Build/ms2/CMakeFiles/CMakeTmp

Run Build Command:"/usr/bin/make" "cmTC_c2763/fast"
make[4]: Entering directory '/root/linphone/linphone-android/WORK/android-armv7/Build/ms2/CMakeFiles/CMakeTmp'
/usr/bin/make -f CMakeFiles/cmTC_c2763.dir/build.make CMakeFiles/cmTC_c2763.dir/build
make[5]: Entering directory '/root/linphone/linphone-android/WORK/android-armv7/Build/ms2/CMakeFiles/CMakeTmp'
Building C object CMakeFiles/cmTC_c2763.dir/feature_tests.c.o
/root/android-ndk-r15c/toolchains/llvm/prebuilt/linux-x86_64/bin/clang --target=armv7-none-linux-androideabi --gcc-toolchain=/root/android-ndk-r15c/toolchains/arm-linux-androideabi-4.9/prebuilt/linux-x86_64 --sysroot=/root/android-ndk-r15c/sysroot  -isystem /root/android-ndk-r15c/sysroot/usr/include -isystem /root/android-ndk-r15c/sysroot/usr/include/arm-linux-androideabi  -march=armv7-a -mthumb -mfpu=neon -mfloat-abi=softfp -funwind-tables -no-canonical-prefixes -D__ANDROID_API__=16 -fexceptions  -g -fPIE   -std=c90 -o CMakeFiles/cmTC_c2763.dir/feature_tests.c.o   -c /root/linphone/linphone-android/WORK/android-armv7/Build/ms2/CMakeFiles/feature_tests.c
Linking C executable cmTC_c2763
/usr/local/bin/cmake -E cmake_link_script CMakeFiles/cmTC_c2763.dir/link.txt --verbose=1
/root/android-ndk-r15c/toolchains/llvm/prebuilt/linux-x86_64/bin/clang --target=armv7-none-linux-androideabi --gcc-toolchain=/root/android-ndk-r15c/toolchains/arm-linux-androideabi-4.9/prebuilt/linux-x86_64 --sysroot=/root/android-ndk-r15c/platforms/android-16/arch-arm -march=armv7-a -mthumb -mfpu=neon -mfloat-abi=softfp -funwind-tables -no-canonical-prefixes -D__ANDROID_API__=16 -fexceptions  -g  -Wl,--fix-cortex-a8  -fPIE -pie -Wl,--gc-sections -Wl,-z,nocopyreloc  CMakeFiles/cmTC_c2763.dir/feature_tests.c.o  -o cmTC_c2763 
make[5]: Leaving directory '/root/linphone/linphone-android/WORK/android-armv7/Build/ms2/CMakeFiles/CMakeTmp'
make[4]: Leaving directory '/root/linphone/linphone-android/WORK/android-armv7/Build/ms2/CMakeFiles/CMakeTmp'


    Feature record: C_FEATURE:1c_function_prototypes
    Feature record: C_FEATURE:0c_restrict
    Feature record: C_FEATURE:0c_static_assert
    Feature record: C_FEATURE:0c_variadic_macros
Determining if the CXX compiler works passed with the following output:
Change Dir: /root/linphone/linphone-android/WORK/android-armv7/Build/ms2/CMakeFiles/CMakeTmp

Run Build Command:"/usr/bin/make" "cmTC_877db/fast"
make[4]: Entering directory '/root/linphone/linphone-android/WORK/android-armv7/Build/ms2/CMakeFiles/CMakeTmp'
/usr/bin/make -f CMakeFiles/cmTC_877db.dir/build.make CMakeFiles/cmTC_877db.dir/build
make[5]: Entering directory '/root/linphone/linphone-android/WORK/android-armv7/Build/ms2/CMakeFiles/CMakeTmp'
Building CXX object CMakeFiles/cmTC_877db.dir/testCXXCompiler.cxx.o
/root/android-ndk-r15c/toolchains/llvm/prebuilt/linux-x86_64/bin/clang++ --target=armv7-none-linux-androideabi --gcc-toolchain=/root/android-ndk-r15c/toolchains/arm-linux-androideabi-4.9/prebuilt/linux-x86_64 --sysroot=/root/android-ndk-r15c/sysroot   -isystem /root/android-ndk-r15c/sources/cxx-stl/gnu-libstdc++/4.9/include -isystem /root/android-ndk-r15c/sources/cxx-stl/gnu-libstdc++/4.9/libs/armeabi-v7a/include -isystem /root/android-ndk-r15c/sources/cxx-stl/gnu-libstdc++/4.9/include/backward -isystem /root/android-ndk-r15c/sysroot/usr/include -isystem /root/android-ndk-r15c/sysroot/usr/include/arm-linux-androideabi  -march=armv7-a -mthumb -mfpu=neon -mfloat-abi=softfp -funwind-tables -no-canonical-prefixes -D__ANDROID_API__=16 -fexceptions -frtti  -g -fPIE   -o CMakeFiles/cmTC_877db.dir/testCXXCompiler.cxx.o -c /root/linphone/linphone-android/WORK/android-armv7/Build/ms2/CMakeFiles/CMakeTmp/testCXXCompiler.cxx
Linking CXX executable cmTC_877db
/usr/local/bin/cmake -E cmake_link_script CMakeFiles/cmTC_877db.dir/link.txt --verbose=1
/root/android-ndk-r15c/toolchains/llvm/prebuilt/linux-x86_64/bin/clang++ --target=armv7-none-linux-androideabi --gcc-toolchain=/root/android-ndk-r15c/toolchains/arm-linux-androideabi-4.9/prebuilt/linux-x86_64 --sysroot=/root/android-ndk-r15c/platforms/android-16/arch-arm  -march=armv7-a -mthumb -mfpu=neon -mfloat-abi=softfp -funwind-tables -no-canonical-prefixes -D__ANDROID_API__=16 -fexceptions -frtti  -g  -Wl,--fix-cortex-a8  -fPIE -pie -Wl,--gc-sections -Wl,-z,nocopyreloc  CMakeFiles/cmTC_877db.dir/testCXXCompiler.cxx.o  -o cmTC_877db  "/root/android-ndk-r15c/sources/cxx-stl/gnu-libstdc++/4.9/libs/armeabi-v7a/libgnustl_shared.so" 
make[5]: Leaving directory '/root/linphone/linphone-android/WORK/android-armv7/Build/ms2/CMakeFiles/CMakeTmp'
make[4]: Leaving directory '/root/linphone/linphone-android/WORK/android-armv7/Build/ms2/CMakeFiles/CMakeTmp'


Detecting CXX compiler ABI info compiled with the following output:
Change Dir: /root/linphone/linphone-android/WORK/android-armv7/Build/ms2/CMakeFiles/CMakeTmp

Run Build Command:"/usr/bin/make" "cmTC_f4f38/fast"
make[4]: Entering directory '/root/linphone/linphone-android/WORK/android-armv7/Build/ms2/CMakeFiles/CMakeTmp'
/usr/bin/make -f CMakeFiles/cmTC_f4f38.dir/build.make CMakeFiles/cmTC_f4f38.dir/build
make[5]: Entering directory '/root/linphone/linphone-android/WORK/android-armv7/Build/ms2/CMakeFiles/CMakeTmp'
Building CXX object CMakeFiles/cmTC_f4f38.dir/CMakeCXXCompilerABI.cpp.o
/root/android-ndk-r15c/toolchains/llvm/prebuilt/linux-x86_64/bin/clang++ --target=armv7-none-linux-androideabi --gcc-toolchain=/root/android-ndk-r15c/toolchains/arm-linux-androideabi-4.9/prebuilt/linux-x86_64 --sysroot=/root/android-ndk-r15c/sysroot   -isystem /root/android-ndk-r15c/sources/cxx-stl/gnu-libstdc++/4.9/include -isystem /root/android-ndk-r15c/sources/cxx-stl/gnu-libstdc++/4.9/libs/armeabi-v7a/include -isystem /root/android-ndk-r15c/sources/cxx-stl/gnu-libstdc++/4.9/include/backward -isystem /root/android-ndk-r15c/sysroot/usr/include -isystem /root/android-ndk-r15c/sysroot/usr/include/arm-linux-androideabi  -march=armv7-a -mthumb -mfpu=neon -mfloat-abi=softfp -funwind-tables -no-canonical-prefixes -D__ANDROID_API__=16 -fexceptions -frtti  -g -fPIE   -o CMakeFiles/cmTC_f4f38.dir/CMakeCXXCompilerABI.cpp.o -c /usr/local/share/cmake-3.11/Modules/CMakeCXXCompilerABI.cpp
Linking CXX executable cmTC_f4f38
/usr/local/bin/cmake -E cmake_link_script CMakeFiles/cmTC_f4f38.dir/link.txt --verbose=1
/root/android-ndk-r15c/toolchains/llvm/prebuilt/linux-x86_64/bin/clang++ --target=armv7-none-linux-androideabi --gcc-toolchain=/root/android-ndk-r15c/toolchains/arm-linux-androideabi-4.9/prebuilt/linux-x86_64 --sysroot=/root/android-ndk-r15c/platforms/android-16/arch-arm  -march=armv7-a -mthumb -mfpu=neon -mfloat-abi=softfp -funwind-tables -no-canonical-prefixes -D__ANDROID_API__=16 -fexceptions -frtti  -g  -Wl,--fix-cortex-a8  -fPIE -pie -Wl,--gc-sections -Wl,-z,nocopyreloc -v CMakeFiles/cmTC_f4f38.dir/CMakeCXXCompilerABI.cpp.o  -o cmTC_f4f38  "/root/android-ndk-r15c/sources/cxx-stl/gnu-libstdc++/4.9/libs/armeabi-v7a/libgnustl_shared.so" 
Android clang version 5.0.300080  (based on LLVM 5.0.300080)
Target: armv7-none-linux-android
Thread model: posix
InstalledDir: /root/android-ndk-r15c/toolchains/llvm/prebuilt/linux-x86_64/bin
Found candidate GCC installation: /root/android-ndk-r15c/toolchains/arm-linux-androideabi-4.9/prebuilt/linux-x86_64/lib/gcc/arm-linux-androideabi/4.9.x
Selected GCC installation: /root/android-ndk-r15c/toolchains/arm-linux-androideabi-4.9/prebuilt/linux-x86_64/lib/gcc/arm-linux-androideabi/4.9.x
Candidate multilib: thumb;@thumb
Candidate multilib: armv7-a;@armv7
Candidate multilib: armv7-a/thumb;@armv7@thumb
Candidate multilib: .;
Selected multilib: armv7-a/thumb;@armv7@thumb
 "/root/android-ndk-r15c/toolchains/arm-linux-androideabi-4.9/prebuilt/linux-x86_64/lib/gcc/arm-linux-androideabi/4.9.x/../../../../arm-linux-androideabi/bin/ld" --sysroot=/root/android-ndk-r15c/platforms/android-16/arch-arm -pie -z relro -X --eh-frame-hdr -m armelf_linux_eabi -dynamic-linker /system/bin/linker -o cmTC_f4f38 /root/android-ndk-r15c/platforms/android-16/arch-arm/usr/lib/../lib/crtbegin_dynamic.o -L/root/android-ndk-r15c/toolchains/llvm/prebuilt/linux-x86_64/lib64/clang/5.0.300080/lib/linux/arm -L/root/android-ndk-r15c/toolchains/arm-linux-androideabi-4.9/prebuilt/linux-x86_64/lib/gcc/arm-linux-androideabi/4.9.x/armv7-a/thumb -L/root/android-ndk-r15c/toolchains/arm-linux-androideabi-4.9/prebuilt/linux-x86_64/lib/gcc/arm-linux-androideabi/4.9.x/../../../../arm-linux-androideabi/lib/../lib/armv7-a/thumb -L/root/android-ndk-r15c/platforms/android-16/arch-arm/usr/lib/../lib -L/root/android-ndk-r15c/toolchains/arm-linux-androideabi-4.9/prebuilt/linux-x86_64/lib/gcc/arm-linux-androideabi/4.9.x/../../../../arm-linux-androideabi/lib/armv7-a/thumb -L/root/android-ndk-r15c/platforms/android-16/arch-arm/usr/lib --fix-cortex-a8 --gc-sections -z nocopyreloc CMakeFiles/cmTC_f4f38.dir/CMakeCXXCompilerABI.cpp.o /root/android-ndk-r15c/sources/cxx-stl/gnu-libstdc++/4.9/libs/armeabi-v7a/libgnustl_shared.so -lstdc++ -lm -lgcc -lgcc -ldl -lc -lgcc -lgcc -ldl /root/android-ndk-r15c/platforms/android-16/arch-arm/usr/lib/../lib/crtend_android.o
make[5]: Leaving directory '/root/linphone/linphone-android/WORK/android-armv7/Build/ms2/CMakeFiles/CMakeTmp'
make[4]: Leaving directory '/root/linphone/linphone-android/WORK/android-armv7/Build/ms2/CMakeFiles/CMakeTmp'


Parsed CXX implicit link information from above output:
  link line regex: [^( *|.*[/\])(arm-linux-androideabi-ld|CMAKE_LINK_STARTFILE-NOTFOUND|([^/\]+-)?ld|collect2)[^/\]*( |$)]
  ignore line: [Change Dir: /root/linphone/linphone-android/WORK/android-armv7/Build/ms2/CMakeFiles/CMakeTmp]
  ignore line: []
  ignore line: [Run Build Command:"/usr/bin/make" "cmTC_f4f38/fast"]
  ignore line: [make[4]: Entering directory '/root/linphone/linphone-android/WORK/android-armv7/Build/ms2/CMakeFiles/CMakeTmp']
  ignore line: [/usr/bin/make -f CMakeFiles/cmTC_f4f38.dir/build.make CMakeFiles/cmTC_f4f38.dir/build]
  ignore line: [make[5]: Entering directory '/root/linphone/linphone-android/WORK/android-armv7/Build/ms2/CMakeFiles/CMakeTmp']
  ignore line: [Building CXX object CMakeFiles/cmTC_f4f38.dir/CMakeCXXCompilerABI.cpp.o]
  ignore line: [/root/android-ndk-r15c/toolchains/llvm/prebuilt/linux-x86_64/bin/clang++ --target=armv7-none-linux-androideabi --gcc-toolchain=/root/android-ndk-r15c/toolchains/arm-linux-androideabi-4.9/prebuilt/linux-x86_64 --sysroot=/root/android-ndk-r15c/sysroot   -isystem /root/android-ndk-r15c/sources/cxx-stl/gnu-libstdc++/4.9/include -isystem /root/android-ndk-r15c/sources/cxx-stl/gnu-libstdc++/4.9/libs/armeabi-v7a/include -isystem /root/android-ndk-r15c/sources/cxx-stl/gnu-libstdc++/4.9/include/backward -isystem /root/android-ndk-r15c/sysroot/usr/include -isystem /root/android-ndk-r15c/sysroot/usr/include/arm-linux-androideabi  -march=armv7-a -mthumb -mfpu=neon -mfloat-abi=softfp -funwind-tables -no-canonical-prefixes -D__ANDROID_API__=16 -fexceptions -frtti  -g -fPIE   -o CMakeFiles/cmTC_f4f38.dir/CMakeCXXCompilerABI.cpp.o -c /usr/local/share/cmake-3.11/Modules/CMakeCXXCompilerABI.cpp]
  ignore line: [Linking CXX executable cmTC_f4f38]
  ignore line: [/usr/local/bin/cmake -E cmake_link_script CMakeFiles/cmTC_f4f38.dir/link.txt --verbose=1]
  ignore line: [/root/android-ndk-r15c/toolchains/llvm/prebuilt/linux-x86_64/bin/clang++ --target=armv7-none-linux-androideabi --gcc-toolchain=/root/android-ndk-r15c/toolchains/arm-linux-androideabi-4.9/prebuilt/linux-x86_64 --sysroot=/root/android-ndk-r15c/platforms/android-16/arch-arm  -march=armv7-a -mthumb -mfpu=neon -mfloat-abi=softfp -funwind-tables -no-canonical-prefixes -D__ANDROID_API__=16 -fexceptions -frtti  -g  -Wl,--fix-cortex-a8  -fPIE -pie -Wl,--gc-sections -Wl,-z,nocopyreloc -v CMakeFiles/cmTC_f4f38.dir/CMakeCXXCompilerABI.cpp.o  -o cmTC_f4f38  "/root/android-ndk-r15c/sources/cxx-stl/gnu-libstdc++/4.9/libs/armeabi-v7a/libgnustl_shared.so" ]
  ignore line: [Android clang version 5.0.300080  (based on LLVM 5.0.300080)]
  ignore line: [Target: armv7-none-linux-android]
  ignore line: [Thread model: posix]
  ignore line: [InstalledDir: /root/android-ndk-r15c/toolchains/llvm/prebuilt/linux-x86_64/bin]
  ignore line: [Found candidate GCC installation: /root/android-ndk-r15c/toolchains/arm-linux-androideabi-4.9/prebuilt/linux-x86_64/lib/gcc/arm-linux-androideabi/4.9.x]
  ignore line: [Selected GCC installation: /root/android-ndk-r15c/toolchains/arm-linux-androideabi-4.9/prebuilt/linux-x86_64/lib/gcc/arm-linux-androideabi/4.9.x]
  ignore line: [Candidate multilib: thumb]
  ignore line: [@thumb]
  ignore line: [Candidate multilib: armv7-a]
  ignore line: [@armv7]
  ignore line: [Candidate multilib: armv7-a/thumb]
  ignore line: [@armv7@thumb]
  ignore line: [Candidate multilib: .]
  ignore line: []
  ignore line: [Selected multilib: armv7-a/thumb]
  ignore line: [@armv7@thumb]
  link line: [ "/root/android-ndk-r15c/toolchains/arm-linux-androideabi-4.9/prebuilt/linux-x86_64/lib/gcc/arm-linux-androideabi/4.9.x/../../../../arm-linux-androideabi/bin/ld" --sysroot=/root/android-ndk-r15c/platforms/android-16/arch-arm -pie -z relro -X --eh-frame-hdr -m armelf_linux_eabi -dynamic-linker /system/bin/linker -o cmTC_f4f38 /root/android-ndk-r15c/platforms/android-16/arch-arm/usr/lib/../lib/crtbegin_dynamic.o -L/root/android-ndk-r15c/toolchains/llvm/prebuilt/linux-x86_64/lib64/clang/5.0.300080/lib/linux/arm -L/root/android-ndk-r15c/toolchains/arm-linux-androideabi-4.9/prebuilt/linux-x86_64/lib/gcc/arm-linux-androideabi/4.9.x/armv7-a/thumb -L/root/android-ndk-r15c/toolchains/arm-linux-androideabi-4.9/prebuilt/linux-x86_64/lib/gcc/arm-linux-androideabi/4.9.x/../../../../arm-linux-androideabi/lib/../lib/armv7-a/thumb -L/root/android-ndk-r15c/platforms/android-16/arch-arm/usr/lib/../lib -L/root/android-ndk-r15c/toolchains/arm-linux-androideabi-4.9/prebuilt/linux-x86_64/lib/gcc/arm-linux-androideabi/4.9.x/../../../../arm-linux-androideabi/lib/armv7-a/thumb -L/root/android-ndk-r15c/platforms/android-16/arch-arm/usr/lib --fix-cortex-a8 --gc-sections -z nocopyreloc CMakeFiles/cmTC_f4f38.dir/CMakeCXXCompilerABI.cpp.o /root/android-ndk-r15c/sources/cxx-stl/gnu-libstdc++/4.9/libs/armeabi-v7a/libgnustl_shared.so -lstdc++ -lm -lgcc -lgcc -ldl -lc -lgcc -lgcc -ldl /root/android-ndk-r15c/platforms/android-16/arch-arm/usr/lib/../lib/crtend_android.o]
    arg [/root/android-ndk-r15c/toolchains/arm-linux-androideabi-4.9/prebuilt/linux-x86_64/lib/gcc/arm-linux-androideabi/4.9.x/../../../../arm-linux-androideabi/bin/ld] ==> ignore
    arg [--sysroot=/root/android-ndk-r15c/platforms/android-16/arch-arm] ==> ignore
    arg [-pie] ==> ignore
    arg [-zrelro] ==> ignore
    arg [-X] ==> ignore
    arg [--eh-frame-hdr] ==> ignore
    arg [-m] ==> ignore
    arg [armelf_linux_eabi] ==> ignore
    arg [-dynamic-linker] ==> ignore
    arg [/system/bin/linker] ==> ignore
    arg [-o] ==> ignore
    arg [cmTC_f4f38] ==> ignore
    arg [/root/android-ndk-r15c/platforms/android-16/arch-arm/usr/lib/../lib/crtbegin_dynamic.o] ==> ignore
    arg [-L/root/android-ndk-r15c/toolchains/llvm/prebuilt/linux-x86_64/lib64/clang/5.0.300080/lib/linux/arm] ==> dir [/root/android-ndk-r15c/toolchains/llvm/prebuilt/linux-x86_64/lib64/clang/5.0.300080/lib/linux/arm]
    arg [-L/root/android-ndk-r15c/toolchains/arm-linux-androideabi-4.9/prebuilt/linux-x86_64/lib/gcc/arm-linux-androideabi/4.9.x/armv7-a/thumb] ==> dir [/root/android-ndk-r15c/toolchains/arm-linux-androideabi-4.9/prebuilt/linux-x86_64/lib/gcc/arm-linux-androideabi/4.9.x/armv7-a/thumb]
    arg [-L/root/android-ndk-r15c/toolchains/arm-linux-androideabi-4.9/prebuilt/linux-x86_64/lib/gcc/arm-linux-androideabi/4.9.x/../../../../arm-linux-androideabi/lib/../lib/armv7-a/thumb] ==> dir [/root/android-ndk-r15c/toolchains/arm-linux-androideabi-4.9/prebuilt/linux-x86_64/lib/gcc/arm-linux-androideabi/4.9.x/../../../../arm-linux-androideabi/lib/../lib/armv7-a/thumb]
    arg [-L/root/android-ndk-r15c/platforms/android-16/arch-arm/usr/lib/../lib] ==> dir [/root/android-ndk-r15c/platforms/android-16/arch-arm/usr/lib/../lib]
    arg [-L/root/android-ndk-r15c/toolchains/arm-linux-androideabi-4.9/prebuilt/linux-x86_64/lib/gcc/arm-linux-androideabi/4.9.x/../../../../arm-linux-androideabi/lib/armv7-a/thumb] ==> dir [/root/android-ndk-r15c/toolchains/arm-linux-androideabi-4.9/prebuilt/linux-x86_64/lib/gcc/arm-linux-androideabi/4.9.x/../../../../arm-linux-androideabi/lib/armv7-a/thumb]
    arg [-L/root/android-ndk-r15c/platforms/android-16/arch-arm/usr/lib] ==> dir [/root/android-ndk-r15c/platforms/android-16/arch-arm/usr/lib]
    arg [--fix-cortex-a8] ==> ignore
    arg [--gc-sections] ==> ignore
    arg [-znocopyreloc] ==> ignore
    arg [CMakeFiles/cmTC_f4f38.dir/CMakeCXXCompilerABI.cpp.o] ==> ignore
    arg [/root/android-ndk-r15c/sources/cxx-stl/gnu-libstdc++/4.9/libs/armeabi-v7a/libgnustl_shared.so] ==> ignore
    arg [-lstdc++] ==> lib [stdc++]
    arg [-lm] ==> lib [m]
    arg [-lgcc] ==> lib [gcc]
    arg [-lgcc] ==> lib [gcc]
    arg [-ldl] ==> lib [dl]
    arg [-lc] ==> lib [c]
    arg [-lgcc] ==> lib [gcc]
    arg [-lgcc] ==> lib [gcc]
    arg [-ldl] ==> lib [dl]
    arg [/root/android-ndk-r15c/platforms/android-16/arch-arm/usr/lib/../lib/crtend_android.o] ==> ignore
  collapse library dir [/root/android-ndk-r15c/toolchains/llvm/prebuilt/linux-x86_64/lib64/clang/5.0.300080/lib/linux/arm] ==> [/root/android-ndk-r15c/toolchains/llvm/prebuilt/linux-x86_64/lib64/clang/5.0.300080/lib/linux/arm]
  collapse library dir [/root/android-ndk-r15c/toolchains/arm-linux-androideabi-4.9/prebuilt/linux-x86_64/lib/gcc/arm-linux-androideabi/4.9.x/armv7-a/thumb] ==> [/root/android-ndk-r15c/toolchains/arm-linux-androideabi-4.9/prebuilt/linux-x86_64/lib/gcc/arm-linux-androideabi/4.9.x/armv7-a/thumb]
  collapse library dir [/root/android-ndk-r15c/toolchains/arm-linux-androideabi-4.9/prebuilt/linux-x86_64/lib/gcc/arm-linux-androideabi/4.9.x/../../../../arm-linux-androideabi/lib/../lib/armv7-a/thumb] ==> [/root/android-ndk-r15c/toolchains/arm-linux-androideabi-4.9/prebuilt/linux-x86_64/arm-linux-androideabi/lib/armv7-a/thumb]
  collapse library dir [/root/android-ndk-r15c/platforms/android-16/arch-arm/usr/lib/../lib] ==> [/root/android-ndk-r15c/platforms/android-16/arch-arm/usr/lib]
  collapse library dir [/root/android-ndk-r15c/toolchains/arm-linux-androideabi-4.9/prebuilt/linux-x86_64/lib/gcc/arm-linux-androideabi/4.9.x/../../../../arm-linux-androideabi/lib/armv7-a/thumb] ==> [/root/android-ndk-r15c/toolchains/arm-linux-androideabi-4.9/prebuilt/linux-x86_64/arm-linux-androideabi/lib/armv7-a/thumb]
  collapse library dir [/root/android-ndk-r15c/platforms/android-16/arch-arm/usr/lib] ==> [/root/android-ndk-r15c/platforms/android-16/arch-arm/usr/lib]
  implicit libs: [stdc++;m;gcc;gcc;dl;c;gcc;gcc;dl]
  implicit dirs: [/root/android-ndk-r15c/toolchains/llvm/prebuilt/linux-x86_64/lib64/clang/5.0.300080/lib/linux/arm;/root/android-ndk-r15c/toolchains/arm-linux-androideabi-4.9/prebuilt/linux-x86_64/lib/gcc/arm-linux-androideabi/4.9.x/armv7-a/thumb;/root/android-ndk-r15c/toolchains/arm-linux-androideabi-4.9/prebuilt/linux-x86_64/arm-linux-androideabi/lib/armv7-a/thumb;/root/android-ndk-r15c/platforms/android-16/arch-arm/usr/lib]
  implicit fwks: []




Detecting CXX [-std=c++1z] compiler features compiled with the following output:
Change Dir: /root/linphone/linphone-android/WORK/android-armv7/Build/ms2/CMakeFiles/CMakeTmp

Run Build Command:"/usr/bin/make" "cmTC_ddff9/fast"
make[4]: Entering directory '/root/linphone/linphone-android/WORK/android-armv7/Build/ms2/CMakeFiles/CMakeTmp'
/usr/bin/make -f CMakeFiles/cmTC_ddff9.dir/build.make CMakeFiles/cmTC_ddff9.dir/build
make[5]: Entering directory '/root/linphone/linphone-android/WORK/android-armv7/Build/ms2/CMakeFiles/CMakeTmp'
Building CXX object CMakeFiles/cmTC_ddff9.dir/feature_tests.cxx.o
/root/android-ndk-r15c/toolchains/llvm/prebuilt/linux-x86_64/bin/clang++ --target=armv7-none-linux-androideabi --gcc-toolchain=/root/android-ndk-r15c/toolchains/arm-linux-androideabi-4.9/prebuilt/linux-x86_64 --sysroot=/root/android-ndk-r15c/sysroot   -isystem /root/android-ndk-r15c/sources/cxx-stl/gnu-libstdc++/4.9/include -isystem /root/android-ndk-r15c/sources/cxx-stl/gnu-libstdc++/4.9/libs/armeabi-v7a/include -isystem /root/android-ndk-r15c/sources/cxx-stl/gnu-libstdc++/4.9/include/backward -isystem /root/android-ndk-r15c/sysroot/usr/include -isystem /root/android-ndk-r15c/sysroot/usr/include/arm-linux-androideabi  -march=armv7-a -mthumb -mfpu=neon -mfloat-abi=softfp -funwind-tables -no-canonical-prefixes -D__ANDROID_API__=16 -fexceptions -frtti  -g -fPIE   -std=c++1z -o CMakeFiles/cmTC_ddff9.dir/feature_tests.cxx.o -c /root/linphone/linphone-android/WORK/android-armv7/Build/ms2/CMakeFiles/feature_tests.cxx
Linking CXX executable cmTC_ddff9
/usr/local/bin/cmake -E cmake_link_script CMakeFiles/cmTC_ddff9.dir/link.txt --verbose=1
/root/android-ndk-r15c/toolchains/llvm/prebuilt/linux-x86_64/bin/clang++ --target=armv7-none-linux-androideabi --gcc-toolchain=/root/android-ndk-r15c/toolchains/arm-linux-androideabi-4.9/prebuilt/linux-x86_64 --sysroot=/root/android-ndk-r15c/platforms/android-16/arch-arm  -march=armv7-a -mthumb -mfpu=neon -mfloat-abi=softfp -funwind-tables -no-canonical-prefixes -D__ANDROID_API__=16 -fexceptions -frtti  -g  -Wl,--fix-cortex-a8  -fPIE -pie -Wl,--gc-sections -Wl,-z,nocopyreloc  CMakeFiles/cmTC_ddff9.dir/feature_tests.cxx.o  -o cmTC_ddff9  "/root/android-ndk-r15c/sources/cxx-stl/gnu-libstdc++/4.9/libs/armeabi-v7a/libgnustl_shared.so" 
make[5]: Leaving directory '/root/linphone/linphone-android/WORK/android-armv7/Build/ms2/CMakeFiles/CMakeTmp'
make[4]: Leaving directory '/root/linphone/linphone-android/WORK/android-armv7/Build/ms2/CMakeFiles/CMakeTmp'


    Feature record: CXX_FEATURE:1cxx_aggregate_default_initializers
    Feature record: CXX_FEATURE:1cxx_alias_templates
    Feature record: CXX_FEATURE:1cxx_alignas
    Feature record: CXX_FEATURE:1cxx_alignof
    Feature record: CXX_FEATURE:1cxx_attributes
    Feature record: CXX_FEATURE:1cxx_attribute_deprecated
    Feature record: CXX_FEATURE:1cxx_auto_type
    Feature record: CXX_FEATURE:1cxx_binary_literals
    Feature record: CXX_FEATURE:1cxx_constexpr
    Feature record: CXX_FEATURE:1cxx_contextual_conversions
    Feature record: CXX_FEATURE:1cxx_decltype
    Feature record: CXX_FEATURE:1cxx_decltype_auto
    Feature record: CXX_FEATURE:1cxx_decltype_incomplete_return_types
    Feature record: CXX_FEATURE:1cxx_default_function_template_args
    Feature record: CXX_FEATURE:1cxx_defaulted_functions
    Feature record: CXX_FEATURE:1cxx_defaulted_move_initializers
    Feature record: CXX_FEATURE:1cxx_delegating_constructors
    Feature record: CXX_FEATURE:1cxx_deleted_functions
    Feature record: CXX_FEATURE:1cxx_digit_separators
    Feature record: CXX_FEATURE:1cxx_enum_forward_declarations
    Feature record: CXX_FEATURE:1cxx_explicit_conversions
    Feature record: CXX_FEATURE:1cxx_extended_friend_declarations
    Feature record: CXX_FEATURE:1cxx_extern_templates
    Feature record: CXX_FEATURE:1cxx_final
    Feature record: CXX_FEATURE:1cxx_func_identifier
    Feature record: CXX_FEATURE:1cxx_generalized_initializers
    Feature record: CXX_FEATURE:1cxx_generic_lambdas
    Feature record: CXX_FEATURE:1cxx_inheriting_constructors
    Feature record: CXX_FEATURE:1cxx_inline_namespaces
    Feature record: CXX_FEATURE:1cxx_lambdas
    Feature record: CXX_FEATURE:1cxx_lambda_init_captures
    Feature record: CXX_FEATURE:1cxx_local_type_template_args
    Feature record: CXX_FEATURE:1cxx_long_long_type
    Feature record: CXX_FEATURE:1cxx_noexcept
    Feature record: CXX_FEATURE:1cxx_nonstatic_member_init
    Feature record: CXX_FEATURE:1cxx_nullptr
    Feature record: CXX_FEATURE:1cxx_override
    Feature record: CXX_FEATURE:1cxx_range_for
    Feature record: CXX_FEATURE:1cxx_raw_string_literals
    Feature record: CXX_FEATURE:1cxx_reference_qualified_functions
    Feature record: CXX_FEATURE:1cxx_relaxed_constexpr
    Feature record: CXX_FEATURE:1cxx_return_type_deduction
    Feature record: CXX_FEATURE:1cxx_right_angle_brackets
    Feature record: CXX_FEATURE:1cxx_rvalue_references
    Feature record: CXX_FEATURE:1cxx_sizeof_member
    Feature record: CXX_FEATURE:1cxx_static_assert
    Feature record: CXX_FEATURE:1cxx_strong_enums
    Feature record: CXX_FEATURE:1cxx_template_template_parameters
    Feature record: CXX_FEATURE:1cxx_thread_local
    Feature record: CXX_FEATURE:1cxx_trailing_return_types
    Feature record: CXX_FEATURE:1cxx_unicode_literals
    Feature record: CXX_FEATURE:1cxx_uniform_initialization
    Feature record: CXX_FEATURE:1cxx_unrestricted_unions
    Feature record: CXX_FEATURE:1cxx_user_literals
    Feature record: CXX_FEATURE:1cxx_variable_templates
    Feature record: CXX_FEATURE:1cxx_variadic_macros
    Feature record: CXX_FEATURE:1cxx_variadic_templates


Detecting CXX [-std=c++14] compiler features compiled with the following output:
Change Dir: /root/linphone/linphone-android/WORK/android-armv7/Build/ms2/CMakeFiles/CMakeTmp

Run Build Command:"/usr/bin/make" "cmTC_18908/fast"
make[4]: Entering directory '/root/linphone/linphone-android/WORK/android-armv7/Build/ms2/CMakeFiles/CMakeTmp'
/usr/bin/make -f CMakeFiles/cmTC_18908.dir/build.make CMakeFiles/cmTC_18908.dir/build
make[5]: Entering directory '/root/linphone/linphone-android/WORK/android-armv7/Build/ms2/CMakeFiles/CMakeTmp'
Building CXX object CMakeFiles/cmTC_18908.dir/feature_tests.cxx.o
/root/android-ndk-r15c/toolchains/llvm/prebuilt/linux-x86_64/bin/clang++ --target=armv7-none-linux-androideabi --gcc-toolchain=/root/android-ndk-r15c/toolchains/arm-linux-androideabi-4.9/prebuilt/linux-x86_64 --sysroot=/root/android-ndk-r15c/sysroot   -isystem /root/android-ndk-r15c/sources/cxx-stl/gnu-libstdc++/4.9/include -isystem /root/android-ndk-r15c/sources/cxx-stl/gnu-libstdc++/4.9/libs/armeabi-v7a/include -isystem /root/android-ndk-r15c/sources/cxx-stl/gnu-libstdc++/4.9/include/backward -isystem /root/android-ndk-r15c/sysroot/usr/include -isystem /root/android-ndk-r15c/sysroot/usr/include/arm-linux-androideabi  -march=armv7-a -mthumb -mfpu=neon -mfloat-abi=softfp -funwind-tables -no-canonical-prefixes -D__ANDROID_API__=16 -fexceptions -frtti  -g -fPIE   -std=c++14 -o CMakeFiles/cmTC_18908.dir/feature_tests.cxx.o -c /root/linphone/linphone-android/WORK/android-armv7/Build/ms2/CMakeFiles/feature_tests.cxx
Linking CXX executable cmTC_18908
/usr/local/bin/cmake -E cmake_link_script CMakeFiles/cmTC_18908.dir/link.txt --verbose=1
/root/android-ndk-r15c/toolchains/llvm/prebuilt/linux-x86_64/bin/clang++ --target=armv7-none-linux-androideabi --gcc-toolchain=/root/android-ndk-r15c/toolchains/arm-linux-androideabi-4.9/prebuilt/linux-x86_64 --sysroot=/root/android-ndk-r15c/platforms/android-16/arch-arm  -march=armv7-a -mthumb -mfpu=neon -mfloat-abi=softfp -funwind-tables -no-canonical-prefixes -D__ANDROID_API__=16 -fexceptions -frtti  -g  -Wl,--fix-cortex-a8  -fPIE -pie -Wl,--gc-sections -Wl,-z,nocopyreloc  CMakeFiles/cmTC_18908.dir/feature_tests.cxx.o  -o cmTC_18908  "/root/android-ndk-r15c/sources/cxx-stl/gnu-libstdc++/4.9/libs/armeabi-v7a/libgnustl_shared.so" 
make[5]: Leaving directory '/root/linphone/linphone-android/WORK/android-armv7/Build/ms2/CMakeFiles/CMakeTmp'
make[4]: Leaving directory '/root/linphone/linphone-android/WORK/android-armv7/Build/ms2/CMakeFiles/CMakeTmp'


    Feature record: CXX_FEATURE:1cxx_aggregate_default_initializers
    Feature record: CXX_FEATURE:1cxx_alias_templates
    Feature record: CXX_FEATURE:1cxx_alignas
    Feature record: CXX_FEATURE:1cxx_alignof
    Feature record: CXX_FEATURE:1cxx_attributes
    Feature record: CXX_FEATURE:1cxx_attribute_deprecated
    Feature record: CXX_FEATURE:1cxx_auto_type
    Feature record: CXX_FEATURE:1cxx_binary_literals
    Feature record: CXX_FEATURE:1cxx_constexpr
    Feature record: CXX_FEATURE:1cxx_contextual_conversions
    Feature record: CXX_FEATURE:1cxx_decltype
    Feature record: CXX_FEATURE:1cxx_decltype_auto
    Feature record: CXX_FEATURE:1cxx_decltype_incomplete_return_types
    Feature record: CXX_FEATURE:1cxx_default_function_template_args
    Feature record: CXX_FEATURE:1cxx_defaulted_functions
    Feature record: CXX_FEATURE:1cxx_defaulted_move_initializers
    Feature record: CXX_FEATURE:1cxx_delegating_constructors
    Feature record: CXX_FEATURE:1cxx_deleted_functions
    Feature record: CXX_FEATURE:1cxx_digit_separators
    Feature record: CXX_FEATURE:1cxx_enum_forward_declarations
    Feature record: CXX_FEATURE:1cxx_explicit_conversions
    Feature record: CXX_FEATURE:1cxx_extended_friend_declarations
    Feature record: CXX_FEATURE:1cxx_extern_templates
    Feature record: CXX_FEATURE:1cxx_final
    Feature record: CXX_FEATURE:1cxx_func_identifier
    Feature record: CXX_FEATURE:1cxx_generalized_initializers
    Feature record: CXX_FEATURE:1cxx_generic_lambdas
    Feature record: CXX_FEATURE:1cxx_inheriting_constructors
    Feature record: CXX_FEATURE:1cxx_inline_namespaces
    Feature record: CXX_FEATURE:1cxx_lambdas
    Feature record: CXX_FEATURE:1cxx_lambda_init_captures
    Feature record: CXX_FEATURE:1cxx_local_type_template_args
    Feature record: CXX_FEATURE:1cxx_long_long_type
    Feature record: CXX_FEATURE:1cxx_noexcept
    Feature record: CXX_FEATURE:1cxx_nonstatic_member_init
    Feature record: CXX_FEATURE:1cxx_nullptr
    Feature record: CXX_FEATURE:1cxx_override
    Feature record: CXX_FEATURE:1cxx_range_for
    Feature record: CXX_FEATURE:1cxx_raw_string_literals
    Feature record: CXX_FEATURE:1cxx_reference_qualified_functions
    Feature record: CXX_FEATURE:1cxx_relaxed_constexpr
    Feature record: CXX_FEATURE:1cxx_return_type_deduction
    Feature record: CXX_FEATURE:1cxx_right_angle_brackets
    Feature record: CXX_FEATURE:1cxx_rvalue_references
    Feature record: CXX_FEATURE:1cxx_sizeof_member
    Feature record: CXX_FEATURE:1cxx_static_assert
    Feature record: CXX_FEATURE:1cxx_strong_enums
    Feature record: CXX_FEATURE:1cxx_template_template_parameters
    Feature record: CXX_FEATURE:1cxx_thread_local
    Feature record: CXX_FEATURE:1cxx_trailing_return_types
    Feature record: CXX_FEATURE:1cxx_unicode_literals
    Feature record: CXX_FEATURE:1cxx_uniform_initialization
    Feature record: CXX_FEATURE:1cxx_unrestricted_unions
    Feature record: CXX_FEATURE:1cxx_user_literals
    Feature record: CXX_FEATURE:1cxx_variable_templates
    Feature record: CXX_FEATURE:1cxx_variadic_macros
    Feature record: CXX_FEATURE:1cxx_variadic_templates


Detecting CXX [-std=c++11] compiler features compiled with the following output:
Change Dir: /root/linphone/linphone-android/WORK/android-armv7/Build/ms2/CMakeFiles/CMakeTmp

Run Build Command:"/usr/bin/make" "cmTC_53a59/fast"
make[4]: Entering directory '/root/linphone/linphone-android/WORK/android-armv7/Build/ms2/CMakeFiles/CMakeTmp'
/usr/bin/make -f CMakeFiles/cmTC_53a59.dir/build.make CMakeFiles/cmTC_53a59.dir/build
make[5]: Entering directory '/root/linphone/linphone-android/WORK/android-armv7/Build/ms2/CMakeFiles/CMakeTmp'
Building CXX object CMakeFiles/cmTC_53a59.dir/feature_tests.cxx.o
/root/android-ndk-r15c/toolchains/llvm/prebuilt/linux-x86_64/bin/clang++ --target=armv7-none-linux-androideabi --gcc-toolchain=/root/android-ndk-r15c/toolchains/arm-linux-androideabi-4.9/prebuilt/linux-x86_64 --sysroot=/root/android-ndk-r15c/sysroot   -isystem /root/android-ndk-r15c/sources/cxx-stl/gnu-libstdc++/4.9/include -isystem /root/android-ndk-r15c/sources/cxx-stl/gnu-libstdc++/4.9/libs/armeabi-v7a/include -isystem /root/android-ndk-r15c/sources/cxx-stl/gnu-libstdc++/4.9/include/backward -isystem /root/android-ndk-r15c/sysroot/usr/include -isystem /root/android-ndk-r15c/sysroot/usr/include/arm-linux-androideabi  -march=armv7-a -mthumb -mfpu=neon -mfloat-abi=softfp -funwind-tables -no-canonical-prefixes -D__ANDROID_API__=16 -fexceptions -frtti  -g -fPIE   -std=c++11 -o CMakeFiles/cmTC_53a59.dir/feature_tests.cxx.o -c /root/linphone/linphone-android/WORK/android-armv7/Build/ms2/CMakeFiles/feature_tests.cxx
Linking CXX executable cmTC_53a59
/usr/local/bin/cmake -E cmake_link_script CMakeFiles/cmTC_53a59.dir/link.txt --verbose=1
/root/android-ndk-r15c/toolchains/llvm/prebuilt/linux-x86_64/bin/clang++ --target=armv7-none-linux-androideabi --gcc-toolchain=/root/android-ndk-r15c/toolchains/arm-linux-androideabi-4.9/prebuilt/linux-x86_64 --sysroot=/root/android-ndk-r15c/platforms/android-16/arch-arm  -march=armv7-a -mthumb -mfpu=neon -mfloat-abi=softfp -funwind-tables -no-canonical-prefixes -D__ANDROID_API__=16 -fexceptions -frtti  -g  -Wl,--fix-cortex-a8  -fPIE -pie -Wl,--gc-sections -Wl,-z,nocopyreloc  CMakeFiles/cmTC_53a59.dir/feature_tests.cxx.o  -o cmTC_53a59  "/root/android-ndk-r15c/sources/cxx-stl/gnu-libstdc++/4.9/libs/armeabi-v7a/libgnustl_shared.so" 
make[5]: Leaving directory '/root/linphone/linphone-android/WORK/android-armv7/Build/ms2/CMakeFiles/CMakeTmp'
make[4]: Leaving directory '/root/linphone/linphone-android/WORK/android-armv7/Build/ms2/CMakeFiles/CMakeTmp'


    Feature record: CXX_FEATURE:0cxx_aggregate_default_initializers
    Feature record: CXX_FEATURE:1cxx_alias_templates
    Feature record: CXX_FEATURE:1cxx_alignas
    Feature record: CXX_FEATURE:1cxx_alignof
    Feature record: CXX_FEATURE:1cxx_attributes
    Feature record: CXX_FEATURE:0cxx_attribute_deprecated
    Feature record: CXX_FEATURE:1cxx_auto_type
    Feature record: CXX_FEATURE:0cxx_binary_literals
    Feature record: CXX_FEATURE:1cxx_constexpr
    Feature record: CXX_FEATURE:0cxx_contextual_conversions
    Feature record: CXX_FEATURE:1cxx_decltype
    Feature record: CXX_FEATURE:0cxx_decltype_auto
    Feature record: CXX_FEATURE:1cxx_decltype_incomplete_return_types
    Feature record: CXX_FEATURE:1cxx_default_function_template_args
    Feature record: CXX_FEATURE:1cxx_defaulted_functions
    Feature record: CXX_FEATURE:1cxx_defaulted_move_initializers
    Feature record: CXX_FEATURE:1cxx_delegating_constructors
    Feature record: CXX_FEATURE:1cxx_deleted_functions
    Feature record: CXX_FEATURE:0cxx_digit_separators
    Feature record: CXX_FEATURE:1cxx_enum_forward_declarations
    Feature record: CXX_FEATURE:1cxx_explicit_conversions
    Feature record: CXX_FEATURE:1cxx_extended_friend_declarations
    Feature record: CXX_FEATURE:1cxx_extern_templates
    Feature record: CXX_FEATURE:1cxx_final
    Feature record: CXX_FEATURE:1cxx_func_identifier
    Feature record: CXX_FEATURE:1cxx_generalized_initializers
    Feature record: CXX_FEATURE:0cxx_generic_lambdas
    Feature record: CXX_FEATURE:1cxx_inheriting_constructors
    Feature record: CXX_FEATURE:1cxx_inline_namespaces
    Feature record: CXX_FEATURE:1cxx_lambdas
    Feature record: CXX_FEATURE:0cxx_lambda_init_captures
    Feature record: CXX_FEATURE:1cxx_local_type_template_args
    Feature record: CXX_FEATURE:1cxx_long_long_type
    Feature record: CXX_FEATURE:1cxx_noexcept
    Feature record: CXX_FEATURE:1cxx_nonstatic_member_init
    Feature record: CXX_FEATURE:1cxx_nullptr
    Feature record: CXX_FEATURE:1cxx_override
    Feature record: CXX_FEATURE:1cxx_range_for
    Feature record: CXX_FEATURE:1cxx_raw_string_literals
    Feature record: CXX_FEATURE:1cxx_reference_qualified_functions
    Feature record: CXX_FEATURE:0cxx_relaxed_constexpr
    Feature record: CXX_FEATURE:0cxx_return_type_deduction
    Feature record: CXX_FEATURE:1cxx_right_angle_brackets
    Feature record: CXX_FEATURE:1cxx_rvalue_references
    Feature record: CXX_FEATURE:1cxx_sizeof_member
    Feature record: CXX_FEATURE:1cxx_static_assert
    Feature record: CXX_FEATURE:1cxx_strong_enums
    Feature record: CXX_FEATURE:1cxx_template_template_parameters
    Feature record: CXX_FEATURE:1cxx_thread_local
    Feature record: CXX_FEATURE:1cxx_trailing_return_types
    Feature record: CXX_FEATURE:1cxx_unicode_literals
    Feature record: CXX_FEATURE:1cxx_uniform_initialization
    Feature record: CXX_FEATURE:1cxx_unrestricted_unions
    Feature record: CXX_FEATURE:1cxx_user_literals
    Feature record: CXX_FEATURE:0cxx_variable_templates
    Feature record: CXX_FEATURE:1cxx_variadic_macros
    Feature record: CXX_FEATURE:1cxx_variadic_templates


Detecting CXX [-std=c++98] compiler features compiled with the following output:
Change Dir: /root/linphone/linphone-android/WORK/android-armv7/Build/ms2/CMakeFiles/CMakeTmp

Run Build Command:"/usr/bin/make" "cmTC_484ae/fast"
make[4]: Entering directory '/root/linphone/linphone-android/WORK/android-armv7/Build/ms2/CMakeFiles/CMakeTmp'
/usr/bin/make -f CMakeFiles/cmTC_484ae.dir/build.make CMakeFiles/cmTC_484ae.dir/build
make[5]: Entering directory '/root/linphone/linphone-android/WORK/android-armv7/Build/ms2/CMakeFiles/CMakeTmp'
Building CXX object CMakeFiles/cmTC_484ae.dir/feature_tests.cxx.o
/root/android-ndk-r15c/toolchains/llvm/prebuilt/linux-x86_64/bin/clang++ --target=armv7-none-linux-androideabi --gcc-toolchain=/root/android-ndk-r15c/toolchains/arm-linux-androideabi-4.9/prebuilt/linux-x86_64 --sysroot=/root/android-ndk-r15c/sysroot   -isystem /root/android-ndk-r15c/sources/cxx-stl/gnu-libstdc++/4.9/include -isystem /root/android-ndk-r15c/sources/cxx-stl/gnu-libstdc++/4.9/libs/armeabi-v7a/include -isystem /root/android-ndk-r15c/sources/cxx-stl/gnu-libstdc++/4.9/include/backward -isystem /root/android-ndk-r15c/sysroot/usr/include -isystem /root/android-ndk-r15c/sysroot/usr/include/arm-linux-androideabi  -march=armv7-a -mthumb -mfpu=neon -mfloat-abi=softfp -funwind-tables -no-canonical-prefixes -D__ANDROID_API__=16 -fexceptions -frtti  -g -fPIE   -std=c++98 -o CMakeFiles/cmTC_484ae.dir/feature_tests.cxx.o -c /root/linphone/linphone-android/WORK/android-armv7/Build/ms2/CMakeFiles/feature_tests.cxx
Linking CXX executable cmTC_484ae
/usr/local/bin/cmake -E cmake_link_script CMakeFiles/cmTC_484ae.dir/link.txt --verbose=1
/root/android-ndk-r15c/toolchains/llvm/prebuilt/linux-x86_64/bin/clang++ --target=armv7-none-linux-androideabi --gcc-toolchain=/root/android-ndk-r15c/toolchains/arm-linux-androideabi-4.9/prebuilt/linux-x86_64 --sysroot=/root/android-ndk-r15c/platforms/android-16/arch-arm  -march=armv7-a -mthumb -mfpu=neon -mfloat-abi=softfp -funwind-tables -no-canonical-prefixes -D__ANDROID_API__=16 -fexceptions -frtti  -g  -Wl,--fix-cortex-a8  -fPIE -pie -Wl,--gc-sections -Wl,-z,nocopyreloc  CMakeFiles/cmTC_484ae.dir/feature_tests.cxx.o  -o cmTC_484ae  "/root/android-ndk-r15c/sources/cxx-stl/gnu-libstdc++/4.9/libs/armeabi-v7a/libgnustl_shared.so" 
make[5]: Leaving directory '/root/linphone/linphone-android/WORK/android-armv7/Build/ms2/CMakeFiles/CMakeTmp'
make[4]: Leaving directory '/root/linphone/linphone-android/WORK/android-armv7/Build/ms2/CMakeFiles/CMakeTmp'


    Feature record: CXX_FEATURE:0cxx_aggregate_default_initializers
    Feature record: CXX_FEATURE:0cxx_alias_templates
    Feature record: CXX_FEATURE:0cxx_alignas
    Feature record: CXX_FEATURE:0cxx_alignof
    Feature record: CXX_FEATURE:0cxx_attributes
    Feature record: CXX_FEATURE:0cxx_attribute_deprecated
    Feature record: CXX_FEATURE:0cxx_auto_type
    Feature record: CXX_FEATURE:0cxx_binary_literals
    Feature record: CXX_FEATURE:0cxx_constexpr
    Feature record: CXX_FEATURE:0cxx_contextual_conversions
    Feature record: CXX_FEATURE:0cxx_decltype
    Feature record: CXX_FEATURE:0cxx_decltype_auto
    Feature record: CXX_FEATURE:0cxx_decltype_incomplete_return_types
    Feature record: CXX_FEATURE:0cxx_default_function_template_args
    Feature record: CXX_FEATURE:0cxx_defaulted_functions
    Feature record: CXX_FEATURE:0cxx_defaulted_move_initializers
    Feature record: CXX_FEATURE:0cxx_delegating_constructors
    Feature record: CXX_FEATURE:0cxx_deleted_functions
    Feature record: CXX_FEATURE:0cxx_digit_separators
    Feature record: CXX_FEATURE:0cxx_enum_forward_declarations
    Feature record: CXX_FEATURE:0cxx_explicit_conversions
    Feature record: CXX_FEATURE:0cxx_extended_friend_declarations
    Feature record: CXX_FEATURE:0cxx_extern_templates
    Feature record: CXX_FEATURE:0cxx_final
    Feature record: CXX_FEATURE:0cxx_func_identifier
    Feature record: CXX_FEATURE:0cxx_generalized_initializers
    Feature record: CXX_FEATURE:0cxx_generic_lambdas
    Feature record: CXX_FEATURE:0cxx_inheriting_constructors
    Feature record: CXX_FEATURE:0cxx_inline_namespaces
    Feature record: CXX_FEATURE:0cxx_lambdas
    Feature record: CXX_FEATURE:0cxx_lambda_init_captures
    Feature record: CXX_FEATURE:0cxx_local_type_template_args
    Feature record: CXX_FEATURE:0cxx_long_long_type
    Feature record: CXX_FEATURE:0cxx_noexcept
    Feature record: CXX_FEATURE:0cxx_nonstatic_member_init
    Feature record: CXX_FEATURE:0cxx_nullptr
    Feature record: CXX_FEATURE:0cxx_override
    Feature record: CXX_FEATURE:0cxx_range_for
    Feature record: CXX_FEATURE:0cxx_raw_string_literals
    Feature record: CXX_FEATURE:0cxx_reference_qualified_functions
    Feature record: CXX_FEATURE:0cxx_relaxed_constexpr
    Feature record: CXX_FEATURE:0cxx_return_type_deduction
    Feature record: CXX_FEATURE:0cxx_right_angle_brackets
    Feature record: CXX_FEATURE:0cxx_rvalue_references
    Feature record: CXX_FEATURE:0cxx_sizeof_member
    Feature record: CXX_FEATURE:0cxx_static_assert
    Feature record: CXX_FEATURE:0cxx_strong_enums
    Feature record: CXX_FEATURE:1cxx_template_template_parameters
    Feature record: CXX_FEATURE:0cxx_thread_local
    Feature record: CXX_FEATURE:0cxx_trailing_return_types
    Feature record: CXX_FEATURE:0cxx_unicode_literals
    Feature record: CXX_FEATURE:0cxx_uniform_initialization
    Feature record: CXX_FEATURE:0cxx_unrestricted_unions
    Feature record: CXX_FEATURE:0cxx_user_literals
    Feature record: CXX_FEATURE:0cxx_variable_templates
    Feature record: CXX_FEATURE:0cxx_variadic_macros
    Feature record: CXX_FEATURE:0cxx_variadic_templates
Determining if the include file sys/shm.h exists passed with the following output:
Change Dir: /root/linphone/linphone-android/WORK/android-armv7/Build/ms2/CMakeFiles/CMakeTmp

Run Build Command:"/usr/bin/make" "cmTC_513ac/fast"
make[4]: Entering directory '/root/linphone/linphone-android/WORK/android-armv7/Build/ms2/CMakeFiles/CMakeTmp'
/usr/bin/make -f CMakeFiles/cmTC_513ac.dir/build.make CMakeFiles/cmTC_513ac.dir/build
make[5]: Entering directory '/root/linphone/linphone-android/WORK/android-armv7/Build/ms2/CMakeFiles/CMakeTmp'
Building C object CMakeFiles/cmTC_513ac.dir/CheckIncludeFile.c.o
/root/android-ndk-r15c/toolchains/llvm/prebuilt/linux-x86_64/bin/clang --target=armv7-none-linux-androideabi --gcc-toolchain=/root/android-ndk-r15c/toolchains/arm-linux-androideabi-4.9/prebuilt/linux-x86_64 --sysroot=/root/android-ndk-r15c/sysroot  -isystem /root/android-ndk-r15c/sysroot/usr/include -isystem /root/android-ndk-r15c/sysroot/usr/include/arm-linux-androideabi  -march=armv7-a -mthumb -mfpu=neon -mfloat-abi=softfp -funwind-tables -no-canonical-prefixes -D__ANDROID_API__=16 -fexceptions  -g -fPIE   -o CMakeFiles/cmTC_513ac.dir/CheckIncludeFile.c.o   -c /root/linphone/linphone-android/WORK/android-armv7/Build/ms2/CMakeFiles/CMakeTmp/CheckIncludeFile.c
Linking C executable cmTC_513ac
/usr/local/bin/cmake -E cmake_link_script CMakeFiles/cmTC_513ac.dir/link.txt --verbose=1
/root/android-ndk-r15c/toolchains/llvm/prebuilt/linux-x86_64/bin/clang --target=armv7-none-linux-androideabi --gcc-toolchain=/root/android-ndk-r15c/toolchains/arm-linux-androideabi-4.9/prebuilt/linux-x86_64 --sysroot=/root/android-ndk-r15c/platforms/android-16/arch-arm -march=armv7-a -mthumb -mfpu=neon -mfloat-abi=softfp -funwind-tables -no-canonical-prefixes -D__ANDROID_API__=16 -fexceptions  -g  -Wl,--fix-cortex-a8  -fPIE -pie -Wl,--gc-sections -Wl,-z,nocopyreloc  CMakeFiles/cmTC_513ac.dir/CheckIncludeFile.c.o  -o cmTC_513ac 
make[5]: Leaving directory '/root/linphone/linphone-android/WORK/android-armv7/Build/ms2/CMakeFiles/CMakeTmp'
make[4]: Leaving directory '/root/linphone/linphone-android/WORK/android-armv7/Build/ms2/CMakeFiles/CMakeTmp'


Determining if the include file alloca.h exists passed with the following output:
Change Dir: /root/linphone/linphone-android/WORK/android-armv7/Build/ms2/CMakeFiles/CMakeTmp

Run Build Command:"/usr/bin/make" "cmTC_bca4a/fast"
make[4]: Entering directory '/root/linphone/linphone-android/WORK/android-armv7/Build/ms2/CMakeFiles/CMakeTmp'
/usr/bin/make -f CMakeFiles/cmTC_bca4a.dir/build.make CMakeFiles/cmTC_bca4a.dir/build
make[5]: Entering directory '/root/linphone/linphone-android/WORK/android-armv7/Build/ms2/CMakeFiles/CMakeTmp'
Building C object CMakeFiles/cmTC_bca4a.dir/CheckIncludeFile.c.o
/root/android-ndk-r15c/toolchains/llvm/prebuilt/linux-x86_64/bin/clang --target=armv7-none-linux-androideabi --gcc-toolchain=/root/android-ndk-r15c/toolchains/arm-linux-androideabi-4.9/prebuilt/linux-x86_64 --sysroot=/root/android-ndk-r15c/sysroot  -isystem /root/android-ndk-r15c/sysroot/usr/include -isystem /root/android-ndk-r15c/sysroot/usr/include/arm-linux-androideabi  -march=armv7-a -mthumb -mfpu=neon -mfloat-abi=softfp -funwind-tables -no-canonical-prefixes -D__ANDROID_API__=16 -fexceptions  -g -fPIE   -o CMakeFiles/cmTC_bca4a.dir/CheckIncludeFile.c.o   -c /root/linphone/linphone-android/WORK/android-armv7/Build/ms2/CMakeFiles/CMakeTmp/CheckIncludeFile.c
Linking C executable cmTC_bca4a
/usr/local/bin/cmake -E cmake_link_script CMakeFiles/cmTC_bca4a.dir/link.txt --verbose=1
/root/android-ndk-r15c/toolchains/llvm/prebuilt/linux-x86_64/bin/clang --target=armv7-none-linux-androideabi --gcc-toolchain=/root/android-ndk-r15c/toolchains/arm-linux-androideabi-4.9/prebuilt/linux-x86_64 --sysroot=/root/android-ndk-r15c/platforms/android-16/arch-arm -march=armv7-a -mthumb -mfpu=neon -mfloat-abi=softfp -funwind-tables -no-canonical-prefixes -D__ANDROID_API__=16 -fexceptions  -g  -Wl,--fix-cortex-a8  -fPIE -pie -Wl,--gc-sections -Wl,-z,nocopyreloc  CMakeFiles/cmTC_bca4a.dir/CheckIncludeFile.c.o  -o cmTC_bca4a 
make[5]: Leaving directory '/root/linphone/linphone-android/WORK/android-armv7/Build/ms2/CMakeFiles/CMakeTmp'
make[4]: Leaving directory '/root/linphone/linphone-android/WORK/android-armv7/Build/ms2/CMakeFiles/CMakeTmp'


Determining if the function dlopen exists in the dl passed with the following output:
Change Dir: /root/linphone/linphone-android/WORK/android-armv7/Build/ms2/CMakeFiles/CMakeTmp

Run Build Command:"/usr/bin/make" "cmTC_d5dab/fast"
make[4]: Entering directory '/root/linphone/linphone-android/WORK/android-armv7/Build/ms2/CMakeFiles/CMakeTmp'
/usr/bin/make -f CMakeFiles/cmTC_d5dab.dir/build.make CMakeFiles/cmTC_d5dab.dir/build
make[5]: Entering directory '/root/linphone/linphone-android/WORK/android-armv7/Build/ms2/CMakeFiles/CMakeTmp'
Building C object CMakeFiles/cmTC_d5dab.dir/CheckFunctionExists.c.o
/root/android-ndk-r15c/toolchains/llvm/prebuilt/linux-x86_64/bin/clang --target=armv7-none-linux-androideabi --gcc-toolchain=/root/android-ndk-r15c/toolchains/arm-linux-androideabi-4.9/prebuilt/linux-x86_64 --sysroot=/root/android-ndk-r15c/sysroot  -isystem /root/android-ndk-r15c/sysroot/usr/include -isystem /root/android-ndk-r15c/sysroot/usr/include/arm-linux-androideabi  -march=armv7-a -mthumb -mfpu=neon -mfloat-abi=softfp -funwind-tables -no-canonical-prefixes -D__ANDROID_API__=16 -fexceptions -DCHECK_FUNCTION_EXISTS=dlopen -g -fPIE   -o CMakeFiles/cmTC_d5dab.dir/CheckFunctionExists.c.o   -c /usr/local/share/cmake-3.11/Modules/CheckFunctionExists.c
Linking C executable cmTC_d5dab
/usr/local/bin/cmake -E cmake_link_script CMakeFiles/cmTC_d5dab.dir/link.txt --verbose=1
/root/android-ndk-r15c/toolchains/llvm/prebuilt/linux-x86_64/bin/clang --target=armv7-none-linux-androideabi --gcc-toolchain=/root/android-ndk-r15c/toolchains/arm-linux-androideabi-4.9/prebuilt/linux-x86_64 --sysroot=/root/android-ndk-r15c/platforms/android-16/arch-arm -march=armv7-a -mthumb -mfpu=neon -mfloat-abi=softfp -funwind-tables -no-canonical-prefixes -D__ANDROID_API__=16 -fexceptions -DCHECK_FUNCTION_EXISTS=dlopen -g  -Wl,--fix-cortex-a8  -fPIE -pie -Wl,--gc-sections -Wl,-z,nocopyreloc  CMakeFiles/cmTC_d5dab.dir/CheckFunctionExists.c.o  -o cmTC_d5dab -ldl 
make[5]: Leaving directory '/root/linphone/linphone-android/WORK/android-armv7/Build/ms2/CMakeFiles/CMakeTmp'
make[4]: Leaving directory '/root/linphone/linphone-android/WORK/android-armv7/Build/ms2/CMakeFiles/CMakeTmp'


Determining if the include file sys/types.h exists passed with the following output:
Change Dir: /root/linphone/linphone-android/WORK/android-armv7/Build/ms2/CMakeFiles/CMakeTmp

Run Build Command:"/usr/bin/make" "cmTC_45232/fast"
make[4]: Entering directory '/root/linphone/linphone-android/WORK/android-armv7/Build/ms2/CMakeFiles/CMakeTmp'
/usr/bin/make -f CMakeFiles/cmTC_45232.dir/build.make CMakeFiles/cmTC_45232.dir/build
make[5]: Entering directory '/root/linphone/linphone-android/WORK/android-armv7/Build/ms2/CMakeFiles/CMakeTmp'
Building C object CMakeFiles/cmTC_45232.dir/CheckIncludeFile.c.o
/root/android-ndk-r15c/toolchains/llvm/prebuilt/linux-x86_64/bin/clang --target=armv7-none-linux-androideabi --gcc-toolchain=/root/android-ndk-r15c/toolchains/arm-linux-androideabi-4.9/prebuilt/linux-x86_64 --sysroot=/root/android-ndk-r15c/sysroot  -isystem /root/android-ndk-r15c/sysroot/usr/include -isystem /root/android-ndk-r15c/sysroot/usr/include/arm-linux-androideabi  -march=armv7-a -mthumb -mfpu=neon -mfloat-abi=softfp -funwind-tables -no-canonical-prefixes -D__ANDROID_API__=16 -fexceptions  -g -fPIE   -o CMakeFiles/cmTC_45232.dir/CheckIncludeFile.c.o   -c /root/linphone/linphone-android/WORK/android-armv7/Build/ms2/CMakeFiles/CMakeTmp/CheckIncludeFile.c
Linking C executable cmTC_45232
/usr/local/bin/cmake -E cmake_link_script CMakeFiles/cmTC_45232.dir/link.txt --verbose=1
/root/android-ndk-r15c/toolchains/llvm/prebuilt/linux-x86_64/bin/clang --target=armv7-none-linux-androideabi --gcc-toolchain=/root/android-ndk-r15c/toolchains/arm-linux-androideabi-4.9/prebuilt/linux-x86_64 --sysroot=/root/android-ndk-r15c/platforms/android-16/arch-arm -march=armv7-a -mthumb -mfpu=neon -mfloat-abi=softfp -funwind-tables -no-canonical-prefixes -D__ANDROID_API__=16 -fexceptions  -g  -Wl,--fix-cortex-a8  -fPIE -pie -Wl,--gc-sections -Wl,-z,nocopyreloc  CMakeFiles/cmTC_45232.dir/CheckIncludeFile.c.o  -o cmTC_45232 
make[5]: Leaving directory '/root/linphone/linphone-android/WORK/android-armv7/Build/ms2/CMakeFiles/CMakeTmp'
make[4]: Leaving directory '/root/linphone/linphone-android/WORK/android-armv7/Build/ms2/CMakeFiles/CMakeTmp'


Determining if the include file stdint.h exists passed with the following output:
Change Dir: /root/linphone/linphone-android/WORK/android-armv7/Build/ms2/CMakeFiles/CMakeTmp

Run Build Command:"/usr/bin/make" "cmTC_37898/fast"
make[4]: Entering directory '/root/linphone/linphone-android/WORK/android-armv7/Build/ms2/CMakeFiles/CMakeTmp'
/usr/bin/make -f CMakeFiles/cmTC_37898.dir/build.make CMakeFiles/cmTC_37898.dir/build
make[5]: Entering directory '/root/linphone/linphone-android/WORK/android-armv7/Build/ms2/CMakeFiles/CMakeTmp'
Building C object CMakeFiles/cmTC_37898.dir/CheckIncludeFile.c.o
/root/android-ndk-r15c/toolchains/llvm/prebuilt/linux-x86_64/bin/clang --target=armv7-none-linux-androideabi --gcc-toolchain=/root/android-ndk-r15c/toolchains/arm-linux-androideabi-4.9/prebuilt/linux-x86_64 --sysroot=/root/android-ndk-r15c/sysroot  -isystem /root/android-ndk-r15c/sysroot/usr/include -isystem /root/android-ndk-r15c/sysroot/usr/include/arm-linux-androideabi  -march=armv7-a -mthumb -mfpu=neon -mfloat-abi=softfp -funwind-tables -no-canonical-prefixes -D__ANDROID_API__=16 -fexceptions  -g -fPIE   -o CMakeFiles/cmTC_37898.dir/CheckIncludeFile.c.o   -c /root/linphone/linphone-android/WORK/android-armv7/Build/ms2/CMakeFiles/CMakeTmp/CheckIncludeFile.c
Linking C executable cmTC_37898
/usr/local/bin/cmake -E cmake_link_script CMakeFiles/cmTC_37898.dir/link.txt --verbose=1
/root/android-ndk-r15c/toolchains/llvm/prebuilt/linux-x86_64/bin/clang --target=armv7-none-linux-androideabi --gcc-toolchain=/root/android-ndk-r15c/toolchains/arm-linux-androideabi-4.9/prebuilt/linux-x86_64 --sysroot=/root/android-ndk-r15c/platforms/android-16/arch-arm -march=armv7-a -mthumb -mfpu=neon -mfloat-abi=softfp -funwind-tables -no-canonical-prefixes -D__ANDROID_API__=16 -fexceptions  -g  -Wl,--fix-cortex-a8  -fPIE -pie -Wl,--gc-sections -Wl,-z,nocopyreloc  CMakeFiles/cmTC_37898.dir/CheckIncludeFile.c.o  -o cmTC_37898 
make[5]: Leaving directory '/root/linphone/linphone-android/WORK/android-armv7/Build/ms2/CMakeFiles/CMakeTmp'
make[4]: Leaving directory '/root/linphone/linphone-android/WORK/android-armv7/Build/ms2/CMakeFiles/CMakeTmp'


Determining if the include file stddef.h exists passed with the following output:
Change Dir: /root/linphone/linphone-android/WORK/android-armv7/Build/ms2/CMakeFiles/CMakeTmp

Run Build Command:"/usr/bin/make" "cmTC_cef3f/fast"
make[4]: Entering directory '/root/linphone/linphone-android/WORK/android-armv7/Build/ms2/CMakeFiles/CMakeTmp'
/usr/bin/make -f CMakeFiles/cmTC_cef3f.dir/build.make CMakeFiles/cmTC_cef3f.dir/build
make[5]: Entering directory '/root/linphone/linphone-android/WORK/android-armv7/Build/ms2/CMakeFiles/CMakeTmp'
Building C object CMakeFiles/cmTC_cef3f.dir/CheckIncludeFile.c.o
/root/android-ndk-r15c/toolchains/llvm/prebuilt/linux-x86_64/bin/clang --target=armv7-none-linux-androideabi --gcc-toolchain=/root/android-ndk-r15c/toolchains/arm-linux-androideabi-4.9/prebuilt/linux-x86_64 --sysroot=/root/android-ndk-r15c/sysroot  -isystem /root/android-ndk-r15c/sysroot/usr/include -isystem /root/android-ndk-r15c/sysroot/usr/include/arm-linux-androideabi  -march=armv7-a -mthumb -mfpu=neon -mfloat-abi=softfp -funwind-tables -no-canonical-prefixes -D__ANDROID_API__=16 -fexceptions  -g -fPIE   -o CMakeFiles/cmTC_cef3f.dir/CheckIncludeFile.c.o   -c /root/linphone/linphone-android/WORK/android-armv7/Build/ms2/CMakeFiles/CMakeTmp/CheckIncludeFile.c
Linking C executable cmTC_cef3f
/usr/local/bin/cmake -E cmake_link_script CMakeFiles/cmTC_cef3f.dir/link.txt --verbose=1
/root/android-ndk-r15c/toolchains/llvm/prebuilt/linux-x86_64/bin/clang --target=armv7-none-linux-androideabi --gcc-toolchain=/root/android-ndk-r15c/toolchains/arm-linux-androideabi-4.9/prebuilt/linux-x86_64 --sysroot=/root/android-ndk-r15c/platforms/android-16/arch-arm -march=armv7-a -mthumb -mfpu=neon -mfloat-abi=softfp -funwind-tables -no-canonical-prefixes -D__ANDROID_API__=16 -fexceptions  -g  -Wl,--fix-cortex-a8  -fPIE -pie -Wl,--gc-sections -Wl,-z,nocopyreloc  CMakeFiles/cmTC_cef3f.dir/CheckIncludeFile.c.o  -o cmTC_cef3f 
make[5]: Leaving directory '/root/linphone/linphone-android/WORK/android-armv7/Build/ms2/CMakeFiles/CMakeTmp'
make[4]: Leaving directory '/root/linphone/linphone-android/WORK/android-armv7/Build/ms2/CMakeFiles/CMakeTmp'


Determining size of unsigned short passed with the following output:
Change Dir: /root/linphone/linphone-android/WORK/android-armv7/Build/ms2/CMakeFiles/CMakeTmp

Run Build Command:"/usr/bin/make" "cmTC_c5b44/fast"
make[4]: Entering directory '/root/linphone/linphone-android/WORK/android-armv7/Build/ms2/CMakeFiles/CMakeTmp'
/usr/bin/make -f CMakeFiles/cmTC_c5b44.dir/build.make CMakeFiles/cmTC_c5b44.dir/build
make[5]: Entering directory '/root/linphone/linphone-android/WORK/android-armv7/Build/ms2/CMakeFiles/CMakeTmp'
Building C object CMakeFiles/cmTC_c5b44.dir/CMAKE_SIZEOF_UNSIGNED_SHORT.c.o
/root/android-ndk-r15c/toolchains/llvm/prebuilt/linux-x86_64/bin/clang --target=armv7-none-linux-androideabi --gcc-toolchain=/root/android-ndk-r15c/toolchains/arm-linux-androideabi-4.9/prebuilt/linux-x86_64 --sysroot=/root/android-ndk-r15c/sysroot  -isystem /root/android-ndk-r15c/sysroot/usr/include -isystem /root/android-ndk-r15c/sysroot/usr/include/arm-linux-androideabi  -march=armv7-a -mthumb -mfpu=neon -mfloat-abi=softfp -funwind-tables -no-canonical-prefixes -D__ANDROID_API__=16 -fexceptions  -g -fPIE   -o CMakeFiles/cmTC_c5b44.dir/CMAKE_SIZEOF_UNSIGNED_SHORT.c.o   -c /root/linphone/linphone-android/WORK/android-armv7/Build/ms2/CMakeFiles/CheckTypeSize/CMAKE_SIZEOF_UNSIGNED_SHORT.c
Linking C executable cmTC_c5b44
/usr/local/bin/cmake -E cmake_link_script CMakeFiles/cmTC_c5b44.dir/link.txt --verbose=1
/root/android-ndk-r15c/toolchains/llvm/prebuilt/linux-x86_64/bin/clang --target=armv7-none-linux-androideabi --gcc-toolchain=/root/android-ndk-r15c/toolchains/arm-linux-androideabi-4.9/prebuilt/linux-x86_64 --sysroot=/root/android-ndk-r15c/platforms/android-16/arch-arm -march=armv7-a -mthumb -mfpu=neon -mfloat-abi=softfp -funwind-tables -no-canonical-prefixes -D__ANDROID_API__=16 -fexceptions  -g  -Wl,--fix-cortex-a8  -fPIE -pie -Wl,--gc-sections -Wl,-z,nocopyreloc  CMakeFiles/cmTC_c5b44.dir/CMAKE_SIZEOF_UNSIGNED_SHORT.c.o  -o cmTC_c5b44 
make[5]: Leaving directory '/root/linphone/linphone-android/WORK/android-armv7/Build/ms2/CMakeFiles/CMakeTmp'
make[4]: Leaving directory '/root/linphone/linphone-android/WORK/android-armv7/Build/ms2/CMakeFiles/CMakeTmp'


Determining if the system is big endian passed with the following output:
Change Dir: /root/linphone/linphone-android/WORK/android-armv7/Build/ms2/CMakeFiles/CMakeTmp

Run Build Command:"/usr/bin/make" "cmTC_359d1/fast"
make[4]: Entering directory '/root/linphone/linphone-android/WORK/android-armv7/Build/ms2/CMakeFiles/CMakeTmp'
/usr/bin/make -f CMakeFiles/cmTC_359d1.dir/build.make CMakeFiles/cmTC_359d1.dir/build
make[5]: Entering directory '/root/linphone/linphone-android/WORK/android-armv7/Build/ms2/CMakeFiles/CMakeTmp'
Building C object CMakeFiles/cmTC_359d1.dir/TestEndianess.c.o
/root/android-ndk-r15c/toolchains/llvm/prebuilt/linux-x86_64/bin/clang --target=armv7-none-linux-androideabi --gcc-toolchain=/root/android-ndk-r15c/toolchains/arm-linux-androideabi-4.9/prebuilt/linux-x86_64 --sysroot=/root/android-ndk-r15c/sysroot  -isystem /root/android-ndk-r15c/sysroot/usr/include -isystem /root/android-ndk-r15c/sysroot/usr/include/arm-linux-androideabi  -march=armv7-a -mthumb -mfpu=neon -mfloat-abi=softfp -funwind-tables -no-canonical-prefixes -D__ANDROID_API__=16 -fexceptions  -g -fPIE   -o CMakeFiles/cmTC_359d1.dir/TestEndianess.c.o   -c /root/linphone/linphone-android/WORK/android-armv7/Build/ms2/CMakeFiles/CMakeTmp/TestEndianess.c
Linking C executable cmTC_359d1
/usr/local/bin/cmake -E cmake_link_script CMakeFiles/cmTC_359d1.dir/link.txt --verbose=1
/root/android-ndk-r15c/toolchains/llvm/prebuilt/linux-x86_64/bin/clang --target=armv7-none-linux-androideabi --gcc-toolchain=/root/android-ndk-r15c/toolchains/arm-linux-androideabi-4.9/prebuilt/linux-x86_64 --sysroot=/root/android-ndk-r15c/platforms/android-16/arch-arm -march=armv7-a -mthumb -mfpu=neon -mfloat-abi=softfp -funwind-tables -no-canonical-prefixes -D__ANDROID_API__=16 -fexceptions  -g  -Wl,--fix-cortex-a8  -fPIE -pie -Wl,--gc-sections -Wl,-z,nocopyreloc  CMakeFiles/cmTC_359d1.dir/TestEndianess.c.o  -o cmTC_359d1 
make[5]: Leaving directory '/root/linphone/linphone-android/WORK/android-armv7/Build/ms2/CMakeFiles/CMakeTmp'
make[4]: Leaving directory '/root/linphone/linphone-android/WORK/android-armv7/Build/ms2/CMakeFiles/CMakeTmp'

TestEndianess.c:
/* A 16 bit integer is required. */
typedef unsigned short cmakeint16;

/* On a little endian machine, these 16bit ints will give "THIS IS LITTLE ENDIAN."
   On a big endian machine the characters will be exchanged pairwise. */
const cmakeint16 info_little[] =  {0x4854, 0x5349, 0x4920, 0x2053, 0x494c, 0x5454, 0x454c, 0x4520, 0x444e, 0x4149, 0x2e4e, 0x0000};

/* on a big endian machine, these 16bit ints will give "THIS IS BIG ENDIAN."
   On a little endian machine the characters will be exchanged pairwise. */
const cmakeint16 info_big[] =     {0x5448, 0x4953, 0x2049, 0x5320, 0x4249, 0x4720, 0x454e, 0x4449, 0x414e, 0x2e2e, 0x0000};

#ifdef __CLASSIC_C__
int main(argc, argv) int argc; char *argv[];
#else
int main(int argc, char *argv[])
#endif
{
  int require = 0;
  require += info_little[argc];
  require += info_big[argc];
  (void)argv;
  return require;
}


Performing C SOURCE FILE Test TURBOJPEG_USE_CONST_BUFFERS succeeded with the following output:
Change Dir: /root/linphone/linphone-android/WORK/android-armv7/Build/ms2/CMakeFiles/CMakeTmp

Run Build Command:"/usr/bin/make" "cmTC_68bbc/fast"
make[4]: Entering directory '/root/linphone/linphone-android/WORK/android-armv7/Build/ms2/CMakeFiles/CMakeTmp'
/usr/bin/make -f CMakeFiles/cmTC_68bbc.dir/build.make CMakeFiles/cmTC_68bbc.dir/build
make[5]: Entering directory '/root/linphone/linphone-android/WORK/android-armv7/Build/ms2/CMakeFiles/CMakeTmp'
Building C object CMakeFiles/cmTC_68bbc.dir/src.c.o
/root/android-ndk-r15c/toolchains/llvm/prebuilt/linux-x86_64/bin/clang --target=armv7-none-linux-androideabi --gcc-toolchain=/root/android-ndk-r15c/toolchains/arm-linux-androideabi-4.9/prebuilt/linux-x86_64 --sysroot=/root/android-ndk-r15c/sysroot  -I/root/linphone/linphone-android/liblinphone-sdk/android-armv7/include -isystem /root/android-ndk-r15c/sysroot/usr/include -isystem /root/android-ndk-r15c/sysroot/usr/include/arm-linux-androideabi  -march=armv7-a -mthumb -mfpu=neon -mfloat-abi=softfp -funwind-tables -no-canonical-prefixes -D__ANDROID_API__=16 -fexceptions -DTURBOJPEG_USE_CONST_BUFFERS  -Werror -g -fPIE   -o CMakeFiles/cmTC_68bbc.dir/src.c.o   -c /root/linphone/linphone-android/WORK/android-armv7/Build/ms2/CMakeFiles/CMakeTmp/src.c
Linking C executable cmTC_68bbc
/usr/local/bin/cmake -E cmake_link_script CMakeFiles/cmTC_68bbc.dir/link.txt --verbose=1
/root/android-ndk-r15c/toolchains/llvm/prebuilt/linux-x86_64/bin/clang --target=armv7-none-linux-androideabi --gcc-toolchain=/root/android-ndk-r15c/toolchains/arm-linux-androideabi-4.9/prebuilt/linux-x86_64 --sysroot=/root/android-ndk-r15c/platforms/android-16/arch-arm -march=armv7-a -mthumb -mfpu=neon -mfloat-abi=softfp -funwind-tables -no-canonical-prefixes -D__ANDROID_API__=16 -fexceptions -DTURBOJPEG_USE_CONST_BUFFERS  -Werror -g  -Wl,--fix-cortex-a8  -fPIE -pie -Wl,--gc-sections -Wl,-z,nocopyreloc  CMakeFiles/cmTC_68bbc.dir/src.c.o  -o cmTC_68bbc /root/linphone/linphone-android/liblinphone-sdk/android-armv7/lib/libturbojpeg.a 
make[5]: Leaving directory '/root/linphone/linphone-android/WORK/android-armv7/Build/ms2/CMakeFiles/CMakeTmp'
make[4]: Leaving directory '/root/linphone/linphone-android/WORK/android-armv7/Build/ms2/CMakeFiles/CMakeTmp'

Source file was:

#include <turbojpeg.h>
int main(int argc, char *argv[]) {
	tjhandle handle = 0;
	const unsigned char *srcPlanes = 0;
	const int *strides = 0;
	unsigned char *jpegBuf = 0;
	unsigned long jpegSize = 0;
	int width = 0, height = 0, subsamp = 0, jpegQual = 0, flags = 0;
	return tjCompressFromYUVPlanes(handle, &srcPlanes, width, strides, height, subsamp, &jpegBuf, &jpegSize, jpegQual, flags);
}
