The target system is: Android - 21 - aarch64
The host system is: Linux - 4.15.0-041500-generic - x86_64
Compiling the C compiler identification source file "CMakeCCompilerId.c" succeeded.
Compiler: /root/android-ndk-r15c/toolchains/llvm/prebuilt/linux-x86_64/bin/clang 
Build flags: 
Id flags:  

The output was:
0


Compilation of the C compiler identification source "CMakeCCompilerId.c" produced "a.out"

The C compiler identification is Clang, found in "/root/linphone/linphone-android/WORK/android-arm64/Build/ms2/CMakeFiles/3.11.0-rc2/CompilerIdC/a.out"

Compiling the CXX compiler identification source file "CMakeCXXCompilerId.cpp" succeeded.
Compiler: /root/android-ndk-r15c/toolchains/llvm/prebuilt/linux-x86_64/bin/clang++ 
Build flags: 
Id flags:  

The output was:
0


Compilation of the CXX compiler identification source "CMakeCXXCompilerId.cpp" produced "a.out"

The CXX compiler identification is Clang, found in "/root/linphone/linphone-android/WORK/android-arm64/Build/ms2/CMakeFiles/3.11.0-rc2/CompilerIdCXX/a.out"

Determining if the C compiler works passed with the following output:
Change Dir: /root/linphone/linphone-android/WORK/android-arm64/Build/ms2/CMakeFiles/CMakeTmp

Run Build Command:"/usr/bin/make" "cmTC_6fd61/fast"
make[4]: Entering directory '/root/linphone/linphone-android/WORK/android-arm64/Build/ms2/CMakeFiles/CMakeTmp'
/usr/bin/make -f CMakeFiles/cmTC_6fd61.dir/build.make CMakeFiles/cmTC_6fd61.dir/build
make[5]: Entering directory '/root/linphone/linphone-android/WORK/android-arm64/Build/ms2/CMakeFiles/CMakeTmp'
Building C object CMakeFiles/cmTC_6fd61.dir/testCCompiler.c.o
/root/android-ndk-r15c/toolchains/llvm/prebuilt/linux-x86_64/bin/clang --target=aarch64-none-linux-android --gcc-toolchain=/root/android-ndk-r15c/toolchains/aarch64-linux-android-4.9/prebuilt/linux-x86_64 --sysroot=/root/android-ndk-r15c/sysroot  -isystem /root/android-ndk-r15c/sysroot/usr/include -isystem /root/android-ndk-r15c/sysroot/usr/include/aarch64-linux-android  -funwind-tables -no-canonical-prefixes -D__ANDROID_API__=21 -fexceptions  -g -fPIE   -o CMakeFiles/cmTC_6fd61.dir/testCCompiler.c.o   -c /root/linphone/linphone-android/WORK/android-arm64/Build/ms2/CMakeFiles/CMakeTmp/testCCompiler.c
Linking C executable cmTC_6fd61
/usr/local/bin/cmake -E cmake_link_script CMakeFiles/cmTC_6fd61.dir/link.txt --verbose=1
/root/android-ndk-r15c/toolchains/llvm/prebuilt/linux-x86_64/bin/clang --target=aarch64-none-linux-android --gcc-toolchain=/root/android-ndk-r15c/toolchains/aarch64-linux-android-4.9/prebuilt/linux-x86_64 --sysroot=/root/android-ndk-r15c/platforms/android-21/arch-arm64 -funwind-tables -no-canonical-prefixes -D__ANDROID_API__=21 -fexceptions  -g  -fPIE -pie -Wl,--gc-sections  CMakeFiles/cmTC_6fd61.dir/testCCompiler.c.o  -o cmTC_6fd61 
make[5]: Leaving directory '/root/linphone/linphone-android/WORK/android-arm64/Build/ms2/CMakeFiles/CMakeTmp'
make[4]: Leaving directory '/root/linphone/linphone-android/WORK/android-arm64/Build/ms2/CMakeFiles/CMakeTmp'


Detecting C compiler ABI info compiled with the following output:
Change Dir: /root/linphone/linphone-android/WORK/android-arm64/Build/ms2/CMakeFiles/CMakeTmp

Run Build Command:"/usr/bin/make" "cmTC_ee1d2/fast"
make[4]: Entering directory '/root/linphone/linphone-android/WORK/android-arm64/Build/ms2/CMakeFiles/CMakeTmp'
/usr/bin/make -f CMakeFiles/cmTC_ee1d2.dir/build.make CMakeFiles/cmTC_ee1d2.dir/build
make[5]: Entering directory '/root/linphone/linphone-android/WORK/android-arm64/Build/ms2/CMakeFiles/CMakeTmp'
Building C object CMakeFiles/cmTC_ee1d2.dir/CMakeCCompilerABI.c.o
/root/android-ndk-r15c/toolchains/llvm/prebuilt/linux-x86_64/bin/clang --target=aarch64-none-linux-android --gcc-toolchain=/root/android-ndk-r15c/toolchains/aarch64-linux-android-4.9/prebuilt/linux-x86_64 --sysroot=/root/android-ndk-r15c/sysroot  -isystem /root/android-ndk-r15c/sysroot/usr/include -isystem /root/android-ndk-r15c/sysroot/usr/include/aarch64-linux-android  -funwind-tables -no-canonical-prefixes -D__ANDROID_API__=21 -fexceptions  -g -fPIE   -o CMakeFiles/cmTC_ee1d2.dir/CMakeCCompilerABI.c.o   -c /usr/local/share/cmake-3.11/Modules/CMakeCCompilerABI.c
Linking C executable cmTC_ee1d2
/usr/local/bin/cmake -E cmake_link_script CMakeFiles/cmTC_ee1d2.dir/link.txt --verbose=1
/root/android-ndk-r15c/toolchains/llvm/prebuilt/linux-x86_64/bin/clang --target=aarch64-none-linux-android --gcc-toolchain=/root/android-ndk-r15c/toolchains/aarch64-linux-android-4.9/prebuilt/linux-x86_64 --sysroot=/root/android-ndk-r15c/platforms/android-21/arch-arm64 -funwind-tables -no-canonical-prefixes -D__ANDROID_API__=21 -fexceptions  -g  -fPIE -pie -Wl,--gc-sections -v CMakeFiles/cmTC_ee1d2.dir/CMakeCCompilerABI.c.o  -o cmTC_ee1d2 
Android clang version 5.0.300080  (based on LLVM 5.0.300080)
Target: aarch64-none-linux-android
Thread model: posix
InstalledDir: /root/android-ndk-r15c/toolchains/llvm/prebuilt/linux-x86_64/bin
Found candidate GCC installation: /root/android-ndk-r15c/toolchains/aarch64-linux-android-4.9/prebuilt/linux-x86_64/lib/gcc/aarch64-linux-android/4.9.x
Selected GCC installation: /root/android-ndk-r15c/toolchains/aarch64-linux-android-4.9/prebuilt/linux-x86_64/lib/gcc/aarch64-linux-android/4.9.x
Candidate multilib: .;@m64
Selected multilib: .;@m64
 "/root/android-ndk-r15c/toolchains/aarch64-linux-android-4.9/prebuilt/linux-x86_64/lib/gcc/aarch64-linux-android/4.9.x/../../../../aarch64-linux-android/bin/ld" --sysroot=/root/android-ndk-r15c/platforms/android-21/arch-arm64 -pie --fix-cortex-a53-843419 -z relro --eh-frame-hdr -m aarch64linux -dynamic-linker /system/bin/linker64 -o cmTC_ee1d2 /root/android-ndk-r15c/platforms/android-21/arch-arm64/usr/lib/crtbegin_dynamic.o -L/root/android-ndk-r15c/toolchains/llvm/prebuilt/linux-x86_64/lib64/clang/5.0.300080/lib/linux/aarch64 -L/root/android-ndk-r15c/toolchains/aarch64-linux-android-4.9/prebuilt/linux-x86_64/lib/gcc/aarch64-linux-android/4.9.x -L/root/android-ndk-r15c/toolchains/aarch64-linux-android-4.9/prebuilt/linux-x86_64/lib/gcc/aarch64-linux-android/4.9.x/../../../../aarch64-linux-android/lib/../lib64 -L/root/android-ndk-r15c/toolchains/aarch64-linux-android-4.9/prebuilt/linux-x86_64/lib/gcc/aarch64-linux-android/4.9.x/../../../../aarch64-linux-android/lib -L/root/android-ndk-r15c/platforms/android-21/arch-arm64/usr/lib --gc-sections CMakeFiles/cmTC_ee1d2.dir/CMakeCCompilerABI.c.o -lgcc -ldl -lc -lgcc -ldl /root/android-ndk-r15c/platforms/android-21/arch-arm64/usr/lib/crtend_android.o
make[5]: Leaving directory '/root/linphone/linphone-android/WORK/android-arm64/Build/ms2/CMakeFiles/CMakeTmp'
make[4]: Leaving directory '/root/linphone/linphone-android/WORK/android-arm64/Build/ms2/CMakeFiles/CMakeTmp'


Parsed C implicit link information from above output:
  link line regex: [^( *|.*[/\])(aarch64-linux-android-ld|CMAKE_LINK_STARTFILE-NOTFOUND|([^/\]+-)?ld|collect2)[^/\]*( |$)]
  ignore line: [Change Dir: /root/linphone/linphone-android/WORK/android-arm64/Build/ms2/CMakeFiles/CMakeTmp]
  ignore line: []
  ignore line: [Run Build Command:"/usr/bin/make" "cmTC_ee1d2/fast"]
  ignore line: [make[4]: Entering directory '/root/linphone/linphone-android/WORK/android-arm64/Build/ms2/CMakeFiles/CMakeTmp']
  ignore line: [/usr/bin/make -f CMakeFiles/cmTC_ee1d2.dir/build.make CMakeFiles/cmTC_ee1d2.dir/build]
  ignore line: [make[5]: Entering directory '/root/linphone/linphone-android/WORK/android-arm64/Build/ms2/CMakeFiles/CMakeTmp']
  ignore line: [Building C object CMakeFiles/cmTC_ee1d2.dir/CMakeCCompilerABI.c.o]
  ignore line: [/root/android-ndk-r15c/toolchains/llvm/prebuilt/linux-x86_64/bin/clang --target=aarch64-none-linux-android --gcc-toolchain=/root/android-ndk-r15c/toolchains/aarch64-linux-android-4.9/prebuilt/linux-x86_64 --sysroot=/root/android-ndk-r15c/sysroot  -isystem /root/android-ndk-r15c/sysroot/usr/include -isystem /root/android-ndk-r15c/sysroot/usr/include/aarch64-linux-android  -funwind-tables -no-canonical-prefixes -D__ANDROID_API__=21 -fexceptions  -g -fPIE   -o CMakeFiles/cmTC_ee1d2.dir/CMakeCCompilerABI.c.o   -c /usr/local/share/cmake-3.11/Modules/CMakeCCompilerABI.c]
  ignore line: [Linking C executable cmTC_ee1d2]
  ignore line: [/usr/local/bin/cmake -E cmake_link_script CMakeFiles/cmTC_ee1d2.dir/link.txt --verbose=1]
  ignore line: [/root/android-ndk-r15c/toolchains/llvm/prebuilt/linux-x86_64/bin/clang --target=aarch64-none-linux-android --gcc-toolchain=/root/android-ndk-r15c/toolchains/aarch64-linux-android-4.9/prebuilt/linux-x86_64 --sysroot=/root/android-ndk-r15c/platforms/android-21/arch-arm64 -funwind-tables -no-canonical-prefixes -D__ANDROID_API__=21 -fexceptions  -g  -fPIE -pie -Wl,--gc-sections -v CMakeFiles/cmTC_ee1d2.dir/CMakeCCompilerABI.c.o  -o cmTC_ee1d2 ]
  ignore line: [Android clang version 5.0.300080  (based on LLVM 5.0.300080)]
  ignore line: [Target: aarch64-none-linux-android]
  ignore line: [Thread model: posix]
  ignore line: [InstalledDir: /root/android-ndk-r15c/toolchains/llvm/prebuilt/linux-x86_64/bin]
  ignore line: [Found candidate GCC installation: /root/android-ndk-r15c/toolchains/aarch64-linux-android-4.9/prebuilt/linux-x86_64/lib/gcc/aarch64-linux-android/4.9.x]
  ignore line: [Selected GCC installation: /root/android-ndk-r15c/toolchains/aarch64-linux-android-4.9/prebuilt/linux-x86_64/lib/gcc/aarch64-linux-android/4.9.x]
  ignore line: [Candidate multilib: .]
  ignore line: [@m64]
  ignore line: [Selected multilib: .]
  ignore line: [@m64]
  link line: [ "/root/android-ndk-r15c/toolchains/aarch64-linux-android-4.9/prebuilt/linux-x86_64/lib/gcc/aarch64-linux-android/4.9.x/../../../../aarch64-linux-android/bin/ld" --sysroot=/root/android-ndk-r15c/platforms/android-21/arch-arm64 -pie --fix-cortex-a53-843419 -z relro --eh-frame-hdr -m aarch64linux -dynamic-linker /system/bin/linker64 -o cmTC_ee1d2 /root/android-ndk-r15c/platforms/android-21/arch-arm64/usr/lib/crtbegin_dynamic.o -L/root/android-ndk-r15c/toolchains/llvm/prebuilt/linux-x86_64/lib64/clang/5.0.300080/lib/linux/aarch64 -L/root/android-ndk-r15c/toolchains/aarch64-linux-android-4.9/prebuilt/linux-x86_64/lib/gcc/aarch64-linux-android/4.9.x -L/root/android-ndk-r15c/toolchains/aarch64-linux-android-4.9/prebuilt/linux-x86_64/lib/gcc/aarch64-linux-android/4.9.x/../../../../aarch64-linux-android/lib/../lib64 -L/root/android-ndk-r15c/toolchains/aarch64-linux-android-4.9/prebuilt/linux-x86_64/lib/gcc/aarch64-linux-android/4.9.x/../../../../aarch64-linux-android/lib -L/root/android-ndk-r15c/platforms/android-21/arch-arm64/usr/lib --gc-sections CMakeFiles/cmTC_ee1d2.dir/CMakeCCompilerABI.c.o -lgcc -ldl -lc -lgcc -ldl /root/android-ndk-r15c/platforms/android-21/arch-arm64/usr/lib/crtend_android.o]
    arg [/root/android-ndk-r15c/toolchains/aarch64-linux-android-4.9/prebuilt/linux-x86_64/lib/gcc/aarch64-linux-android/4.9.x/../../../../aarch64-linux-android/bin/ld] ==> ignore
    arg [--sysroot=/root/android-ndk-r15c/platforms/android-21/arch-arm64] ==> ignore
    arg [-pie] ==> ignore
    arg [--fix-cortex-a53-843419] ==> ignore
    arg [-zrelro] ==> ignore
    arg [--eh-frame-hdr] ==> ignore
    arg [-m] ==> ignore
    arg [aarch64linux] ==> ignore
    arg [-dynamic-linker] ==> ignore
    arg [/system/bin/linker64] ==> ignore
    arg [-o] ==> ignore
    arg [cmTC_ee1d2] ==> ignore
    arg [/root/android-ndk-r15c/platforms/android-21/arch-arm64/usr/lib/crtbegin_dynamic.o] ==> ignore
    arg [-L/root/android-ndk-r15c/toolchains/llvm/prebuilt/linux-x86_64/lib64/clang/5.0.300080/lib/linux/aarch64] ==> dir [/root/android-ndk-r15c/toolchains/llvm/prebuilt/linux-x86_64/lib64/clang/5.0.300080/lib/linux/aarch64]
    arg [-L/root/android-ndk-r15c/toolchains/aarch64-linux-android-4.9/prebuilt/linux-x86_64/lib/gcc/aarch64-linux-android/4.9.x] ==> dir [/root/android-ndk-r15c/toolchains/aarch64-linux-android-4.9/prebuilt/linux-x86_64/lib/gcc/aarch64-linux-android/4.9.x]
    arg [-L/root/android-ndk-r15c/toolchains/aarch64-linux-android-4.9/prebuilt/linux-x86_64/lib/gcc/aarch64-linux-android/4.9.x/../../../../aarch64-linux-android/lib/../lib64] ==> dir [/root/android-ndk-r15c/toolchains/aarch64-linux-android-4.9/prebuilt/linux-x86_64/lib/gcc/aarch64-linux-android/4.9.x/../../../../aarch64-linux-android/lib/../lib64]
    arg [-L/root/android-ndk-r15c/toolchains/aarch64-linux-android-4.9/prebuilt/linux-x86_64/lib/gcc/aarch64-linux-android/4.9.x/../../../../aarch64-linux-android/lib] ==> dir [/root/android-ndk-r15c/toolchains/aarch64-linux-android-4.9/prebuilt/linux-x86_64/lib/gcc/aarch64-linux-android/4.9.x/../../../../aarch64-linux-android/lib]
    arg [-L/root/android-ndk-r15c/platforms/android-21/arch-arm64/usr/lib] ==> dir [/root/android-ndk-r15c/platforms/android-21/arch-arm64/usr/lib]
    arg [--gc-sections] ==> ignore
    arg [CMakeFiles/cmTC_ee1d2.dir/CMakeCCompilerABI.c.o] ==> ignore
    arg [-lgcc] ==> lib [gcc]
    arg [-ldl] ==> lib [dl]
    arg [-lc] ==> lib [c]
    arg [-lgcc] ==> lib [gcc]
    arg [-ldl] ==> lib [dl]
    arg [/root/android-ndk-r15c/platforms/android-21/arch-arm64/usr/lib/crtend_android.o] ==> ignore
  collapse library dir [/root/android-ndk-r15c/toolchains/llvm/prebuilt/linux-x86_64/lib64/clang/5.0.300080/lib/linux/aarch64] ==> [/root/android-ndk-r15c/toolchains/llvm/prebuilt/linux-x86_64/lib64/clang/5.0.300080/lib/linux/aarch64]
  collapse library dir [/root/android-ndk-r15c/toolchains/aarch64-linux-android-4.9/prebuilt/linux-x86_64/lib/gcc/aarch64-linux-android/4.9.x] ==> [/root/android-ndk-r15c/toolchains/aarch64-linux-android-4.9/prebuilt/linux-x86_64/lib/gcc/aarch64-linux-android/4.9.x]
  collapse library dir [/root/android-ndk-r15c/toolchains/aarch64-linux-android-4.9/prebuilt/linux-x86_64/lib/gcc/aarch64-linux-android/4.9.x/../../../../aarch64-linux-android/lib/../lib64] ==> [/root/android-ndk-r15c/toolchains/aarch64-linux-android-4.9/prebuilt/linux-x86_64/aarch64-linux-android/lib64]
  collapse library dir [/root/android-ndk-r15c/toolchains/aarch64-linux-android-4.9/prebuilt/linux-x86_64/lib/gcc/aarch64-linux-android/4.9.x/../../../../aarch64-linux-android/lib] ==> [/root/android-ndk-r15c/toolchains/aarch64-linux-android-4.9/prebuilt/linux-x86_64/aarch64-linux-android/lib]
  collapse library dir [/root/android-ndk-r15c/platforms/android-21/arch-arm64/usr/lib] ==> [/root/android-ndk-r15c/platforms/android-21/arch-arm64/usr/lib]
  implicit libs: [gcc;dl;c;gcc;dl]
  implicit dirs: [/root/android-ndk-r15c/toolchains/llvm/prebuilt/linux-x86_64/lib64/clang/5.0.300080/lib/linux/aarch64;/root/android-ndk-r15c/toolchains/aarch64-linux-android-4.9/prebuilt/linux-x86_64/lib/gcc/aarch64-linux-android/4.9.x;/root/android-ndk-r15c/toolchains/aarch64-linux-android-4.9/prebuilt/linux-x86_64/aarch64-linux-android/lib64;/root/android-ndk-r15c/toolchains/aarch64-linux-android-4.9/prebuilt/linux-x86_64/aarch64-linux-android/lib;/root/android-ndk-r15c/platforms/android-21/arch-arm64/usr/lib]
  implicit fwks: []




Detecting C [-std=c11] compiler features compiled with the following output:
Change Dir: /root/linphone/linphone-android/WORK/android-arm64/Build/ms2/CMakeFiles/CMakeTmp

Run Build Command:"/usr/bin/make" "cmTC_f6947/fast"
make[4]: Entering directory '/root/linphone/linphone-android/WORK/android-arm64/Build/ms2/CMakeFiles/CMakeTmp'
/usr/bin/make -f CMakeFiles/cmTC_f6947.dir/build.make CMakeFiles/cmTC_f6947.dir/build
make[5]: Entering directory '/root/linphone/linphone-android/WORK/android-arm64/Build/ms2/CMakeFiles/CMakeTmp'
Building C object CMakeFiles/cmTC_f6947.dir/feature_tests.c.o
/root/android-ndk-r15c/toolchains/llvm/prebuilt/linux-x86_64/bin/clang --target=aarch64-none-linux-android --gcc-toolchain=/root/android-ndk-r15c/toolchains/aarch64-linux-android-4.9/prebuilt/linux-x86_64 --sysroot=/root/android-ndk-r15c/sysroot  -isystem /root/android-ndk-r15c/sysroot/usr/include -isystem /root/android-ndk-r15c/sysroot/usr/include/aarch64-linux-android  -funwind-tables -no-canonical-prefixes -D__ANDROID_API__=21 -fexceptions  -g -fPIE   -std=c11 -o CMakeFiles/cmTC_f6947.dir/feature_tests.c.o   -c /root/linphone/linphone-android/WORK/android-arm64/Build/ms2/CMakeFiles/feature_tests.c
Linking C executable cmTC_f6947
/usr/local/bin/cmake -E cmake_link_script CMakeFiles/cmTC_f6947.dir/link.txt --verbose=1
/root/android-ndk-r15c/toolchains/llvm/prebuilt/linux-x86_64/bin/clang --target=aarch64-none-linux-android --gcc-toolchain=/root/android-ndk-r15c/toolchains/aarch64-linux-android-4.9/prebuilt/linux-x86_64 --sysroot=/root/android-ndk-r15c/platforms/android-21/arch-arm64 -funwind-tables -no-canonical-prefixes -D__ANDROID_API__=21 -fexceptions  -g  -fPIE -pie -Wl,--gc-sections  CMakeFiles/cmTC_f6947.dir/feature_tests.c.o  -o cmTC_f6947 
make[5]: Leaving directory '/root/linphone/linphone-android/WORK/android-arm64/Build/ms2/CMakeFiles/CMakeTmp'
make[4]: Leaving directory '/root/linphone/linphone-android/WORK/android-arm64/Build/ms2/CMakeFiles/CMakeTmp'


    Feature record: C_FEATURE:1c_function_prototypes
    Feature record: C_FEATURE:1c_restrict
    Feature record: C_FEATURE:1c_static_assert
    Feature record: C_FEATURE:1c_variadic_macros


Detecting C [-std=c99] compiler features compiled with the following output:
Change Dir: /root/linphone/linphone-android/WORK/android-arm64/Build/ms2/CMakeFiles/CMakeTmp

Run Build Command:"/usr/bin/make" "cmTC_fcfce/fast"
make[4]: Entering directory '/root/linphone/linphone-android/WORK/android-arm64/Build/ms2/CMakeFiles/CMakeTmp'
/usr/bin/make -f CMakeFiles/cmTC_fcfce.dir/build.make CMakeFiles/cmTC_fcfce.dir/build
make[5]: Entering directory '/root/linphone/linphone-android/WORK/android-arm64/Build/ms2/CMakeFiles/CMakeTmp'
Building C object CMakeFiles/cmTC_fcfce.dir/feature_tests.c.o
/root/android-ndk-r15c/toolchains/llvm/prebuilt/linux-x86_64/bin/clang --target=aarch64-none-linux-android --gcc-toolchain=/root/android-ndk-r15c/toolchains/aarch64-linux-android-4.9/prebuilt/linux-x86_64 --sysroot=/root/android-ndk-r15c/sysroot  -isystem /root/android-ndk-r15c/sysroot/usr/include -isystem /root/android-ndk-r15c/sysroot/usr/include/aarch64-linux-android  -funwind-tables -no-canonical-prefixes -D__ANDROID_API__=21 -fexceptions  -g -fPIE   -std=c99 -o CMakeFiles/cmTC_fcfce.dir/feature_tests.c.o   -c /root/linphone/linphone-android/WORK/android-arm64/Build/ms2/CMakeFiles/feature_tests.c
Linking C executable cmTC_fcfce
/usr/local/bin/cmake -E cmake_link_script CMakeFiles/cmTC_fcfce.dir/link.txt --verbose=1
/root/android-ndk-r15c/toolchains/llvm/prebuilt/linux-x86_64/bin/clang --target=aarch64-none-linux-android --gcc-toolchain=/root/android-ndk-r15c/toolchains/aarch64-linux-android-4.9/prebuilt/linux-x86_64 --sysroot=/root/android-ndk-r15c/platforms/android-21/arch-arm64 -funwind-tables -no-canonical-prefixes -D__ANDROID_API__=21 -fexceptions  -g  -fPIE -pie -Wl,--gc-sections  CMakeFiles/cmTC_fcfce.dir/feature_tests.c.o  -o cmTC_fcfce 
make[5]: Leaving directory '/root/linphone/linphone-android/WORK/android-arm64/Build/ms2/CMakeFiles/CMakeTmp'
make[4]: Leaving directory '/root/linphone/linphone-android/WORK/android-arm64/Build/ms2/CMakeFiles/CMakeTmp'


    Feature record: C_FEATURE:1c_function_prototypes
    Feature record: C_FEATURE:1c_restrict
    Feature record: C_FEATURE:0c_static_assert
    Feature record: C_FEATURE:1c_variadic_macros


Detecting C [-std=c90] compiler features compiled with the following output:
Change Dir: /root/linphone/linphone-android/WORK/android-arm64/Build/ms2/CMakeFiles/CMakeTmp

Run Build Command:"/usr/bin/make" "cmTC_907d6/fast"
make[4]: Entering directory '/root/linphone/linphone-android/WORK/android-arm64/Build/ms2/CMakeFiles/CMakeTmp'
/usr/bin/make -f CMakeFiles/cmTC_907d6.dir/build.make CMakeFiles/cmTC_907d6.dir/build
make[5]: Entering directory '/root/linphone/linphone-android/WORK/android-arm64/Build/ms2/CMakeFiles/CMakeTmp'
Building C object CMakeFiles/cmTC_907d6.dir/feature_tests.c.o
/root/android-ndk-r15c/toolchains/llvm/prebuilt/linux-x86_64/bin/clang --target=aarch64-none-linux-android --gcc-toolchain=/root/android-ndk-r15c/toolchains/aarch64-linux-android-4.9/prebuilt/linux-x86_64 --sysroot=/root/android-ndk-r15c/sysroot  -isystem /root/android-ndk-r15c/sysroot/usr/include -isystem /root/android-ndk-r15c/sysroot/usr/include/aarch64-linux-android  -funwind-tables -no-canonical-prefixes -D__ANDROID_API__=21 -fexceptions  -g -fPIE   -std=c90 -o CMakeFiles/cmTC_907d6.dir/feature_tests.c.o   -c /root/linphone/linphone-android/WORK/android-arm64/Build/ms2/CMakeFiles/feature_tests.c
Linking C executable cmTC_907d6
/usr/local/bin/cmake -E cmake_link_script CMakeFiles/cmTC_907d6.dir/link.txt --verbose=1
/root/android-ndk-r15c/toolchains/llvm/prebuilt/linux-x86_64/bin/clang --target=aarch64-none-linux-android --gcc-toolchain=/root/android-ndk-r15c/toolchains/aarch64-linux-android-4.9/prebuilt/linux-x86_64 --sysroot=/root/android-ndk-r15c/platforms/android-21/arch-arm64 -funwind-tables -no-canonical-prefixes -D__ANDROID_API__=21 -fexceptions  -g  -fPIE -pie -Wl,--gc-sections  CMakeFiles/cmTC_907d6.dir/feature_tests.c.o  -o cmTC_907d6 
make[5]: Leaving directory '/root/linphone/linphone-android/WORK/android-arm64/Build/ms2/CMakeFiles/CMakeTmp'
make[4]: Leaving directory '/root/linphone/linphone-android/WORK/android-arm64/Build/ms2/CMakeFiles/CMakeTmp'


    Feature record: C_FEATURE:1c_function_prototypes
    Feature record: C_FEATURE:0c_restrict
    Feature record: C_FEATURE:0c_static_assert
    Feature record: C_FEATURE:0c_variadic_macros
Determining if the CXX compiler works passed with the following output:
Change Dir: /root/linphone/linphone-android/WORK/android-arm64/Build/ms2/CMakeFiles/CMakeTmp

Run Build Command:"/usr/bin/make" "cmTC_63db9/fast"
make[4]: Entering directory '/root/linphone/linphone-android/WORK/android-arm64/Build/ms2/CMakeFiles/CMakeTmp'
/usr/bin/make -f CMakeFiles/cmTC_63db9.dir/build.make CMakeFiles/cmTC_63db9.dir/build
make[5]: Entering directory '/root/linphone/linphone-android/WORK/android-arm64/Build/ms2/CMakeFiles/CMakeTmp'
Building CXX object CMakeFiles/cmTC_63db9.dir/testCXXCompiler.cxx.o
/root/android-ndk-r15c/toolchains/llvm/prebuilt/linux-x86_64/bin/clang++ --target=aarch64-none-linux-android --gcc-toolchain=/root/android-ndk-r15c/toolchains/aarch64-linux-android-4.9/prebuilt/linux-x86_64 --sysroot=/root/android-ndk-r15c/sysroot   -isystem /root/android-ndk-r15c/sources/cxx-stl/gnu-libstdc++/4.9/include -isystem /root/android-ndk-r15c/sources/cxx-stl/gnu-libstdc++/4.9/libs/arm64-v8a/include -isystem /root/android-ndk-r15c/sources/cxx-stl/gnu-libstdc++/4.9/include/backward -isystem /root/android-ndk-r15c/sysroot/usr/include -isystem /root/android-ndk-r15c/sysroot/usr/include/aarch64-linux-android  -funwind-tables -no-canonical-prefixes -D__ANDROID_API__=21 -fexceptions -frtti  -g -fPIE   -o CMakeFiles/cmTC_63db9.dir/testCXXCompiler.cxx.o -c /root/linphone/linphone-android/WORK/android-arm64/Build/ms2/CMakeFiles/CMakeTmp/testCXXCompiler.cxx
Linking CXX executable cmTC_63db9
/usr/local/bin/cmake -E cmake_link_script CMakeFiles/cmTC_63db9.dir/link.txt --verbose=1
/root/android-ndk-r15c/toolchains/llvm/prebuilt/linux-x86_64/bin/clang++ --target=aarch64-none-linux-android --gcc-toolchain=/root/android-ndk-r15c/toolchains/aarch64-linux-android-4.9/prebuilt/linux-x86_64 --sysroot=/root/android-ndk-r15c/platforms/android-21/arch-arm64  -funwind-tables -no-canonical-prefixes -D__ANDROID_API__=21 -fexceptions -frtti  -g  -fPIE -pie -Wl,--gc-sections  CMakeFiles/cmTC_63db9.dir/testCXXCompiler.cxx.o  -o cmTC_63db9  "/root/android-ndk-r15c/sources/cxx-stl/gnu-libstdc++/4.9/libs/arm64-v8a/libgnustl_shared.so" 
make[5]: Leaving directory '/root/linphone/linphone-android/WORK/android-arm64/Build/ms2/CMakeFiles/CMakeTmp'
make[4]: Leaving directory '/root/linphone/linphone-android/WORK/android-arm64/Build/ms2/CMakeFiles/CMakeTmp'


Detecting CXX compiler ABI info compiled with the following output:
Change Dir: /root/linphone/linphone-android/WORK/android-arm64/Build/ms2/CMakeFiles/CMakeTmp

Run Build Command:"/usr/bin/make" "cmTC_4191e/fast"
make[4]: Entering directory '/root/linphone/linphone-android/WORK/android-arm64/Build/ms2/CMakeFiles/CMakeTmp'
/usr/bin/make -f CMakeFiles/cmTC_4191e.dir/build.make CMakeFiles/cmTC_4191e.dir/build
make[5]: Entering directory '/root/linphone/linphone-android/WORK/android-arm64/Build/ms2/CMakeFiles/CMakeTmp'
Building CXX object CMakeFiles/cmTC_4191e.dir/CMakeCXXCompilerABI.cpp.o
/root/android-ndk-r15c/toolchains/llvm/prebuilt/linux-x86_64/bin/clang++ --target=aarch64-none-linux-android --gcc-toolchain=/root/android-ndk-r15c/toolchains/aarch64-linux-android-4.9/prebuilt/linux-x86_64 --sysroot=/root/android-ndk-r15c/sysroot   -isystem /root/android-ndk-r15c/sources/cxx-stl/gnu-libstdc++/4.9/include -isystem /root/android-ndk-r15c/sources/cxx-stl/gnu-libstdc++/4.9/libs/arm64-v8a/include -isystem /root/android-ndk-r15c/sources/cxx-stl/gnu-libstdc++/4.9/include/backward -isystem /root/android-ndk-r15c/sysroot/usr/include -isystem /root/android-ndk-r15c/sysroot/usr/include/aarch64-linux-android  -funwind-tables -no-canonical-prefixes -D__ANDROID_API__=21 -fexceptions -frtti  -g -fPIE   -o CMakeFiles/cmTC_4191e.dir/CMakeCXXCompilerABI.cpp.o -c /usr/local/share/cmake-3.11/Modules/CMakeCXXCompilerABI.cpp
Linking CXX executable cmTC_4191e
/usr/local/bin/cmake -E cmake_link_script CMakeFiles/cmTC_4191e.dir/link.txt --verbose=1
/root/android-ndk-r15c/toolchains/llvm/prebuilt/linux-x86_64/bin/clang++ --target=aarch64-none-linux-android --gcc-toolchain=/root/android-ndk-r15c/toolchains/aarch64-linux-android-4.9/prebuilt/linux-x86_64 --sysroot=/root/android-ndk-r15c/platforms/android-21/arch-arm64  -funwind-tables -no-canonical-prefixes -D__ANDROID_API__=21 -fexceptions -frtti  -g  -fPIE -pie -Wl,--gc-sections -v CMakeFiles/cmTC_4191e.dir/CMakeCXXCompilerABI.cpp.o  -o cmTC_4191e  "/root/android-ndk-r15c/sources/cxx-stl/gnu-libstdc++/4.9/libs/arm64-v8a/libgnustl_shared.so" 
Android clang version 5.0.300080  (based on LLVM 5.0.300080)
Target: aarch64-none-linux-android
Thread model: posix
InstalledDir: /root/android-ndk-r15c/toolchains/llvm/prebuilt/linux-x86_64/bin
Found candidate GCC installation: /root/android-ndk-r15c/toolchains/aarch64-linux-android-4.9/prebuilt/linux-x86_64/lib/gcc/aarch64-linux-android/4.9.x
Selected GCC installation: /root/android-ndk-r15c/toolchains/aarch64-linux-android-4.9/prebuilt/linux-x86_64/lib/gcc/aarch64-linux-android/4.9.x
Candidate multilib: .;@m64
Selected multilib: .;@m64
 "/root/android-ndk-r15c/toolchains/aarch64-linux-android-4.9/prebuilt/linux-x86_64/lib/gcc/aarch64-linux-android/4.9.x/../../../../aarch64-linux-android/bin/ld" --sysroot=/root/android-ndk-r15c/platforms/android-21/arch-arm64 -pie --fix-cortex-a53-843419 -z relro --eh-frame-hdr -m aarch64linux -dynamic-linker /system/bin/linker64 -o cmTC_4191e /root/android-ndk-r15c/platforms/android-21/arch-arm64/usr/lib/crtbegin_dynamic.o -L/root/android-ndk-r15c/toolchains/llvm/prebuilt/linux-x86_64/lib64/clang/5.0.300080/lib/linux/aarch64 -L/root/android-ndk-r15c/toolchains/aarch64-linux-android-4.9/prebuilt/linux-x86_64/lib/gcc/aarch64-linux-android/4.9.x -L/root/android-ndk-r15c/toolchains/aarch64-linux-android-4.9/prebuilt/linux-x86_64/lib/gcc/aarch64-linux-android/4.9.x/../../../../aarch64-linux-android/lib/../lib64 -L/root/android-ndk-r15c/toolchains/aarch64-linux-android-4.9/prebuilt/linux-x86_64/lib/gcc/aarch64-linux-android/4.9.x/../../../../aarch64-linux-android/lib -L/root/android-ndk-r15c/platforms/android-21/arch-arm64/usr/lib --gc-sections CMakeFiles/cmTC_4191e.dir/CMakeCXXCompilerABI.cpp.o /root/android-ndk-r15c/sources/cxx-stl/gnu-libstdc++/4.9/libs/arm64-v8a/libgnustl_shared.so -lstdc++ -lm -lgcc -lgcc -ldl -lc -lgcc -lgcc -ldl /root/android-ndk-r15c/platforms/android-21/arch-arm64/usr/lib/crtend_android.o
make[5]: Leaving directory '/root/linphone/linphone-android/WORK/android-arm64/Build/ms2/CMakeFiles/CMakeTmp'
make[4]: Leaving directory '/root/linphone/linphone-android/WORK/android-arm64/Build/ms2/CMakeFiles/CMakeTmp'


Parsed CXX implicit link information from above output:
  link line regex: [^( *|.*[/\])(aarch64-linux-android-ld|CMAKE_LINK_STARTFILE-NOTFOUND|([^/\]+-)?ld|collect2)[^/\]*( |$)]
  ignore line: [Change Dir: /root/linphone/linphone-android/WORK/android-arm64/Build/ms2/CMakeFiles/CMakeTmp]
  ignore line: []
  ignore line: [Run Build Command:"/usr/bin/make" "cmTC_4191e/fast"]
  ignore line: [make[4]: Entering directory '/root/linphone/linphone-android/WORK/android-arm64/Build/ms2/CMakeFiles/CMakeTmp']
  ignore line: [/usr/bin/make -f CMakeFiles/cmTC_4191e.dir/build.make CMakeFiles/cmTC_4191e.dir/build]
  ignore line: [make[5]: Entering directory '/root/linphone/linphone-android/WORK/android-arm64/Build/ms2/CMakeFiles/CMakeTmp']
  ignore line: [Building CXX object CMakeFiles/cmTC_4191e.dir/CMakeCXXCompilerABI.cpp.o]
  ignore line: [/root/android-ndk-r15c/toolchains/llvm/prebuilt/linux-x86_64/bin/clang++ --target=aarch64-none-linux-android --gcc-toolchain=/root/android-ndk-r15c/toolchains/aarch64-linux-android-4.9/prebuilt/linux-x86_64 --sysroot=/root/android-ndk-r15c/sysroot   -isystem /root/android-ndk-r15c/sources/cxx-stl/gnu-libstdc++/4.9/include -isystem /root/android-ndk-r15c/sources/cxx-stl/gnu-libstdc++/4.9/libs/arm64-v8a/include -isystem /root/android-ndk-r15c/sources/cxx-stl/gnu-libstdc++/4.9/include/backward -isystem /root/android-ndk-r15c/sysroot/usr/include -isystem /root/android-ndk-r15c/sysroot/usr/include/aarch64-linux-android  -funwind-tables -no-canonical-prefixes -D__ANDROID_API__=21 -fexceptions -frtti  -g -fPIE   -o CMakeFiles/cmTC_4191e.dir/CMakeCXXCompilerABI.cpp.o -c /usr/local/share/cmake-3.11/Modules/CMakeCXXCompilerABI.cpp]
  ignore line: [Linking CXX executable cmTC_4191e]
  ignore line: [/usr/local/bin/cmake -E cmake_link_script CMakeFiles/cmTC_4191e.dir/link.txt --verbose=1]
  ignore line: [/root/android-ndk-r15c/toolchains/llvm/prebuilt/linux-x86_64/bin/clang++ --target=aarch64-none-linux-android --gcc-toolchain=/root/android-ndk-r15c/toolchains/aarch64-linux-android-4.9/prebuilt/linux-x86_64 --sysroot=/root/android-ndk-r15c/platforms/android-21/arch-arm64  -funwind-tables -no-canonical-prefixes -D__ANDROID_API__=21 -fexceptions -frtti  -g  -fPIE -pie -Wl,--gc-sections -v CMakeFiles/cmTC_4191e.dir/CMakeCXXCompilerABI.cpp.o  -o cmTC_4191e  "/root/android-ndk-r15c/sources/cxx-stl/gnu-libstdc++/4.9/libs/arm64-v8a/libgnustl_shared.so" ]
  ignore line: [Android clang version 5.0.300080  (based on LLVM 5.0.300080)]
  ignore line: [Target: aarch64-none-linux-android]
  ignore line: [Thread model: posix]
  ignore line: [InstalledDir: /root/android-ndk-r15c/toolchains/llvm/prebuilt/linux-x86_64/bin]
  ignore line: [Found candidate GCC installation: /root/android-ndk-r15c/toolchains/aarch64-linux-android-4.9/prebuilt/linux-x86_64/lib/gcc/aarch64-linux-android/4.9.x]
  ignore line: [Selected GCC installation: /root/android-ndk-r15c/toolchains/aarch64-linux-android-4.9/prebuilt/linux-x86_64/lib/gcc/aarch64-linux-android/4.9.x]
  ignore line: [Candidate multilib: .]
  ignore line: [@m64]
  ignore line: [Selected multilib: .]
  ignore line: [@m64]
  link line: [ "/root/android-ndk-r15c/toolchains/aarch64-linux-android-4.9/prebuilt/linux-x86_64/lib/gcc/aarch64-linux-android/4.9.x/../../../../aarch64-linux-android/bin/ld" --sysroot=/root/android-ndk-r15c/platforms/android-21/arch-arm64 -pie --fix-cortex-a53-843419 -z relro --eh-frame-hdr -m aarch64linux -dynamic-linker /system/bin/linker64 -o cmTC_4191e /root/android-ndk-r15c/platforms/android-21/arch-arm64/usr/lib/crtbegin_dynamic.o -L/root/android-ndk-r15c/toolchains/llvm/prebuilt/linux-x86_64/lib64/clang/5.0.300080/lib/linux/aarch64 -L/root/android-ndk-r15c/toolchains/aarch64-linux-android-4.9/prebuilt/linux-x86_64/lib/gcc/aarch64-linux-android/4.9.x -L/root/android-ndk-r15c/toolchains/aarch64-linux-android-4.9/prebuilt/linux-x86_64/lib/gcc/aarch64-linux-android/4.9.x/../../../../aarch64-linux-android/lib/../lib64 -L/root/android-ndk-r15c/toolchains/aarch64-linux-android-4.9/prebuilt/linux-x86_64/lib/gcc/aarch64-linux-android/4.9.x/../../../../aarch64-linux-android/lib -L/root/android-ndk-r15c/platforms/android-21/arch-arm64/usr/lib --gc-sections CMakeFiles/cmTC_4191e.dir/CMakeCXXCompilerABI.cpp.o /root/android-ndk-r15c/sources/cxx-stl/gnu-libstdc++/4.9/libs/arm64-v8a/libgnustl_shared.so -lstdc++ -lm -lgcc -lgcc -ldl -lc -lgcc -lgcc -ldl /root/android-ndk-r15c/platforms/android-21/arch-arm64/usr/lib/crtend_android.o]
    arg [/root/android-ndk-r15c/toolchains/aarch64-linux-android-4.9/prebuilt/linux-x86_64/lib/gcc/aarch64-linux-android/4.9.x/../../../../aarch64-linux-android/bin/ld] ==> ignore
    arg [--sysroot=/root/android-ndk-r15c/platforms/android-21/arch-arm64] ==> ignore
    arg [-pie] ==> ignore
    arg [--fix-cortex-a53-843419] ==> ignore
    arg [-zrelro] ==> ignore
    arg [--eh-frame-hdr] ==> ignore
    arg [-m] ==> ignore
    arg [aarch64linux] ==> ignore
    arg [-dynamic-linker] ==> ignore
    arg [/system/bin/linker64] ==> ignore
    arg [-o] ==> ignore
    arg [cmTC_4191e] ==> ignore
    arg [/root/android-ndk-r15c/platforms/android-21/arch-arm64/usr/lib/crtbegin_dynamic.o] ==> ignore
    arg [-L/root/android-ndk-r15c/toolchains/llvm/prebuilt/linux-x86_64/lib64/clang/5.0.300080/lib/linux/aarch64] ==> dir [/root/android-ndk-r15c/toolchains/llvm/prebuilt/linux-x86_64/lib64/clang/5.0.300080/lib/linux/aarch64]
    arg [-L/root/android-ndk-r15c/toolchains/aarch64-linux-android-4.9/prebuilt/linux-x86_64/lib/gcc/aarch64-linux-android/4.9.x] ==> dir [/root/android-ndk-r15c/toolchains/aarch64-linux-android-4.9/prebuilt/linux-x86_64/lib/gcc/aarch64-linux-android/4.9.x]
    arg [-L/root/android-ndk-r15c/toolchains/aarch64-linux-android-4.9/prebuilt/linux-x86_64/lib/gcc/aarch64-linux-android/4.9.x/../../../../aarch64-linux-android/lib/../lib64] ==> dir [/root/android-ndk-r15c/toolchains/aarch64-linux-android-4.9/prebuilt/linux-x86_64/lib/gcc/aarch64-linux-android/4.9.x/../../../../aarch64-linux-android/lib/../lib64]
    arg [-L/root/android-ndk-r15c/toolchains/aarch64-linux-android-4.9/prebuilt/linux-x86_64/lib/gcc/aarch64-linux-android/4.9.x/../../../../aarch64-linux-android/lib] ==> dir [/root/android-ndk-r15c/toolchains/aarch64-linux-android-4.9/prebuilt/linux-x86_64/lib/gcc/aarch64-linux-android/4.9.x/../../../../aarch64-linux-android/lib]
    arg [-L/root/android-ndk-r15c/platforms/android-21/arch-arm64/usr/lib] ==> dir [/root/android-ndk-r15c/platforms/android-21/arch-arm64/usr/lib]
    arg [--gc-sections] ==> ignore
    arg [CMakeFiles/cmTC_4191e.dir/CMakeCXXCompilerABI.cpp.o] ==> ignore
    arg [/root/android-ndk-r15c/sources/cxx-stl/gnu-libstdc++/4.9/libs/arm64-v8a/libgnustl_shared.so] ==> ignore
    arg [-lstdc++] ==> lib [stdc++]
    arg [-lm] ==> lib [m]
    arg [-lgcc] ==> lib [gcc]
    arg [-lgcc] ==> lib [gcc]
    arg [-ldl] ==> lib [dl]
    arg [-lc] ==> lib [c]
    arg [-lgcc] ==> lib [gcc]
    arg [-lgcc] ==> lib [gcc]
    arg [-ldl] ==> lib [dl]
    arg [/root/android-ndk-r15c/platforms/android-21/arch-arm64/usr/lib/crtend_android.o] ==> ignore
  collapse library dir [/root/android-ndk-r15c/toolchains/llvm/prebuilt/linux-x86_64/lib64/clang/5.0.300080/lib/linux/aarch64] ==> [/root/android-ndk-r15c/toolchains/llvm/prebuilt/linux-x86_64/lib64/clang/5.0.300080/lib/linux/aarch64]
  collapse library dir [/root/android-ndk-r15c/toolchains/aarch64-linux-android-4.9/prebuilt/linux-x86_64/lib/gcc/aarch64-linux-android/4.9.x] ==> [/root/android-ndk-r15c/toolchains/aarch64-linux-android-4.9/prebuilt/linux-x86_64/lib/gcc/aarch64-linux-android/4.9.x]
  collapse library dir [/root/android-ndk-r15c/toolchains/aarch64-linux-android-4.9/prebuilt/linux-x86_64/lib/gcc/aarch64-linux-android/4.9.x/../../../../aarch64-linux-android/lib/../lib64] ==> [/root/android-ndk-r15c/toolchains/aarch64-linux-android-4.9/prebuilt/linux-x86_64/aarch64-linux-android/lib64]
  collapse library dir [/root/android-ndk-r15c/toolchains/aarch64-linux-android-4.9/prebuilt/linux-x86_64/lib/gcc/aarch64-linux-android/4.9.x/../../../../aarch64-linux-android/lib] ==> [/root/android-ndk-r15c/toolchains/aarch64-linux-android-4.9/prebuilt/linux-x86_64/aarch64-linux-android/lib]
  collapse library dir [/root/android-ndk-r15c/platforms/android-21/arch-arm64/usr/lib] ==> [/root/android-ndk-r15c/platforms/android-21/arch-arm64/usr/lib]
  implicit libs: [stdc++;m;gcc;gcc;dl;c;gcc;gcc;dl]
  implicit dirs: [/root/android-ndk-r15c/toolchains/llvm/prebuilt/linux-x86_64/lib64/clang/5.0.300080/lib/linux/aarch64;/root/android-ndk-r15c/toolchains/aarch64-linux-android-4.9/prebuilt/linux-x86_64/lib/gcc/aarch64-linux-android/4.9.x;/root/android-ndk-r15c/toolchains/aarch64-linux-android-4.9/prebuilt/linux-x86_64/aarch64-linux-android/lib64;/root/android-ndk-r15c/toolchains/aarch64-linux-android-4.9/prebuilt/linux-x86_64/aarch64-linux-android/lib;/root/android-ndk-r15c/platforms/android-21/arch-arm64/usr/lib]
  implicit fwks: []




Detecting CXX [-std=c++1z] compiler features compiled with the following output:
Change Dir: /root/linphone/linphone-android/WORK/android-arm64/Build/ms2/CMakeFiles/CMakeTmp

Run Build Command:"/usr/bin/make" "cmTC_994d8/fast"
make[4]: Entering directory '/root/linphone/linphone-android/WORK/android-arm64/Build/ms2/CMakeFiles/CMakeTmp'
/usr/bin/make -f CMakeFiles/cmTC_994d8.dir/build.make CMakeFiles/cmTC_994d8.dir/build
make[5]: Entering directory '/root/linphone/linphone-android/WORK/android-arm64/Build/ms2/CMakeFiles/CMakeTmp'
Building CXX object CMakeFiles/cmTC_994d8.dir/feature_tests.cxx.o
/root/android-ndk-r15c/toolchains/llvm/prebuilt/linux-x86_64/bin/clang++ --target=aarch64-none-linux-android --gcc-toolchain=/root/android-ndk-r15c/toolchains/aarch64-linux-android-4.9/prebuilt/linux-x86_64 --sysroot=/root/android-ndk-r15c/sysroot   -isystem /root/android-ndk-r15c/sources/cxx-stl/gnu-libstdc++/4.9/include -isystem /root/android-ndk-r15c/sources/cxx-stl/gnu-libstdc++/4.9/libs/arm64-v8a/include -isystem /root/android-ndk-r15c/sources/cxx-stl/gnu-libstdc++/4.9/include/backward -isystem /root/android-ndk-r15c/sysroot/usr/include -isystem /root/android-ndk-r15c/sysroot/usr/include/aarch64-linux-android  -funwind-tables -no-canonical-prefixes -D__ANDROID_API__=21 -fexceptions -frtti  -g -fPIE   -std=c++1z -o CMakeFiles/cmTC_994d8.dir/feature_tests.cxx.o -c /root/linphone/linphone-android/WORK/android-arm64/Build/ms2/CMakeFiles/feature_tests.cxx
Linking CXX executable cmTC_994d8
/usr/local/bin/cmake -E cmake_link_script CMakeFiles/cmTC_994d8.dir/link.txt --verbose=1
/root/android-ndk-r15c/toolchains/llvm/prebuilt/linux-x86_64/bin/clang++ --target=aarch64-none-linux-android --gcc-toolchain=/root/android-ndk-r15c/toolchains/aarch64-linux-android-4.9/prebuilt/linux-x86_64 --sysroot=/root/android-ndk-r15c/platforms/android-21/arch-arm64  -funwind-tables -no-canonical-prefixes -D__ANDROID_API__=21 -fexceptions -frtti  -g  -fPIE -pie -Wl,--gc-sections  CMakeFiles/cmTC_994d8.dir/feature_tests.cxx.o  -o cmTC_994d8  "/root/android-ndk-r15c/sources/cxx-stl/gnu-libstdc++/4.9/libs/arm64-v8a/libgnustl_shared.so" 
make[5]: Leaving directory '/root/linphone/linphone-android/WORK/android-arm64/Build/ms2/CMakeFiles/CMakeTmp'
make[4]: Leaving directory '/root/linphone/linphone-android/WORK/android-arm64/Build/ms2/CMakeFiles/CMakeTmp'


    Feature record: CXX_FEATURE:1cxx_aggregate_default_initializers
    Feature record: CXX_FEATURE:1cxx_alias_templates
    Feature record: CXX_FEATURE:1cxx_alignas
    Feature record: CXX_FEATURE:1cxx_alignof
    Feature record: CXX_FEATURE:1cxx_attributes
    Feature record: CXX_FEATURE:1cxx_attribute_deprecated
    Feature record: CXX_FEATURE:1cxx_auto_type
    Feature record: CXX_FEATURE:1cxx_binary_literals
    Feature record: CXX_FEATURE:1cxx_constexpr
    Feature record: CXX_FEATURE:1cxx_contextual_conversions
    Feature record: CXX_FEATURE:1cxx_decltype
    Feature record: CXX_FEATURE:1cxx_decltype_auto
    Feature record: CXX_FEATURE:1cxx_decltype_incomplete_return_types
    Feature record: CXX_FEATURE:1cxx_default_function_template_args
    Feature record: CXX_FEATURE:1cxx_defaulted_functions
    Feature record: CXX_FEATURE:1cxx_defaulted_move_initializers
    Feature record: CXX_FEATURE:1cxx_delegating_constructors
    Feature record: CXX_FEATURE:1cxx_deleted_functions
    Feature record: CXX_FEATURE:1cxx_digit_separators
    Feature record: CXX_FEATURE:1cxx_enum_forward_declarations
    Feature record: CXX_FEATURE:1cxx_explicit_conversions
    Feature record: CXX_FEATURE:1cxx_extended_friend_declarations
    Feature record: CXX_FEATURE:1cxx_extern_templates
    Feature record: CXX_FEATURE:1cxx_final
    Feature record: CXX_FEATURE:1cxx_func_identifier
    Feature record: CXX_FEATURE:1cxx_generalized_initializers
    Feature record: CXX_FEATURE:1cxx_generic_lambdas
    Feature record: CXX_FEATURE:1cxx_inheriting_constructors
    Feature record: CXX_FEATURE:1cxx_inline_namespaces
    Feature record: CXX_FEATURE:1cxx_lambdas
    Feature record: CXX_FEATURE:1cxx_lambda_init_captures
    Feature record: CXX_FEATURE:1cxx_local_type_template_args
    Feature record: CXX_FEATURE:1cxx_long_long_type
    Feature record: CXX_FEATURE:1cxx_noexcept
    Feature record: CXX_FEATURE:1cxx_nonstatic_member_init
    Feature record: CXX_FEATURE:1cxx_nullptr
    Feature record: CXX_FEATURE:1cxx_override
    Feature record: CXX_FEATURE:1cxx_range_for
    Feature record: CXX_FEATURE:1cxx_raw_string_literals
    Feature record: CXX_FEATURE:1cxx_reference_qualified_functions
    Feature record: CXX_FEATURE:1cxx_relaxed_constexpr
    Feature record: CXX_FEATURE:1cxx_return_type_deduction
    Feature record: CXX_FEATURE:1cxx_right_angle_brackets
    Feature record: CXX_FEATURE:1cxx_rvalue_references
    Feature record: CXX_FEATURE:1cxx_sizeof_member
    Feature record: CXX_FEATURE:1cxx_static_assert
    Feature record: CXX_FEATURE:1cxx_strong_enums
    Feature record: CXX_FEATURE:1cxx_template_template_parameters
    Feature record: CXX_FEATURE:1cxx_thread_local
    Feature record: CXX_FEATURE:1cxx_trailing_return_types
    Feature record: CXX_FEATURE:1cxx_unicode_literals
    Feature record: CXX_FEATURE:1cxx_uniform_initialization
    Feature record: CXX_FEATURE:1cxx_unrestricted_unions
    Feature record: CXX_FEATURE:1cxx_user_literals
    Feature record: CXX_FEATURE:1cxx_variable_templates
    Feature record: CXX_FEATURE:1cxx_variadic_macros
    Feature record: CXX_FEATURE:1cxx_variadic_templates


Detecting CXX [-std=c++14] compiler features compiled with the following output:
Change Dir: /root/linphone/linphone-android/WORK/android-arm64/Build/ms2/CMakeFiles/CMakeTmp

Run Build Command:"/usr/bin/make" "cmTC_a03e3/fast"
make[4]: Entering directory '/root/linphone/linphone-android/WORK/android-arm64/Build/ms2/CMakeFiles/CMakeTmp'
/usr/bin/make -f CMakeFiles/cmTC_a03e3.dir/build.make CMakeFiles/cmTC_a03e3.dir/build
make[5]: Entering directory '/root/linphone/linphone-android/WORK/android-arm64/Build/ms2/CMakeFiles/CMakeTmp'
Building CXX object CMakeFiles/cmTC_a03e3.dir/feature_tests.cxx.o
/root/android-ndk-r15c/toolchains/llvm/prebuilt/linux-x86_64/bin/clang++ --target=aarch64-none-linux-android --gcc-toolchain=/root/android-ndk-r15c/toolchains/aarch64-linux-android-4.9/prebuilt/linux-x86_64 --sysroot=/root/android-ndk-r15c/sysroot   -isystem /root/android-ndk-r15c/sources/cxx-stl/gnu-libstdc++/4.9/include -isystem /root/android-ndk-r15c/sources/cxx-stl/gnu-libstdc++/4.9/libs/arm64-v8a/include -isystem /root/android-ndk-r15c/sources/cxx-stl/gnu-libstdc++/4.9/include/backward -isystem /root/android-ndk-r15c/sysroot/usr/include -isystem /root/android-ndk-r15c/sysroot/usr/include/aarch64-linux-android  -funwind-tables -no-canonical-prefixes -D__ANDROID_API__=21 -fexceptions -frtti  -g -fPIE   -std=c++14 -o CMakeFiles/cmTC_a03e3.dir/feature_tests.cxx.o -c /root/linphone/linphone-android/WORK/android-arm64/Build/ms2/CMakeFiles/feature_tests.cxx
Linking CXX executable cmTC_a03e3
/usr/local/bin/cmake -E cmake_link_script CMakeFiles/cmTC_a03e3.dir/link.txt --verbose=1
/root/android-ndk-r15c/toolchains/llvm/prebuilt/linux-x86_64/bin/clang++ --target=aarch64-none-linux-android --gcc-toolchain=/root/android-ndk-r15c/toolchains/aarch64-linux-android-4.9/prebuilt/linux-x86_64 --sysroot=/root/android-ndk-r15c/platforms/android-21/arch-arm64  -funwind-tables -no-canonical-prefixes -D__ANDROID_API__=21 -fexceptions -frtti  -g  -fPIE -pie -Wl,--gc-sections  CMakeFiles/cmTC_a03e3.dir/feature_tests.cxx.o  -o cmTC_a03e3  "/root/android-ndk-r15c/sources/cxx-stl/gnu-libstdc++/4.9/libs/arm64-v8a/libgnustl_shared.so" 
make[5]: Leaving directory '/root/linphone/linphone-android/WORK/android-arm64/Build/ms2/CMakeFiles/CMakeTmp'
make[4]: Leaving directory '/root/linphone/linphone-android/WORK/android-arm64/Build/ms2/CMakeFiles/CMakeTmp'


    Feature record: CXX_FEATURE:1cxx_aggregate_default_initializers
    Feature record: CXX_FEATURE:1cxx_alias_templates
    Feature record: CXX_FEATURE:1cxx_alignas
    Feature record: CXX_FEATURE:1cxx_alignof
    Feature record: CXX_FEATURE:1cxx_attributes
    Feature record: CXX_FEATURE:1cxx_attribute_deprecated
    Feature record: CXX_FEATURE:1cxx_auto_type
    Feature record: CXX_FEATURE:1cxx_binary_literals
    Feature record: CXX_FEATURE:1cxx_constexpr
    Feature record: CXX_FEATURE:1cxx_contextual_conversions
    Feature record: CXX_FEATURE:1cxx_decltype
    Feature record: CXX_FEATURE:1cxx_decltype_auto
    Feature record: CXX_FEATURE:1cxx_decltype_incomplete_return_types
    Feature record: CXX_FEATURE:1cxx_default_function_template_args
    Feature record: CXX_FEATURE:1cxx_defaulted_functions
    Feature record: CXX_FEATURE:1cxx_defaulted_move_initializers
    Feature record: CXX_FEATURE:1cxx_delegating_constructors
    Feature record: CXX_FEATURE:1cxx_deleted_functions
    Feature record: CXX_FEATURE:1cxx_digit_separators
    Feature record: CXX_FEATURE:1cxx_enum_forward_declarations
    Feature record: CXX_FEATURE:1cxx_explicit_conversions
    Feature record: CXX_FEATURE:1cxx_extended_friend_declarations
    Feature record: CXX_FEATURE:1cxx_extern_templates
    Feature record: CXX_FEATURE:1cxx_final
    Feature record: CXX_FEATURE:1cxx_func_identifier
    Feature record: CXX_FEATURE:1cxx_generalized_initializers
    Feature record: CXX_FEATURE:1cxx_generic_lambdas
    Feature record: CXX_FEATURE:1cxx_inheriting_constructors
    Feature record: CXX_FEATURE:1cxx_inline_namespaces
    Feature record: CXX_FEATURE:1cxx_lambdas
    Feature record: CXX_FEATURE:1cxx_lambda_init_captures
    Feature record: CXX_FEATURE:1cxx_local_type_template_args
    Feature record: CXX_FEATURE:1cxx_long_long_type
    Feature record: CXX_FEATURE:1cxx_noexcept
    Feature record: CXX_FEATURE:1cxx_nonstatic_member_init
    Feature record: CXX_FEATURE:1cxx_nullptr
    Feature record: CXX_FEATURE:1cxx_override
    Feature record: CXX_FEATURE:1cxx_range_for
    Feature record: CXX_FEATURE:1cxx_raw_string_literals
    Feature record: CXX_FEATURE:1cxx_reference_qualified_functions
    Feature record: CXX_FEATURE:1cxx_relaxed_constexpr
    Feature record: CXX_FEATURE:1cxx_return_type_deduction
    Feature record: CXX_FEATURE:1cxx_right_angle_brackets
    Feature record: CXX_FEATURE:1cxx_rvalue_references
    Feature record: CXX_FEATURE:1cxx_sizeof_member
    Feature record: CXX_FEATURE:1cxx_static_assert
    Feature record: CXX_FEATURE:1cxx_strong_enums
    Feature record: CXX_FEATURE:1cxx_template_template_parameters
    Feature record: CXX_FEATURE:1cxx_thread_local
    Feature record: CXX_FEATURE:1cxx_trailing_return_types
    Feature record: CXX_FEATURE:1cxx_unicode_literals
    Feature record: CXX_FEATURE:1cxx_uniform_initialization
    Feature record: CXX_FEATURE:1cxx_unrestricted_unions
    Feature record: CXX_FEATURE:1cxx_user_literals
    Feature record: CXX_FEATURE:1cxx_variable_templates
    Feature record: CXX_FEATURE:1cxx_variadic_macros
    Feature record: CXX_FEATURE:1cxx_variadic_templates


Detecting CXX [-std=c++11] compiler features compiled with the following output:
Change Dir: /root/linphone/linphone-android/WORK/android-arm64/Build/ms2/CMakeFiles/CMakeTmp

Run Build Command:"/usr/bin/make" "cmTC_45a89/fast"
make[4]: Entering directory '/root/linphone/linphone-android/WORK/android-arm64/Build/ms2/CMakeFiles/CMakeTmp'
/usr/bin/make -f CMakeFiles/cmTC_45a89.dir/build.make CMakeFiles/cmTC_45a89.dir/build
make[5]: Entering directory '/root/linphone/linphone-android/WORK/android-arm64/Build/ms2/CMakeFiles/CMakeTmp'
Building CXX object CMakeFiles/cmTC_45a89.dir/feature_tests.cxx.o
/root/android-ndk-r15c/toolchains/llvm/prebuilt/linux-x86_64/bin/clang++ --target=aarch64-none-linux-android --gcc-toolchain=/root/android-ndk-r15c/toolchains/aarch64-linux-android-4.9/prebuilt/linux-x86_64 --sysroot=/root/android-ndk-r15c/sysroot   -isystem /root/android-ndk-r15c/sources/cxx-stl/gnu-libstdc++/4.9/include -isystem /root/android-ndk-r15c/sources/cxx-stl/gnu-libstdc++/4.9/libs/arm64-v8a/include -isystem /root/android-ndk-r15c/sources/cxx-stl/gnu-libstdc++/4.9/include/backward -isystem /root/android-ndk-r15c/sysroot/usr/include -isystem /root/android-ndk-r15c/sysroot/usr/include/aarch64-linux-android  -funwind-tables -no-canonical-prefixes -D__ANDROID_API__=21 -fexceptions -frtti  -g -fPIE   -std=c++11 -o CMakeFiles/cmTC_45a89.dir/feature_tests.cxx.o -c /root/linphone/linphone-android/WORK/android-arm64/Build/ms2/CMakeFiles/feature_tests.cxx
Linking CXX executable cmTC_45a89
/usr/local/bin/cmake -E cmake_link_script CMakeFiles/cmTC_45a89.dir/link.txt --verbose=1
/root/android-ndk-r15c/toolchains/llvm/prebuilt/linux-x86_64/bin/clang++ --target=aarch64-none-linux-android --gcc-toolchain=/root/android-ndk-r15c/toolchains/aarch64-linux-android-4.9/prebuilt/linux-x86_64 --sysroot=/root/android-ndk-r15c/platforms/android-21/arch-arm64  -funwind-tables -no-canonical-prefixes -D__ANDROID_API__=21 -fexceptions -frtti  -g  -fPIE -pie -Wl,--gc-sections  CMakeFiles/cmTC_45a89.dir/feature_tests.cxx.o  -o cmTC_45a89  "/root/android-ndk-r15c/sources/cxx-stl/gnu-libstdc++/4.9/libs/arm64-v8a/libgnustl_shared.so" 
make[5]: Leaving directory '/root/linphone/linphone-android/WORK/android-arm64/Build/ms2/CMakeFiles/CMakeTmp'
make[4]: Leaving directory '/root/linphone/linphone-android/WORK/android-arm64/Build/ms2/CMakeFiles/CMakeTmp'


    Feature record: CXX_FEATURE:0cxx_aggregate_default_initializers
    Feature record: CXX_FEATURE:1cxx_alias_templates
    Feature record: CXX_FEATURE:1cxx_alignas
    Feature record: CXX_FEATURE:1cxx_alignof
    Feature record: CXX_FEATURE:1cxx_attributes
    Feature record: CXX_FEATURE:0cxx_attribute_deprecated
    Feature record: CXX_FEATURE:1cxx_auto_type
    Feature record: CXX_FEATURE:0cxx_binary_literals
    Feature record: CXX_FEATURE:1cxx_constexpr
    Feature record: CXX_FEATURE:0cxx_contextual_conversions
    Feature record: CXX_FEATURE:1cxx_decltype
    Feature record: CXX_FEATURE:0cxx_decltype_auto
    Feature record: CXX_FEATURE:1cxx_decltype_incomplete_return_types
    Feature record: CXX_FEATURE:1cxx_default_function_template_args
    Feature record: CXX_FEATURE:1cxx_defaulted_functions
    Feature record: CXX_FEATURE:1cxx_defaulted_move_initializers
    Feature record: CXX_FEATURE:1cxx_delegating_constructors
    Feature record: CXX_FEATURE:1cxx_deleted_functions
    Feature record: CXX_FEATURE:0cxx_digit_separators
    Feature record: CXX_FEATURE:1cxx_enum_forward_declarations
    Feature record: CXX_FEATURE:1cxx_explicit_conversions
    Feature record: CXX_FEATURE:1cxx_extended_friend_declarations
    Feature record: CXX_FEATURE:1cxx_extern_templates
    Feature record: CXX_FEATURE:1cxx_final
    Feature record: CXX_FEATURE:1cxx_func_identifier
    Feature record: CXX_FEATURE:1cxx_generalized_initializers
    Feature record: CXX_FEATURE:0cxx_generic_lambdas
    Feature record: CXX_FEATURE:1cxx_inheriting_constructors
    Feature record: CXX_FEATURE:1cxx_inline_namespaces
    Feature record: CXX_FEATURE:1cxx_lambdas
    Feature record: CXX_FEATURE:0cxx_lambda_init_captures
    Feature record: CXX_FEATURE:1cxx_local_type_template_args
    Feature record: CXX_FEATURE:1cxx_long_long_type
    Feature record: CXX_FEATURE:1cxx_noexcept
    Feature record: CXX_FEATURE:1cxx_nonstatic_member_init
    Feature record: CXX_FEATURE:1cxx_nullptr
    Feature record: CXX_FEATURE:1cxx_override
    Feature record: CXX_FEATURE:1cxx_range_for
    Feature record: CXX_FEATURE:1cxx_raw_string_literals
    Feature record: CXX_FEATURE:1cxx_reference_qualified_functions
    Feature record: CXX_FEATURE:0cxx_relaxed_constexpr
    Feature record: CXX_FEATURE:0cxx_return_type_deduction
    Feature record: CXX_FEATURE:1cxx_right_angle_brackets
    Feature record: CXX_FEATURE:1cxx_rvalue_references
    Feature record: CXX_FEATURE:1cxx_sizeof_member
    Feature record: CXX_FEATURE:1cxx_static_assert
    Feature record: CXX_FEATURE:1cxx_strong_enums
    Feature record: CXX_FEATURE:1cxx_template_template_parameters
    Feature record: CXX_FEATURE:1cxx_thread_local
    Feature record: CXX_FEATURE:1cxx_trailing_return_types
    Feature record: CXX_FEATURE:1cxx_unicode_literals
    Feature record: CXX_FEATURE:1cxx_uniform_initialization
    Feature record: CXX_FEATURE:1cxx_unrestricted_unions
    Feature record: CXX_FEATURE:1cxx_user_literals
    Feature record: CXX_FEATURE:0cxx_variable_templates
    Feature record: CXX_FEATURE:1cxx_variadic_macros
    Feature record: CXX_FEATURE:1cxx_variadic_templates


Detecting CXX [-std=c++98] compiler features compiled with the following output:
Change Dir: /root/linphone/linphone-android/WORK/android-arm64/Build/ms2/CMakeFiles/CMakeTmp

Run Build Command:"/usr/bin/make" "cmTC_20561/fast"
make[4]: Entering directory '/root/linphone/linphone-android/WORK/android-arm64/Build/ms2/CMakeFiles/CMakeTmp'
/usr/bin/make -f CMakeFiles/cmTC_20561.dir/build.make CMakeFiles/cmTC_20561.dir/build
make[5]: Entering directory '/root/linphone/linphone-android/WORK/android-arm64/Build/ms2/CMakeFiles/CMakeTmp'
Building CXX object CMakeFiles/cmTC_20561.dir/feature_tests.cxx.o
/root/android-ndk-r15c/toolchains/llvm/prebuilt/linux-x86_64/bin/clang++ --target=aarch64-none-linux-android --gcc-toolchain=/root/android-ndk-r15c/toolchains/aarch64-linux-android-4.9/prebuilt/linux-x86_64 --sysroot=/root/android-ndk-r15c/sysroot   -isystem /root/android-ndk-r15c/sources/cxx-stl/gnu-libstdc++/4.9/include -isystem /root/android-ndk-r15c/sources/cxx-stl/gnu-libstdc++/4.9/libs/arm64-v8a/include -isystem /root/android-ndk-r15c/sources/cxx-stl/gnu-libstdc++/4.9/include/backward -isystem /root/android-ndk-r15c/sysroot/usr/include -isystem /root/android-ndk-r15c/sysroot/usr/include/aarch64-linux-android  -funwind-tables -no-canonical-prefixes -D__ANDROID_API__=21 -fexceptions -frtti  -g -fPIE   -std=c++98 -o CMakeFiles/cmTC_20561.dir/feature_tests.cxx.o -c /root/linphone/linphone-android/WORK/android-arm64/Build/ms2/CMakeFiles/feature_tests.cxx
Linking CXX executable cmTC_20561
/usr/local/bin/cmake -E cmake_link_script CMakeFiles/cmTC_20561.dir/link.txt --verbose=1
/root/android-ndk-r15c/toolchains/llvm/prebuilt/linux-x86_64/bin/clang++ --target=aarch64-none-linux-android --gcc-toolchain=/root/android-ndk-r15c/toolchains/aarch64-linux-android-4.9/prebuilt/linux-x86_64 --sysroot=/root/android-ndk-r15c/platforms/android-21/arch-arm64  -funwind-tables -no-canonical-prefixes -D__ANDROID_API__=21 -fexceptions -frtti  -g  -fPIE -pie -Wl,--gc-sections  CMakeFiles/cmTC_20561.dir/feature_tests.cxx.o  -o cmTC_20561  "/root/android-ndk-r15c/sources/cxx-stl/gnu-libstdc++/4.9/libs/arm64-v8a/libgnustl_shared.so" 
make[5]: Leaving directory '/root/linphone/linphone-android/WORK/android-arm64/Build/ms2/CMakeFiles/CMakeTmp'
make[4]: Leaving directory '/root/linphone/linphone-android/WORK/android-arm64/Build/ms2/CMakeFiles/CMakeTmp'


    Feature record: CXX_FEATURE:0cxx_aggregate_default_initializers
    Feature record: CXX_FEATURE:0cxx_alias_templates
    Feature record: CXX_FEATURE:0cxx_alignas
    Feature record: CXX_FEATURE:0cxx_alignof
    Feature record: CXX_FEATURE:0cxx_attributes
    Feature record: CXX_FEATURE:0cxx_attribute_deprecated
    Feature record: CXX_FEATURE:0cxx_auto_type
    Feature record: CXX_FEATURE:0cxx_binary_literals
    Feature record: CXX_FEATURE:0cxx_constexpr
    Feature record: CXX_FEATURE:0cxx_contextual_conversions
    Feature record: CXX_FEATURE:0cxx_decltype
    Feature record: CXX_FEATURE:0cxx_decltype_auto
    Feature record: CXX_FEATURE:0cxx_decltype_incomplete_return_types
    Feature record: CXX_FEATURE:0cxx_default_function_template_args
    Feature record: CXX_FEATURE:0cxx_defaulted_functions
    Feature record: CXX_FEATURE:0cxx_defaulted_move_initializers
    Feature record: CXX_FEATURE:0cxx_delegating_constructors
    Feature record: CXX_FEATURE:0cxx_deleted_functions
    Feature record: CXX_FEATURE:0cxx_digit_separators
    Feature record: CXX_FEATURE:0cxx_enum_forward_declarations
    Feature record: CXX_FEATURE:0cxx_explicit_conversions
    Feature record: CXX_FEATURE:0cxx_extended_friend_declarations
    Feature record: CXX_FEATURE:0cxx_extern_templates
    Feature record: CXX_FEATURE:0cxx_final
    Feature record: CXX_FEATURE:0cxx_func_identifier
    Feature record: CXX_FEATURE:0cxx_generalized_initializers
    Feature record: CXX_FEATURE:0cxx_generic_lambdas
    Feature record: CXX_FEATURE:0cxx_inheriting_constructors
    Feature record: CXX_FEATURE:0cxx_inline_namespaces
    Feature record: CXX_FEATURE:0cxx_lambdas
    Feature record: CXX_FEATURE:0cxx_lambda_init_captures
    Feature record: CXX_FEATURE:0cxx_local_type_template_args
    Feature record: CXX_FEATURE:0cxx_long_long_type
    Feature record: CXX_FEATURE:0cxx_noexcept
    Feature record: CXX_FEATURE:0cxx_nonstatic_member_init
    Feature record: CXX_FEATURE:0cxx_nullptr
    Feature record: CXX_FEATURE:0cxx_override
    Feature record: CXX_FEATURE:0cxx_range_for
    Feature record: CXX_FEATURE:0cxx_raw_string_literals
    Feature record: CXX_FEATURE:0cxx_reference_qualified_functions
    Feature record: CXX_FEATURE:0cxx_relaxed_constexpr
    Feature record: CXX_FEATURE:0cxx_return_type_deduction
    Feature record: CXX_FEATURE:0cxx_right_angle_brackets
    Feature record: CXX_FEATURE:0cxx_rvalue_references
    Feature record: CXX_FEATURE:0cxx_sizeof_member
    Feature record: CXX_FEATURE:0cxx_static_assert
    Feature record: CXX_FEATURE:0cxx_strong_enums
    Feature record: CXX_FEATURE:1cxx_template_template_parameters
    Feature record: CXX_FEATURE:0cxx_thread_local
    Feature record: CXX_FEATURE:0cxx_trailing_return_types
    Feature record: CXX_FEATURE:0cxx_unicode_literals
    Feature record: CXX_FEATURE:0cxx_uniform_initialization
    Feature record: CXX_FEATURE:0cxx_unrestricted_unions
    Feature record: CXX_FEATURE:0cxx_user_literals
    Feature record: CXX_FEATURE:0cxx_variable_templates
    Feature record: CXX_FEATURE:0cxx_variadic_macros
    Feature record: CXX_FEATURE:0cxx_variadic_templates
Determining if the include file sys/shm.h exists passed with the following output:
Change Dir: /root/linphone/linphone-android/WORK/android-arm64/Build/ms2/CMakeFiles/CMakeTmp

Run Build Command:"/usr/bin/make" "cmTC_ad93c/fast"
make[4]: Entering directory '/root/linphone/linphone-android/WORK/android-arm64/Build/ms2/CMakeFiles/CMakeTmp'
/usr/bin/make -f CMakeFiles/cmTC_ad93c.dir/build.make CMakeFiles/cmTC_ad93c.dir/build
make[5]: Entering directory '/root/linphone/linphone-android/WORK/android-arm64/Build/ms2/CMakeFiles/CMakeTmp'
Building C object CMakeFiles/cmTC_ad93c.dir/CheckIncludeFile.c.o
/root/android-ndk-r15c/toolchains/llvm/prebuilt/linux-x86_64/bin/clang --target=aarch64-none-linux-android --gcc-toolchain=/root/android-ndk-r15c/toolchains/aarch64-linux-android-4.9/prebuilt/linux-x86_64 --sysroot=/root/android-ndk-r15c/sysroot  -isystem /root/android-ndk-r15c/sysroot/usr/include -isystem /root/android-ndk-r15c/sysroot/usr/include/aarch64-linux-android  -funwind-tables -no-canonical-prefixes -D__ANDROID_API__=21 -fexceptions  -g -fPIE   -o CMakeFiles/cmTC_ad93c.dir/CheckIncludeFile.c.o   -c /root/linphone/linphone-android/WORK/android-arm64/Build/ms2/CMakeFiles/CMakeTmp/CheckIncludeFile.c
Linking C executable cmTC_ad93c
/usr/local/bin/cmake -E cmake_link_script CMakeFiles/cmTC_ad93c.dir/link.txt --verbose=1
/root/android-ndk-r15c/toolchains/llvm/prebuilt/linux-x86_64/bin/clang --target=aarch64-none-linux-android --gcc-toolchain=/root/android-ndk-r15c/toolchains/aarch64-linux-android-4.9/prebuilt/linux-x86_64 --sysroot=/root/android-ndk-r15c/platforms/android-21/arch-arm64 -funwind-tables -no-canonical-prefixes -D__ANDROID_API__=21 -fexceptions  -g  -fPIE -pie -Wl,--gc-sections  CMakeFiles/cmTC_ad93c.dir/CheckIncludeFile.c.o  -o cmTC_ad93c 
make[5]: Leaving directory '/root/linphone/linphone-android/WORK/android-arm64/Build/ms2/CMakeFiles/CMakeTmp'
make[4]: Leaving directory '/root/linphone/linphone-android/WORK/android-arm64/Build/ms2/CMakeFiles/CMakeTmp'


Determining if the include file alloca.h exists passed with the following output:
Change Dir: /root/linphone/linphone-android/WORK/android-arm64/Build/ms2/CMakeFiles/CMakeTmp

Run Build Command:"/usr/bin/make" "cmTC_78921/fast"
make[4]: Entering directory '/root/linphone/linphone-android/WORK/android-arm64/Build/ms2/CMakeFiles/CMakeTmp'
/usr/bin/make -f CMakeFiles/cmTC_78921.dir/build.make CMakeFiles/cmTC_78921.dir/build
make[5]: Entering directory '/root/linphone/linphone-android/WORK/android-arm64/Build/ms2/CMakeFiles/CMakeTmp'
Building C object CMakeFiles/cmTC_78921.dir/CheckIncludeFile.c.o
/root/android-ndk-r15c/toolchains/llvm/prebuilt/linux-x86_64/bin/clang --target=aarch64-none-linux-android --gcc-toolchain=/root/android-ndk-r15c/toolchains/aarch64-linux-android-4.9/prebuilt/linux-x86_64 --sysroot=/root/android-ndk-r15c/sysroot  -isystem /root/android-ndk-r15c/sysroot/usr/include -isystem /root/android-ndk-r15c/sysroot/usr/include/aarch64-linux-android  -funwind-tables -no-canonical-prefixes -D__ANDROID_API__=21 -fexceptions  -g -fPIE   -o CMakeFiles/cmTC_78921.dir/CheckIncludeFile.c.o   -c /root/linphone/linphone-android/WORK/android-arm64/Build/ms2/CMakeFiles/CMakeTmp/CheckIncludeFile.c
Linking C executable cmTC_78921
/usr/local/bin/cmake -E cmake_link_script CMakeFiles/cmTC_78921.dir/link.txt --verbose=1
/root/android-ndk-r15c/toolchains/llvm/prebuilt/linux-x86_64/bin/clang --target=aarch64-none-linux-android --gcc-toolchain=/root/android-ndk-r15c/toolchains/aarch64-linux-android-4.9/prebuilt/linux-x86_64 --sysroot=/root/android-ndk-r15c/platforms/android-21/arch-arm64 -funwind-tables -no-canonical-prefixes -D__ANDROID_API__=21 -fexceptions  -g  -fPIE -pie -Wl,--gc-sections  CMakeFiles/cmTC_78921.dir/CheckIncludeFile.c.o  -o cmTC_78921 
make[5]: Leaving directory '/root/linphone/linphone-android/WORK/android-arm64/Build/ms2/CMakeFiles/CMakeTmp'
make[4]: Leaving directory '/root/linphone/linphone-android/WORK/android-arm64/Build/ms2/CMakeFiles/CMakeTmp'


Determining if the function dlopen exists in the dl passed with the following output:
Change Dir: /root/linphone/linphone-android/WORK/android-arm64/Build/ms2/CMakeFiles/CMakeTmp

Run Build Command:"/usr/bin/make" "cmTC_b9441/fast"
make[4]: Entering directory '/root/linphone/linphone-android/WORK/android-arm64/Build/ms2/CMakeFiles/CMakeTmp'
/usr/bin/make -f CMakeFiles/cmTC_b9441.dir/build.make CMakeFiles/cmTC_b9441.dir/build
make[5]: Entering directory '/root/linphone/linphone-android/WORK/android-arm64/Build/ms2/CMakeFiles/CMakeTmp'
Building C object CMakeFiles/cmTC_b9441.dir/CheckFunctionExists.c.o
/root/android-ndk-r15c/toolchains/llvm/prebuilt/linux-x86_64/bin/clang --target=aarch64-none-linux-android --gcc-toolchain=/root/android-ndk-r15c/toolchains/aarch64-linux-android-4.9/prebuilt/linux-x86_64 --sysroot=/root/android-ndk-r15c/sysroot  -isystem /root/android-ndk-r15c/sysroot/usr/include -isystem /root/android-ndk-r15c/sysroot/usr/include/aarch64-linux-android  -funwind-tables -no-canonical-prefixes -D__ANDROID_API__=21 -fexceptions -DCHECK_FUNCTION_EXISTS=dlopen -g -fPIE   -o CMakeFiles/cmTC_b9441.dir/CheckFunctionExists.c.o   -c /usr/local/share/cmake-3.11/Modules/CheckFunctionExists.c
Linking C executable cmTC_b9441
/usr/local/bin/cmake -E cmake_link_script CMakeFiles/cmTC_b9441.dir/link.txt --verbose=1
/root/android-ndk-r15c/toolchains/llvm/prebuilt/linux-x86_64/bin/clang --target=aarch64-none-linux-android --gcc-toolchain=/root/android-ndk-r15c/toolchains/aarch64-linux-android-4.9/prebuilt/linux-x86_64 --sysroot=/root/android-ndk-r15c/platforms/android-21/arch-arm64 -funwind-tables -no-canonical-prefixes -D__ANDROID_API__=21 -fexceptions -DCHECK_FUNCTION_EXISTS=dlopen -g  -fPIE -pie -Wl,--gc-sections  CMakeFiles/cmTC_b9441.dir/CheckFunctionExists.c.o  -o cmTC_b9441 -ldl 
make[5]: Leaving directory '/root/linphone/linphone-android/WORK/android-arm64/Build/ms2/CMakeFiles/CMakeTmp'
make[4]: Leaving directory '/root/linphone/linphone-android/WORK/android-arm64/Build/ms2/CMakeFiles/CMakeTmp'


Determining if the include file sys/types.h exists passed with the following output:
Change Dir: /root/linphone/linphone-android/WORK/android-arm64/Build/ms2/CMakeFiles/CMakeTmp

Run Build Command:"/usr/bin/make" "cmTC_30fb1/fast"
make[4]: Entering directory '/root/linphone/linphone-android/WORK/android-arm64/Build/ms2/CMakeFiles/CMakeTmp'
/usr/bin/make -f CMakeFiles/cmTC_30fb1.dir/build.make CMakeFiles/cmTC_30fb1.dir/build
make[5]: Entering directory '/root/linphone/linphone-android/WORK/android-arm64/Build/ms2/CMakeFiles/CMakeTmp'
Building C object CMakeFiles/cmTC_30fb1.dir/CheckIncludeFile.c.o
/root/android-ndk-r15c/toolchains/llvm/prebuilt/linux-x86_64/bin/clang --target=aarch64-none-linux-android --gcc-toolchain=/root/android-ndk-r15c/toolchains/aarch64-linux-android-4.9/prebuilt/linux-x86_64 --sysroot=/root/android-ndk-r15c/sysroot  -isystem /root/android-ndk-r15c/sysroot/usr/include -isystem /root/android-ndk-r15c/sysroot/usr/include/aarch64-linux-android  -funwind-tables -no-canonical-prefixes -D__ANDROID_API__=21 -fexceptions  -g -fPIE   -o CMakeFiles/cmTC_30fb1.dir/CheckIncludeFile.c.o   -c /root/linphone/linphone-android/WORK/android-arm64/Build/ms2/CMakeFiles/CMakeTmp/CheckIncludeFile.c
Linking C executable cmTC_30fb1
/usr/local/bin/cmake -E cmake_link_script CMakeFiles/cmTC_30fb1.dir/link.txt --verbose=1
/root/android-ndk-r15c/toolchains/llvm/prebuilt/linux-x86_64/bin/clang --target=aarch64-none-linux-android --gcc-toolchain=/root/android-ndk-r15c/toolchains/aarch64-linux-android-4.9/prebuilt/linux-x86_64 --sysroot=/root/android-ndk-r15c/platforms/android-21/arch-arm64 -funwind-tables -no-canonical-prefixes -D__ANDROID_API__=21 -fexceptions  -g  -fPIE -pie -Wl,--gc-sections  CMakeFiles/cmTC_30fb1.dir/CheckIncludeFile.c.o  -o cmTC_30fb1 
make[5]: Leaving directory '/root/linphone/linphone-android/WORK/android-arm64/Build/ms2/CMakeFiles/CMakeTmp'
make[4]: Leaving directory '/root/linphone/linphone-android/WORK/android-arm64/Build/ms2/CMakeFiles/CMakeTmp'


Determining if the include file stdint.h exists passed with the following output:
Change Dir: /root/linphone/linphone-android/WORK/android-arm64/Build/ms2/CMakeFiles/CMakeTmp

Run Build Command:"/usr/bin/make" "cmTC_3b116/fast"
make[4]: Entering directory '/root/linphone/linphone-android/WORK/android-arm64/Build/ms2/CMakeFiles/CMakeTmp'
/usr/bin/make -f CMakeFiles/cmTC_3b116.dir/build.make CMakeFiles/cmTC_3b116.dir/build
make[5]: Entering directory '/root/linphone/linphone-android/WORK/android-arm64/Build/ms2/CMakeFiles/CMakeTmp'
Building C object CMakeFiles/cmTC_3b116.dir/CheckIncludeFile.c.o
/root/android-ndk-r15c/toolchains/llvm/prebuilt/linux-x86_64/bin/clang --target=aarch64-none-linux-android --gcc-toolchain=/root/android-ndk-r15c/toolchains/aarch64-linux-android-4.9/prebuilt/linux-x86_64 --sysroot=/root/android-ndk-r15c/sysroot  -isystem /root/android-ndk-r15c/sysroot/usr/include -isystem /root/android-ndk-r15c/sysroot/usr/include/aarch64-linux-android  -funwind-tables -no-canonical-prefixes -D__ANDROID_API__=21 -fexceptions  -g -fPIE   -o CMakeFiles/cmTC_3b116.dir/CheckIncludeFile.c.o   -c /root/linphone/linphone-android/WORK/android-arm64/Build/ms2/CMakeFiles/CMakeTmp/CheckIncludeFile.c
Linking C executable cmTC_3b116
/usr/local/bin/cmake -E cmake_link_script CMakeFiles/cmTC_3b116.dir/link.txt --verbose=1
/root/android-ndk-r15c/toolchains/llvm/prebuilt/linux-x86_64/bin/clang --target=aarch64-none-linux-android --gcc-toolchain=/root/android-ndk-r15c/toolchains/aarch64-linux-android-4.9/prebuilt/linux-x86_64 --sysroot=/root/android-ndk-r15c/platforms/android-21/arch-arm64 -funwind-tables -no-canonical-prefixes -D__ANDROID_API__=21 -fexceptions  -g  -fPIE -pie -Wl,--gc-sections  CMakeFiles/cmTC_3b116.dir/CheckIncludeFile.c.o  -o cmTC_3b116 
make[5]: Leaving directory '/root/linphone/linphone-android/WORK/android-arm64/Build/ms2/CMakeFiles/CMakeTmp'
make[4]: Leaving directory '/root/linphone/linphone-android/WORK/android-arm64/Build/ms2/CMakeFiles/CMakeTmp'


Determining if the include file stddef.h exists passed with the following output:
Change Dir: /root/linphone/linphone-android/WORK/android-arm64/Build/ms2/CMakeFiles/CMakeTmp

Run Build Command:"/usr/bin/make" "cmTC_992fe/fast"
make[4]: Entering directory '/root/linphone/linphone-android/WORK/android-arm64/Build/ms2/CMakeFiles/CMakeTmp'
/usr/bin/make -f CMakeFiles/cmTC_992fe.dir/build.make CMakeFiles/cmTC_992fe.dir/build
make[5]: Entering directory '/root/linphone/linphone-android/WORK/android-arm64/Build/ms2/CMakeFiles/CMakeTmp'
Building C object CMakeFiles/cmTC_992fe.dir/CheckIncludeFile.c.o
/root/android-ndk-r15c/toolchains/llvm/prebuilt/linux-x86_64/bin/clang --target=aarch64-none-linux-android --gcc-toolchain=/root/android-ndk-r15c/toolchains/aarch64-linux-android-4.9/prebuilt/linux-x86_64 --sysroot=/root/android-ndk-r15c/sysroot  -isystem /root/android-ndk-r15c/sysroot/usr/include -isystem /root/android-ndk-r15c/sysroot/usr/include/aarch64-linux-android  -funwind-tables -no-canonical-prefixes -D__ANDROID_API__=21 -fexceptions  -g -fPIE   -o CMakeFiles/cmTC_992fe.dir/CheckIncludeFile.c.o   -c /root/linphone/linphone-android/WORK/android-arm64/Build/ms2/CMakeFiles/CMakeTmp/CheckIncludeFile.c
Linking C executable cmTC_992fe
/usr/local/bin/cmake -E cmake_link_script CMakeFiles/cmTC_992fe.dir/link.txt --verbose=1
/root/android-ndk-r15c/toolchains/llvm/prebuilt/linux-x86_64/bin/clang --target=aarch64-none-linux-android --gcc-toolchain=/root/android-ndk-r15c/toolchains/aarch64-linux-android-4.9/prebuilt/linux-x86_64 --sysroot=/root/android-ndk-r15c/platforms/android-21/arch-arm64 -funwind-tables -no-canonical-prefixes -D__ANDROID_API__=21 -fexceptions  -g  -fPIE -pie -Wl,--gc-sections  CMakeFiles/cmTC_992fe.dir/CheckIncludeFile.c.o  -o cmTC_992fe 
make[5]: Leaving directory '/root/linphone/linphone-android/WORK/android-arm64/Build/ms2/CMakeFiles/CMakeTmp'
make[4]: Leaving directory '/root/linphone/linphone-android/WORK/android-arm64/Build/ms2/CMakeFiles/CMakeTmp'


Determining size of unsigned short passed with the following output:
Change Dir: /root/linphone/linphone-android/WORK/android-arm64/Build/ms2/CMakeFiles/CMakeTmp

Run Build Command:"/usr/bin/make" "cmTC_2bfd3/fast"
make[4]: Entering directory '/root/linphone/linphone-android/WORK/android-arm64/Build/ms2/CMakeFiles/CMakeTmp'
/usr/bin/make -f CMakeFiles/cmTC_2bfd3.dir/build.make CMakeFiles/cmTC_2bfd3.dir/build
make[5]: Entering directory '/root/linphone/linphone-android/WORK/android-arm64/Build/ms2/CMakeFiles/CMakeTmp'
Building C object CMakeFiles/cmTC_2bfd3.dir/CMAKE_SIZEOF_UNSIGNED_SHORT.c.o
/root/android-ndk-r15c/toolchains/llvm/prebuilt/linux-x86_64/bin/clang --target=aarch64-none-linux-android --gcc-toolchain=/root/android-ndk-r15c/toolchains/aarch64-linux-android-4.9/prebuilt/linux-x86_64 --sysroot=/root/android-ndk-r15c/sysroot  -isystem /root/android-ndk-r15c/sysroot/usr/include -isystem /root/android-ndk-r15c/sysroot/usr/include/aarch64-linux-android  -funwind-tables -no-canonical-prefixes -D__ANDROID_API__=21 -fexceptions  -g -fPIE   -o CMakeFiles/cmTC_2bfd3.dir/CMAKE_SIZEOF_UNSIGNED_SHORT.c.o   -c /root/linphone/linphone-android/WORK/android-arm64/Build/ms2/CMakeFiles/CheckTypeSize/CMAKE_SIZEOF_UNSIGNED_SHORT.c
Linking C executable cmTC_2bfd3
/usr/local/bin/cmake -E cmake_link_script CMakeFiles/cmTC_2bfd3.dir/link.txt --verbose=1
/root/android-ndk-r15c/toolchains/llvm/prebuilt/linux-x86_64/bin/clang --target=aarch64-none-linux-android --gcc-toolchain=/root/android-ndk-r15c/toolchains/aarch64-linux-android-4.9/prebuilt/linux-x86_64 --sysroot=/root/android-ndk-r15c/platforms/android-21/arch-arm64 -funwind-tables -no-canonical-prefixes -D__ANDROID_API__=21 -fexceptions  -g  -fPIE -pie -Wl,--gc-sections  CMakeFiles/cmTC_2bfd3.dir/CMAKE_SIZEOF_UNSIGNED_SHORT.c.o  -o cmTC_2bfd3 
make[5]: Leaving directory '/root/linphone/linphone-android/WORK/android-arm64/Build/ms2/CMakeFiles/CMakeTmp'
make[4]: Leaving directory '/root/linphone/linphone-android/WORK/android-arm64/Build/ms2/CMakeFiles/CMakeTmp'


Determining if the system is big endian passed with the following output:
Change Dir: /root/linphone/linphone-android/WORK/android-arm64/Build/ms2/CMakeFiles/CMakeTmp

Run Build Command:"/usr/bin/make" "cmTC_db566/fast"
make[4]: Entering directory '/root/linphone/linphone-android/WORK/android-arm64/Build/ms2/CMakeFiles/CMakeTmp'
/usr/bin/make -f CMakeFiles/cmTC_db566.dir/build.make CMakeFiles/cmTC_db566.dir/build
make[5]: Entering directory '/root/linphone/linphone-android/WORK/android-arm64/Build/ms2/CMakeFiles/CMakeTmp'
Building C object CMakeFiles/cmTC_db566.dir/TestEndianess.c.o
/root/android-ndk-r15c/toolchains/llvm/prebuilt/linux-x86_64/bin/clang --target=aarch64-none-linux-android --gcc-toolchain=/root/android-ndk-r15c/toolchains/aarch64-linux-android-4.9/prebuilt/linux-x86_64 --sysroot=/root/android-ndk-r15c/sysroot  -isystem /root/android-ndk-r15c/sysroot/usr/include -isystem /root/android-ndk-r15c/sysroot/usr/include/aarch64-linux-android  -funwind-tables -no-canonical-prefixes -D__ANDROID_API__=21 -fexceptions  -g -fPIE   -o CMakeFiles/cmTC_db566.dir/TestEndianess.c.o   -c /root/linphone/linphone-android/WORK/android-arm64/Build/ms2/CMakeFiles/CMakeTmp/TestEndianess.c
Linking C executable cmTC_db566
/usr/local/bin/cmake -E cmake_link_script CMakeFiles/cmTC_db566.dir/link.txt --verbose=1
/root/android-ndk-r15c/toolchains/llvm/prebuilt/linux-x86_64/bin/clang --target=aarch64-none-linux-android --gcc-toolchain=/root/android-ndk-r15c/toolchains/aarch64-linux-android-4.9/prebuilt/linux-x86_64 --sysroot=/root/android-ndk-r15c/platforms/android-21/arch-arm64 -funwind-tables -no-canonical-prefixes -D__ANDROID_API__=21 -fexceptions  -g  -fPIE -pie -Wl,--gc-sections  CMakeFiles/cmTC_db566.dir/TestEndianess.c.o  -o cmTC_db566 
make[5]: Leaving directory '/root/linphone/linphone-android/WORK/android-arm64/Build/ms2/CMakeFiles/CMakeTmp'
make[4]: Leaving directory '/root/linphone/linphone-android/WORK/android-arm64/Build/ms2/CMakeFiles/CMakeTmp'

TestEndianess.c:
/* A 16 bit integer is required. */
typedef unsigned short cmakeint16;

/* On a little endian machine, these 16bit ints will give "THIS IS LITTLE ENDIAN."
   On a big endian machine the characters will be exchanged pairwise. */
const cmakeint16 info_little[] =  {0x4854, 0x5349, 0x4920, 0x2053, 0x494c, 0x5454, 0x454c, 0x4520, 0x444e, 0x4149, 0x2e4e, 0x0000};

/* on a big endian machine, these 16bit ints will give "THIS IS BIG ENDIAN."
   On a little endian machine the characters will be exchanged pairwise. */
const cmakeint16 info_big[] =     {0x5448, 0x4953, 0x2049, 0x5320, 0x4249, 0x4720, 0x454e, 0x4449, 0x414e, 0x2e2e, 0x0000};

#ifdef __CLASSIC_C__
int main(argc, argv) int argc; char *argv[];
#else
int main(int argc, char *argv[])
#endif
{
  int require = 0;
  require += info_little[argc];
  require += info_big[argc];
  (void)argv;
  return require;
}


Performing C SOURCE FILE Test TURBOJPEG_USE_CONST_BUFFERS succeeded with the following output:
Change Dir: /root/linphone/linphone-android/WORK/android-arm64/Build/ms2/CMakeFiles/CMakeTmp

Run Build Command:"/usr/bin/make" "cmTC_5031e/fast"
make[4]: Entering directory '/root/linphone/linphone-android/WORK/android-arm64/Build/ms2/CMakeFiles/CMakeTmp'
/usr/bin/make -f CMakeFiles/cmTC_5031e.dir/build.make CMakeFiles/cmTC_5031e.dir/build
make[5]: Entering directory '/root/linphone/linphone-android/WORK/android-arm64/Build/ms2/CMakeFiles/CMakeTmp'
Building C object CMakeFiles/cmTC_5031e.dir/src.c.o
/root/android-ndk-r15c/toolchains/llvm/prebuilt/linux-x86_64/bin/clang --target=aarch64-none-linux-android --gcc-toolchain=/root/android-ndk-r15c/toolchains/aarch64-linux-android-4.9/prebuilt/linux-x86_64 --sysroot=/root/android-ndk-r15c/sysroot  -I/root/linphone/linphone-android/liblinphone-sdk/android-arm64/include -isystem /root/android-ndk-r15c/sysroot/usr/include -isystem /root/android-ndk-r15c/sysroot/usr/include/aarch64-linux-android  -funwind-tables -no-canonical-prefixes -D__ANDROID_API__=21 -fexceptions -DTURBOJPEG_USE_CONST_BUFFERS  -Werror -g -fPIE   -o CMakeFiles/cmTC_5031e.dir/src.c.o   -c /root/linphone/linphone-android/WORK/android-arm64/Build/ms2/CMakeFiles/CMakeTmp/src.c
Linking C executable cmTC_5031e
/usr/local/bin/cmake -E cmake_link_script CMakeFiles/cmTC_5031e.dir/link.txt --verbose=1
/root/android-ndk-r15c/toolchains/llvm/prebuilt/linux-x86_64/bin/clang --target=aarch64-none-linux-android --gcc-toolchain=/root/android-ndk-r15c/toolchains/aarch64-linux-android-4.9/prebuilt/linux-x86_64 --sysroot=/root/android-ndk-r15c/platforms/android-21/arch-arm64 -funwind-tables -no-canonical-prefixes -D__ANDROID_API__=21 -fexceptions -DTURBOJPEG_USE_CONST_BUFFERS  -Werror -g  -fPIE -pie -Wl,--gc-sections  CMakeFiles/cmTC_5031e.dir/src.c.o  -o cmTC_5031e /root/linphone/linphone-android/liblinphone-sdk/android-arm64/lib/libturbojpeg.a 
make[5]: Leaving directory '/root/linphone/linphone-android/WORK/android-arm64/Build/ms2/CMakeFiles/CMakeTmp'
make[4]: Leaving directory '/root/linphone/linphone-android/WORK/android-arm64/Build/ms2/CMakeFiles/CMakeTmp'

Source file was:

#include <turbojpeg.h>
int main(int argc, char *argv[]) {
	tjhandle handle = 0;
	const unsigned char *srcPlanes = 0;
	const int *strides = 0;
	unsigned char *jpegBuf = 0;
	unsigned long jpegSize = 0;
	int width = 0, height = 0, subsamp = 0, jpegQual = 0, flags = 0;
	return tjCompressFromYUVPlanes(handle, &srcPlanes, width, strides, height, subsamp, &jpegBuf, &jpegSize, jpegQual, flags);
}
