The target system is: Android - 16 - i686
The host system is: Linux - 4.15.0-041500-generic - x86_64
Compiling the C compiler identification source file "CMakeCCompilerId.c" succeeded.
Compiler: /root/android-ndk-r15c/toolchains/llvm/prebuilt/linux-x86_64/bin/clang 
Build flags: 
Id flags:  

The output was:
0


Compilation of the C compiler identification source "CMakeCCompilerId.c" produced "a.out"

The C compiler identification is Clang, found in "/root/linphone/linphone-android/WORK/android-x86/Build/sqlite3/CMakeFiles/3.11.0-rc2/CompilerIdC/a.out"

Determining if the C compiler works passed with the following output:
Change Dir: /root/linphone/linphone-android/WORK/android-x86/Build/sqlite3/CMakeFiles/CMakeTmp

Run Build Command:"/usr/bin/make" "cmTC_ea11b/fast"
make[4]: Entering directory '/root/linphone/linphone-android/WORK/android-x86/Build/sqlite3/CMakeFiles/CMakeTmp'
/usr/bin/make -f CMakeFiles/cmTC_ea11b.dir/build.make CMakeFiles/cmTC_ea11b.dir/build
make[5]: Entering directory '/root/linphone/linphone-android/WORK/android-x86/Build/sqlite3/CMakeFiles/CMakeTmp'
Building C object CMakeFiles/cmTC_ea11b.dir/testCCompiler.c.o
/root/android-ndk-r15c/toolchains/llvm/prebuilt/linux-x86_64/bin/clang --target=i686-none-linux-android --gcc-toolchain=/root/android-ndk-r15c/toolchains/x86-4.9/prebuilt/linux-x86_64 --sysroot=/root/android-ndk-r15c/sysroot  -isystem /root/android-ndk-r15c/sysroot/usr/include -isystem /root/android-ndk-r15c/sysroot/usr/include/i686-linux-android  -funwind-tables -no-canonical-prefixes -D__ANDROID_API__=16 -fexceptions  -g -fPIE   -o CMakeFiles/cmTC_ea11b.dir/testCCompiler.c.o   -c /root/linphone/linphone-android/WORK/android-x86/Build/sqlite3/CMakeFiles/CMakeTmp/testCCompiler.c
Linking C executable cmTC_ea11b
/usr/local/bin/cmake -E cmake_link_script CMakeFiles/cmTC_ea11b.dir/link.txt --verbose=1
/root/android-ndk-r15c/toolchains/llvm/prebuilt/linux-x86_64/bin/clang --target=i686-none-linux-android --gcc-toolchain=/root/android-ndk-r15c/toolchains/x86-4.9/prebuilt/linux-x86_64 --sysroot=/root/android-ndk-r15c/platforms/android-16/arch-x86 -funwind-tables -no-canonical-prefixes -D__ANDROID_API__=16 -fexceptions  -g  -fPIE -pie -Wl,--gc-sections -Wl,-z,nocopyreloc  CMakeFiles/cmTC_ea11b.dir/testCCompiler.c.o  -o cmTC_ea11b 
make[5]: Leaving directory '/root/linphone/linphone-android/WORK/android-x86/Build/sqlite3/CMakeFiles/CMakeTmp'
make[4]: Leaving directory '/root/linphone/linphone-android/WORK/android-x86/Build/sqlite3/CMakeFiles/CMakeTmp'


Detecting C compiler ABI info compiled with the following output:
Change Dir: /root/linphone/linphone-android/WORK/android-x86/Build/sqlite3/CMakeFiles/CMakeTmp

Run Build Command:"/usr/bin/make" "cmTC_20148/fast"
make[4]: Entering directory '/root/linphone/linphone-android/WORK/android-x86/Build/sqlite3/CMakeFiles/CMakeTmp'
/usr/bin/make -f CMakeFiles/cmTC_20148.dir/build.make CMakeFiles/cmTC_20148.dir/build
make[5]: Entering directory '/root/linphone/linphone-android/WORK/android-x86/Build/sqlite3/CMakeFiles/CMakeTmp'
Building C object CMakeFiles/cmTC_20148.dir/CMakeCCompilerABI.c.o
/root/android-ndk-r15c/toolchains/llvm/prebuilt/linux-x86_64/bin/clang --target=i686-none-linux-android --gcc-toolchain=/root/android-ndk-r15c/toolchains/x86-4.9/prebuilt/linux-x86_64 --sysroot=/root/android-ndk-r15c/sysroot  -isystem /root/android-ndk-r15c/sysroot/usr/include -isystem /root/android-ndk-r15c/sysroot/usr/include/i686-linux-android  -funwind-tables -no-canonical-prefixes -D__ANDROID_API__=16 -fexceptions  -g -fPIE   -o CMakeFiles/cmTC_20148.dir/CMakeCCompilerABI.c.o   -c /usr/local/share/cmake-3.11/Modules/CMakeCCompilerABI.c
Linking C executable cmTC_20148
/usr/local/bin/cmake -E cmake_link_script CMakeFiles/cmTC_20148.dir/link.txt --verbose=1
/root/android-ndk-r15c/toolchains/llvm/prebuilt/linux-x86_64/bin/clang --target=i686-none-linux-android --gcc-toolchain=/root/android-ndk-r15c/toolchains/x86-4.9/prebuilt/linux-x86_64 --sysroot=/root/android-ndk-r15c/platforms/android-16/arch-x86 -funwind-tables -no-canonical-prefixes -D__ANDROID_API__=16 -fexceptions  -g  -fPIE -pie -Wl,--gc-sections -Wl,-z,nocopyreloc -v CMakeFiles/cmTC_20148.dir/CMakeCCompilerABI.c.o  -o cmTC_20148 
Android clang version 5.0.300080  (based on LLVM 5.0.300080)
Target: i686-none-linux-android
Thread model: posix
InstalledDir: /root/android-ndk-r15c/toolchains/llvm/prebuilt/linux-x86_64/bin
Found candidate GCC installation: /root/android-ndk-r15c/toolchains/x86-4.9/prebuilt/linux-x86_64/lib/gcc/i686-linux-android/4.9.x
Selected GCC installation: /root/android-ndk-r15c/toolchains/x86-4.9/prebuilt/linux-x86_64/lib/gcc/i686-linux-android/4.9.x
Candidate multilib: .;@m32
Selected multilib: .;@m32
 "/root/android-ndk-r15c/toolchains/x86-4.9/prebuilt/linux-x86_64/lib/gcc/i686-linux-android/4.9.x/../../../../i686-linux-android/bin/ld" --sysroot=/root/android-ndk-r15c/platforms/android-16/arch-x86 -pie -z relro --eh-frame-hdr -m elf_i386 -dynamic-linker /system/bin/linker -o cmTC_20148 /root/android-ndk-r15c/platforms/android-16/arch-x86/usr/lib/crtbegin_dynamic.o -L/root/android-ndk-r15c/toolchains/llvm/prebuilt/linux-x86_64/lib64/clang/5.0.300080/lib/linux/i386 -L/root/android-ndk-r15c/toolchains/x86-4.9/prebuilt/linux-x86_64/lib/gcc/i686-linux-android/4.9.x -L/root/android-ndk-r15c/toolchains/x86-4.9/prebuilt/linux-x86_64/lib/gcc/i686-linux-android/4.9.x/../../../../i686-linux-android/lib -L/root/android-ndk-r15c/platforms/android-16/arch-x86/usr/lib --gc-sections -z nocopyreloc CMakeFiles/cmTC_20148.dir/CMakeCCompilerABI.c.o -lgcc -ldl -lc -lgcc -ldl /root/android-ndk-r15c/platforms/android-16/arch-x86/usr/lib/crtend_android.o
make[5]: Leaving directory '/root/linphone/linphone-android/WORK/android-x86/Build/sqlite3/CMakeFiles/CMakeTmp'
make[4]: Leaving directory '/root/linphone/linphone-android/WORK/android-x86/Build/sqlite3/CMakeFiles/CMakeTmp'


Parsed C implicit link information from above output:
  link line regex: [^( *|.*[/\])(i686-linux-android-ld|CMAKE_LINK_STARTFILE-NOTFOUND|([^/\]+-)?ld|collect2)[^/\]*( |$)]
  ignore line: [Change Dir: /root/linphone/linphone-android/WORK/android-x86/Build/sqlite3/CMakeFiles/CMakeTmp]
  ignore line: []
  ignore line: [Run Build Command:"/usr/bin/make" "cmTC_20148/fast"]
  ignore line: [make[4]: Entering directory '/root/linphone/linphone-android/WORK/android-x86/Build/sqlite3/CMakeFiles/CMakeTmp']
  ignore line: [/usr/bin/make -f CMakeFiles/cmTC_20148.dir/build.make CMakeFiles/cmTC_20148.dir/build]
  ignore line: [make[5]: Entering directory '/root/linphone/linphone-android/WORK/android-x86/Build/sqlite3/CMakeFiles/CMakeTmp']
  ignore line: [Building C object CMakeFiles/cmTC_20148.dir/CMakeCCompilerABI.c.o]
  ignore line: [/root/android-ndk-r15c/toolchains/llvm/prebuilt/linux-x86_64/bin/clang --target=i686-none-linux-android --gcc-toolchain=/root/android-ndk-r15c/toolchains/x86-4.9/prebuilt/linux-x86_64 --sysroot=/root/android-ndk-r15c/sysroot  -isystem /root/android-ndk-r15c/sysroot/usr/include -isystem /root/android-ndk-r15c/sysroot/usr/include/i686-linux-android  -funwind-tables -no-canonical-prefixes -D__ANDROID_API__=16 -fexceptions  -g -fPIE   -o CMakeFiles/cmTC_20148.dir/CMakeCCompilerABI.c.o   -c /usr/local/share/cmake-3.11/Modules/CMakeCCompilerABI.c]
  ignore line: [Linking C executable cmTC_20148]
  ignore line: [/usr/local/bin/cmake -E cmake_link_script CMakeFiles/cmTC_20148.dir/link.txt --verbose=1]
  ignore line: [/root/android-ndk-r15c/toolchains/llvm/prebuilt/linux-x86_64/bin/clang --target=i686-none-linux-android --gcc-toolchain=/root/android-ndk-r15c/toolchains/x86-4.9/prebuilt/linux-x86_64 --sysroot=/root/android-ndk-r15c/platforms/android-16/arch-x86 -funwind-tables -no-canonical-prefixes -D__ANDROID_API__=16 -fexceptions  -g  -fPIE -pie -Wl,--gc-sections -Wl,-z,nocopyreloc -v CMakeFiles/cmTC_20148.dir/CMakeCCompilerABI.c.o  -o cmTC_20148 ]
  ignore line: [Android clang version 5.0.300080  (based on LLVM 5.0.300080)]
  ignore line: [Target: i686-none-linux-android]
  ignore line: [Thread model: posix]
  ignore line: [InstalledDir: /root/android-ndk-r15c/toolchains/llvm/prebuilt/linux-x86_64/bin]
  ignore line: [Found candidate GCC installation: /root/android-ndk-r15c/toolchains/x86-4.9/prebuilt/linux-x86_64/lib/gcc/i686-linux-android/4.9.x]
  ignore line: [Selected GCC installation: /root/android-ndk-r15c/toolchains/x86-4.9/prebuilt/linux-x86_64/lib/gcc/i686-linux-android/4.9.x]
  ignore line: [Candidate multilib: .]
  ignore line: [@m32]
  ignore line: [Selected multilib: .]
  ignore line: [@m32]
  link line: [ "/root/android-ndk-r15c/toolchains/x86-4.9/prebuilt/linux-x86_64/lib/gcc/i686-linux-android/4.9.x/../../../../i686-linux-android/bin/ld" --sysroot=/root/android-ndk-r15c/platforms/android-16/arch-x86 -pie -z relro --eh-frame-hdr -m elf_i386 -dynamic-linker /system/bin/linker -o cmTC_20148 /root/android-ndk-r15c/platforms/android-16/arch-x86/usr/lib/crtbegin_dynamic.o -L/root/android-ndk-r15c/toolchains/llvm/prebuilt/linux-x86_64/lib64/clang/5.0.300080/lib/linux/i386 -L/root/android-ndk-r15c/toolchains/x86-4.9/prebuilt/linux-x86_64/lib/gcc/i686-linux-android/4.9.x -L/root/android-ndk-r15c/toolchains/x86-4.9/prebuilt/linux-x86_64/lib/gcc/i686-linux-android/4.9.x/../../../../i686-linux-android/lib -L/root/android-ndk-r15c/platforms/android-16/arch-x86/usr/lib --gc-sections -z nocopyreloc CMakeFiles/cmTC_20148.dir/CMakeCCompilerABI.c.o -lgcc -ldl -lc -lgcc -ldl /root/android-ndk-r15c/platforms/android-16/arch-x86/usr/lib/crtend_android.o]
    arg [/root/android-ndk-r15c/toolchains/x86-4.9/prebuilt/linux-x86_64/lib/gcc/i686-linux-android/4.9.x/../../../../i686-linux-android/bin/ld] ==> ignore
    arg [--sysroot=/root/android-ndk-r15c/platforms/android-16/arch-x86] ==> ignore
    arg [-pie] ==> ignore
    arg [-zrelro] ==> ignore
    arg [--eh-frame-hdr] ==> ignore
    arg [-m] ==> ignore
    arg [elf_i386] ==> ignore
    arg [-dynamic-linker] ==> ignore
    arg [/system/bin/linker] ==> ignore
    arg [-o] ==> ignore
    arg [cmTC_20148] ==> ignore
    arg [/root/android-ndk-r15c/platforms/android-16/arch-x86/usr/lib/crtbegin_dynamic.o] ==> ignore
    arg [-L/root/android-ndk-r15c/toolchains/llvm/prebuilt/linux-x86_64/lib64/clang/5.0.300080/lib/linux/i386] ==> dir [/root/android-ndk-r15c/toolchains/llvm/prebuilt/linux-x86_64/lib64/clang/5.0.300080/lib/linux/i386]
    arg [-L/root/android-ndk-r15c/toolchains/x86-4.9/prebuilt/linux-x86_64/lib/gcc/i686-linux-android/4.9.x] ==> dir [/root/android-ndk-r15c/toolchains/x86-4.9/prebuilt/linux-x86_64/lib/gcc/i686-linux-android/4.9.x]
    arg [-L/root/android-ndk-r15c/toolchains/x86-4.9/prebuilt/linux-x86_64/lib/gcc/i686-linux-android/4.9.x/../../../../i686-linux-android/lib] ==> dir [/root/android-ndk-r15c/toolchains/x86-4.9/prebuilt/linux-x86_64/lib/gcc/i686-linux-android/4.9.x/../../../../i686-linux-android/lib]
    arg [-L/root/android-ndk-r15c/platforms/android-16/arch-x86/usr/lib] ==> dir [/root/android-ndk-r15c/platforms/android-16/arch-x86/usr/lib]
    arg [--gc-sections] ==> ignore
    arg [-znocopyreloc] ==> ignore
    arg [CMakeFiles/cmTC_20148.dir/CMakeCCompilerABI.c.o] ==> ignore
    arg [-lgcc] ==> lib [gcc]
    arg [-ldl] ==> lib [dl]
    arg [-lc] ==> lib [c]
    arg [-lgcc] ==> lib [gcc]
    arg [-ldl] ==> lib [dl]
    arg [/root/android-ndk-r15c/platforms/android-16/arch-x86/usr/lib/crtend_android.o] ==> ignore
  collapse library dir [/root/android-ndk-r15c/toolchains/llvm/prebuilt/linux-x86_64/lib64/clang/5.0.300080/lib/linux/i386] ==> [/root/android-ndk-r15c/toolchains/llvm/prebuilt/linux-x86_64/lib64/clang/5.0.300080/lib/linux/i386]
  collapse library dir [/root/android-ndk-r15c/toolchains/x86-4.9/prebuilt/linux-x86_64/lib/gcc/i686-linux-android/4.9.x] ==> [/root/android-ndk-r15c/toolchains/x86-4.9/prebuilt/linux-x86_64/lib/gcc/i686-linux-android/4.9.x]
  collapse library dir [/root/android-ndk-r15c/toolchains/x86-4.9/prebuilt/linux-x86_64/lib/gcc/i686-linux-android/4.9.x/../../../../i686-linux-android/lib] ==> [/root/android-ndk-r15c/toolchains/x86-4.9/prebuilt/linux-x86_64/i686-linux-android/lib]
  collapse library dir [/root/android-ndk-r15c/platforms/android-16/arch-x86/usr/lib] ==> [/root/android-ndk-r15c/platforms/android-16/arch-x86/usr/lib]
  implicit libs: [gcc;dl;c;gcc;dl]
  implicit dirs: [/root/android-ndk-r15c/toolchains/llvm/prebuilt/linux-x86_64/lib64/clang/5.0.300080/lib/linux/i386;/root/android-ndk-r15c/toolchains/x86-4.9/prebuilt/linux-x86_64/lib/gcc/i686-linux-android/4.9.x;/root/android-ndk-r15c/toolchains/x86-4.9/prebuilt/linux-x86_64/i686-linux-android/lib;/root/android-ndk-r15c/platforms/android-16/arch-x86/usr/lib]
  implicit fwks: []




Detecting C [-std=c11] compiler features compiled with the following output:
Change Dir: /root/linphone/linphone-android/WORK/android-x86/Build/sqlite3/CMakeFiles/CMakeTmp

Run Build Command:"/usr/bin/make" "cmTC_31850/fast"
make[4]: Entering directory '/root/linphone/linphone-android/WORK/android-x86/Build/sqlite3/CMakeFiles/CMakeTmp'
/usr/bin/make -f CMakeFiles/cmTC_31850.dir/build.make CMakeFiles/cmTC_31850.dir/build
make[5]: Entering directory '/root/linphone/linphone-android/WORK/android-x86/Build/sqlite3/CMakeFiles/CMakeTmp'
Building C object CMakeFiles/cmTC_31850.dir/feature_tests.c.o
/root/android-ndk-r15c/toolchains/llvm/prebuilt/linux-x86_64/bin/clang --target=i686-none-linux-android --gcc-toolchain=/root/android-ndk-r15c/toolchains/x86-4.9/prebuilt/linux-x86_64 --sysroot=/root/android-ndk-r15c/sysroot  -isystem /root/android-ndk-r15c/sysroot/usr/include -isystem /root/android-ndk-r15c/sysroot/usr/include/i686-linux-android  -funwind-tables -no-canonical-prefixes -D__ANDROID_API__=16 -fexceptions  -g -fPIE   -std=c11 -o CMakeFiles/cmTC_31850.dir/feature_tests.c.o   -c /root/linphone/linphone-android/WORK/android-x86/Build/sqlite3/CMakeFiles/feature_tests.c
Linking C executable cmTC_31850
/usr/local/bin/cmake -E cmake_link_script CMakeFiles/cmTC_31850.dir/link.txt --verbose=1
/root/android-ndk-r15c/toolchains/llvm/prebuilt/linux-x86_64/bin/clang --target=i686-none-linux-android --gcc-toolchain=/root/android-ndk-r15c/toolchains/x86-4.9/prebuilt/linux-x86_64 --sysroot=/root/android-ndk-r15c/platforms/android-16/arch-x86 -funwind-tables -no-canonical-prefixes -D__ANDROID_API__=16 -fexceptions  -g  -fPIE -pie -Wl,--gc-sections -Wl,-z,nocopyreloc  CMakeFiles/cmTC_31850.dir/feature_tests.c.o  -o cmTC_31850 
make[5]: Leaving directory '/root/linphone/linphone-android/WORK/android-x86/Build/sqlite3/CMakeFiles/CMakeTmp'
make[4]: Leaving directory '/root/linphone/linphone-android/WORK/android-x86/Build/sqlite3/CMakeFiles/CMakeTmp'


    Feature record: C_FEATURE:1c_function_prototypes
    Feature record: C_FEATURE:1c_restrict
    Feature record: C_FEATURE:1c_static_assert
    Feature record: C_FEATURE:1c_variadic_macros


Detecting C [-std=c99] compiler features compiled with the following output:
Change Dir: /root/linphone/linphone-android/WORK/android-x86/Build/sqlite3/CMakeFiles/CMakeTmp

Run Build Command:"/usr/bin/make" "cmTC_24e00/fast"
make[4]: Entering directory '/root/linphone/linphone-android/WORK/android-x86/Build/sqlite3/CMakeFiles/CMakeTmp'
/usr/bin/make -f CMakeFiles/cmTC_24e00.dir/build.make CMakeFiles/cmTC_24e00.dir/build
make[5]: Entering directory '/root/linphone/linphone-android/WORK/android-x86/Build/sqlite3/CMakeFiles/CMakeTmp'
Building C object CMakeFiles/cmTC_24e00.dir/feature_tests.c.o
/root/android-ndk-r15c/toolchains/llvm/prebuilt/linux-x86_64/bin/clang --target=i686-none-linux-android --gcc-toolchain=/root/android-ndk-r15c/toolchains/x86-4.9/prebuilt/linux-x86_64 --sysroot=/root/android-ndk-r15c/sysroot  -isystem /root/android-ndk-r15c/sysroot/usr/include -isystem /root/android-ndk-r15c/sysroot/usr/include/i686-linux-android  -funwind-tables -no-canonical-prefixes -D__ANDROID_API__=16 -fexceptions  -g -fPIE   -std=c99 -o CMakeFiles/cmTC_24e00.dir/feature_tests.c.o   -c /root/linphone/linphone-android/WORK/android-x86/Build/sqlite3/CMakeFiles/feature_tests.c
Linking C executable cmTC_24e00
/usr/local/bin/cmake -E cmake_link_script CMakeFiles/cmTC_24e00.dir/link.txt --verbose=1
/root/android-ndk-r15c/toolchains/llvm/prebuilt/linux-x86_64/bin/clang --target=i686-none-linux-android --gcc-toolchain=/root/android-ndk-r15c/toolchains/x86-4.9/prebuilt/linux-x86_64 --sysroot=/root/android-ndk-r15c/platforms/android-16/arch-x86 -funwind-tables -no-canonical-prefixes -D__ANDROID_API__=16 -fexceptions  -g  -fPIE -pie -Wl,--gc-sections -Wl,-z,nocopyreloc  CMakeFiles/cmTC_24e00.dir/feature_tests.c.o  -o cmTC_24e00 
make[5]: Leaving directory '/root/linphone/linphone-android/WORK/android-x86/Build/sqlite3/CMakeFiles/CMakeTmp'
make[4]: Leaving directory '/root/linphone/linphone-android/WORK/android-x86/Build/sqlite3/CMakeFiles/CMakeTmp'


    Feature record: C_FEATURE:1c_function_prototypes
    Feature record: C_FEATURE:1c_restrict
    Feature record: C_FEATURE:0c_static_assert
    Feature record: C_FEATURE:1c_variadic_macros


Detecting C [-std=c90] compiler features compiled with the following output:
Change Dir: /root/linphone/linphone-android/WORK/android-x86/Build/sqlite3/CMakeFiles/CMakeTmp

Run Build Command:"/usr/bin/make" "cmTC_26e1d/fast"
make[4]: Entering directory '/root/linphone/linphone-android/WORK/android-x86/Build/sqlite3/CMakeFiles/CMakeTmp'
/usr/bin/make -f CMakeFiles/cmTC_26e1d.dir/build.make CMakeFiles/cmTC_26e1d.dir/build
make[5]: Entering directory '/root/linphone/linphone-android/WORK/android-x86/Build/sqlite3/CMakeFiles/CMakeTmp'
Building C object CMakeFiles/cmTC_26e1d.dir/feature_tests.c.o
/root/android-ndk-r15c/toolchains/llvm/prebuilt/linux-x86_64/bin/clang --target=i686-none-linux-android --gcc-toolchain=/root/android-ndk-r15c/toolchains/x86-4.9/prebuilt/linux-x86_64 --sysroot=/root/android-ndk-r15c/sysroot  -isystem /root/android-ndk-r15c/sysroot/usr/include -isystem /root/android-ndk-r15c/sysroot/usr/include/i686-linux-android  -funwind-tables -no-canonical-prefixes -D__ANDROID_API__=16 -fexceptions  -g -fPIE   -std=c90 -o CMakeFiles/cmTC_26e1d.dir/feature_tests.c.o   -c /root/linphone/linphone-android/WORK/android-x86/Build/sqlite3/CMakeFiles/feature_tests.c
Linking C executable cmTC_26e1d
/usr/local/bin/cmake -E cmake_link_script CMakeFiles/cmTC_26e1d.dir/link.txt --verbose=1
/root/android-ndk-r15c/toolchains/llvm/prebuilt/linux-x86_64/bin/clang --target=i686-none-linux-android --gcc-toolchain=/root/android-ndk-r15c/toolchains/x86-4.9/prebuilt/linux-x86_64 --sysroot=/root/android-ndk-r15c/platforms/android-16/arch-x86 -funwind-tables -no-canonical-prefixes -D__ANDROID_API__=16 -fexceptions  -g  -fPIE -pie -Wl,--gc-sections -Wl,-z,nocopyreloc  CMakeFiles/cmTC_26e1d.dir/feature_tests.c.o  -o cmTC_26e1d 
make[5]: Leaving directory '/root/linphone/linphone-android/WORK/android-x86/Build/sqlite3/CMakeFiles/CMakeTmp'
make[4]: Leaving directory '/root/linphone/linphone-android/WORK/android-x86/Build/sqlite3/CMakeFiles/CMakeTmp'


    Feature record: C_FEATURE:1c_function_prototypes
    Feature record: C_FEATURE:0c_restrict
    Feature record: C_FEATURE:0c_static_assert
    Feature record: C_FEATURE:0c_variadic_macros
