Determining if files libudev.h exist failed with the following output:
Change Dir: /root/linphone/linphone-android/WORK/android-x86/Build/linphone/CMakeFiles/CMakeTmp

Run Build Command:"/usr/bin/make" "cmTC_1269f/fast"
make[4]: Entering directory '/root/linphone/linphone-android/WORK/android-x86/Build/linphone/CMakeFiles/CMakeTmp'
/usr/bin/make -f CMakeFiles/cmTC_1269f.dir/build.make CMakeFiles/cmTC_1269f.dir/build
make[5]: Entering directory '/root/linphone/linphone-android/WORK/android-x86/Build/linphone/CMakeFiles/CMakeTmp'
Building C object CMakeFiles/cmTC_1269f.dir/HAVE_LIBUDEV_H.c.o
/root/android-ndk-r15c/toolchains/llvm/prebuilt/linux-x86_64/bin/clang --target=i686-none-linux-android --gcc-toolchain=/root/android-ndk-r15c/toolchains/x86-4.9/prebuilt/linux-x86_64 --sysroot=/root/android-ndk-r15c/sysroot  -isystem /root/android-ndk-r15c/sysroot/usr/include -isystem /root/android-ndk-r15c/sysroot/usr/include/i686-linux-android  -funwind-tables -no-canonical-prefixes -D__ANDROID_API__=16 -fexceptions  -g -fPIE   -o CMakeFiles/cmTC_1269f.dir/HAVE_LIBUDEV_H.c.o   -c /root/linphone/linphone-android/WORK/android-x86/Build/linphone/CMakeFiles/CheckIncludeFiles/HAVE_LIBUDEV_H.c
/root/linphone/linphone-android/WORK/android-x86/Build/linphone/CMakeFiles/CheckIncludeFiles/HAVE_LIBUDEV_H.c:2:10: fatal error: 'libudev.h' file not found
#include <libudev.h>
         ^~~~~~~~~~~
1 error generated.
CMakeFiles/cmTC_1269f.dir/build.make:65: recipe for target 'CMakeFiles/cmTC_1269f.dir/HAVE_LIBUDEV_H.c.o' failed
make[5]: *** [CMakeFiles/cmTC_1269f.dir/HAVE_LIBUDEV_H.c.o] Error 1
make[5]: Leaving directory '/root/linphone/linphone-android/WORK/android-x86/Build/linphone/CMakeFiles/CMakeTmp'
Makefile:126: recipe for target 'cmTC_1269f/fast' failed
make[4]: *** [cmTC_1269f/fast] Error 2
make[4]: Leaving directory '/root/linphone/linphone-android/WORK/android-x86/Build/linphone/CMakeFiles/CMakeTmp'

Source:
/* */
#include <libudev.h>


int main(void){return 0;}

