Determining if the function clock_gettime exists in the rt failed with the following output:
Change Dir: /root/linphone/linphone-android/WORK/android-armv7/Build/bellesip/CMakeFiles/CMakeTmp

Run Build Command:"/usr/bin/make" "cmTC_cd89f/fast"
make[4]: Entering directory '/root/linphone/linphone-android/WORK/android-armv7/Build/bellesip/CMakeFiles/CMakeTmp'
/usr/bin/make -f CMakeFiles/cmTC_cd89f.dir/build.make CMakeFiles/cmTC_cd89f.dir/build
make[5]: Entering directory '/root/linphone/linphone-android/WORK/android-armv7/Build/bellesip/CMakeFiles/CMakeTmp'
Building C object CMakeFiles/cmTC_cd89f.dir/CheckFunctionExists.c.o
/root/android-ndk-r15c/toolchains/llvm/prebuilt/linux-x86_64/bin/clang --target=armv7-none-linux-androideabi --gcc-toolchain=/root/android-ndk-r15c/toolchains/arm-linux-androideabi-4.9/prebuilt/linux-x86_64 --sysroot=/root/android-ndk-r15c/sysroot  -isystem /root/android-ndk-r15c/sysroot/usr/include -isystem /root/android-ndk-r15c/sysroot/usr/include/arm-linux-androideabi  -march=armv7-a -mthumb -mfpu=neon -mfloat-abi=softfp -funwind-tables -no-canonical-prefixes -D__ANDROID_API__=16 -fexceptions -DCHECK_FUNCTION_EXISTS=clock_gettime -g -fPIE   -o CMakeFiles/cmTC_cd89f.dir/CheckFunctionExists.c.o   -c /usr/local/share/cmake-3.11/Modules/CheckFunctionExists.c
Linking C executable cmTC_cd89f
/usr/local/bin/cmake -E cmake_link_script CMakeFiles/cmTC_cd89f.dir/link.txt --verbose=1
/root/android-ndk-r15c/toolchains/llvm/prebuilt/linux-x86_64/bin/clang --target=armv7-none-linux-androideabi --gcc-toolchain=/root/android-ndk-r15c/toolchains/arm-linux-androideabi-4.9/prebuilt/linux-x86_64 --sysroot=/root/android-ndk-r15c/platforms/android-16/arch-arm -march=armv7-a -mthumb -mfpu=neon -mfloat-abi=softfp -funwind-tables -no-canonical-prefixes -D__ANDROID_API__=16 -fexceptions -DCHECK_FUNCTION_EXISTS=clock_gettime -g  -Wl,--fix-cortex-a8  -fPIE -pie -Wl,--gc-sections -Wl,-z,nocopyreloc  CMakeFiles/cmTC_cd89f.dir/CheckFunctionExists.c.o  -o cmTC_cd89f -lrt 
/root/android-ndk-r15c/toolchains/arm-linux-androideabi-4.9/prebuilt/linux-x86_64/lib/gcc/arm-linux-androideabi/4.9.x/../../../../arm-linux-androideabi/bin/ld: error: cannot find -lrt
clang: error: linker command failed with exit code 1 (use -v to see invocation)
CMakeFiles/cmTC_cd89f.dir/build.make:86: recipe for target 'cmTC_cd89f' failed
make[5]: *** [cmTC_cd89f] Error 1
make[5]: Leaving directory '/root/linphone/linphone-android/WORK/android-armv7/Build/bellesip/CMakeFiles/CMakeTmp'
Makefile:126: recipe for target 'cmTC_cd89f/fast' failed
make[4]: *** [cmTC_cd89f/fast] Error 2
make[4]: Leaving directory '/root/linphone/linphone-android/WORK/android-armv7/Build/bellesip/CMakeFiles/CMakeTmp'


Determining if the res_ndestroy exist failed with the following output:
Change Dir: /root/linphone/linphone-android/WORK/android-armv7/Build/bellesip/CMakeFiles/CMakeTmp

Run Build Command:"/usr/bin/make" "cmTC_6a5a5/fast"
make[4]: Entering directory '/root/linphone/linphone-android/WORK/android-armv7/Build/bellesip/CMakeFiles/CMakeTmp'
/usr/bin/make -f CMakeFiles/cmTC_6a5a5.dir/build.make CMakeFiles/cmTC_6a5a5.dir/build
make[5]: Entering directory '/root/linphone/linphone-android/WORK/android-armv7/Build/bellesip/CMakeFiles/CMakeTmp'
Building C object CMakeFiles/cmTC_6a5a5.dir/CheckSymbolExists.c.o
/root/android-ndk-r15c/toolchains/llvm/prebuilt/linux-x86_64/bin/clang --target=armv7-none-linux-androideabi --gcc-toolchain=/root/android-ndk-r15c/toolchains/arm-linux-androideabi-4.9/prebuilt/linux-x86_64 --sysroot=/root/android-ndk-r15c/sysroot  -isystem /root/android-ndk-r15c/sysroot/usr/include -isystem /root/android-ndk-r15c/sysroot/usr/include/arm-linux-androideabi  -march=armv7-a -mthumb -mfpu=neon -mfloat-abi=softfp -funwind-tables -no-canonical-prefixes -D__ANDROID_API__=16 -fexceptions  -g -fPIE   -o CMakeFiles/cmTC_6a5a5.dir/CheckSymbolExists.c.o   -c /root/linphone/linphone-android/WORK/android-armv7/Build/bellesip/CMakeFiles/CMakeTmp/CheckSymbolExists.c
/root/linphone/linphone-android/WORK/android-armv7/Build/bellesip/CMakeFiles/CMakeTmp/CheckSymbolExists.c:8:19: error: use of undeclared identifier 'res_ndestroy'
  return ((int*)(&res_ndestroy))[argc];
                  ^
1 error generated.
CMakeFiles/cmTC_6a5a5.dir/build.make:65: recipe for target 'CMakeFiles/cmTC_6a5a5.dir/CheckSymbolExists.c.o' failed
make[5]: *** [CMakeFiles/cmTC_6a5a5.dir/CheckSymbolExists.c.o] Error 1
make[5]: Leaving directory '/root/linphone/linphone-android/WORK/android-armv7/Build/bellesip/CMakeFiles/CMakeTmp'
Makefile:126: recipe for target 'cmTC_6a5a5/fast' failed
make[4]: *** [cmTC_6a5a5/fast] Error 2
make[4]: Leaving directory '/root/linphone/linphone-android/WORK/android-armv7/Build/bellesip/CMakeFiles/CMakeTmp'

File /root/linphone/linphone-android/WORK/android-armv7/Build/bellesip/CMakeFiles/CMakeTmp/CheckSymbolExists.c:
/* */
#include <resolv.h>

int main(int argc, char** argv)
{
  (void)argv;
#ifndef res_ndestroy
  return ((int*)(&res_ndestroy))[argc];
#else
  (void)argc;
  return 0;
#endif
}

Performing C SOURCE FILE Test HAVE_RES_GETSERVERS failed with the following output:
Change Dir: /root/linphone/linphone-android/WORK/android-armv7/Build/bellesip/CMakeFiles/CMakeTmp

Run Build Command:"/usr/bin/make" "cmTC_deab3/fast"
make[4]: Entering directory '/root/linphone/linphone-android/WORK/android-armv7/Build/bellesip/CMakeFiles/CMakeTmp'
/usr/bin/make -f CMakeFiles/cmTC_deab3.dir/build.make CMakeFiles/cmTC_deab3.dir/build
make[5]: Entering directory '/root/linphone/linphone-android/WORK/android-armv7/Build/bellesip/CMakeFiles/CMakeTmp'
Building C object CMakeFiles/cmTC_deab3.dir/src.c.o
/root/android-ndk-r15c/toolchains/llvm/prebuilt/linux-x86_64/bin/clang --target=armv7-none-linux-androideabi --gcc-toolchain=/root/android-ndk-r15c/toolchains/arm-linux-androideabi-4.9/prebuilt/linux-x86_64 --sysroot=/root/android-ndk-r15c/sysroot  -isystem /root/android-ndk-r15c/sysroot/usr/include -isystem /root/android-ndk-r15c/sysroot/usr/include/arm-linux-androideabi  -march=armv7-a -mthumb -mfpu=neon -mfloat-abi=softfp -funwind-tables -no-canonical-prefixes -D__ANDROID_API__=16 -fexceptions -DHAVE_RES_GETSERVERS -g -fPIE   -o CMakeFiles/cmTC_deab3.dir/src.c.o   -c /root/linphone/linphone-android/WORK/android-armv7/Build/bellesip/CMakeFiles/CMakeTmp/src.c
/root/linphone/linphone-android/WORK/android-armv7/Build/bellesip/CMakeFiles/CMakeTmp/src.c:3:1: warning: implicit declaration of function 'res_getservers' is invalid in C99 [-Wimplicit-function-declaration]
res_getservers(NULL,NULL,0);
^
1 warning generated.
Linking C executable cmTC_deab3
/usr/local/bin/cmake -E cmake_link_script CMakeFiles/cmTC_deab3.dir/link.txt --verbose=1
/root/android-ndk-r15c/toolchains/llvm/prebuilt/linux-x86_64/bin/clang --target=armv7-none-linux-androideabi --gcc-toolchain=/root/android-ndk-r15c/toolchains/arm-linux-androideabi-4.9/prebuilt/linux-x86_64 --sysroot=/root/android-ndk-r15c/platforms/android-16/arch-arm -march=armv7-a -mthumb -mfpu=neon -mfloat-abi=softfp -funwind-tables -no-canonical-prefixes -D__ANDROID_API__=16 -fexceptions -DHAVE_RES_GETSERVERS -g  -Wl,--fix-cortex-a8  -fPIE -pie -Wl,--gc-sections -Wl,-z,nocopyreloc  CMakeFiles/cmTC_deab3.dir/src.c.o  -o cmTC_deab3 -lresolv 
/root/android-ndk-r15c/toolchains/arm-linux-androideabi-4.9/prebuilt/linux-x86_64/lib/gcc/arm-linux-androideabi/4.9.x/../../../../arm-linux-androideabi/bin/ld: error: cannot find -lresolv
/root/linphone/linphone-android/WORK/android-armv7/Build/bellesip/CMakeFiles/CMakeTmp/src.c:3: error: undefined reference to 'res_getservers'
clang: error: linker command failed with exit code 1 (use -v to see invocation)
CMakeFiles/cmTC_deab3.dir/build.make:86: recipe for target 'cmTC_deab3' failed
make[5]: *** [cmTC_deab3] Error 1
make[5]: Leaving directory '/root/linphone/linphone-android/WORK/android-armv7/Build/bellesip/CMakeFiles/CMakeTmp'
Makefile:126: recipe for target 'cmTC_deab3/fast' failed
make[4]: *** [cmTC_deab3/fast] Error 2
make[4]: Leaving directory '/root/linphone/linphone-android/WORK/android-armv7/Build/bellesip/CMakeFiles/CMakeTmp'

Source file was:
#include <resolv.h>
int main(int argc, char *argv[]) {
res_getservers(NULL,NULL,0);
return 0;
}
Determining if the include file socket.h exists failed with the following output:
Change Dir: /root/linphone/linphone-android/WORK/android-armv7/Build/bellesip/CMakeFiles/CMakeTmp

Run Build Command:"/usr/bin/make" "cmTC_88376/fast"
make[4]: Entering directory '/root/linphone/linphone-android/WORK/android-armv7/Build/bellesip/CMakeFiles/CMakeTmp'
/usr/bin/make -f CMakeFiles/cmTC_88376.dir/build.make CMakeFiles/cmTC_88376.dir/build
make[5]: Entering directory '/root/linphone/linphone-android/WORK/android-armv7/Build/bellesip/CMakeFiles/CMakeTmp'
Building C object CMakeFiles/cmTC_88376.dir/CheckIncludeFile.c.o
/root/android-ndk-r15c/toolchains/llvm/prebuilt/linux-x86_64/bin/clang --target=armv7-none-linux-androideabi --gcc-toolchain=/root/android-ndk-r15c/toolchains/arm-linux-androideabi-4.9/prebuilt/linux-x86_64 --sysroot=/root/android-ndk-r15c/sysroot  -isystem /root/android-ndk-r15c/sysroot/usr/include -isystem /root/android-ndk-r15c/sysroot/usr/include/arm-linux-androideabi  -march=armv7-a -mthumb -mfpu=neon -mfloat-abi=softfp -funwind-tables -no-canonical-prefixes -D__ANDROID_API__=16 -fexceptions  -g -fPIE   -o CMakeFiles/cmTC_88376.dir/CheckIncludeFile.c.o   -c /root/linphone/linphone-android/WORK/android-armv7/Build/bellesip/CMakeFiles/CMakeTmp/CheckIncludeFile.c
/root/linphone/linphone-android/WORK/android-armv7/Build/bellesip/CMakeFiles/CMakeTmp/CheckIncludeFile.c:1:10: fatal error: 'socket.h' file not found
#include <socket.h>
         ^~~~~~~~~~
1 error generated.
CMakeFiles/cmTC_88376.dir/build.make:65: recipe for target 'CMakeFiles/cmTC_88376.dir/CheckIncludeFile.c.o' failed
make[5]: *** [CMakeFiles/cmTC_88376.dir/CheckIncludeFile.c.o] Error 1
make[5]: Leaving directory '/root/linphone/linphone-android/WORK/android-armv7/Build/bellesip/CMakeFiles/CMakeTmp'
Makefile:126: recipe for target 'cmTC_88376/fast' failed
make[4]: *** [cmTC_88376/fast] Error 2
make[4]: Leaving directory '/root/linphone/linphone-android/WORK/android-armv7/Build/bellesip/CMakeFiles/CMakeTmp'


Determining if the include file sys/malloc.h exists failed with the following output:
Change Dir: /root/linphone/linphone-android/WORK/android-armv7/Build/bellesip/CMakeFiles/CMakeTmp

Run Build Command:"/usr/bin/make" "cmTC_4429b/fast"
make[4]: Entering directory '/root/linphone/linphone-android/WORK/android-armv7/Build/bellesip/CMakeFiles/CMakeTmp'
/usr/bin/make -f CMakeFiles/cmTC_4429b.dir/build.make CMakeFiles/cmTC_4429b.dir/build
make[5]: Entering directory '/root/linphone/linphone-android/WORK/android-armv7/Build/bellesip/CMakeFiles/CMakeTmp'
Building C object CMakeFiles/cmTC_4429b.dir/CheckIncludeFile.c.o
/root/android-ndk-r15c/toolchains/llvm/prebuilt/linux-x86_64/bin/clang --target=armv7-none-linux-androideabi --gcc-toolchain=/root/android-ndk-r15c/toolchains/arm-linux-androideabi-4.9/prebuilt/linux-x86_64 --sysroot=/root/android-ndk-r15c/sysroot  -isystem /root/android-ndk-r15c/sysroot/usr/include -isystem /root/android-ndk-r15c/sysroot/usr/include/arm-linux-androideabi  -march=armv7-a -mthumb -mfpu=neon -mfloat-abi=softfp -funwind-tables -no-canonical-prefixes -D__ANDROID_API__=16 -fexceptions  -g -fPIE   -o CMakeFiles/cmTC_4429b.dir/CheckIncludeFile.c.o   -c /root/linphone/linphone-android/WORK/android-armv7/Build/bellesip/CMakeFiles/CMakeTmp/CheckIncludeFile.c
/root/linphone/linphone-android/WORK/android-armv7/Build/bellesip/CMakeFiles/CMakeTmp/CheckIncludeFile.c:1:10: fatal error: 'sys/malloc.h' file not found
#include <sys/malloc.h>
         ^~~~~~~~~~~~~~
1 error generated.
CMakeFiles/cmTC_4429b.dir/build.make:65: recipe for target 'CMakeFiles/cmTC_4429b.dir/CheckIncludeFile.c.o' failed
make[5]: *** [CMakeFiles/cmTC_4429b.dir/CheckIncludeFile.c.o] Error 1
make[5]: Leaving directory '/root/linphone/linphone-android/WORK/android-armv7/Build/bellesip/CMakeFiles/CMakeTmp'
Makefile:126: recipe for target 'cmTC_4429b/fast' failed
make[4]: *** [cmTC_4429b/fast] Error 2
make[4]: Leaving directory '/root/linphone/linphone-android/WORK/android-armv7/Build/bellesip/CMakeFiles/CMakeTmp'


