Determining if the include file machine/types.h exists failed with the following output:
Change Dir: /root/linphone/linphone-android/WORK/android-arm64/Build/srtp/CMakeFiles/CMakeTmp

Run Build Command:"/usr/bin/make" "cmTC_8438d/fast"
make[4]: Entering directory '/root/linphone/linphone-android/WORK/android-arm64/Build/srtp/CMakeFiles/CMakeTmp'
/usr/bin/make -f CMakeFiles/cmTC_8438d.dir/build.make CMakeFiles/cmTC_8438d.dir/build
make[5]: Entering directory '/root/linphone/linphone-android/WORK/android-arm64/Build/srtp/CMakeFiles/CMakeTmp'
Building C object CMakeFiles/cmTC_8438d.dir/CheckIncludeFile.c.o
/root/android-ndk-r15c/toolchains/llvm/prebuilt/linux-x86_64/bin/clang --target=aarch64-none-linux-android --gcc-toolchain=/root/android-ndk-r15c/toolchains/aarch64-linux-android-4.9/prebuilt/linux-x86_64 --sysroot=/root/android-ndk-r15c/sysroot  -isystem /root/android-ndk-r15c/sysroot/usr/include -isystem /root/android-ndk-r15c/sysroot/usr/include/aarch64-linux-android  -funwind-tables -no-canonical-prefixes -D__ANDROID_API__=21 -fexceptions  -g -fPIE   -o CMakeFiles/cmTC_8438d.dir/CheckIncludeFile.c.o   -c /root/linphone/linphone-android/WORK/android-arm64/Build/srtp/CMakeFiles/CMakeTmp/CheckIncludeFile.c
/root/linphone/linphone-android/WORK/android-arm64/Build/srtp/CMakeFiles/CMakeTmp/CheckIncludeFile.c:1:10: fatal error: 'machine/types.h' file not found
#include <machine/types.h>
         ^~~~~~~~~~~~~~~~~
1 error generated.
CMakeFiles/cmTC_8438d.dir/build.make:65: recipe for target 'CMakeFiles/cmTC_8438d.dir/CheckIncludeFile.c.o' failed
make[5]: *** [CMakeFiles/cmTC_8438d.dir/CheckIncludeFile.c.o] Error 1
make[5]: Leaving directory '/root/linphone/linphone-android/WORK/android-arm64/Build/srtp/CMakeFiles/CMakeTmp'
Makefile:126: recipe for target 'cmTC_8438d/fast' failed
make[4]: *** [cmTC_8438d/fast] Error 2
make[4]: Leaving directory '/root/linphone/linphone-android/WORK/android-arm64/Build/srtp/CMakeFiles/CMakeTmp'


Determining if the include file sys/int_types.h exists failed with the following output:
Change Dir: /root/linphone/linphone-android/WORK/android-arm64/Build/srtp/CMakeFiles/CMakeTmp

Run Build Command:"/usr/bin/make" "cmTC_0e2ab/fast"
make[4]: Entering directory '/root/linphone/linphone-android/WORK/android-arm64/Build/srtp/CMakeFiles/CMakeTmp'
/usr/bin/make -f CMakeFiles/cmTC_0e2ab.dir/build.make CMakeFiles/cmTC_0e2ab.dir/build
make[5]: Entering directory '/root/linphone/linphone-android/WORK/android-arm64/Build/srtp/CMakeFiles/CMakeTmp'
Building C object CMakeFiles/cmTC_0e2ab.dir/CheckIncludeFile.c.o
/root/android-ndk-r15c/toolchains/llvm/prebuilt/linux-x86_64/bin/clang --target=aarch64-none-linux-android --gcc-toolchain=/root/android-ndk-r15c/toolchains/aarch64-linux-android-4.9/prebuilt/linux-x86_64 --sysroot=/root/android-ndk-r15c/sysroot  -isystem /root/android-ndk-r15c/sysroot/usr/include -isystem /root/android-ndk-r15c/sysroot/usr/include/aarch64-linux-android  -funwind-tables -no-canonical-prefixes -D__ANDROID_API__=21 -fexceptions  -g -fPIE   -o CMakeFiles/cmTC_0e2ab.dir/CheckIncludeFile.c.o   -c /root/linphone/linphone-android/WORK/android-arm64/Build/srtp/CMakeFiles/CMakeTmp/CheckIncludeFile.c
/root/linphone/linphone-android/WORK/android-arm64/Build/srtp/CMakeFiles/CMakeTmp/CheckIncludeFile.c:1:10: fatal error: 'sys/int_types.h' file not found
#include <sys/int_types.h>
         ^~~~~~~~~~~~~~~~~
1 error generated.
CMakeFiles/cmTC_0e2ab.dir/build.make:65: recipe for target 'CMakeFiles/cmTC_0e2ab.dir/CheckIncludeFile.c.o' failed
make[5]: *** [CMakeFiles/cmTC_0e2ab.dir/CheckIncludeFile.c.o] Error 1
make[5]: Leaving directory '/root/linphone/linphone-android/WORK/android-arm64/Build/srtp/CMakeFiles/CMakeTmp'
Makefile:126: recipe for target 'cmTC_0e2ab/fast' failed
make[4]: *** [cmTC_0e2ab/fast] Error 2
make[4]: Leaving directory '/root/linphone/linphone-android/WORK/android-arm64/Build/srtp/CMakeFiles/CMakeTmp'


Determining if the include file windows.h exists failed with the following output:
Change Dir: /root/linphone/linphone-android/WORK/android-arm64/Build/srtp/CMakeFiles/CMakeTmp

Run Build Command:"/usr/bin/make" "cmTC_ae341/fast"
make[4]: Entering directory '/root/linphone/linphone-android/WORK/android-arm64/Build/srtp/CMakeFiles/CMakeTmp'
/usr/bin/make -f CMakeFiles/cmTC_ae341.dir/build.make CMakeFiles/cmTC_ae341.dir/build
make[5]: Entering directory '/root/linphone/linphone-android/WORK/android-arm64/Build/srtp/CMakeFiles/CMakeTmp'
Building C object CMakeFiles/cmTC_ae341.dir/CheckIncludeFile.c.o
/root/android-ndk-r15c/toolchains/llvm/prebuilt/linux-x86_64/bin/clang --target=aarch64-none-linux-android --gcc-toolchain=/root/android-ndk-r15c/toolchains/aarch64-linux-android-4.9/prebuilt/linux-x86_64 --sysroot=/root/android-ndk-r15c/sysroot  -isystem /root/android-ndk-r15c/sysroot/usr/include -isystem /root/android-ndk-r15c/sysroot/usr/include/aarch64-linux-android  -funwind-tables -no-canonical-prefixes -D__ANDROID_API__=21 -fexceptions  -g -fPIE   -o CMakeFiles/cmTC_ae341.dir/CheckIncludeFile.c.o   -c /root/linphone/linphone-android/WORK/android-arm64/Build/srtp/CMakeFiles/CMakeTmp/CheckIncludeFile.c
/root/linphone/linphone-android/WORK/android-arm64/Build/srtp/CMakeFiles/CMakeTmp/CheckIncludeFile.c:1:10: fatal error: 'windows.h' file not found
#include <windows.h>
         ^~~~~~~~~~~
1 error generated.
CMakeFiles/cmTC_ae341.dir/build.make:65: recipe for target 'CMakeFiles/cmTC_ae341.dir/CheckIncludeFile.c.o' failed
make[5]: *** [CMakeFiles/cmTC_ae341.dir/CheckIncludeFile.c.o] Error 1
make[5]: Leaving directory '/root/linphone/linphone-android/WORK/android-arm64/Build/srtp/CMakeFiles/CMakeTmp'
Makefile:126: recipe for target 'cmTC_ae341/fast' failed
make[4]: *** [cmTC_ae341/fast] Error 2
make[4]: Leaving directory '/root/linphone/linphone-android/WORK/android-arm64/Build/srtp/CMakeFiles/CMakeTmp'


