The target system is: Android - 16 - i686
The host system is: Linux - 4.15.0-041500-generic - x86_64
Compiling the C compiler identification source file "CMakeCCompilerId.c" succeeded.
Compiler: /root/android-ndk-r15c/toolchains/llvm/prebuilt/linux-x86_64/bin/clang 
Build flags: 
Id flags:  

The output was:
0


Compilation of the C compiler identification source "CMakeCCompilerId.c" produced "a.out"

The C compiler identification is Clang, found in "/root/linphone/linphone-android/WORK/android-x86/Build/bellesip/CMakeFiles/3.11.0-rc2/CompilerIdC/a.out"

Compiling the CXX compiler identification source file "CMakeCXXCompilerId.cpp" succeeded.
Compiler: /root/android-ndk-r15c/toolchains/llvm/prebuilt/linux-x86_64/bin/clang++ 
Build flags: 
Id flags:  

The output was:
0


Compilation of the CXX compiler identification source "CMakeCXXCompilerId.cpp" produced "a.out"

The CXX compiler identification is Clang, found in "/root/linphone/linphone-android/WORK/android-x86/Build/bellesip/CMakeFiles/3.11.0-rc2/CompilerIdCXX/a.out"

Determining if the C compiler works passed with the following output:
Change Dir: /root/linphone/linphone-android/WORK/android-x86/Build/bellesip/CMakeFiles/CMakeTmp

Run Build Command:"/usr/bin/make" "cmTC_c7817/fast"
make[4]: Entering directory '/root/linphone/linphone-android/WORK/android-x86/Build/bellesip/CMakeFiles/CMakeTmp'
/usr/bin/make -f CMakeFiles/cmTC_c7817.dir/build.make CMakeFiles/cmTC_c7817.dir/build
make[5]: Entering directory '/root/linphone/linphone-android/WORK/android-x86/Build/bellesip/CMakeFiles/CMakeTmp'
Building C object CMakeFiles/cmTC_c7817.dir/testCCompiler.c.o
/root/android-ndk-r15c/toolchains/llvm/prebuilt/linux-x86_64/bin/clang --target=i686-none-linux-android --gcc-toolchain=/root/android-ndk-r15c/toolchains/x86-4.9/prebuilt/linux-x86_64 --sysroot=/root/android-ndk-r15c/sysroot  -isystem /root/android-ndk-r15c/sysroot/usr/include -isystem /root/android-ndk-r15c/sysroot/usr/include/i686-linux-android  -funwind-tables -no-canonical-prefixes -D__ANDROID_API__=16 -fexceptions  -g -fPIE   -o CMakeFiles/cmTC_c7817.dir/testCCompiler.c.o   -c /root/linphone/linphone-android/WORK/android-x86/Build/bellesip/CMakeFiles/CMakeTmp/testCCompiler.c
Linking C executable cmTC_c7817
/usr/local/bin/cmake -E cmake_link_script CMakeFiles/cmTC_c7817.dir/link.txt --verbose=1
/root/android-ndk-r15c/toolchains/llvm/prebuilt/linux-x86_64/bin/clang --target=i686-none-linux-android --gcc-toolchain=/root/android-ndk-r15c/toolchains/x86-4.9/prebuilt/linux-x86_64 --sysroot=/root/android-ndk-r15c/platforms/android-16/arch-x86 -funwind-tables -no-canonical-prefixes -D__ANDROID_API__=16 -fexceptions  -g  -fPIE -pie -Wl,--gc-sections -Wl,-z,nocopyreloc  CMakeFiles/cmTC_c7817.dir/testCCompiler.c.o  -o cmTC_c7817 
make[5]: Leaving directory '/root/linphone/linphone-android/WORK/android-x86/Build/bellesip/CMakeFiles/CMakeTmp'
make[4]: Leaving directory '/root/linphone/linphone-android/WORK/android-x86/Build/bellesip/CMakeFiles/CMakeTmp'


Detecting C compiler ABI info compiled with the following output:
Change Dir: /root/linphone/linphone-android/WORK/android-x86/Build/bellesip/CMakeFiles/CMakeTmp

Run Build Command:"/usr/bin/make" "cmTC_f0e98/fast"
make[4]: Entering directory '/root/linphone/linphone-android/WORK/android-x86/Build/bellesip/CMakeFiles/CMakeTmp'
/usr/bin/make -f CMakeFiles/cmTC_f0e98.dir/build.make CMakeFiles/cmTC_f0e98.dir/build
make[5]: Entering directory '/root/linphone/linphone-android/WORK/android-x86/Build/bellesip/CMakeFiles/CMakeTmp'
Building C object CMakeFiles/cmTC_f0e98.dir/CMakeCCompilerABI.c.o
/root/android-ndk-r15c/toolchains/llvm/prebuilt/linux-x86_64/bin/clang --target=i686-none-linux-android --gcc-toolchain=/root/android-ndk-r15c/toolchains/x86-4.9/prebuilt/linux-x86_64 --sysroot=/root/android-ndk-r15c/sysroot  -isystem /root/android-ndk-r15c/sysroot/usr/include -isystem /root/android-ndk-r15c/sysroot/usr/include/i686-linux-android  -funwind-tables -no-canonical-prefixes -D__ANDROID_API__=16 -fexceptions  -g -fPIE   -o CMakeFiles/cmTC_f0e98.dir/CMakeCCompilerABI.c.o   -c /usr/local/share/cmake-3.11/Modules/CMakeCCompilerABI.c
Linking C executable cmTC_f0e98
/usr/local/bin/cmake -E cmake_link_script CMakeFiles/cmTC_f0e98.dir/link.txt --verbose=1
/root/android-ndk-r15c/toolchains/llvm/prebuilt/linux-x86_64/bin/clang --target=i686-none-linux-android --gcc-toolchain=/root/android-ndk-r15c/toolchains/x86-4.9/prebuilt/linux-x86_64 --sysroot=/root/android-ndk-r15c/platforms/android-16/arch-x86 -funwind-tables -no-canonical-prefixes -D__ANDROID_API__=16 -fexceptions  -g  -fPIE -pie -Wl,--gc-sections -Wl,-z,nocopyreloc -v CMakeFiles/cmTC_f0e98.dir/CMakeCCompilerABI.c.o  -o cmTC_f0e98 
Android clang version 5.0.300080  (based on LLVM 5.0.300080)
Target: i686-none-linux-android
Thread model: posix
InstalledDir: /root/android-ndk-r15c/toolchains/llvm/prebuilt/linux-x86_64/bin
Found candidate GCC installation: /root/android-ndk-r15c/toolchains/x86-4.9/prebuilt/linux-x86_64/lib/gcc/i686-linux-android/4.9.x
Selected GCC installation: /root/android-ndk-r15c/toolchains/x86-4.9/prebuilt/linux-x86_64/lib/gcc/i686-linux-android/4.9.x
Candidate multilib: .;@m32
Selected multilib: .;@m32
 "/root/android-ndk-r15c/toolchains/x86-4.9/prebuilt/linux-x86_64/lib/gcc/i686-linux-android/4.9.x/../../../../i686-linux-android/bin/ld" --sysroot=/root/android-ndk-r15c/platforms/android-16/arch-x86 -pie -z relro --eh-frame-hdr -m elf_i386 -dynamic-linker /system/bin/linker -o cmTC_f0e98 /root/android-ndk-r15c/platforms/android-16/arch-x86/usr/lib/crtbegin_dynamic.o -L/root/android-ndk-r15c/toolchains/llvm/prebuilt/linux-x86_64/lib64/clang/5.0.300080/lib/linux/i386 -L/root/android-ndk-r15c/toolchains/x86-4.9/prebuilt/linux-x86_64/lib/gcc/i686-linux-android/4.9.x -L/root/android-ndk-r15c/toolchains/x86-4.9/prebuilt/linux-x86_64/lib/gcc/i686-linux-android/4.9.x/../../../../i686-linux-android/lib -L/root/android-ndk-r15c/platforms/android-16/arch-x86/usr/lib --gc-sections -z nocopyreloc CMakeFiles/cmTC_f0e98.dir/CMakeCCompilerABI.c.o -lgcc -ldl -lc -lgcc -ldl /root/android-ndk-r15c/platforms/android-16/arch-x86/usr/lib/crtend_android.o
make[5]: Leaving directory '/root/linphone/linphone-android/WORK/android-x86/Build/bellesip/CMakeFiles/CMakeTmp'
make[4]: Leaving directory '/root/linphone/linphone-android/WORK/android-x86/Build/bellesip/CMakeFiles/CMakeTmp'


Parsed C implicit link information from above output:
  link line regex: [^( *|.*[/\])(i686-linux-android-ld|CMAKE_LINK_STARTFILE-NOTFOUND|([^/\]+-)?ld|collect2)[^/\]*( |$)]
  ignore line: [Change Dir: /root/linphone/linphone-android/WORK/android-x86/Build/bellesip/CMakeFiles/CMakeTmp]
  ignore line: []
  ignore line: [Run Build Command:"/usr/bin/make" "cmTC_f0e98/fast"]
  ignore line: [make[4]: Entering directory '/root/linphone/linphone-android/WORK/android-x86/Build/bellesip/CMakeFiles/CMakeTmp']
  ignore line: [/usr/bin/make -f CMakeFiles/cmTC_f0e98.dir/build.make CMakeFiles/cmTC_f0e98.dir/build]
  ignore line: [make[5]: Entering directory '/root/linphone/linphone-android/WORK/android-x86/Build/bellesip/CMakeFiles/CMakeTmp']
  ignore line: [Building C object CMakeFiles/cmTC_f0e98.dir/CMakeCCompilerABI.c.o]
  ignore line: [/root/android-ndk-r15c/toolchains/llvm/prebuilt/linux-x86_64/bin/clang --target=i686-none-linux-android --gcc-toolchain=/root/android-ndk-r15c/toolchains/x86-4.9/prebuilt/linux-x86_64 --sysroot=/root/android-ndk-r15c/sysroot  -isystem /root/android-ndk-r15c/sysroot/usr/include -isystem /root/android-ndk-r15c/sysroot/usr/include/i686-linux-android  -funwind-tables -no-canonical-prefixes -D__ANDROID_API__=16 -fexceptions  -g -fPIE   -o CMakeFiles/cmTC_f0e98.dir/CMakeCCompilerABI.c.o   -c /usr/local/share/cmake-3.11/Modules/CMakeCCompilerABI.c]
  ignore line: [Linking C executable cmTC_f0e98]
  ignore line: [/usr/local/bin/cmake -E cmake_link_script CMakeFiles/cmTC_f0e98.dir/link.txt --verbose=1]
  ignore line: [/root/android-ndk-r15c/toolchains/llvm/prebuilt/linux-x86_64/bin/clang --target=i686-none-linux-android --gcc-toolchain=/root/android-ndk-r15c/toolchains/x86-4.9/prebuilt/linux-x86_64 --sysroot=/root/android-ndk-r15c/platforms/android-16/arch-x86 -funwind-tables -no-canonical-prefixes -D__ANDROID_API__=16 -fexceptions  -g  -fPIE -pie -Wl,--gc-sections -Wl,-z,nocopyreloc -v CMakeFiles/cmTC_f0e98.dir/CMakeCCompilerABI.c.o  -o cmTC_f0e98 ]
  ignore line: [Android clang version 5.0.300080  (based on LLVM 5.0.300080)]
  ignore line: [Target: i686-none-linux-android]
  ignore line: [Thread model: posix]
  ignore line: [InstalledDir: /root/android-ndk-r15c/toolchains/llvm/prebuilt/linux-x86_64/bin]
  ignore line: [Found candidate GCC installation: /root/android-ndk-r15c/toolchains/x86-4.9/prebuilt/linux-x86_64/lib/gcc/i686-linux-android/4.9.x]
  ignore line: [Selected GCC installation: /root/android-ndk-r15c/toolchains/x86-4.9/prebuilt/linux-x86_64/lib/gcc/i686-linux-android/4.9.x]
  ignore line: [Candidate multilib: .]
  ignore line: [@m32]
  ignore line: [Selected multilib: .]
  ignore line: [@m32]
  link line: [ "/root/android-ndk-r15c/toolchains/x86-4.9/prebuilt/linux-x86_64/lib/gcc/i686-linux-android/4.9.x/../../../../i686-linux-android/bin/ld" --sysroot=/root/android-ndk-r15c/platforms/android-16/arch-x86 -pie -z relro --eh-frame-hdr -m elf_i386 -dynamic-linker /system/bin/linker -o cmTC_f0e98 /root/android-ndk-r15c/platforms/android-16/arch-x86/usr/lib/crtbegin_dynamic.o -L/root/android-ndk-r15c/toolchains/llvm/prebuilt/linux-x86_64/lib64/clang/5.0.300080/lib/linux/i386 -L/root/android-ndk-r15c/toolchains/x86-4.9/prebuilt/linux-x86_64/lib/gcc/i686-linux-android/4.9.x -L/root/android-ndk-r15c/toolchains/x86-4.9/prebuilt/linux-x86_64/lib/gcc/i686-linux-android/4.9.x/../../../../i686-linux-android/lib -L/root/android-ndk-r15c/platforms/android-16/arch-x86/usr/lib --gc-sections -z nocopyreloc CMakeFiles/cmTC_f0e98.dir/CMakeCCompilerABI.c.o -lgcc -ldl -lc -lgcc -ldl /root/android-ndk-r15c/platforms/android-16/arch-x86/usr/lib/crtend_android.o]
    arg [/root/android-ndk-r15c/toolchains/x86-4.9/prebuilt/linux-x86_64/lib/gcc/i686-linux-android/4.9.x/../../../../i686-linux-android/bin/ld] ==> ignore
    arg [--sysroot=/root/android-ndk-r15c/platforms/android-16/arch-x86] ==> ignore
    arg [-pie] ==> ignore
    arg [-zrelro] ==> ignore
    arg [--eh-frame-hdr] ==> ignore
    arg [-m] ==> ignore
    arg [elf_i386] ==> ignore
    arg [-dynamic-linker] ==> ignore
    arg [/system/bin/linker] ==> ignore
    arg [-o] ==> ignore
    arg [cmTC_f0e98] ==> ignore
    arg [/root/android-ndk-r15c/platforms/android-16/arch-x86/usr/lib/crtbegin_dynamic.o] ==> ignore
    arg [-L/root/android-ndk-r15c/toolchains/llvm/prebuilt/linux-x86_64/lib64/clang/5.0.300080/lib/linux/i386] ==> dir [/root/android-ndk-r15c/toolchains/llvm/prebuilt/linux-x86_64/lib64/clang/5.0.300080/lib/linux/i386]
    arg [-L/root/android-ndk-r15c/toolchains/x86-4.9/prebuilt/linux-x86_64/lib/gcc/i686-linux-android/4.9.x] ==> dir [/root/android-ndk-r15c/toolchains/x86-4.9/prebuilt/linux-x86_64/lib/gcc/i686-linux-android/4.9.x]
    arg [-L/root/android-ndk-r15c/toolchains/x86-4.9/prebuilt/linux-x86_64/lib/gcc/i686-linux-android/4.9.x/../../../../i686-linux-android/lib] ==> dir [/root/android-ndk-r15c/toolchains/x86-4.9/prebuilt/linux-x86_64/lib/gcc/i686-linux-android/4.9.x/../../../../i686-linux-android/lib]
    arg [-L/root/android-ndk-r15c/platforms/android-16/arch-x86/usr/lib] ==> dir [/root/android-ndk-r15c/platforms/android-16/arch-x86/usr/lib]
    arg [--gc-sections] ==> ignore
    arg [-znocopyreloc] ==> ignore
    arg [CMakeFiles/cmTC_f0e98.dir/CMakeCCompilerABI.c.o] ==> ignore
    arg [-lgcc] ==> lib [gcc]
    arg [-ldl] ==> lib [dl]
    arg [-lc] ==> lib [c]
    arg [-lgcc] ==> lib [gcc]
    arg [-ldl] ==> lib [dl]
    arg [/root/android-ndk-r15c/platforms/android-16/arch-x86/usr/lib/crtend_android.o] ==> ignore
  collapse library dir [/root/android-ndk-r15c/toolchains/llvm/prebuilt/linux-x86_64/lib64/clang/5.0.300080/lib/linux/i386] ==> [/root/android-ndk-r15c/toolchains/llvm/prebuilt/linux-x86_64/lib64/clang/5.0.300080/lib/linux/i386]
  collapse library dir [/root/android-ndk-r15c/toolchains/x86-4.9/prebuilt/linux-x86_64/lib/gcc/i686-linux-android/4.9.x] ==> [/root/android-ndk-r15c/toolchains/x86-4.9/prebuilt/linux-x86_64/lib/gcc/i686-linux-android/4.9.x]
  collapse library dir [/root/android-ndk-r15c/toolchains/x86-4.9/prebuilt/linux-x86_64/lib/gcc/i686-linux-android/4.9.x/../../../../i686-linux-android/lib] ==> [/root/android-ndk-r15c/toolchains/x86-4.9/prebuilt/linux-x86_64/i686-linux-android/lib]
  collapse library dir [/root/android-ndk-r15c/platforms/android-16/arch-x86/usr/lib] ==> [/root/android-ndk-r15c/platforms/android-16/arch-x86/usr/lib]
  implicit libs: [gcc;dl;c;gcc;dl]
  implicit dirs: [/root/android-ndk-r15c/toolchains/llvm/prebuilt/linux-x86_64/lib64/clang/5.0.300080/lib/linux/i386;/root/android-ndk-r15c/toolchains/x86-4.9/prebuilt/linux-x86_64/lib/gcc/i686-linux-android/4.9.x;/root/android-ndk-r15c/toolchains/x86-4.9/prebuilt/linux-x86_64/i686-linux-android/lib;/root/android-ndk-r15c/platforms/android-16/arch-x86/usr/lib]
  implicit fwks: []




Detecting C [-std=c11] compiler features compiled with the following output:
Change Dir: /root/linphone/linphone-android/WORK/android-x86/Build/bellesip/CMakeFiles/CMakeTmp

Run Build Command:"/usr/bin/make" "cmTC_2099f/fast"
make[4]: Entering directory '/root/linphone/linphone-android/WORK/android-x86/Build/bellesip/CMakeFiles/CMakeTmp'
/usr/bin/make -f CMakeFiles/cmTC_2099f.dir/build.make CMakeFiles/cmTC_2099f.dir/build
make[5]: Entering directory '/root/linphone/linphone-android/WORK/android-x86/Build/bellesip/CMakeFiles/CMakeTmp'
Building C object CMakeFiles/cmTC_2099f.dir/feature_tests.c.o
/root/android-ndk-r15c/toolchains/llvm/prebuilt/linux-x86_64/bin/clang --target=i686-none-linux-android --gcc-toolchain=/root/android-ndk-r15c/toolchains/x86-4.9/prebuilt/linux-x86_64 --sysroot=/root/android-ndk-r15c/sysroot  -isystem /root/android-ndk-r15c/sysroot/usr/include -isystem /root/android-ndk-r15c/sysroot/usr/include/i686-linux-android  -funwind-tables -no-canonical-prefixes -D__ANDROID_API__=16 -fexceptions  -g -fPIE   -std=c11 -o CMakeFiles/cmTC_2099f.dir/feature_tests.c.o   -c /root/linphone/linphone-android/WORK/android-x86/Build/bellesip/CMakeFiles/feature_tests.c
Linking C executable cmTC_2099f
/usr/local/bin/cmake -E cmake_link_script CMakeFiles/cmTC_2099f.dir/link.txt --verbose=1
/root/android-ndk-r15c/toolchains/llvm/prebuilt/linux-x86_64/bin/clang --target=i686-none-linux-android --gcc-toolchain=/root/android-ndk-r15c/toolchains/x86-4.9/prebuilt/linux-x86_64 --sysroot=/root/android-ndk-r15c/platforms/android-16/arch-x86 -funwind-tables -no-canonical-prefixes -D__ANDROID_API__=16 -fexceptions  -g  -fPIE -pie -Wl,--gc-sections -Wl,-z,nocopyreloc  CMakeFiles/cmTC_2099f.dir/feature_tests.c.o  -o cmTC_2099f 
make[5]: Leaving directory '/root/linphone/linphone-android/WORK/android-x86/Build/bellesip/CMakeFiles/CMakeTmp'
make[4]: Leaving directory '/root/linphone/linphone-android/WORK/android-x86/Build/bellesip/CMakeFiles/CMakeTmp'


    Feature record: C_FEATURE:1c_function_prototypes
    Feature record: C_FEATURE:1c_restrict
    Feature record: C_FEATURE:1c_static_assert
    Feature record: C_FEATURE:1c_variadic_macros


Detecting C [-std=c99] compiler features compiled with the following output:
Change Dir: /root/linphone/linphone-android/WORK/android-x86/Build/bellesip/CMakeFiles/CMakeTmp

Run Build Command:"/usr/bin/make" "cmTC_3906d/fast"
make[4]: Entering directory '/root/linphone/linphone-android/WORK/android-x86/Build/bellesip/CMakeFiles/CMakeTmp'
/usr/bin/make -f CMakeFiles/cmTC_3906d.dir/build.make CMakeFiles/cmTC_3906d.dir/build
make[5]: Entering directory '/root/linphone/linphone-android/WORK/android-x86/Build/bellesip/CMakeFiles/CMakeTmp'
Building C object CMakeFiles/cmTC_3906d.dir/feature_tests.c.o
/root/android-ndk-r15c/toolchains/llvm/prebuilt/linux-x86_64/bin/clang --target=i686-none-linux-android --gcc-toolchain=/root/android-ndk-r15c/toolchains/x86-4.9/prebuilt/linux-x86_64 --sysroot=/root/android-ndk-r15c/sysroot  -isystem /root/android-ndk-r15c/sysroot/usr/include -isystem /root/android-ndk-r15c/sysroot/usr/include/i686-linux-android  -funwind-tables -no-canonical-prefixes -D__ANDROID_API__=16 -fexceptions  -g -fPIE   -std=c99 -o CMakeFiles/cmTC_3906d.dir/feature_tests.c.o   -c /root/linphone/linphone-android/WORK/android-x86/Build/bellesip/CMakeFiles/feature_tests.c
Linking C executable cmTC_3906d
/usr/local/bin/cmake -E cmake_link_script CMakeFiles/cmTC_3906d.dir/link.txt --verbose=1
/root/android-ndk-r15c/toolchains/llvm/prebuilt/linux-x86_64/bin/clang --target=i686-none-linux-android --gcc-toolchain=/root/android-ndk-r15c/toolchains/x86-4.9/prebuilt/linux-x86_64 --sysroot=/root/android-ndk-r15c/platforms/android-16/arch-x86 -funwind-tables -no-canonical-prefixes -D__ANDROID_API__=16 -fexceptions  -g  -fPIE -pie -Wl,--gc-sections -Wl,-z,nocopyreloc  CMakeFiles/cmTC_3906d.dir/feature_tests.c.o  -o cmTC_3906d 
make[5]: Leaving directory '/root/linphone/linphone-android/WORK/android-x86/Build/bellesip/CMakeFiles/CMakeTmp'
make[4]: Leaving directory '/root/linphone/linphone-android/WORK/android-x86/Build/bellesip/CMakeFiles/CMakeTmp'


    Feature record: C_FEATURE:1c_function_prototypes
    Feature record: C_FEATURE:1c_restrict
    Feature record: C_FEATURE:0c_static_assert
    Feature record: C_FEATURE:1c_variadic_macros


Detecting C [-std=c90] compiler features compiled with the following output:
Change Dir: /root/linphone/linphone-android/WORK/android-x86/Build/bellesip/CMakeFiles/CMakeTmp

Run Build Command:"/usr/bin/make" "cmTC_2269d/fast"
make[4]: Entering directory '/root/linphone/linphone-android/WORK/android-x86/Build/bellesip/CMakeFiles/CMakeTmp'
/usr/bin/make -f CMakeFiles/cmTC_2269d.dir/build.make CMakeFiles/cmTC_2269d.dir/build
make[5]: Entering directory '/root/linphone/linphone-android/WORK/android-x86/Build/bellesip/CMakeFiles/CMakeTmp'
Building C object CMakeFiles/cmTC_2269d.dir/feature_tests.c.o
/root/android-ndk-r15c/toolchains/llvm/prebuilt/linux-x86_64/bin/clang --target=i686-none-linux-android --gcc-toolchain=/root/android-ndk-r15c/toolchains/x86-4.9/prebuilt/linux-x86_64 --sysroot=/root/android-ndk-r15c/sysroot  -isystem /root/android-ndk-r15c/sysroot/usr/include -isystem /root/android-ndk-r15c/sysroot/usr/include/i686-linux-android  -funwind-tables -no-canonical-prefixes -D__ANDROID_API__=16 -fexceptions  -g -fPIE   -std=c90 -o CMakeFiles/cmTC_2269d.dir/feature_tests.c.o   -c /root/linphone/linphone-android/WORK/android-x86/Build/bellesip/CMakeFiles/feature_tests.c
Linking C executable cmTC_2269d
/usr/local/bin/cmake -E cmake_link_script CMakeFiles/cmTC_2269d.dir/link.txt --verbose=1
/root/android-ndk-r15c/toolchains/llvm/prebuilt/linux-x86_64/bin/clang --target=i686-none-linux-android --gcc-toolchain=/root/android-ndk-r15c/toolchains/x86-4.9/prebuilt/linux-x86_64 --sysroot=/root/android-ndk-r15c/platforms/android-16/arch-x86 -funwind-tables -no-canonical-prefixes -D__ANDROID_API__=16 -fexceptions  -g  -fPIE -pie -Wl,--gc-sections -Wl,-z,nocopyreloc  CMakeFiles/cmTC_2269d.dir/feature_tests.c.o  -o cmTC_2269d 
make[5]: Leaving directory '/root/linphone/linphone-android/WORK/android-x86/Build/bellesip/CMakeFiles/CMakeTmp'
make[4]: Leaving directory '/root/linphone/linphone-android/WORK/android-x86/Build/bellesip/CMakeFiles/CMakeTmp'


    Feature record: C_FEATURE:1c_function_prototypes
    Feature record: C_FEATURE:0c_restrict
    Feature record: C_FEATURE:0c_static_assert
    Feature record: C_FEATURE:0c_variadic_macros
Determining if the CXX compiler works passed with the following output:
Change Dir: /root/linphone/linphone-android/WORK/android-x86/Build/bellesip/CMakeFiles/CMakeTmp

Run Build Command:"/usr/bin/make" "cmTC_7ac0c/fast"
make[4]: Entering directory '/root/linphone/linphone-android/WORK/android-x86/Build/bellesip/CMakeFiles/CMakeTmp'
/usr/bin/make -f CMakeFiles/cmTC_7ac0c.dir/build.make CMakeFiles/cmTC_7ac0c.dir/build
make[5]: Entering directory '/root/linphone/linphone-android/WORK/android-x86/Build/bellesip/CMakeFiles/CMakeTmp'
Building CXX object CMakeFiles/cmTC_7ac0c.dir/testCXXCompiler.cxx.o
/root/android-ndk-r15c/toolchains/llvm/prebuilt/linux-x86_64/bin/clang++ --target=i686-none-linux-android --gcc-toolchain=/root/android-ndk-r15c/toolchains/x86-4.9/prebuilt/linux-x86_64 --sysroot=/root/android-ndk-r15c/sysroot   -isystem /root/android-ndk-r15c/sources/cxx-stl/gnu-libstdc++/4.9/include -isystem /root/android-ndk-r15c/sources/cxx-stl/gnu-libstdc++/4.9/libs/x86/include -isystem /root/android-ndk-r15c/sources/cxx-stl/gnu-libstdc++/4.9/include/backward -isystem /root/android-ndk-r15c/sysroot/usr/include -isystem /root/android-ndk-r15c/sysroot/usr/include/i686-linux-android  -funwind-tables -no-canonical-prefixes -D__ANDROID_API__=16 -fexceptions -frtti  -g -fPIE   -o CMakeFiles/cmTC_7ac0c.dir/testCXXCompiler.cxx.o -c /root/linphone/linphone-android/WORK/android-x86/Build/bellesip/CMakeFiles/CMakeTmp/testCXXCompiler.cxx
Linking CXX executable cmTC_7ac0c
/usr/local/bin/cmake -E cmake_link_script CMakeFiles/cmTC_7ac0c.dir/link.txt --verbose=1
/root/android-ndk-r15c/toolchains/llvm/prebuilt/linux-x86_64/bin/clang++ --target=i686-none-linux-android --gcc-toolchain=/root/android-ndk-r15c/toolchains/x86-4.9/prebuilt/linux-x86_64 --sysroot=/root/android-ndk-r15c/platforms/android-16/arch-x86  -funwind-tables -no-canonical-prefixes -D__ANDROID_API__=16 -fexceptions -frtti  -g  -fPIE -pie -Wl,--gc-sections -Wl,-z,nocopyreloc  CMakeFiles/cmTC_7ac0c.dir/testCXXCompiler.cxx.o  -o cmTC_7ac0c  "/root/android-ndk-r15c/sources/cxx-stl/gnu-libstdc++/4.9/libs/x86/libgnustl_shared.so" 
make[5]: Leaving directory '/root/linphone/linphone-android/WORK/android-x86/Build/bellesip/CMakeFiles/CMakeTmp'
make[4]: Leaving directory '/root/linphone/linphone-android/WORK/android-x86/Build/bellesip/CMakeFiles/CMakeTmp'


Detecting CXX compiler ABI info compiled with the following output:
Change Dir: /root/linphone/linphone-android/WORK/android-x86/Build/bellesip/CMakeFiles/CMakeTmp

Run Build Command:"/usr/bin/make" "cmTC_782d9/fast"
make[4]: Entering directory '/root/linphone/linphone-android/WORK/android-x86/Build/bellesip/CMakeFiles/CMakeTmp'
/usr/bin/make -f CMakeFiles/cmTC_782d9.dir/build.make CMakeFiles/cmTC_782d9.dir/build
make[5]: Entering directory '/root/linphone/linphone-android/WORK/android-x86/Build/bellesip/CMakeFiles/CMakeTmp'
Building CXX object CMakeFiles/cmTC_782d9.dir/CMakeCXXCompilerABI.cpp.o
/root/android-ndk-r15c/toolchains/llvm/prebuilt/linux-x86_64/bin/clang++ --target=i686-none-linux-android --gcc-toolchain=/root/android-ndk-r15c/toolchains/x86-4.9/prebuilt/linux-x86_64 --sysroot=/root/android-ndk-r15c/sysroot   -isystem /root/android-ndk-r15c/sources/cxx-stl/gnu-libstdc++/4.9/include -isystem /root/android-ndk-r15c/sources/cxx-stl/gnu-libstdc++/4.9/libs/x86/include -isystem /root/android-ndk-r15c/sources/cxx-stl/gnu-libstdc++/4.9/include/backward -isystem /root/android-ndk-r15c/sysroot/usr/include -isystem /root/android-ndk-r15c/sysroot/usr/include/i686-linux-android  -funwind-tables -no-canonical-prefixes -D__ANDROID_API__=16 -fexceptions -frtti  -g -fPIE   -o CMakeFiles/cmTC_782d9.dir/CMakeCXXCompilerABI.cpp.o -c /usr/local/share/cmake-3.11/Modules/CMakeCXXCompilerABI.cpp
Linking CXX executable cmTC_782d9
/usr/local/bin/cmake -E cmake_link_script CMakeFiles/cmTC_782d9.dir/link.txt --verbose=1
/root/android-ndk-r15c/toolchains/llvm/prebuilt/linux-x86_64/bin/clang++ --target=i686-none-linux-android --gcc-toolchain=/root/android-ndk-r15c/toolchains/x86-4.9/prebuilt/linux-x86_64 --sysroot=/root/android-ndk-r15c/platforms/android-16/arch-x86  -funwind-tables -no-canonical-prefixes -D__ANDROID_API__=16 -fexceptions -frtti  -g  -fPIE -pie -Wl,--gc-sections -Wl,-z,nocopyreloc -v CMakeFiles/cmTC_782d9.dir/CMakeCXXCompilerABI.cpp.o  -o cmTC_782d9  "/root/android-ndk-r15c/sources/cxx-stl/gnu-libstdc++/4.9/libs/x86/libgnustl_shared.so" 
Android clang version 5.0.300080  (based on LLVM 5.0.300080)
Target: i686-none-linux-android
Thread model: posix
InstalledDir: /root/android-ndk-r15c/toolchains/llvm/prebuilt/linux-x86_64/bin
Found candidate GCC installation: /root/android-ndk-r15c/toolchains/x86-4.9/prebuilt/linux-x86_64/lib/gcc/i686-linux-android/4.9.x
Selected GCC installation: /root/android-ndk-r15c/toolchains/x86-4.9/prebuilt/linux-x86_64/lib/gcc/i686-linux-android/4.9.x
Candidate multilib: .;@m32
Selected multilib: .;@m32
 "/root/android-ndk-r15c/toolchains/x86-4.9/prebuilt/linux-x86_64/lib/gcc/i686-linux-android/4.9.x/../../../../i686-linux-android/bin/ld" --sysroot=/root/android-ndk-r15c/platforms/android-16/arch-x86 -pie -z relro --eh-frame-hdr -m elf_i386 -dynamic-linker /system/bin/linker -o cmTC_782d9 /root/android-ndk-r15c/platforms/android-16/arch-x86/usr/lib/crtbegin_dynamic.o -L/root/android-ndk-r15c/toolchains/llvm/prebuilt/linux-x86_64/lib64/clang/5.0.300080/lib/linux/i386 -L/root/android-ndk-r15c/toolchains/x86-4.9/prebuilt/linux-x86_64/lib/gcc/i686-linux-android/4.9.x -L/root/android-ndk-r15c/toolchains/x86-4.9/prebuilt/linux-x86_64/lib/gcc/i686-linux-android/4.9.x/../../../../i686-linux-android/lib -L/root/android-ndk-r15c/platforms/android-16/arch-x86/usr/lib --gc-sections -z nocopyreloc CMakeFiles/cmTC_782d9.dir/CMakeCXXCompilerABI.cpp.o /root/android-ndk-r15c/sources/cxx-stl/gnu-libstdc++/4.9/libs/x86/libgnustl_shared.so -lstdc++ -lm -lgcc -lgcc -ldl -lc -lgcc -lgcc -ldl /root/android-ndk-r15c/platforms/android-16/arch-x86/usr/lib/crtend_android.o
make[5]: Leaving directory '/root/linphone/linphone-android/WORK/android-x86/Build/bellesip/CMakeFiles/CMakeTmp'
make[4]: Leaving directory '/root/linphone/linphone-android/WORK/android-x86/Build/bellesip/CMakeFiles/CMakeTmp'


Parsed CXX implicit link information from above output:
  link line regex: [^( *|.*[/\])(i686-linux-android-ld|CMAKE_LINK_STARTFILE-NOTFOUND|([^/\]+-)?ld|collect2)[^/\]*( |$)]
  ignore line: [Change Dir: /root/linphone/linphone-android/WORK/android-x86/Build/bellesip/CMakeFiles/CMakeTmp]
  ignore line: []
  ignore line: [Run Build Command:"/usr/bin/make" "cmTC_782d9/fast"]
  ignore line: [make[4]: Entering directory '/root/linphone/linphone-android/WORK/android-x86/Build/bellesip/CMakeFiles/CMakeTmp']
  ignore line: [/usr/bin/make -f CMakeFiles/cmTC_782d9.dir/build.make CMakeFiles/cmTC_782d9.dir/build]
  ignore line: [make[5]: Entering directory '/root/linphone/linphone-android/WORK/android-x86/Build/bellesip/CMakeFiles/CMakeTmp']
  ignore line: [Building CXX object CMakeFiles/cmTC_782d9.dir/CMakeCXXCompilerABI.cpp.o]
  ignore line: [/root/android-ndk-r15c/toolchains/llvm/prebuilt/linux-x86_64/bin/clang++ --target=i686-none-linux-android --gcc-toolchain=/root/android-ndk-r15c/toolchains/x86-4.9/prebuilt/linux-x86_64 --sysroot=/root/android-ndk-r15c/sysroot   -isystem /root/android-ndk-r15c/sources/cxx-stl/gnu-libstdc++/4.9/include -isystem /root/android-ndk-r15c/sources/cxx-stl/gnu-libstdc++/4.9/libs/x86/include -isystem /root/android-ndk-r15c/sources/cxx-stl/gnu-libstdc++/4.9/include/backward -isystem /root/android-ndk-r15c/sysroot/usr/include -isystem /root/android-ndk-r15c/sysroot/usr/include/i686-linux-android  -funwind-tables -no-canonical-prefixes -D__ANDROID_API__=16 -fexceptions -frtti  -g -fPIE   -o CMakeFiles/cmTC_782d9.dir/CMakeCXXCompilerABI.cpp.o -c /usr/local/share/cmake-3.11/Modules/CMakeCXXCompilerABI.cpp]
  ignore line: [Linking CXX executable cmTC_782d9]
  ignore line: [/usr/local/bin/cmake -E cmake_link_script CMakeFiles/cmTC_782d9.dir/link.txt --verbose=1]
  ignore line: [/root/android-ndk-r15c/toolchains/llvm/prebuilt/linux-x86_64/bin/clang++ --target=i686-none-linux-android --gcc-toolchain=/root/android-ndk-r15c/toolchains/x86-4.9/prebuilt/linux-x86_64 --sysroot=/root/android-ndk-r15c/platforms/android-16/arch-x86  -funwind-tables -no-canonical-prefixes -D__ANDROID_API__=16 -fexceptions -frtti  -g  -fPIE -pie -Wl,--gc-sections -Wl,-z,nocopyreloc -v CMakeFiles/cmTC_782d9.dir/CMakeCXXCompilerABI.cpp.o  -o cmTC_782d9  "/root/android-ndk-r15c/sources/cxx-stl/gnu-libstdc++/4.9/libs/x86/libgnustl_shared.so" ]
  ignore line: [Android clang version 5.0.300080  (based on LLVM 5.0.300080)]
  ignore line: [Target: i686-none-linux-android]
  ignore line: [Thread model: posix]
  ignore line: [InstalledDir: /root/android-ndk-r15c/toolchains/llvm/prebuilt/linux-x86_64/bin]
  ignore line: [Found candidate GCC installation: /root/android-ndk-r15c/toolchains/x86-4.9/prebuilt/linux-x86_64/lib/gcc/i686-linux-android/4.9.x]
  ignore line: [Selected GCC installation: /root/android-ndk-r15c/toolchains/x86-4.9/prebuilt/linux-x86_64/lib/gcc/i686-linux-android/4.9.x]
  ignore line: [Candidate multilib: .]
  ignore line: [@m32]
  ignore line: [Selected multilib: .]
  ignore line: [@m32]
  link line: [ "/root/android-ndk-r15c/toolchains/x86-4.9/prebuilt/linux-x86_64/lib/gcc/i686-linux-android/4.9.x/../../../../i686-linux-android/bin/ld" --sysroot=/root/android-ndk-r15c/platforms/android-16/arch-x86 -pie -z relro --eh-frame-hdr -m elf_i386 -dynamic-linker /system/bin/linker -o cmTC_782d9 /root/android-ndk-r15c/platforms/android-16/arch-x86/usr/lib/crtbegin_dynamic.o -L/root/android-ndk-r15c/toolchains/llvm/prebuilt/linux-x86_64/lib64/clang/5.0.300080/lib/linux/i386 -L/root/android-ndk-r15c/toolchains/x86-4.9/prebuilt/linux-x86_64/lib/gcc/i686-linux-android/4.9.x -L/root/android-ndk-r15c/toolchains/x86-4.9/prebuilt/linux-x86_64/lib/gcc/i686-linux-android/4.9.x/../../../../i686-linux-android/lib -L/root/android-ndk-r15c/platforms/android-16/arch-x86/usr/lib --gc-sections -z nocopyreloc CMakeFiles/cmTC_782d9.dir/CMakeCXXCompilerABI.cpp.o /root/android-ndk-r15c/sources/cxx-stl/gnu-libstdc++/4.9/libs/x86/libgnustl_shared.so -lstdc++ -lm -lgcc -lgcc -ldl -lc -lgcc -lgcc -ldl /root/android-ndk-r15c/platforms/android-16/arch-x86/usr/lib/crtend_android.o]
    arg [/root/android-ndk-r15c/toolchains/x86-4.9/prebuilt/linux-x86_64/lib/gcc/i686-linux-android/4.9.x/../../../../i686-linux-android/bin/ld] ==> ignore
    arg [--sysroot=/root/android-ndk-r15c/platforms/android-16/arch-x86] ==> ignore
    arg [-pie] ==> ignore
    arg [-zrelro] ==> ignore
    arg [--eh-frame-hdr] ==> ignore
    arg [-m] ==> ignore
    arg [elf_i386] ==> ignore
    arg [-dynamic-linker] ==> ignore
    arg [/system/bin/linker] ==> ignore
    arg [-o] ==> ignore
    arg [cmTC_782d9] ==> ignore
    arg [/root/android-ndk-r15c/platforms/android-16/arch-x86/usr/lib/crtbegin_dynamic.o] ==> ignore
    arg [-L/root/android-ndk-r15c/toolchains/llvm/prebuilt/linux-x86_64/lib64/clang/5.0.300080/lib/linux/i386] ==> dir [/root/android-ndk-r15c/toolchains/llvm/prebuilt/linux-x86_64/lib64/clang/5.0.300080/lib/linux/i386]
    arg [-L/root/android-ndk-r15c/toolchains/x86-4.9/prebuilt/linux-x86_64/lib/gcc/i686-linux-android/4.9.x] ==> dir [/root/android-ndk-r15c/toolchains/x86-4.9/prebuilt/linux-x86_64/lib/gcc/i686-linux-android/4.9.x]
    arg [-L/root/android-ndk-r15c/toolchains/x86-4.9/prebuilt/linux-x86_64/lib/gcc/i686-linux-android/4.9.x/../../../../i686-linux-android/lib] ==> dir [/root/android-ndk-r15c/toolchains/x86-4.9/prebuilt/linux-x86_64/lib/gcc/i686-linux-android/4.9.x/../../../../i686-linux-android/lib]
    arg [-L/root/android-ndk-r15c/platforms/android-16/arch-x86/usr/lib] ==> dir [/root/android-ndk-r15c/platforms/android-16/arch-x86/usr/lib]
    arg [--gc-sections] ==> ignore
    arg [-znocopyreloc] ==> ignore
    arg [CMakeFiles/cmTC_782d9.dir/CMakeCXXCompilerABI.cpp.o] ==> ignore
    arg [/root/android-ndk-r15c/sources/cxx-stl/gnu-libstdc++/4.9/libs/x86/libgnustl_shared.so] ==> ignore
    arg [-lstdc++] ==> lib [stdc++]
    arg [-lm] ==> lib [m]
    arg [-lgcc] ==> lib [gcc]
    arg [-lgcc] ==> lib [gcc]
    arg [-ldl] ==> lib [dl]
    arg [-lc] ==> lib [c]
    arg [-lgcc] ==> lib [gcc]
    arg [-lgcc] ==> lib [gcc]
    arg [-ldl] ==> lib [dl]
    arg [/root/android-ndk-r15c/platforms/android-16/arch-x86/usr/lib/crtend_android.o] ==> ignore
  collapse library dir [/root/android-ndk-r15c/toolchains/llvm/prebuilt/linux-x86_64/lib64/clang/5.0.300080/lib/linux/i386] ==> [/root/android-ndk-r15c/toolchains/llvm/prebuilt/linux-x86_64/lib64/clang/5.0.300080/lib/linux/i386]
  collapse library dir [/root/android-ndk-r15c/toolchains/x86-4.9/prebuilt/linux-x86_64/lib/gcc/i686-linux-android/4.9.x] ==> [/root/android-ndk-r15c/toolchains/x86-4.9/prebuilt/linux-x86_64/lib/gcc/i686-linux-android/4.9.x]
  collapse library dir [/root/android-ndk-r15c/toolchains/x86-4.9/prebuilt/linux-x86_64/lib/gcc/i686-linux-android/4.9.x/../../../../i686-linux-android/lib] ==> [/root/android-ndk-r15c/toolchains/x86-4.9/prebuilt/linux-x86_64/i686-linux-android/lib]
  collapse library dir [/root/android-ndk-r15c/platforms/android-16/arch-x86/usr/lib] ==> [/root/android-ndk-r15c/platforms/android-16/arch-x86/usr/lib]
  implicit libs: [stdc++;m;gcc;gcc;dl;c;gcc;gcc;dl]
  implicit dirs: [/root/android-ndk-r15c/toolchains/llvm/prebuilt/linux-x86_64/lib64/clang/5.0.300080/lib/linux/i386;/root/android-ndk-r15c/toolchains/x86-4.9/prebuilt/linux-x86_64/lib/gcc/i686-linux-android/4.9.x;/root/android-ndk-r15c/toolchains/x86-4.9/prebuilt/linux-x86_64/i686-linux-android/lib;/root/android-ndk-r15c/platforms/android-16/arch-x86/usr/lib]
  implicit fwks: []




Detecting CXX [-std=c++1z] compiler features compiled with the following output:
Change Dir: /root/linphone/linphone-android/WORK/android-x86/Build/bellesip/CMakeFiles/CMakeTmp

Run Build Command:"/usr/bin/make" "cmTC_22ddc/fast"
make[4]: Entering directory '/root/linphone/linphone-android/WORK/android-x86/Build/bellesip/CMakeFiles/CMakeTmp'
/usr/bin/make -f CMakeFiles/cmTC_22ddc.dir/build.make CMakeFiles/cmTC_22ddc.dir/build
make[5]: Entering directory '/root/linphone/linphone-android/WORK/android-x86/Build/bellesip/CMakeFiles/CMakeTmp'
Building CXX object CMakeFiles/cmTC_22ddc.dir/feature_tests.cxx.o
/root/android-ndk-r15c/toolchains/llvm/prebuilt/linux-x86_64/bin/clang++ --target=i686-none-linux-android --gcc-toolchain=/root/android-ndk-r15c/toolchains/x86-4.9/prebuilt/linux-x86_64 --sysroot=/root/android-ndk-r15c/sysroot   -isystem /root/android-ndk-r15c/sources/cxx-stl/gnu-libstdc++/4.9/include -isystem /root/android-ndk-r15c/sources/cxx-stl/gnu-libstdc++/4.9/libs/x86/include -isystem /root/android-ndk-r15c/sources/cxx-stl/gnu-libstdc++/4.9/include/backward -isystem /root/android-ndk-r15c/sysroot/usr/include -isystem /root/android-ndk-r15c/sysroot/usr/include/i686-linux-android  -funwind-tables -no-canonical-prefixes -D__ANDROID_API__=16 -fexceptions -frtti  -g -fPIE   -std=c++1z -o CMakeFiles/cmTC_22ddc.dir/feature_tests.cxx.o -c /root/linphone/linphone-android/WORK/android-x86/Build/bellesip/CMakeFiles/feature_tests.cxx
Linking CXX executable cmTC_22ddc
/usr/local/bin/cmake -E cmake_link_script CMakeFiles/cmTC_22ddc.dir/link.txt --verbose=1
/root/android-ndk-r15c/toolchains/llvm/prebuilt/linux-x86_64/bin/clang++ --target=i686-none-linux-android --gcc-toolchain=/root/android-ndk-r15c/toolchains/x86-4.9/prebuilt/linux-x86_64 --sysroot=/root/android-ndk-r15c/platforms/android-16/arch-x86  -funwind-tables -no-canonical-prefixes -D__ANDROID_API__=16 -fexceptions -frtti  -g  -fPIE -pie -Wl,--gc-sections -Wl,-z,nocopyreloc  CMakeFiles/cmTC_22ddc.dir/feature_tests.cxx.o  -o cmTC_22ddc  "/root/android-ndk-r15c/sources/cxx-stl/gnu-libstdc++/4.9/libs/x86/libgnustl_shared.so" 
make[5]: Leaving directory '/root/linphone/linphone-android/WORK/android-x86/Build/bellesip/CMakeFiles/CMakeTmp'
make[4]: Leaving directory '/root/linphone/linphone-android/WORK/android-x86/Build/bellesip/CMakeFiles/CMakeTmp'


    Feature record: CXX_FEATURE:1cxx_aggregate_default_initializers
    Feature record: CXX_FEATURE:1cxx_alias_templates
    Feature record: CXX_FEATURE:1cxx_alignas
    Feature record: CXX_FEATURE:1cxx_alignof
    Feature record: CXX_FEATURE:1cxx_attributes
    Feature record: CXX_FEATURE:1cxx_attribute_deprecated
    Feature record: CXX_FEATURE:1cxx_auto_type
    Feature record: CXX_FEATURE:1cxx_binary_literals
    Feature record: CXX_FEATURE:1cxx_constexpr
    Feature record: CXX_FEATURE:1cxx_contextual_conversions
    Feature record: CXX_FEATURE:1cxx_decltype
    Feature record: CXX_FEATURE:1cxx_decltype_auto
    Feature record: CXX_FEATURE:1cxx_decltype_incomplete_return_types
    Feature record: CXX_FEATURE:1cxx_default_function_template_args
    Feature record: CXX_FEATURE:1cxx_defaulted_functions
    Feature record: CXX_FEATURE:1cxx_defaulted_move_initializers
    Feature record: CXX_FEATURE:1cxx_delegating_constructors
    Feature record: CXX_FEATURE:1cxx_deleted_functions
    Feature record: CXX_FEATURE:1cxx_digit_separators
    Feature record: CXX_FEATURE:1cxx_enum_forward_declarations
    Feature record: CXX_FEATURE:1cxx_explicit_conversions
    Feature record: CXX_FEATURE:1cxx_extended_friend_declarations
    Feature record: CXX_FEATURE:1cxx_extern_templates
    Feature record: CXX_FEATURE:1cxx_final
    Feature record: CXX_FEATURE:1cxx_func_identifier
    Feature record: CXX_FEATURE:1cxx_generalized_initializers
    Feature record: CXX_FEATURE:1cxx_generic_lambdas
    Feature record: CXX_FEATURE:1cxx_inheriting_constructors
    Feature record: CXX_FEATURE:1cxx_inline_namespaces
    Feature record: CXX_FEATURE:1cxx_lambdas
    Feature record: CXX_FEATURE:1cxx_lambda_init_captures
    Feature record: CXX_FEATURE:1cxx_local_type_template_args
    Feature record: CXX_FEATURE:1cxx_long_long_type
    Feature record: CXX_FEATURE:1cxx_noexcept
    Feature record: CXX_FEATURE:1cxx_nonstatic_member_init
    Feature record: CXX_FEATURE:1cxx_nullptr
    Feature record: CXX_FEATURE:1cxx_override
    Feature record: CXX_FEATURE:1cxx_range_for
    Feature record: CXX_FEATURE:1cxx_raw_string_literals
    Feature record: CXX_FEATURE:1cxx_reference_qualified_functions
    Feature record: CXX_FEATURE:1cxx_relaxed_constexpr
    Feature record: CXX_FEATURE:1cxx_return_type_deduction
    Feature record: CXX_FEATURE:1cxx_right_angle_brackets
    Feature record: CXX_FEATURE:1cxx_rvalue_references
    Feature record: CXX_FEATURE:1cxx_sizeof_member
    Feature record: CXX_FEATURE:1cxx_static_assert
    Feature record: CXX_FEATURE:1cxx_strong_enums
    Feature record: CXX_FEATURE:1cxx_template_template_parameters
    Feature record: CXX_FEATURE:1cxx_thread_local
    Feature record: CXX_FEATURE:1cxx_trailing_return_types
    Feature record: CXX_FEATURE:1cxx_unicode_literals
    Feature record: CXX_FEATURE:1cxx_uniform_initialization
    Feature record: CXX_FEATURE:1cxx_unrestricted_unions
    Feature record: CXX_FEATURE:1cxx_user_literals
    Feature record: CXX_FEATURE:1cxx_variable_templates
    Feature record: CXX_FEATURE:1cxx_variadic_macros
    Feature record: CXX_FEATURE:1cxx_variadic_templates


Detecting CXX [-std=c++14] compiler features compiled with the following output:
Change Dir: /root/linphone/linphone-android/WORK/android-x86/Build/bellesip/CMakeFiles/CMakeTmp

Run Build Command:"/usr/bin/make" "cmTC_0a024/fast"
make[4]: Entering directory '/root/linphone/linphone-android/WORK/android-x86/Build/bellesip/CMakeFiles/CMakeTmp'
/usr/bin/make -f CMakeFiles/cmTC_0a024.dir/build.make CMakeFiles/cmTC_0a024.dir/build
make[5]: Entering directory '/root/linphone/linphone-android/WORK/android-x86/Build/bellesip/CMakeFiles/CMakeTmp'
Building CXX object CMakeFiles/cmTC_0a024.dir/feature_tests.cxx.o
/root/android-ndk-r15c/toolchains/llvm/prebuilt/linux-x86_64/bin/clang++ --target=i686-none-linux-android --gcc-toolchain=/root/android-ndk-r15c/toolchains/x86-4.9/prebuilt/linux-x86_64 --sysroot=/root/android-ndk-r15c/sysroot   -isystem /root/android-ndk-r15c/sources/cxx-stl/gnu-libstdc++/4.9/include -isystem /root/android-ndk-r15c/sources/cxx-stl/gnu-libstdc++/4.9/libs/x86/include -isystem /root/android-ndk-r15c/sources/cxx-stl/gnu-libstdc++/4.9/include/backward -isystem /root/android-ndk-r15c/sysroot/usr/include -isystem /root/android-ndk-r15c/sysroot/usr/include/i686-linux-android  -funwind-tables -no-canonical-prefixes -D__ANDROID_API__=16 -fexceptions -frtti  -g -fPIE   -std=c++14 -o CMakeFiles/cmTC_0a024.dir/feature_tests.cxx.o -c /root/linphone/linphone-android/WORK/android-x86/Build/bellesip/CMakeFiles/feature_tests.cxx
Linking CXX executable cmTC_0a024
/usr/local/bin/cmake -E cmake_link_script CMakeFiles/cmTC_0a024.dir/link.txt --verbose=1
/root/android-ndk-r15c/toolchains/llvm/prebuilt/linux-x86_64/bin/clang++ --target=i686-none-linux-android --gcc-toolchain=/root/android-ndk-r15c/toolchains/x86-4.9/prebuilt/linux-x86_64 --sysroot=/root/android-ndk-r15c/platforms/android-16/arch-x86  -funwind-tables -no-canonical-prefixes -D__ANDROID_API__=16 -fexceptions -frtti  -g  -fPIE -pie -Wl,--gc-sections -Wl,-z,nocopyreloc  CMakeFiles/cmTC_0a024.dir/feature_tests.cxx.o  -o cmTC_0a024  "/root/android-ndk-r15c/sources/cxx-stl/gnu-libstdc++/4.9/libs/x86/libgnustl_shared.so" 
make[5]: Leaving directory '/root/linphone/linphone-android/WORK/android-x86/Build/bellesip/CMakeFiles/CMakeTmp'
make[4]: Leaving directory '/root/linphone/linphone-android/WORK/android-x86/Build/bellesip/CMakeFiles/CMakeTmp'


    Feature record: CXX_FEATURE:1cxx_aggregate_default_initializers
    Feature record: CXX_FEATURE:1cxx_alias_templates
    Feature record: CXX_FEATURE:1cxx_alignas
    Feature record: CXX_FEATURE:1cxx_alignof
    Feature record: CXX_FEATURE:1cxx_attributes
    Feature record: CXX_FEATURE:1cxx_attribute_deprecated
    Feature record: CXX_FEATURE:1cxx_auto_type
    Feature record: CXX_FEATURE:1cxx_binary_literals
    Feature record: CXX_FEATURE:1cxx_constexpr
    Feature record: CXX_FEATURE:1cxx_contextual_conversions
    Feature record: CXX_FEATURE:1cxx_decltype
    Feature record: CXX_FEATURE:1cxx_decltype_auto
    Feature record: CXX_FEATURE:1cxx_decltype_incomplete_return_types
    Feature record: CXX_FEATURE:1cxx_default_function_template_args
    Feature record: CXX_FEATURE:1cxx_defaulted_functions
    Feature record: CXX_FEATURE:1cxx_defaulted_move_initializers
    Feature record: CXX_FEATURE:1cxx_delegating_constructors
    Feature record: CXX_FEATURE:1cxx_deleted_functions
    Feature record: CXX_FEATURE:1cxx_digit_separators
    Feature record: CXX_FEATURE:1cxx_enum_forward_declarations
    Feature record: CXX_FEATURE:1cxx_explicit_conversions
    Feature record: CXX_FEATURE:1cxx_extended_friend_declarations
    Feature record: CXX_FEATURE:1cxx_extern_templates
    Feature record: CXX_FEATURE:1cxx_final
    Feature record: CXX_FEATURE:1cxx_func_identifier
    Feature record: CXX_FEATURE:1cxx_generalized_initializers
    Feature record: CXX_FEATURE:1cxx_generic_lambdas
    Feature record: CXX_FEATURE:1cxx_inheriting_constructors
    Feature record: CXX_FEATURE:1cxx_inline_namespaces
    Feature record: CXX_FEATURE:1cxx_lambdas
    Feature record: CXX_FEATURE:1cxx_lambda_init_captures
    Feature record: CXX_FEATURE:1cxx_local_type_template_args
    Feature record: CXX_FEATURE:1cxx_long_long_type
    Feature record: CXX_FEATURE:1cxx_noexcept
    Feature record: CXX_FEATURE:1cxx_nonstatic_member_init
    Feature record: CXX_FEATURE:1cxx_nullptr
    Feature record: CXX_FEATURE:1cxx_override
    Feature record: CXX_FEATURE:1cxx_range_for
    Feature record: CXX_FEATURE:1cxx_raw_string_literals
    Feature record: CXX_FEATURE:1cxx_reference_qualified_functions
    Feature record: CXX_FEATURE:1cxx_relaxed_constexpr
    Feature record: CXX_FEATURE:1cxx_return_type_deduction
    Feature record: CXX_FEATURE:1cxx_right_angle_brackets
    Feature record: CXX_FEATURE:1cxx_rvalue_references
    Feature record: CXX_FEATURE:1cxx_sizeof_member
    Feature record: CXX_FEATURE:1cxx_static_assert
    Feature record: CXX_FEATURE:1cxx_strong_enums
    Feature record: CXX_FEATURE:1cxx_template_template_parameters
    Feature record: CXX_FEATURE:1cxx_thread_local
    Feature record: CXX_FEATURE:1cxx_trailing_return_types
    Feature record: CXX_FEATURE:1cxx_unicode_literals
    Feature record: CXX_FEATURE:1cxx_uniform_initialization
    Feature record: CXX_FEATURE:1cxx_unrestricted_unions
    Feature record: CXX_FEATURE:1cxx_user_literals
    Feature record: CXX_FEATURE:1cxx_variable_templates
    Feature record: CXX_FEATURE:1cxx_variadic_macros
    Feature record: CXX_FEATURE:1cxx_variadic_templates


Detecting CXX [-std=c++11] compiler features compiled with the following output:
Change Dir: /root/linphone/linphone-android/WORK/android-x86/Build/bellesip/CMakeFiles/CMakeTmp

Run Build Command:"/usr/bin/make" "cmTC_a9db4/fast"
make[4]: Entering directory '/root/linphone/linphone-android/WORK/android-x86/Build/bellesip/CMakeFiles/CMakeTmp'
/usr/bin/make -f CMakeFiles/cmTC_a9db4.dir/build.make CMakeFiles/cmTC_a9db4.dir/build
make[5]: Entering directory '/root/linphone/linphone-android/WORK/android-x86/Build/bellesip/CMakeFiles/CMakeTmp'
Building CXX object CMakeFiles/cmTC_a9db4.dir/feature_tests.cxx.o
/root/android-ndk-r15c/toolchains/llvm/prebuilt/linux-x86_64/bin/clang++ --target=i686-none-linux-android --gcc-toolchain=/root/android-ndk-r15c/toolchains/x86-4.9/prebuilt/linux-x86_64 --sysroot=/root/android-ndk-r15c/sysroot   -isystem /root/android-ndk-r15c/sources/cxx-stl/gnu-libstdc++/4.9/include -isystem /root/android-ndk-r15c/sources/cxx-stl/gnu-libstdc++/4.9/libs/x86/include -isystem /root/android-ndk-r15c/sources/cxx-stl/gnu-libstdc++/4.9/include/backward -isystem /root/android-ndk-r15c/sysroot/usr/include -isystem /root/android-ndk-r15c/sysroot/usr/include/i686-linux-android  -funwind-tables -no-canonical-prefixes -D__ANDROID_API__=16 -fexceptions -frtti  -g -fPIE   -std=c++11 -o CMakeFiles/cmTC_a9db4.dir/feature_tests.cxx.o -c /root/linphone/linphone-android/WORK/android-x86/Build/bellesip/CMakeFiles/feature_tests.cxx
Linking CXX executable cmTC_a9db4
/usr/local/bin/cmake -E cmake_link_script CMakeFiles/cmTC_a9db4.dir/link.txt --verbose=1
/root/android-ndk-r15c/toolchains/llvm/prebuilt/linux-x86_64/bin/clang++ --target=i686-none-linux-android --gcc-toolchain=/root/android-ndk-r15c/toolchains/x86-4.9/prebuilt/linux-x86_64 --sysroot=/root/android-ndk-r15c/platforms/android-16/arch-x86  -funwind-tables -no-canonical-prefixes -D__ANDROID_API__=16 -fexceptions -frtti  -g  -fPIE -pie -Wl,--gc-sections -Wl,-z,nocopyreloc  CMakeFiles/cmTC_a9db4.dir/feature_tests.cxx.o  -o cmTC_a9db4  "/root/android-ndk-r15c/sources/cxx-stl/gnu-libstdc++/4.9/libs/x86/libgnustl_shared.so" 
make[5]: Leaving directory '/root/linphone/linphone-android/WORK/android-x86/Build/bellesip/CMakeFiles/CMakeTmp'
make[4]: Leaving directory '/root/linphone/linphone-android/WORK/android-x86/Build/bellesip/CMakeFiles/CMakeTmp'


    Feature record: CXX_FEATURE:0cxx_aggregate_default_initializers
    Feature record: CXX_FEATURE:1cxx_alias_templates
    Feature record: CXX_FEATURE:1cxx_alignas
    Feature record: CXX_FEATURE:1cxx_alignof
    Feature record: CXX_FEATURE:1cxx_attributes
    Feature record: CXX_FEATURE:0cxx_attribute_deprecated
    Feature record: CXX_FEATURE:1cxx_auto_type
    Feature record: CXX_FEATURE:0cxx_binary_literals
    Feature record: CXX_FEATURE:1cxx_constexpr
    Feature record: CXX_FEATURE:0cxx_contextual_conversions
    Feature record: CXX_FEATURE:1cxx_decltype
    Feature record: CXX_FEATURE:0cxx_decltype_auto
    Feature record: CXX_FEATURE:1cxx_decltype_incomplete_return_types
    Feature record: CXX_FEATURE:1cxx_default_function_template_args
    Feature record: CXX_FEATURE:1cxx_defaulted_functions
    Feature record: CXX_FEATURE:1cxx_defaulted_move_initializers
    Feature record: CXX_FEATURE:1cxx_delegating_constructors
    Feature record: CXX_FEATURE:1cxx_deleted_functions
    Feature record: CXX_FEATURE:0cxx_digit_separators
    Feature record: CXX_FEATURE:1cxx_enum_forward_declarations
    Feature record: CXX_FEATURE:1cxx_explicit_conversions
    Feature record: CXX_FEATURE:1cxx_extended_friend_declarations
    Feature record: CXX_FEATURE:1cxx_extern_templates
    Feature record: CXX_FEATURE:1cxx_final
    Feature record: CXX_FEATURE:1cxx_func_identifier
    Feature record: CXX_FEATURE:1cxx_generalized_initializers
    Feature record: CXX_FEATURE:0cxx_generic_lambdas
    Feature record: CXX_FEATURE:1cxx_inheriting_constructors
    Feature record: CXX_FEATURE:1cxx_inline_namespaces
    Feature record: CXX_FEATURE:1cxx_lambdas
    Feature record: CXX_FEATURE:0cxx_lambda_init_captures
    Feature record: CXX_FEATURE:1cxx_local_type_template_args
    Feature record: CXX_FEATURE:1cxx_long_long_type
    Feature record: CXX_FEATURE:1cxx_noexcept
    Feature record: CXX_FEATURE:1cxx_nonstatic_member_init
    Feature record: CXX_FEATURE:1cxx_nullptr
    Feature record: CXX_FEATURE:1cxx_override
    Feature record: CXX_FEATURE:1cxx_range_for
    Feature record: CXX_FEATURE:1cxx_raw_string_literals
    Feature record: CXX_FEATURE:1cxx_reference_qualified_functions
    Feature record: CXX_FEATURE:0cxx_relaxed_constexpr
    Feature record: CXX_FEATURE:0cxx_return_type_deduction
    Feature record: CXX_FEATURE:1cxx_right_angle_brackets
    Feature record: CXX_FEATURE:1cxx_rvalue_references
    Feature record: CXX_FEATURE:1cxx_sizeof_member
    Feature record: CXX_FEATURE:1cxx_static_assert
    Feature record: CXX_FEATURE:1cxx_strong_enums
    Feature record: CXX_FEATURE:1cxx_template_template_parameters
    Feature record: CXX_FEATURE:1cxx_thread_local
    Feature record: CXX_FEATURE:1cxx_trailing_return_types
    Feature record: CXX_FEATURE:1cxx_unicode_literals
    Feature record: CXX_FEATURE:1cxx_uniform_initialization
    Feature record: CXX_FEATURE:1cxx_unrestricted_unions
    Feature record: CXX_FEATURE:1cxx_user_literals
    Feature record: CXX_FEATURE:0cxx_variable_templates
    Feature record: CXX_FEATURE:1cxx_variadic_macros
    Feature record: CXX_FEATURE:1cxx_variadic_templates


Detecting CXX [-std=c++98] compiler features compiled with the following output:
Change Dir: /root/linphone/linphone-android/WORK/android-x86/Build/bellesip/CMakeFiles/CMakeTmp

Run Build Command:"/usr/bin/make" "cmTC_1e87d/fast"
make[4]: Entering directory '/root/linphone/linphone-android/WORK/android-x86/Build/bellesip/CMakeFiles/CMakeTmp'
/usr/bin/make -f CMakeFiles/cmTC_1e87d.dir/build.make CMakeFiles/cmTC_1e87d.dir/build
make[5]: Entering directory '/root/linphone/linphone-android/WORK/android-x86/Build/bellesip/CMakeFiles/CMakeTmp'
Building CXX object CMakeFiles/cmTC_1e87d.dir/feature_tests.cxx.o
/root/android-ndk-r15c/toolchains/llvm/prebuilt/linux-x86_64/bin/clang++ --target=i686-none-linux-android --gcc-toolchain=/root/android-ndk-r15c/toolchains/x86-4.9/prebuilt/linux-x86_64 --sysroot=/root/android-ndk-r15c/sysroot   -isystem /root/android-ndk-r15c/sources/cxx-stl/gnu-libstdc++/4.9/include -isystem /root/android-ndk-r15c/sources/cxx-stl/gnu-libstdc++/4.9/libs/x86/include -isystem /root/android-ndk-r15c/sources/cxx-stl/gnu-libstdc++/4.9/include/backward -isystem /root/android-ndk-r15c/sysroot/usr/include -isystem /root/android-ndk-r15c/sysroot/usr/include/i686-linux-android  -funwind-tables -no-canonical-prefixes -D__ANDROID_API__=16 -fexceptions -frtti  -g -fPIE   -std=c++98 -o CMakeFiles/cmTC_1e87d.dir/feature_tests.cxx.o -c /root/linphone/linphone-android/WORK/android-x86/Build/bellesip/CMakeFiles/feature_tests.cxx
Linking CXX executable cmTC_1e87d
/usr/local/bin/cmake -E cmake_link_script CMakeFiles/cmTC_1e87d.dir/link.txt --verbose=1
/root/android-ndk-r15c/toolchains/llvm/prebuilt/linux-x86_64/bin/clang++ --target=i686-none-linux-android --gcc-toolchain=/root/android-ndk-r15c/toolchains/x86-4.9/prebuilt/linux-x86_64 --sysroot=/root/android-ndk-r15c/platforms/android-16/arch-x86  -funwind-tables -no-canonical-prefixes -D__ANDROID_API__=16 -fexceptions -frtti  -g  -fPIE -pie -Wl,--gc-sections -Wl,-z,nocopyreloc  CMakeFiles/cmTC_1e87d.dir/feature_tests.cxx.o  -o cmTC_1e87d  "/root/android-ndk-r15c/sources/cxx-stl/gnu-libstdc++/4.9/libs/x86/libgnustl_shared.so" 
make[5]: Leaving directory '/root/linphone/linphone-android/WORK/android-x86/Build/bellesip/CMakeFiles/CMakeTmp'
make[4]: Leaving directory '/root/linphone/linphone-android/WORK/android-x86/Build/bellesip/CMakeFiles/CMakeTmp'


    Feature record: CXX_FEATURE:0cxx_aggregate_default_initializers
    Feature record: CXX_FEATURE:0cxx_alias_templates
    Feature record: CXX_FEATURE:0cxx_alignas
    Feature record: CXX_FEATURE:0cxx_alignof
    Feature record: CXX_FEATURE:0cxx_attributes
    Feature record: CXX_FEATURE:0cxx_attribute_deprecated
    Feature record: CXX_FEATURE:0cxx_auto_type
    Feature record: CXX_FEATURE:0cxx_binary_literals
    Feature record: CXX_FEATURE:0cxx_constexpr
    Feature record: CXX_FEATURE:0cxx_contextual_conversions
    Feature record: CXX_FEATURE:0cxx_decltype
    Feature record: CXX_FEATURE:0cxx_decltype_auto
    Feature record: CXX_FEATURE:0cxx_decltype_incomplete_return_types
    Feature record: CXX_FEATURE:0cxx_default_function_template_args
    Feature record: CXX_FEATURE:0cxx_defaulted_functions
    Feature record: CXX_FEATURE:0cxx_defaulted_move_initializers
    Feature record: CXX_FEATURE:0cxx_delegating_constructors
    Feature record: CXX_FEATURE:0cxx_deleted_functions
    Feature record: CXX_FEATURE:0cxx_digit_separators
    Feature record: CXX_FEATURE:0cxx_enum_forward_declarations
    Feature record: CXX_FEATURE:0cxx_explicit_conversions
    Feature record: CXX_FEATURE:0cxx_extended_friend_declarations
    Feature record: CXX_FEATURE:0cxx_extern_templates
    Feature record: CXX_FEATURE:0cxx_final
    Feature record: CXX_FEATURE:0cxx_func_identifier
    Feature record: CXX_FEATURE:0cxx_generalized_initializers
    Feature record: CXX_FEATURE:0cxx_generic_lambdas
    Feature record: CXX_FEATURE:0cxx_inheriting_constructors
    Feature record: CXX_FEATURE:0cxx_inline_namespaces
    Feature record: CXX_FEATURE:0cxx_lambdas
    Feature record: CXX_FEATURE:0cxx_lambda_init_captures
    Feature record: CXX_FEATURE:0cxx_local_type_template_args
    Feature record: CXX_FEATURE:0cxx_long_long_type
    Feature record: CXX_FEATURE:0cxx_noexcept
    Feature record: CXX_FEATURE:0cxx_nonstatic_member_init
    Feature record: CXX_FEATURE:0cxx_nullptr
    Feature record: CXX_FEATURE:0cxx_override
    Feature record: CXX_FEATURE:0cxx_range_for
    Feature record: CXX_FEATURE:0cxx_raw_string_literals
    Feature record: CXX_FEATURE:0cxx_reference_qualified_functions
    Feature record: CXX_FEATURE:0cxx_relaxed_constexpr
    Feature record: CXX_FEATURE:0cxx_return_type_deduction
    Feature record: CXX_FEATURE:0cxx_right_angle_brackets
    Feature record: CXX_FEATURE:0cxx_rvalue_references
    Feature record: CXX_FEATURE:0cxx_sizeof_member
    Feature record: CXX_FEATURE:0cxx_static_assert
    Feature record: CXX_FEATURE:0cxx_strong_enums
    Feature record: CXX_FEATURE:1cxx_template_template_parameters
    Feature record: CXX_FEATURE:0cxx_thread_local
    Feature record: CXX_FEATURE:0cxx_trailing_return_types
    Feature record: CXX_FEATURE:0cxx_unicode_literals
    Feature record: CXX_FEATURE:0cxx_uniform_initialization
    Feature record: CXX_FEATURE:0cxx_unrestricted_unions
    Feature record: CXX_FEATURE:0cxx_user_literals
    Feature record: CXX_FEATURE:0cxx_variable_templates
    Feature record: CXX_FEATURE:0cxx_variadic_macros
    Feature record: CXX_FEATURE:0cxx_variadic_templates
Determining if the function dlopen exists in the dl passed with the following output:
Change Dir: /root/linphone/linphone-android/WORK/android-x86/Build/bellesip/CMakeFiles/CMakeTmp

Run Build Command:"/usr/bin/make" "cmTC_06069/fast"
make[4]: Entering directory '/root/linphone/linphone-android/WORK/android-x86/Build/bellesip/CMakeFiles/CMakeTmp'
/usr/bin/make -f CMakeFiles/cmTC_06069.dir/build.make CMakeFiles/cmTC_06069.dir/build
make[5]: Entering directory '/root/linphone/linphone-android/WORK/android-x86/Build/bellesip/CMakeFiles/CMakeTmp'
Building C object CMakeFiles/cmTC_06069.dir/CheckFunctionExists.c.o
/root/android-ndk-r15c/toolchains/llvm/prebuilt/linux-x86_64/bin/clang --target=i686-none-linux-android --gcc-toolchain=/root/android-ndk-r15c/toolchains/x86-4.9/prebuilt/linux-x86_64 --sysroot=/root/android-ndk-r15c/sysroot  -isystem /root/android-ndk-r15c/sysroot/usr/include -isystem /root/android-ndk-r15c/sysroot/usr/include/i686-linux-android  -funwind-tables -no-canonical-prefixes -D__ANDROID_API__=16 -fexceptions -DCHECK_FUNCTION_EXISTS=dlopen -g -fPIE   -o CMakeFiles/cmTC_06069.dir/CheckFunctionExists.c.o   -c /usr/local/share/cmake-3.11/Modules/CheckFunctionExists.c
Linking C executable cmTC_06069
/usr/local/bin/cmake -E cmake_link_script CMakeFiles/cmTC_06069.dir/link.txt --verbose=1
/root/android-ndk-r15c/toolchains/llvm/prebuilt/linux-x86_64/bin/clang --target=i686-none-linux-android --gcc-toolchain=/root/android-ndk-r15c/toolchains/x86-4.9/prebuilt/linux-x86_64 --sysroot=/root/android-ndk-r15c/platforms/android-16/arch-x86 -funwind-tables -no-canonical-prefixes -D__ANDROID_API__=16 -fexceptions -DCHECK_FUNCTION_EXISTS=dlopen -g  -fPIE -pie -Wl,--gc-sections -Wl,-z,nocopyreloc  CMakeFiles/cmTC_06069.dir/CheckFunctionExists.c.o  -o cmTC_06069 -ldl 
make[5]: Leaving directory '/root/linphone/linphone-android/WORK/android-x86/Build/bellesip/CMakeFiles/CMakeTmp'
make[4]: Leaving directory '/root/linphone/linphone-android/WORK/android-x86/Build/bellesip/CMakeFiles/CMakeTmp'


Determining if the include file pthread.h exists passed with the following output:
Change Dir: /root/linphone/linphone-android/WORK/android-x86/Build/bellesip/CMakeFiles/CMakeTmp

Run Build Command:"/usr/bin/make" "cmTC_2af51/fast"
make[4]: Entering directory '/root/linphone/linphone-android/WORK/android-x86/Build/bellesip/CMakeFiles/CMakeTmp'
/usr/bin/make -f CMakeFiles/cmTC_2af51.dir/build.make CMakeFiles/cmTC_2af51.dir/build
make[5]: Entering directory '/root/linphone/linphone-android/WORK/android-x86/Build/bellesip/CMakeFiles/CMakeTmp'
Building C object CMakeFiles/cmTC_2af51.dir/CheckIncludeFile.c.o
/root/android-ndk-r15c/toolchains/llvm/prebuilt/linux-x86_64/bin/clang --target=i686-none-linux-android --gcc-toolchain=/root/android-ndk-r15c/toolchains/x86-4.9/prebuilt/linux-x86_64 --sysroot=/root/android-ndk-r15c/sysroot  -isystem /root/android-ndk-r15c/sysroot/usr/include -isystem /root/android-ndk-r15c/sysroot/usr/include/i686-linux-android  -funwind-tables -no-canonical-prefixes -D__ANDROID_API__=16 -fexceptions  -g -fPIE   -o CMakeFiles/cmTC_2af51.dir/CheckIncludeFile.c.o   -c /root/linphone/linphone-android/WORK/android-x86/Build/bellesip/CMakeFiles/CMakeTmp/CheckIncludeFile.c
Linking C executable cmTC_2af51
/usr/local/bin/cmake -E cmake_link_script CMakeFiles/cmTC_2af51.dir/link.txt --verbose=1
/root/android-ndk-r15c/toolchains/llvm/prebuilt/linux-x86_64/bin/clang --target=i686-none-linux-android --gcc-toolchain=/root/android-ndk-r15c/toolchains/x86-4.9/prebuilt/linux-x86_64 --sysroot=/root/android-ndk-r15c/platforms/android-16/arch-x86 -funwind-tables -no-canonical-prefixes -D__ANDROID_API__=16 -fexceptions  -g  -fPIE -pie -Wl,--gc-sections -Wl,-z,nocopyreloc  CMakeFiles/cmTC_2af51.dir/CheckIncludeFile.c.o  -o cmTC_2af51 
make[5]: Leaving directory '/root/linphone/linphone-android/WORK/android-x86/Build/bellesip/CMakeFiles/CMakeTmp'
make[4]: Leaving directory '/root/linphone/linphone-android/WORK/android-x86/Build/bellesip/CMakeFiles/CMakeTmp'


Determining if the pthread_create exist passed with the following output:
Change Dir: /root/linphone/linphone-android/WORK/android-x86/Build/bellesip/CMakeFiles/CMakeTmp

Run Build Command:"/usr/bin/make" "cmTC_59a1b/fast"
make[4]: Entering directory '/root/linphone/linphone-android/WORK/android-x86/Build/bellesip/CMakeFiles/CMakeTmp'
/usr/bin/make -f CMakeFiles/cmTC_59a1b.dir/build.make CMakeFiles/cmTC_59a1b.dir/build
make[5]: Entering directory '/root/linphone/linphone-android/WORK/android-x86/Build/bellesip/CMakeFiles/CMakeTmp'
Building C object CMakeFiles/cmTC_59a1b.dir/CheckSymbolExists.c.o
/root/android-ndk-r15c/toolchains/llvm/prebuilt/linux-x86_64/bin/clang --target=i686-none-linux-android --gcc-toolchain=/root/android-ndk-r15c/toolchains/x86-4.9/prebuilt/linux-x86_64 --sysroot=/root/android-ndk-r15c/sysroot  -isystem /root/android-ndk-r15c/sysroot/usr/include -isystem /root/android-ndk-r15c/sysroot/usr/include/i686-linux-android  -funwind-tables -no-canonical-prefixes -D__ANDROID_API__=16 -fexceptions  -g -fPIE   -o CMakeFiles/cmTC_59a1b.dir/CheckSymbolExists.c.o   -c /root/linphone/linphone-android/WORK/android-x86/Build/bellesip/CMakeFiles/CMakeTmp/CheckSymbolExists.c
Linking C executable cmTC_59a1b
/usr/local/bin/cmake -E cmake_link_script CMakeFiles/cmTC_59a1b.dir/link.txt --verbose=1
/root/android-ndk-r15c/toolchains/llvm/prebuilt/linux-x86_64/bin/clang --target=i686-none-linux-android --gcc-toolchain=/root/android-ndk-r15c/toolchains/x86-4.9/prebuilt/linux-x86_64 --sysroot=/root/android-ndk-r15c/platforms/android-16/arch-x86 -funwind-tables -no-canonical-prefixes -D__ANDROID_API__=16 -fexceptions  -g  -fPIE -pie -Wl,--gc-sections -Wl,-z,nocopyreloc  CMakeFiles/cmTC_59a1b.dir/CheckSymbolExists.c.o  -o cmTC_59a1b 
make[5]: Leaving directory '/root/linphone/linphone-android/WORK/android-x86/Build/bellesip/CMakeFiles/CMakeTmp'
make[4]: Leaving directory '/root/linphone/linphone-android/WORK/android-x86/Build/bellesip/CMakeFiles/CMakeTmp'

File /root/linphone/linphone-android/WORK/android-x86/Build/bellesip/CMakeFiles/CMakeTmp/CheckSymbolExists.c:
/* */
#include <pthread.h>

int main(int argc, char** argv)
{
  (void)argv;
#ifndef pthread_create
  return ((int*)(&pthread_create))[argc];
#else
  (void)argc;
  return 0;
#endif
}

Determining if the include file arpa/nameser.h exists passed with the following output:
Change Dir: /root/linphone/linphone-android/WORK/android-x86/Build/bellesip/CMakeFiles/CMakeTmp

Run Build Command:"/usr/bin/make" "cmTC_7e28f/fast"
make[4]: Entering directory '/root/linphone/linphone-android/WORK/android-x86/Build/bellesip/CMakeFiles/CMakeTmp'
/usr/bin/make -f CMakeFiles/cmTC_7e28f.dir/build.make CMakeFiles/cmTC_7e28f.dir/build
make[5]: Entering directory '/root/linphone/linphone-android/WORK/android-x86/Build/bellesip/CMakeFiles/CMakeTmp'
Building C object CMakeFiles/cmTC_7e28f.dir/CheckIncludeFile.c.o
/root/android-ndk-r15c/toolchains/llvm/prebuilt/linux-x86_64/bin/clang --target=i686-none-linux-android --gcc-toolchain=/root/android-ndk-r15c/toolchains/x86-4.9/prebuilt/linux-x86_64 --sysroot=/root/android-ndk-r15c/sysroot  -isystem /root/android-ndk-r15c/sysroot/usr/include -isystem /root/android-ndk-r15c/sysroot/usr/include/i686-linux-android  -funwind-tables -no-canonical-prefixes -D__ANDROID_API__=16 -fexceptions  -g -fPIE   -o CMakeFiles/cmTC_7e28f.dir/CheckIncludeFile.c.o   -c /root/linphone/linphone-android/WORK/android-x86/Build/bellesip/CMakeFiles/CMakeTmp/CheckIncludeFile.c
Linking C executable cmTC_7e28f
/usr/local/bin/cmake -E cmake_link_script CMakeFiles/cmTC_7e28f.dir/link.txt --verbose=1
/root/android-ndk-r15c/toolchains/llvm/prebuilt/linux-x86_64/bin/clang --target=i686-none-linux-android --gcc-toolchain=/root/android-ndk-r15c/toolchains/x86-4.9/prebuilt/linux-x86_64 --sysroot=/root/android-ndk-r15c/platforms/android-16/arch-x86 -funwind-tables -no-canonical-prefixes -D__ANDROID_API__=16 -fexceptions  -g  -fPIE -pie -Wl,--gc-sections -Wl,-z,nocopyreloc  CMakeFiles/cmTC_7e28f.dir/CheckIncludeFile.c.o  -o cmTC_7e28f 
make[5]: Leaving directory '/root/linphone/linphone-android/WORK/android-x86/Build/bellesip/CMakeFiles/CMakeTmp'
make[4]: Leaving directory '/root/linphone/linphone-android/WORK/android-x86/Build/bellesip/CMakeFiles/CMakeTmp'


Determining if the include file ctype.h exists passed with the following output:
Change Dir: /root/linphone/linphone-android/WORK/android-x86/Build/bellesip/CMakeFiles/CMakeTmp

Run Build Command:"/usr/bin/make" "cmTC_fca48/fast"
make[4]: Entering directory '/root/linphone/linphone-android/WORK/android-x86/Build/bellesip/CMakeFiles/CMakeTmp'
/usr/bin/make -f CMakeFiles/cmTC_fca48.dir/build.make CMakeFiles/cmTC_fca48.dir/build
make[5]: Entering directory '/root/linphone/linphone-android/WORK/android-x86/Build/bellesip/CMakeFiles/CMakeTmp'
Building C object CMakeFiles/cmTC_fca48.dir/CheckIncludeFile.c.o
/root/android-ndk-r15c/toolchains/llvm/prebuilt/linux-x86_64/bin/clang --target=i686-none-linux-android --gcc-toolchain=/root/android-ndk-r15c/toolchains/x86-4.9/prebuilt/linux-x86_64 --sysroot=/root/android-ndk-r15c/sysroot  -isystem /root/android-ndk-r15c/sysroot/usr/include -isystem /root/android-ndk-r15c/sysroot/usr/include/i686-linux-android  -funwind-tables -no-canonical-prefixes -D__ANDROID_API__=16 -fexceptions  -g -fPIE   -o CMakeFiles/cmTC_fca48.dir/CheckIncludeFile.c.o   -c /root/linphone/linphone-android/WORK/android-x86/Build/bellesip/CMakeFiles/CMakeTmp/CheckIncludeFile.c
Linking C executable cmTC_fca48
/usr/local/bin/cmake -E cmake_link_script CMakeFiles/cmTC_fca48.dir/link.txt --verbose=1
/root/android-ndk-r15c/toolchains/llvm/prebuilt/linux-x86_64/bin/clang --target=i686-none-linux-android --gcc-toolchain=/root/android-ndk-r15c/toolchains/x86-4.9/prebuilt/linux-x86_64 --sysroot=/root/android-ndk-r15c/platforms/android-16/arch-x86 -funwind-tables -no-canonical-prefixes -D__ANDROID_API__=16 -fexceptions  -g  -fPIE -pie -Wl,--gc-sections -Wl,-z,nocopyreloc  CMakeFiles/cmTC_fca48.dir/CheckIncludeFile.c.o  -o cmTC_fca48 
make[5]: Leaving directory '/root/linphone/linphone-android/WORK/android-x86/Build/bellesip/CMakeFiles/CMakeTmp'
make[4]: Leaving directory '/root/linphone/linphone-android/WORK/android-x86/Build/bellesip/CMakeFiles/CMakeTmp'


Determining if the include file inttypes.h exists passed with the following output:
Change Dir: /root/linphone/linphone-android/WORK/android-x86/Build/bellesip/CMakeFiles/CMakeTmp

Run Build Command:"/usr/bin/make" "cmTC_82a3f/fast"
make[4]: Entering directory '/root/linphone/linphone-android/WORK/android-x86/Build/bellesip/CMakeFiles/CMakeTmp'
/usr/bin/make -f CMakeFiles/cmTC_82a3f.dir/build.make CMakeFiles/cmTC_82a3f.dir/build
make[5]: Entering directory '/root/linphone/linphone-android/WORK/android-x86/Build/bellesip/CMakeFiles/CMakeTmp'
Building C object CMakeFiles/cmTC_82a3f.dir/CheckIncludeFile.c.o
/root/android-ndk-r15c/toolchains/llvm/prebuilt/linux-x86_64/bin/clang --target=i686-none-linux-android --gcc-toolchain=/root/android-ndk-r15c/toolchains/x86-4.9/prebuilt/linux-x86_64 --sysroot=/root/android-ndk-r15c/sysroot  -isystem /root/android-ndk-r15c/sysroot/usr/include -isystem /root/android-ndk-r15c/sysroot/usr/include/i686-linux-android  -funwind-tables -no-canonical-prefixes -D__ANDROID_API__=16 -fexceptions  -g -fPIE   -o CMakeFiles/cmTC_82a3f.dir/CheckIncludeFile.c.o   -c /root/linphone/linphone-android/WORK/android-x86/Build/bellesip/CMakeFiles/CMakeTmp/CheckIncludeFile.c
Linking C executable cmTC_82a3f
/usr/local/bin/cmake -E cmake_link_script CMakeFiles/cmTC_82a3f.dir/link.txt --verbose=1
/root/android-ndk-r15c/toolchains/llvm/prebuilt/linux-x86_64/bin/clang --target=i686-none-linux-android --gcc-toolchain=/root/android-ndk-r15c/toolchains/x86-4.9/prebuilt/linux-x86_64 --sysroot=/root/android-ndk-r15c/platforms/android-16/arch-x86 -funwind-tables -no-canonical-prefixes -D__ANDROID_API__=16 -fexceptions  -g  -fPIE -pie -Wl,--gc-sections -Wl,-z,nocopyreloc  CMakeFiles/cmTC_82a3f.dir/CheckIncludeFile.c.o  -o cmTC_82a3f 
make[5]: Leaving directory '/root/linphone/linphone-android/WORK/android-x86/Build/bellesip/CMakeFiles/CMakeTmp'
make[4]: Leaving directory '/root/linphone/linphone-android/WORK/android-x86/Build/bellesip/CMakeFiles/CMakeTmp'


Determining if the include file malloc.h exists passed with the following output:
Change Dir: /root/linphone/linphone-android/WORK/android-x86/Build/bellesip/CMakeFiles/CMakeTmp

Run Build Command:"/usr/bin/make" "cmTC_57041/fast"
make[4]: Entering directory '/root/linphone/linphone-android/WORK/android-x86/Build/bellesip/CMakeFiles/CMakeTmp'
/usr/bin/make -f CMakeFiles/cmTC_57041.dir/build.make CMakeFiles/cmTC_57041.dir/build
make[5]: Entering directory '/root/linphone/linphone-android/WORK/android-x86/Build/bellesip/CMakeFiles/CMakeTmp'
Building C object CMakeFiles/cmTC_57041.dir/CheckIncludeFile.c.o
/root/android-ndk-r15c/toolchains/llvm/prebuilt/linux-x86_64/bin/clang --target=i686-none-linux-android --gcc-toolchain=/root/android-ndk-r15c/toolchains/x86-4.9/prebuilt/linux-x86_64 --sysroot=/root/android-ndk-r15c/sysroot  -isystem /root/android-ndk-r15c/sysroot/usr/include -isystem /root/android-ndk-r15c/sysroot/usr/include/i686-linux-android  -funwind-tables -no-canonical-prefixes -D__ANDROID_API__=16 -fexceptions  -g -fPIE   -o CMakeFiles/cmTC_57041.dir/CheckIncludeFile.c.o   -c /root/linphone/linphone-android/WORK/android-x86/Build/bellesip/CMakeFiles/CMakeTmp/CheckIncludeFile.c
Linking C executable cmTC_57041
/usr/local/bin/cmake -E cmake_link_script CMakeFiles/cmTC_57041.dir/link.txt --verbose=1
/root/android-ndk-r15c/toolchains/llvm/prebuilt/linux-x86_64/bin/clang --target=i686-none-linux-android --gcc-toolchain=/root/android-ndk-r15c/toolchains/x86-4.9/prebuilt/linux-x86_64 --sysroot=/root/android-ndk-r15c/platforms/android-16/arch-x86 -funwind-tables -no-canonical-prefixes -D__ANDROID_API__=16 -fexceptions  -g  -fPIE -pie -Wl,--gc-sections -Wl,-z,nocopyreloc  CMakeFiles/cmTC_57041.dir/CheckIncludeFile.c.o  -o cmTC_57041 
make[5]: Leaving directory '/root/linphone/linphone-android/WORK/android-x86/Build/bellesip/CMakeFiles/CMakeTmp'
make[4]: Leaving directory '/root/linphone/linphone-android/WORK/android-x86/Build/bellesip/CMakeFiles/CMakeTmp'


Determining if the include file memory.h exists passed with the following output:
Change Dir: /root/linphone/linphone-android/WORK/android-x86/Build/bellesip/CMakeFiles/CMakeTmp

Run Build Command:"/usr/bin/make" "cmTC_8a2ae/fast"
make[4]: Entering directory '/root/linphone/linphone-android/WORK/android-x86/Build/bellesip/CMakeFiles/CMakeTmp'
/usr/bin/make -f CMakeFiles/cmTC_8a2ae.dir/build.make CMakeFiles/cmTC_8a2ae.dir/build
make[5]: Entering directory '/root/linphone/linphone-android/WORK/android-x86/Build/bellesip/CMakeFiles/CMakeTmp'
Building C object CMakeFiles/cmTC_8a2ae.dir/CheckIncludeFile.c.o
/root/android-ndk-r15c/toolchains/llvm/prebuilt/linux-x86_64/bin/clang --target=i686-none-linux-android --gcc-toolchain=/root/android-ndk-r15c/toolchains/x86-4.9/prebuilt/linux-x86_64 --sysroot=/root/android-ndk-r15c/sysroot  -isystem /root/android-ndk-r15c/sysroot/usr/include -isystem /root/android-ndk-r15c/sysroot/usr/include/i686-linux-android  -funwind-tables -no-canonical-prefixes -D__ANDROID_API__=16 -fexceptions  -g -fPIE   -o CMakeFiles/cmTC_8a2ae.dir/CheckIncludeFile.c.o   -c /root/linphone/linphone-android/WORK/android-x86/Build/bellesip/CMakeFiles/CMakeTmp/CheckIncludeFile.c
Linking C executable cmTC_8a2ae
/usr/local/bin/cmake -E cmake_link_script CMakeFiles/cmTC_8a2ae.dir/link.txt --verbose=1
/root/android-ndk-r15c/toolchains/llvm/prebuilt/linux-x86_64/bin/clang --target=i686-none-linux-android --gcc-toolchain=/root/android-ndk-r15c/toolchains/x86-4.9/prebuilt/linux-x86_64 --sysroot=/root/android-ndk-r15c/platforms/android-16/arch-x86 -funwind-tables -no-canonical-prefixes -D__ANDROID_API__=16 -fexceptions  -g  -fPIE -pie -Wl,--gc-sections -Wl,-z,nocopyreloc  CMakeFiles/cmTC_8a2ae.dir/CheckIncludeFile.c.o  -o cmTC_8a2ae 
make[5]: Leaving directory '/root/linphone/linphone-android/WORK/android-x86/Build/bellesip/CMakeFiles/CMakeTmp'
make[4]: Leaving directory '/root/linphone/linphone-android/WORK/android-x86/Build/bellesip/CMakeFiles/CMakeTmp'


Determining if the include file netdb.h exists passed with the following output:
Change Dir: /root/linphone/linphone-android/WORK/android-x86/Build/bellesip/CMakeFiles/CMakeTmp

Run Build Command:"/usr/bin/make" "cmTC_7aa99/fast"
make[4]: Entering directory '/root/linphone/linphone-android/WORK/android-x86/Build/bellesip/CMakeFiles/CMakeTmp'
/usr/bin/make -f CMakeFiles/cmTC_7aa99.dir/build.make CMakeFiles/cmTC_7aa99.dir/build
make[5]: Entering directory '/root/linphone/linphone-android/WORK/android-x86/Build/bellesip/CMakeFiles/CMakeTmp'
Building C object CMakeFiles/cmTC_7aa99.dir/CheckIncludeFile.c.o
/root/android-ndk-r15c/toolchains/llvm/prebuilt/linux-x86_64/bin/clang --target=i686-none-linux-android --gcc-toolchain=/root/android-ndk-r15c/toolchains/x86-4.9/prebuilt/linux-x86_64 --sysroot=/root/android-ndk-r15c/sysroot  -isystem /root/android-ndk-r15c/sysroot/usr/include -isystem /root/android-ndk-r15c/sysroot/usr/include/i686-linux-android  -funwind-tables -no-canonical-prefixes -D__ANDROID_API__=16 -fexceptions  -g -fPIE   -o CMakeFiles/cmTC_7aa99.dir/CheckIncludeFile.c.o   -c /root/linphone/linphone-android/WORK/android-x86/Build/bellesip/CMakeFiles/CMakeTmp/CheckIncludeFile.c
Linking C executable cmTC_7aa99
/usr/local/bin/cmake -E cmake_link_script CMakeFiles/cmTC_7aa99.dir/link.txt --verbose=1
/root/android-ndk-r15c/toolchains/llvm/prebuilt/linux-x86_64/bin/clang --target=i686-none-linux-android --gcc-toolchain=/root/android-ndk-r15c/toolchains/x86-4.9/prebuilt/linux-x86_64 --sysroot=/root/android-ndk-r15c/platforms/android-16/arch-x86 -funwind-tables -no-canonical-prefixes -D__ANDROID_API__=16 -fexceptions  -g  -fPIE -pie -Wl,--gc-sections -Wl,-z,nocopyreloc  CMakeFiles/cmTC_7aa99.dir/CheckIncludeFile.c.o  -o cmTC_7aa99 
make[5]: Leaving directory '/root/linphone/linphone-android/WORK/android-x86/Build/bellesip/CMakeFiles/CMakeTmp'
make[4]: Leaving directory '/root/linphone/linphone-android/WORK/android-x86/Build/bellesip/CMakeFiles/CMakeTmp'


Determining if the include file netinet/in.h exists passed with the following output:
Change Dir: /root/linphone/linphone-android/WORK/android-x86/Build/bellesip/CMakeFiles/CMakeTmp

Run Build Command:"/usr/bin/make" "cmTC_02baa/fast"
make[4]: Entering directory '/root/linphone/linphone-android/WORK/android-x86/Build/bellesip/CMakeFiles/CMakeTmp'
/usr/bin/make -f CMakeFiles/cmTC_02baa.dir/build.make CMakeFiles/cmTC_02baa.dir/build
make[5]: Entering directory '/root/linphone/linphone-android/WORK/android-x86/Build/bellesip/CMakeFiles/CMakeTmp'
Building C object CMakeFiles/cmTC_02baa.dir/CheckIncludeFile.c.o
/root/android-ndk-r15c/toolchains/llvm/prebuilt/linux-x86_64/bin/clang --target=i686-none-linux-android --gcc-toolchain=/root/android-ndk-r15c/toolchains/x86-4.9/prebuilt/linux-x86_64 --sysroot=/root/android-ndk-r15c/sysroot  -isystem /root/android-ndk-r15c/sysroot/usr/include -isystem /root/android-ndk-r15c/sysroot/usr/include/i686-linux-android  -funwind-tables -no-canonical-prefixes -D__ANDROID_API__=16 -fexceptions  -g -fPIE   -o CMakeFiles/cmTC_02baa.dir/CheckIncludeFile.c.o   -c /root/linphone/linphone-android/WORK/android-x86/Build/bellesip/CMakeFiles/CMakeTmp/CheckIncludeFile.c
Linking C executable cmTC_02baa
/usr/local/bin/cmake -E cmake_link_script CMakeFiles/cmTC_02baa.dir/link.txt --verbose=1
/root/android-ndk-r15c/toolchains/llvm/prebuilt/linux-x86_64/bin/clang --target=i686-none-linux-android --gcc-toolchain=/root/android-ndk-r15c/toolchains/x86-4.9/prebuilt/linux-x86_64 --sysroot=/root/android-ndk-r15c/platforms/android-16/arch-x86 -funwind-tables -no-canonical-prefixes -D__ANDROID_API__=16 -fexceptions  -g  -fPIE -pie -Wl,--gc-sections -Wl,-z,nocopyreloc  CMakeFiles/cmTC_02baa.dir/CheckIncludeFile.c.o  -o cmTC_02baa 
make[5]: Leaving directory '/root/linphone/linphone-android/WORK/android-x86/Build/bellesip/CMakeFiles/CMakeTmp'
make[4]: Leaving directory '/root/linphone/linphone-android/WORK/android-x86/Build/bellesip/CMakeFiles/CMakeTmp'


Determining if the include file netinet/tcp.h exists passed with the following output:
Change Dir: /root/linphone/linphone-android/WORK/android-x86/Build/bellesip/CMakeFiles/CMakeTmp

Run Build Command:"/usr/bin/make" "cmTC_c417a/fast"
make[4]: Entering directory '/root/linphone/linphone-android/WORK/android-x86/Build/bellesip/CMakeFiles/CMakeTmp'
/usr/bin/make -f CMakeFiles/cmTC_c417a.dir/build.make CMakeFiles/cmTC_c417a.dir/build
make[5]: Entering directory '/root/linphone/linphone-android/WORK/android-x86/Build/bellesip/CMakeFiles/CMakeTmp'
Building C object CMakeFiles/cmTC_c417a.dir/CheckIncludeFile.c.o
/root/android-ndk-r15c/toolchains/llvm/prebuilt/linux-x86_64/bin/clang --target=i686-none-linux-android --gcc-toolchain=/root/android-ndk-r15c/toolchains/x86-4.9/prebuilt/linux-x86_64 --sysroot=/root/android-ndk-r15c/sysroot  -isystem /root/android-ndk-r15c/sysroot/usr/include -isystem /root/android-ndk-r15c/sysroot/usr/include/i686-linux-android  -funwind-tables -no-canonical-prefixes -D__ANDROID_API__=16 -fexceptions  -g -fPIE   -o CMakeFiles/cmTC_c417a.dir/CheckIncludeFile.c.o   -c /root/linphone/linphone-android/WORK/android-x86/Build/bellesip/CMakeFiles/CMakeTmp/CheckIncludeFile.c
Linking C executable cmTC_c417a
/usr/local/bin/cmake -E cmake_link_script CMakeFiles/cmTC_c417a.dir/link.txt --verbose=1
/root/android-ndk-r15c/toolchains/llvm/prebuilt/linux-x86_64/bin/clang --target=i686-none-linux-android --gcc-toolchain=/root/android-ndk-r15c/toolchains/x86-4.9/prebuilt/linux-x86_64 --sysroot=/root/android-ndk-r15c/platforms/android-16/arch-x86 -funwind-tables -no-canonical-prefixes -D__ANDROID_API__=16 -fexceptions  -g  -fPIE -pie -Wl,--gc-sections -Wl,-z,nocopyreloc  CMakeFiles/cmTC_c417a.dir/CheckIncludeFile.c.o  -o cmTC_c417a 
make[5]: Leaving directory '/root/linphone/linphone-android/WORK/android-x86/Build/bellesip/CMakeFiles/CMakeTmp'
make[4]: Leaving directory '/root/linphone/linphone-android/WORK/android-x86/Build/bellesip/CMakeFiles/CMakeTmp'


Determining if the include file stdarg.h exists passed with the following output:
Change Dir: /root/linphone/linphone-android/WORK/android-x86/Build/bellesip/CMakeFiles/CMakeTmp

Run Build Command:"/usr/bin/make" "cmTC_6f847/fast"
make[4]: Entering directory '/root/linphone/linphone-android/WORK/android-x86/Build/bellesip/CMakeFiles/CMakeTmp'
/usr/bin/make -f CMakeFiles/cmTC_6f847.dir/build.make CMakeFiles/cmTC_6f847.dir/build
make[5]: Entering directory '/root/linphone/linphone-android/WORK/android-x86/Build/bellesip/CMakeFiles/CMakeTmp'
Building C object CMakeFiles/cmTC_6f847.dir/CheckIncludeFile.c.o
/root/android-ndk-r15c/toolchains/llvm/prebuilt/linux-x86_64/bin/clang --target=i686-none-linux-android --gcc-toolchain=/root/android-ndk-r15c/toolchains/x86-4.9/prebuilt/linux-x86_64 --sysroot=/root/android-ndk-r15c/sysroot  -isystem /root/android-ndk-r15c/sysroot/usr/include -isystem /root/android-ndk-r15c/sysroot/usr/include/i686-linux-android  -funwind-tables -no-canonical-prefixes -D__ANDROID_API__=16 -fexceptions  -g -fPIE   -o CMakeFiles/cmTC_6f847.dir/CheckIncludeFile.c.o   -c /root/linphone/linphone-android/WORK/android-x86/Build/bellesip/CMakeFiles/CMakeTmp/CheckIncludeFile.c
Linking C executable cmTC_6f847
/usr/local/bin/cmake -E cmake_link_script CMakeFiles/cmTC_6f847.dir/link.txt --verbose=1
/root/android-ndk-r15c/toolchains/llvm/prebuilt/linux-x86_64/bin/clang --target=i686-none-linux-android --gcc-toolchain=/root/android-ndk-r15c/toolchains/x86-4.9/prebuilt/linux-x86_64 --sysroot=/root/android-ndk-r15c/platforms/android-16/arch-x86 -funwind-tables -no-canonical-prefixes -D__ANDROID_API__=16 -fexceptions  -g  -fPIE -pie -Wl,--gc-sections -Wl,-z,nocopyreloc  CMakeFiles/cmTC_6f847.dir/CheckIncludeFile.c.o  -o cmTC_6f847 
make[5]: Leaving directory '/root/linphone/linphone-android/WORK/android-x86/Build/bellesip/CMakeFiles/CMakeTmp'
make[4]: Leaving directory '/root/linphone/linphone-android/WORK/android-x86/Build/bellesip/CMakeFiles/CMakeTmp'


Determining if the include file stdint.h exists passed with the following output:
Change Dir: /root/linphone/linphone-android/WORK/android-x86/Build/bellesip/CMakeFiles/CMakeTmp

Run Build Command:"/usr/bin/make" "cmTC_78d97/fast"
make[4]: Entering directory '/root/linphone/linphone-android/WORK/android-x86/Build/bellesip/CMakeFiles/CMakeTmp'
/usr/bin/make -f CMakeFiles/cmTC_78d97.dir/build.make CMakeFiles/cmTC_78d97.dir/build
make[5]: Entering directory '/root/linphone/linphone-android/WORK/android-x86/Build/bellesip/CMakeFiles/CMakeTmp'
Building C object CMakeFiles/cmTC_78d97.dir/CheckIncludeFile.c.o
/root/android-ndk-r15c/toolchains/llvm/prebuilt/linux-x86_64/bin/clang --target=i686-none-linux-android --gcc-toolchain=/root/android-ndk-r15c/toolchains/x86-4.9/prebuilt/linux-x86_64 --sysroot=/root/android-ndk-r15c/sysroot  -isystem /root/android-ndk-r15c/sysroot/usr/include -isystem /root/android-ndk-r15c/sysroot/usr/include/i686-linux-android  -funwind-tables -no-canonical-prefixes -D__ANDROID_API__=16 -fexceptions  -g -fPIE   -o CMakeFiles/cmTC_78d97.dir/CheckIncludeFile.c.o   -c /root/linphone/linphone-android/WORK/android-x86/Build/bellesip/CMakeFiles/CMakeTmp/CheckIncludeFile.c
Linking C executable cmTC_78d97
/usr/local/bin/cmake -E cmake_link_script CMakeFiles/cmTC_78d97.dir/link.txt --verbose=1
/root/android-ndk-r15c/toolchains/llvm/prebuilt/linux-x86_64/bin/clang --target=i686-none-linux-android --gcc-toolchain=/root/android-ndk-r15c/toolchains/x86-4.9/prebuilt/linux-x86_64 --sysroot=/root/android-ndk-r15c/platforms/android-16/arch-x86 -funwind-tables -no-canonical-prefixes -D__ANDROID_API__=16 -fexceptions  -g  -fPIE -pie -Wl,--gc-sections -Wl,-z,nocopyreloc  CMakeFiles/cmTC_78d97.dir/CheckIncludeFile.c.o  -o cmTC_78d97 
make[5]: Leaving directory '/root/linphone/linphone-android/WORK/android-x86/Build/bellesip/CMakeFiles/CMakeTmp'
make[4]: Leaving directory '/root/linphone/linphone-android/WORK/android-x86/Build/bellesip/CMakeFiles/CMakeTmp'


Determining if the include file stdlib.h exists passed with the following output:
Change Dir: /root/linphone/linphone-android/WORK/android-x86/Build/bellesip/CMakeFiles/CMakeTmp

Run Build Command:"/usr/bin/make" "cmTC_54110/fast"
make[4]: Entering directory '/root/linphone/linphone-android/WORK/android-x86/Build/bellesip/CMakeFiles/CMakeTmp'
/usr/bin/make -f CMakeFiles/cmTC_54110.dir/build.make CMakeFiles/cmTC_54110.dir/build
make[5]: Entering directory '/root/linphone/linphone-android/WORK/android-x86/Build/bellesip/CMakeFiles/CMakeTmp'
Building C object CMakeFiles/cmTC_54110.dir/CheckIncludeFile.c.o
/root/android-ndk-r15c/toolchains/llvm/prebuilt/linux-x86_64/bin/clang --target=i686-none-linux-android --gcc-toolchain=/root/android-ndk-r15c/toolchains/x86-4.9/prebuilt/linux-x86_64 --sysroot=/root/android-ndk-r15c/sysroot  -isystem /root/android-ndk-r15c/sysroot/usr/include -isystem /root/android-ndk-r15c/sysroot/usr/include/i686-linux-android  -funwind-tables -no-canonical-prefixes -D__ANDROID_API__=16 -fexceptions  -g -fPIE   -o CMakeFiles/cmTC_54110.dir/CheckIncludeFile.c.o   -c /root/linphone/linphone-android/WORK/android-x86/Build/bellesip/CMakeFiles/CMakeTmp/CheckIncludeFile.c
Linking C executable cmTC_54110
/usr/local/bin/cmake -E cmake_link_script CMakeFiles/cmTC_54110.dir/link.txt --verbose=1
/root/android-ndk-r15c/toolchains/llvm/prebuilt/linux-x86_64/bin/clang --target=i686-none-linux-android --gcc-toolchain=/root/android-ndk-r15c/toolchains/x86-4.9/prebuilt/linux-x86_64 --sysroot=/root/android-ndk-r15c/platforms/android-16/arch-x86 -funwind-tables -no-canonical-prefixes -D__ANDROID_API__=16 -fexceptions  -g  -fPIE -pie -Wl,--gc-sections -Wl,-z,nocopyreloc  CMakeFiles/cmTC_54110.dir/CheckIncludeFile.c.o  -o cmTC_54110 
make[5]: Leaving directory '/root/linphone/linphone-android/WORK/android-x86/Build/bellesip/CMakeFiles/CMakeTmp'
make[4]: Leaving directory '/root/linphone/linphone-android/WORK/android-x86/Build/bellesip/CMakeFiles/CMakeTmp'


Determining if the include file strings.h exists passed with the following output:
Change Dir: /root/linphone/linphone-android/WORK/android-x86/Build/bellesip/CMakeFiles/CMakeTmp

Run Build Command:"/usr/bin/make" "cmTC_60818/fast"
make[4]: Entering directory '/root/linphone/linphone-android/WORK/android-x86/Build/bellesip/CMakeFiles/CMakeTmp'
/usr/bin/make -f CMakeFiles/cmTC_60818.dir/build.make CMakeFiles/cmTC_60818.dir/build
make[5]: Entering directory '/root/linphone/linphone-android/WORK/android-x86/Build/bellesip/CMakeFiles/CMakeTmp'
Building C object CMakeFiles/cmTC_60818.dir/CheckIncludeFile.c.o
/root/android-ndk-r15c/toolchains/llvm/prebuilt/linux-x86_64/bin/clang --target=i686-none-linux-android --gcc-toolchain=/root/android-ndk-r15c/toolchains/x86-4.9/prebuilt/linux-x86_64 --sysroot=/root/android-ndk-r15c/sysroot  -isystem /root/android-ndk-r15c/sysroot/usr/include -isystem /root/android-ndk-r15c/sysroot/usr/include/i686-linux-android  -funwind-tables -no-canonical-prefixes -D__ANDROID_API__=16 -fexceptions  -g -fPIE   -o CMakeFiles/cmTC_60818.dir/CheckIncludeFile.c.o   -c /root/linphone/linphone-android/WORK/android-x86/Build/bellesip/CMakeFiles/CMakeTmp/CheckIncludeFile.c
Linking C executable cmTC_60818
/usr/local/bin/cmake -E cmake_link_script CMakeFiles/cmTC_60818.dir/link.txt --verbose=1
/root/android-ndk-r15c/toolchains/llvm/prebuilt/linux-x86_64/bin/clang --target=i686-none-linux-android --gcc-toolchain=/root/android-ndk-r15c/toolchains/x86-4.9/prebuilt/linux-x86_64 --sysroot=/root/android-ndk-r15c/platforms/android-16/arch-x86 -funwind-tables -no-canonical-prefixes -D__ANDROID_API__=16 -fexceptions  -g  -fPIE -pie -Wl,--gc-sections -Wl,-z,nocopyreloc  CMakeFiles/cmTC_60818.dir/CheckIncludeFile.c.o  -o cmTC_60818 
make[5]: Leaving directory '/root/linphone/linphone-android/WORK/android-x86/Build/bellesip/CMakeFiles/CMakeTmp'
make[4]: Leaving directory '/root/linphone/linphone-android/WORK/android-x86/Build/bellesip/CMakeFiles/CMakeTmp'


Determining if the include file string.h exists passed with the following output:
Change Dir: /root/linphone/linphone-android/WORK/android-x86/Build/bellesip/CMakeFiles/CMakeTmp

Run Build Command:"/usr/bin/make" "cmTC_194db/fast"
make[4]: Entering directory '/root/linphone/linphone-android/WORK/android-x86/Build/bellesip/CMakeFiles/CMakeTmp'
/usr/bin/make -f CMakeFiles/cmTC_194db.dir/build.make CMakeFiles/cmTC_194db.dir/build
make[5]: Entering directory '/root/linphone/linphone-android/WORK/android-x86/Build/bellesip/CMakeFiles/CMakeTmp'
Building C object CMakeFiles/cmTC_194db.dir/CheckIncludeFile.c.o
/root/android-ndk-r15c/toolchains/llvm/prebuilt/linux-x86_64/bin/clang --target=i686-none-linux-android --gcc-toolchain=/root/android-ndk-r15c/toolchains/x86-4.9/prebuilt/linux-x86_64 --sysroot=/root/android-ndk-r15c/sysroot  -isystem /root/android-ndk-r15c/sysroot/usr/include -isystem /root/android-ndk-r15c/sysroot/usr/include/i686-linux-android  -funwind-tables -no-canonical-prefixes -D__ANDROID_API__=16 -fexceptions  -g -fPIE   -o CMakeFiles/cmTC_194db.dir/CheckIncludeFile.c.o   -c /root/linphone/linphone-android/WORK/android-x86/Build/bellesip/CMakeFiles/CMakeTmp/CheckIncludeFile.c
Linking C executable cmTC_194db
/usr/local/bin/cmake -E cmake_link_script CMakeFiles/cmTC_194db.dir/link.txt --verbose=1
/root/android-ndk-r15c/toolchains/llvm/prebuilt/linux-x86_64/bin/clang --target=i686-none-linux-android --gcc-toolchain=/root/android-ndk-r15c/toolchains/x86-4.9/prebuilt/linux-x86_64 --sysroot=/root/android-ndk-r15c/platforms/android-16/arch-x86 -funwind-tables -no-canonical-prefixes -D__ANDROID_API__=16 -fexceptions  -g  -fPIE -pie -Wl,--gc-sections -Wl,-z,nocopyreloc  CMakeFiles/cmTC_194db.dir/CheckIncludeFile.c.o  -o cmTC_194db 
make[5]: Leaving directory '/root/linphone/linphone-android/WORK/android-x86/Build/bellesip/CMakeFiles/CMakeTmp'
make[4]: Leaving directory '/root/linphone/linphone-android/WORK/android-x86/Build/bellesip/CMakeFiles/CMakeTmp'


Determining if the include file sys/socket.h exists passed with the following output:
Change Dir: /root/linphone/linphone-android/WORK/android-x86/Build/bellesip/CMakeFiles/CMakeTmp

Run Build Command:"/usr/bin/make" "cmTC_72221/fast"
make[4]: Entering directory '/root/linphone/linphone-android/WORK/android-x86/Build/bellesip/CMakeFiles/CMakeTmp'
/usr/bin/make -f CMakeFiles/cmTC_72221.dir/build.make CMakeFiles/cmTC_72221.dir/build
make[5]: Entering directory '/root/linphone/linphone-android/WORK/android-x86/Build/bellesip/CMakeFiles/CMakeTmp'
Building C object CMakeFiles/cmTC_72221.dir/CheckIncludeFile.c.o
/root/android-ndk-r15c/toolchains/llvm/prebuilt/linux-x86_64/bin/clang --target=i686-none-linux-android --gcc-toolchain=/root/android-ndk-r15c/toolchains/x86-4.9/prebuilt/linux-x86_64 --sysroot=/root/android-ndk-r15c/sysroot  -isystem /root/android-ndk-r15c/sysroot/usr/include -isystem /root/android-ndk-r15c/sysroot/usr/include/i686-linux-android  -funwind-tables -no-canonical-prefixes -D__ANDROID_API__=16 -fexceptions  -g -fPIE   -o CMakeFiles/cmTC_72221.dir/CheckIncludeFile.c.o   -c /root/linphone/linphone-android/WORK/android-x86/Build/bellesip/CMakeFiles/CMakeTmp/CheckIncludeFile.c
Linking C executable cmTC_72221
/usr/local/bin/cmake -E cmake_link_script CMakeFiles/cmTC_72221.dir/link.txt --verbose=1
/root/android-ndk-r15c/toolchains/llvm/prebuilt/linux-x86_64/bin/clang --target=i686-none-linux-android --gcc-toolchain=/root/android-ndk-r15c/toolchains/x86-4.9/prebuilt/linux-x86_64 --sysroot=/root/android-ndk-r15c/platforms/android-16/arch-x86 -funwind-tables -no-canonical-prefixes -D__ANDROID_API__=16 -fexceptions  -g  -fPIE -pie -Wl,--gc-sections -Wl,-z,nocopyreloc  CMakeFiles/cmTC_72221.dir/CheckIncludeFile.c.o  -o cmTC_72221 
make[5]: Leaving directory '/root/linphone/linphone-android/WORK/android-x86/Build/bellesip/CMakeFiles/CMakeTmp'
make[4]: Leaving directory '/root/linphone/linphone-android/WORK/android-x86/Build/bellesip/CMakeFiles/CMakeTmp'


Determining if the include file sys/stat.h exists passed with the following output:
Change Dir: /root/linphone/linphone-android/WORK/android-x86/Build/bellesip/CMakeFiles/CMakeTmp

Run Build Command:"/usr/bin/make" "cmTC_bb6f9/fast"
make[4]: Entering directory '/root/linphone/linphone-android/WORK/android-x86/Build/bellesip/CMakeFiles/CMakeTmp'
/usr/bin/make -f CMakeFiles/cmTC_bb6f9.dir/build.make CMakeFiles/cmTC_bb6f9.dir/build
make[5]: Entering directory '/root/linphone/linphone-android/WORK/android-x86/Build/bellesip/CMakeFiles/CMakeTmp'
Building C object CMakeFiles/cmTC_bb6f9.dir/CheckIncludeFile.c.o
/root/android-ndk-r15c/toolchains/llvm/prebuilt/linux-x86_64/bin/clang --target=i686-none-linux-android --gcc-toolchain=/root/android-ndk-r15c/toolchains/x86-4.9/prebuilt/linux-x86_64 --sysroot=/root/android-ndk-r15c/sysroot  -isystem /root/android-ndk-r15c/sysroot/usr/include -isystem /root/android-ndk-r15c/sysroot/usr/include/i686-linux-android  -funwind-tables -no-canonical-prefixes -D__ANDROID_API__=16 -fexceptions  -g -fPIE   -o CMakeFiles/cmTC_bb6f9.dir/CheckIncludeFile.c.o   -c /root/linphone/linphone-android/WORK/android-x86/Build/bellesip/CMakeFiles/CMakeTmp/CheckIncludeFile.c
Linking C executable cmTC_bb6f9
/usr/local/bin/cmake -E cmake_link_script CMakeFiles/cmTC_bb6f9.dir/link.txt --verbose=1
/root/android-ndk-r15c/toolchains/llvm/prebuilt/linux-x86_64/bin/clang --target=i686-none-linux-android --gcc-toolchain=/root/android-ndk-r15c/toolchains/x86-4.9/prebuilt/linux-x86_64 --sysroot=/root/android-ndk-r15c/platforms/android-16/arch-x86 -funwind-tables -no-canonical-prefixes -D__ANDROID_API__=16 -fexceptions  -g  -fPIE -pie -Wl,--gc-sections -Wl,-z,nocopyreloc  CMakeFiles/cmTC_bb6f9.dir/CheckIncludeFile.c.o  -o cmTC_bb6f9 
make[5]: Leaving directory '/root/linphone/linphone-android/WORK/android-x86/Build/bellesip/CMakeFiles/CMakeTmp'
make[4]: Leaving directory '/root/linphone/linphone-android/WORK/android-x86/Build/bellesip/CMakeFiles/CMakeTmp'


Determining if the include file sys/types.h exists passed with the following output:
Change Dir: /root/linphone/linphone-android/WORK/android-x86/Build/bellesip/CMakeFiles/CMakeTmp

Run Build Command:"/usr/bin/make" "cmTC_84dc5/fast"
make[4]: Entering directory '/root/linphone/linphone-android/WORK/android-x86/Build/bellesip/CMakeFiles/CMakeTmp'
/usr/bin/make -f CMakeFiles/cmTC_84dc5.dir/build.make CMakeFiles/cmTC_84dc5.dir/build
make[5]: Entering directory '/root/linphone/linphone-android/WORK/android-x86/Build/bellesip/CMakeFiles/CMakeTmp'
Building C object CMakeFiles/cmTC_84dc5.dir/CheckIncludeFile.c.o
/root/android-ndk-r15c/toolchains/llvm/prebuilt/linux-x86_64/bin/clang --target=i686-none-linux-android --gcc-toolchain=/root/android-ndk-r15c/toolchains/x86-4.9/prebuilt/linux-x86_64 --sysroot=/root/android-ndk-r15c/sysroot  -isystem /root/android-ndk-r15c/sysroot/usr/include -isystem /root/android-ndk-r15c/sysroot/usr/include/i686-linux-android  -funwind-tables -no-canonical-prefixes -D__ANDROID_API__=16 -fexceptions  -g -fPIE   -o CMakeFiles/cmTC_84dc5.dir/CheckIncludeFile.c.o   -c /root/linphone/linphone-android/WORK/android-x86/Build/bellesip/CMakeFiles/CMakeTmp/CheckIncludeFile.c
Linking C executable cmTC_84dc5
/usr/local/bin/cmake -E cmake_link_script CMakeFiles/cmTC_84dc5.dir/link.txt --verbose=1
/root/android-ndk-r15c/toolchains/llvm/prebuilt/linux-x86_64/bin/clang --target=i686-none-linux-android --gcc-toolchain=/root/android-ndk-r15c/toolchains/x86-4.9/prebuilt/linux-x86_64 --sysroot=/root/android-ndk-r15c/platforms/android-16/arch-x86 -funwind-tables -no-canonical-prefixes -D__ANDROID_API__=16 -fexceptions  -g  -fPIE -pie -Wl,--gc-sections -Wl,-z,nocopyreloc  CMakeFiles/cmTC_84dc5.dir/CheckIncludeFile.c.o  -o cmTC_84dc5 
make[5]: Leaving directory '/root/linphone/linphone-android/WORK/android-x86/Build/bellesip/CMakeFiles/CMakeTmp'
make[4]: Leaving directory '/root/linphone/linphone-android/WORK/android-x86/Build/bellesip/CMakeFiles/CMakeTmp'


Determining if the include file unistd.h exists passed with the following output:
Change Dir: /root/linphone/linphone-android/WORK/android-x86/Build/bellesip/CMakeFiles/CMakeTmp

Run Build Command:"/usr/bin/make" "cmTC_8d5cc/fast"
make[4]: Entering directory '/root/linphone/linphone-android/WORK/android-x86/Build/bellesip/CMakeFiles/CMakeTmp'
/usr/bin/make -f CMakeFiles/cmTC_8d5cc.dir/build.make CMakeFiles/cmTC_8d5cc.dir/build
make[5]: Entering directory '/root/linphone/linphone-android/WORK/android-x86/Build/bellesip/CMakeFiles/CMakeTmp'
Building C object CMakeFiles/cmTC_8d5cc.dir/CheckIncludeFile.c.o
/root/android-ndk-r15c/toolchains/llvm/prebuilt/linux-x86_64/bin/clang --target=i686-none-linux-android --gcc-toolchain=/root/android-ndk-r15c/toolchains/x86-4.9/prebuilt/linux-x86_64 --sysroot=/root/android-ndk-r15c/sysroot  -isystem /root/android-ndk-r15c/sysroot/usr/include -isystem /root/android-ndk-r15c/sysroot/usr/include/i686-linux-android  -funwind-tables -no-canonical-prefixes -D__ANDROID_API__=16 -fexceptions  -g -fPIE   -o CMakeFiles/cmTC_8d5cc.dir/CheckIncludeFile.c.o   -c /root/linphone/linphone-android/WORK/android-x86/Build/bellesip/CMakeFiles/CMakeTmp/CheckIncludeFile.c
Linking C executable cmTC_8d5cc
/usr/local/bin/cmake -E cmake_link_script CMakeFiles/cmTC_8d5cc.dir/link.txt --verbose=1
/root/android-ndk-r15c/toolchains/llvm/prebuilt/linux-x86_64/bin/clang --target=i686-none-linux-android --gcc-toolchain=/root/android-ndk-r15c/toolchains/x86-4.9/prebuilt/linux-x86_64 --sysroot=/root/android-ndk-r15c/platforms/android-16/arch-x86 -funwind-tables -no-canonical-prefixes -D__ANDROID_API__=16 -fexceptions  -g  -fPIE -pie -Wl,--gc-sections -Wl,-z,nocopyreloc  CMakeFiles/cmTC_8d5cc.dir/CheckIncludeFile.c.o  -o cmTC_8d5cc 
make[5]: Leaving directory '/root/linphone/linphone-android/WORK/android-x86/Build/bellesip/CMakeFiles/CMakeTmp'
make[4]: Leaving directory '/root/linphone/linphone-android/WORK/android-x86/Build/bellesip/CMakeFiles/CMakeTmp'


