The target system is: Android - 16 - i686
The host system is: Linux - 4.15.0-041500-generic - x86_64
Compiling the C compiler identification source file "CMakeCCompilerId.c" succeeded.
Compiler: /root/android-ndk-r15c/toolchains/llvm/prebuilt/linux-x86_64/bin/clang 
Build flags: 
Id flags:  

The output was:
0


Compilation of the C compiler identification source "CMakeCCompilerId.c" produced "a.out"

The C compiler identification is Clang, found in "/root/linphone/linphone-android/WORK/android-x86/cmake/CMakeFiles/3.11.0-rc2/CompilerIdC/a.out"

Compiling the CXX compiler identification source file "CMakeCXXCompilerId.cpp" succeeded.
Compiler: /root/android-ndk-r15c/toolchains/llvm/prebuilt/linux-x86_64/bin/clang++ 
Build flags: 
Id flags:  

The output was:
0


Compilation of the CXX compiler identification source "CMakeCXXCompilerId.cpp" produced "a.out"

The CXX compiler identification is Clang, found in "/root/linphone/linphone-android/WORK/android-x86/cmake/CMakeFiles/3.11.0-rc2/CompilerIdCXX/a.out"

Determining if the C compiler works passed with the following output:
Change Dir: /root/linphone/linphone-android/WORK/android-x86/cmake/CMakeFiles/CMakeTmp

Run Build Command:"/usr/bin/make" "cmTC_6c550/fast"
/usr/bin/make -f CMakeFiles/cmTC_6c550.dir/build.make CMakeFiles/cmTC_6c550.dir/build
make[1]: Entering directory '/root/linphone/linphone-android/WORK/android-x86/cmake/CMakeFiles/CMakeTmp'
Building C object CMakeFiles/cmTC_6c550.dir/testCCompiler.c.o
/root/android-ndk-r15c/toolchains/llvm/prebuilt/linux-x86_64/bin/clang --target=i686-none-linux-android --gcc-toolchain=/root/android-ndk-r15c/toolchains/x86-4.9/prebuilt/linux-x86_64 --sysroot=/root/android-ndk-r15c/sysroot  -isystem /root/android-ndk-r15c/sysroot/usr/include -isystem /root/android-ndk-r15c/sysroot/usr/include/i686-linux-android  -funwind-tables -no-canonical-prefixes -D__ANDROID_API__=16 -fexceptions  -g -fPIE   -o CMakeFiles/cmTC_6c550.dir/testCCompiler.c.o   -c /root/linphone/linphone-android/WORK/android-x86/cmake/CMakeFiles/CMakeTmp/testCCompiler.c
Linking C executable cmTC_6c550
/usr/local/bin/cmake -E cmake_link_script CMakeFiles/cmTC_6c550.dir/link.txt --verbose=1
/root/android-ndk-r15c/toolchains/llvm/prebuilt/linux-x86_64/bin/clang --target=i686-none-linux-android --gcc-toolchain=/root/android-ndk-r15c/toolchains/x86-4.9/prebuilt/linux-x86_64 --sysroot=/root/android-ndk-r15c/platforms/android-16/arch-x86 -funwind-tables -no-canonical-prefixes -D__ANDROID_API__=16 -fexceptions  -g  -fPIE -pie -Wl,--gc-sections -Wl,-z,nocopyreloc  CMakeFiles/cmTC_6c550.dir/testCCompiler.c.o  -o cmTC_6c550 
make[1]: Leaving directory '/root/linphone/linphone-android/WORK/android-x86/cmake/CMakeFiles/CMakeTmp'


Detecting C compiler ABI info compiled with the following output:
Change Dir: /root/linphone/linphone-android/WORK/android-x86/cmake/CMakeFiles/CMakeTmp

Run Build Command:"/usr/bin/make" "cmTC_9e022/fast"
/usr/bin/make -f CMakeFiles/cmTC_9e022.dir/build.make CMakeFiles/cmTC_9e022.dir/build
make[1]: Entering directory '/root/linphone/linphone-android/WORK/android-x86/cmake/CMakeFiles/CMakeTmp'
Building C object CMakeFiles/cmTC_9e022.dir/CMakeCCompilerABI.c.o
/root/android-ndk-r15c/toolchains/llvm/prebuilt/linux-x86_64/bin/clang --target=i686-none-linux-android --gcc-toolchain=/root/android-ndk-r15c/toolchains/x86-4.9/prebuilt/linux-x86_64 --sysroot=/root/android-ndk-r15c/sysroot  -isystem /root/android-ndk-r15c/sysroot/usr/include -isystem /root/android-ndk-r15c/sysroot/usr/include/i686-linux-android  -funwind-tables -no-canonical-prefixes -D__ANDROID_API__=16 -fexceptions  -g -fPIE   -o CMakeFiles/cmTC_9e022.dir/CMakeCCompilerABI.c.o   -c /usr/local/share/cmake-3.11/Modules/CMakeCCompilerABI.c
Linking C executable cmTC_9e022
/usr/local/bin/cmake -E cmake_link_script CMakeFiles/cmTC_9e022.dir/link.txt --verbose=1
/root/android-ndk-r15c/toolchains/llvm/prebuilt/linux-x86_64/bin/clang --target=i686-none-linux-android --gcc-toolchain=/root/android-ndk-r15c/toolchains/x86-4.9/prebuilt/linux-x86_64 --sysroot=/root/android-ndk-r15c/platforms/android-16/arch-x86 -funwind-tables -no-canonical-prefixes -D__ANDROID_API__=16 -fexceptions  -g  -fPIE -pie -Wl,--gc-sections -Wl,-z,nocopyreloc -v CMakeFiles/cmTC_9e022.dir/CMakeCCompilerABI.c.o  -o cmTC_9e022 
Android clang version 5.0.300080  (based on LLVM 5.0.300080)
Target: i686-none-linux-android
Thread model: posix
InstalledDir: /root/android-ndk-r15c/toolchains/llvm/prebuilt/linux-x86_64/bin
Found candidate GCC installation: /root/android-ndk-r15c/toolchains/x86-4.9/prebuilt/linux-x86_64/lib/gcc/i686-linux-android/4.9.x
Selected GCC installation: /root/android-ndk-r15c/toolchains/x86-4.9/prebuilt/linux-x86_64/lib/gcc/i686-linux-android/4.9.x
Candidate multilib: .;@m32
Selected multilib: .;@m32
 "/root/android-ndk-r15c/toolchains/x86-4.9/prebuilt/linux-x86_64/lib/gcc/i686-linux-android/4.9.x/../../../../i686-linux-android/bin/ld" --sysroot=/root/android-ndk-r15c/platforms/android-16/arch-x86 -pie -z relro --eh-frame-hdr -m elf_i386 -dynamic-linker /system/bin/linker -o cmTC_9e022 /root/android-ndk-r15c/platforms/android-16/arch-x86/usr/lib/crtbegin_dynamic.o -L/root/android-ndk-r15c/toolchains/llvm/prebuilt/linux-x86_64/lib64/clang/5.0.300080/lib/linux/i386 -L/root/android-ndk-r15c/toolchains/x86-4.9/prebuilt/linux-x86_64/lib/gcc/i686-linux-android/4.9.x -L/root/android-ndk-r15c/toolchains/x86-4.9/prebuilt/linux-x86_64/lib/gcc/i686-linux-android/4.9.x/../../../../i686-linux-android/lib -L/root/android-ndk-r15c/platforms/android-16/arch-x86/usr/lib --gc-sections -z nocopyreloc CMakeFiles/cmTC_9e022.dir/CMakeCCompilerABI.c.o -lgcc -ldl -lc -lgcc -ldl /root/android-ndk-r15c/platforms/android-16/arch-x86/usr/lib/crtend_android.o
make[1]: Leaving directory '/root/linphone/linphone-android/WORK/android-x86/cmake/CMakeFiles/CMakeTmp'


Parsed C implicit link information from above output:
  link line regex: [^( *|.*[/\])(i686-linux-android-ld|CMAKE_LINK_STARTFILE-NOTFOUND|([^/\]+-)?ld|collect2)[^/\]*( |$)]
  ignore line: [Change Dir: /root/linphone/linphone-android/WORK/android-x86/cmake/CMakeFiles/CMakeTmp]
  ignore line: []
  ignore line: [Run Build Command:"/usr/bin/make" "cmTC_9e022/fast"]
  ignore line: [/usr/bin/make -f CMakeFiles/cmTC_9e022.dir/build.make CMakeFiles/cmTC_9e022.dir/build]
  ignore line: [make[1]: Entering directory '/root/linphone/linphone-android/WORK/android-x86/cmake/CMakeFiles/CMakeTmp']
  ignore line: [Building C object CMakeFiles/cmTC_9e022.dir/CMakeCCompilerABI.c.o]
  ignore line: [/root/android-ndk-r15c/toolchains/llvm/prebuilt/linux-x86_64/bin/clang --target=i686-none-linux-android --gcc-toolchain=/root/android-ndk-r15c/toolchains/x86-4.9/prebuilt/linux-x86_64 --sysroot=/root/android-ndk-r15c/sysroot  -isystem /root/android-ndk-r15c/sysroot/usr/include -isystem /root/android-ndk-r15c/sysroot/usr/include/i686-linux-android  -funwind-tables -no-canonical-prefixes -D__ANDROID_API__=16 -fexceptions  -g -fPIE   -o CMakeFiles/cmTC_9e022.dir/CMakeCCompilerABI.c.o   -c /usr/local/share/cmake-3.11/Modules/CMakeCCompilerABI.c]
  ignore line: [Linking C executable cmTC_9e022]
  ignore line: [/usr/local/bin/cmake -E cmake_link_script CMakeFiles/cmTC_9e022.dir/link.txt --verbose=1]
  ignore line: [/root/android-ndk-r15c/toolchains/llvm/prebuilt/linux-x86_64/bin/clang --target=i686-none-linux-android --gcc-toolchain=/root/android-ndk-r15c/toolchains/x86-4.9/prebuilt/linux-x86_64 --sysroot=/root/android-ndk-r15c/platforms/android-16/arch-x86 -funwind-tables -no-canonical-prefixes -D__ANDROID_API__=16 -fexceptions  -g  -fPIE -pie -Wl,--gc-sections -Wl,-z,nocopyreloc -v CMakeFiles/cmTC_9e022.dir/CMakeCCompilerABI.c.o  -o cmTC_9e022 ]
  ignore line: [Android clang version 5.0.300080  (based on LLVM 5.0.300080)]
  ignore line: [Target: i686-none-linux-android]
  ignore line: [Thread model: posix]
  ignore line: [InstalledDir: /root/android-ndk-r15c/toolchains/llvm/prebuilt/linux-x86_64/bin]
  ignore line: [Found candidate GCC installation: /root/android-ndk-r15c/toolchains/x86-4.9/prebuilt/linux-x86_64/lib/gcc/i686-linux-android/4.9.x]
  ignore line: [Selected GCC installation: /root/android-ndk-r15c/toolchains/x86-4.9/prebuilt/linux-x86_64/lib/gcc/i686-linux-android/4.9.x]
  ignore line: [Candidate multilib: .]
  ignore line: [@m32]
  ignore line: [Selected multilib: .]
  ignore line: [@m32]
  link line: [ "/root/android-ndk-r15c/toolchains/x86-4.9/prebuilt/linux-x86_64/lib/gcc/i686-linux-android/4.9.x/../../../../i686-linux-android/bin/ld" --sysroot=/root/android-ndk-r15c/platforms/android-16/arch-x86 -pie -z relro --eh-frame-hdr -m elf_i386 -dynamic-linker /system/bin/linker -o cmTC_9e022 /root/android-ndk-r15c/platforms/android-16/arch-x86/usr/lib/crtbegin_dynamic.o -L/root/android-ndk-r15c/toolchains/llvm/prebuilt/linux-x86_64/lib64/clang/5.0.300080/lib/linux/i386 -L/root/android-ndk-r15c/toolchains/x86-4.9/prebuilt/linux-x86_64/lib/gcc/i686-linux-android/4.9.x -L/root/android-ndk-r15c/toolchains/x86-4.9/prebuilt/linux-x86_64/lib/gcc/i686-linux-android/4.9.x/../../../../i686-linux-android/lib -L/root/android-ndk-r15c/platforms/android-16/arch-x86/usr/lib --gc-sections -z nocopyreloc CMakeFiles/cmTC_9e022.dir/CMakeCCompilerABI.c.o -lgcc -ldl -lc -lgcc -ldl /root/android-ndk-r15c/platforms/android-16/arch-x86/usr/lib/crtend_android.o]
    arg [/root/android-ndk-r15c/toolchains/x86-4.9/prebuilt/linux-x86_64/lib/gcc/i686-linux-android/4.9.x/../../../../i686-linux-android/bin/ld] ==> ignore
    arg [--sysroot=/root/android-ndk-r15c/platforms/android-16/arch-x86] ==> ignore
    arg [-pie] ==> ignore
    arg [-zrelro] ==> ignore
    arg [--eh-frame-hdr] ==> ignore
    arg [-m] ==> ignore
    arg [elf_i386] ==> ignore
    arg [-dynamic-linker] ==> ignore
    arg [/system/bin/linker] ==> ignore
    arg [-o] ==> ignore
    arg [cmTC_9e022] ==> ignore
    arg [/root/android-ndk-r15c/platforms/android-16/arch-x86/usr/lib/crtbegin_dynamic.o] ==> ignore
    arg [-L/root/android-ndk-r15c/toolchains/llvm/prebuilt/linux-x86_64/lib64/clang/5.0.300080/lib/linux/i386] ==> dir [/root/android-ndk-r15c/toolchains/llvm/prebuilt/linux-x86_64/lib64/clang/5.0.300080/lib/linux/i386]
    arg [-L/root/android-ndk-r15c/toolchains/x86-4.9/prebuilt/linux-x86_64/lib/gcc/i686-linux-android/4.9.x] ==> dir [/root/android-ndk-r15c/toolchains/x86-4.9/prebuilt/linux-x86_64/lib/gcc/i686-linux-android/4.9.x]
    arg [-L/root/android-ndk-r15c/toolchains/x86-4.9/prebuilt/linux-x86_64/lib/gcc/i686-linux-android/4.9.x/../../../../i686-linux-android/lib] ==> dir [/root/android-ndk-r15c/toolchains/x86-4.9/prebuilt/linux-x86_64/lib/gcc/i686-linux-android/4.9.x/../../../../i686-linux-android/lib]
    arg [-L/root/android-ndk-r15c/platforms/android-16/arch-x86/usr/lib] ==> dir [/root/android-ndk-r15c/platforms/android-16/arch-x86/usr/lib]
    arg [--gc-sections] ==> ignore
    arg [-znocopyreloc] ==> ignore
    arg [CMakeFiles/cmTC_9e022.dir/CMakeCCompilerABI.c.o] ==> ignore
    arg [-lgcc] ==> lib [gcc]
    arg [-ldl] ==> lib [dl]
    arg [-lc] ==> lib [c]
    arg [-lgcc] ==> lib [gcc]
    arg [-ldl] ==> lib [dl]
    arg [/root/android-ndk-r15c/platforms/android-16/arch-x86/usr/lib/crtend_android.o] ==> ignore
  collapse library dir [/root/android-ndk-r15c/toolchains/llvm/prebuilt/linux-x86_64/lib64/clang/5.0.300080/lib/linux/i386] ==> [/root/android-ndk-r15c/toolchains/llvm/prebuilt/linux-x86_64/lib64/clang/5.0.300080/lib/linux/i386]
  collapse library dir [/root/android-ndk-r15c/toolchains/x86-4.9/prebuilt/linux-x86_64/lib/gcc/i686-linux-android/4.9.x] ==> [/root/android-ndk-r15c/toolchains/x86-4.9/prebuilt/linux-x86_64/lib/gcc/i686-linux-android/4.9.x]
  collapse library dir [/root/android-ndk-r15c/toolchains/x86-4.9/prebuilt/linux-x86_64/lib/gcc/i686-linux-android/4.9.x/../../../../i686-linux-android/lib] ==> [/root/android-ndk-r15c/toolchains/x86-4.9/prebuilt/linux-x86_64/i686-linux-android/lib]
  collapse library dir [/root/android-ndk-r15c/platforms/android-16/arch-x86/usr/lib] ==> [/root/android-ndk-r15c/platforms/android-16/arch-x86/usr/lib]
  implicit libs: [gcc;dl;c;gcc;dl]
  implicit dirs: [/root/android-ndk-r15c/toolchains/llvm/prebuilt/linux-x86_64/lib64/clang/5.0.300080/lib/linux/i386;/root/android-ndk-r15c/toolchains/x86-4.9/prebuilt/linux-x86_64/lib/gcc/i686-linux-android/4.9.x;/root/android-ndk-r15c/toolchains/x86-4.9/prebuilt/linux-x86_64/i686-linux-android/lib;/root/android-ndk-r15c/platforms/android-16/arch-x86/usr/lib]
  implicit fwks: []




Detecting C [-std=c11] compiler features compiled with the following output:
Change Dir: /root/linphone/linphone-android/WORK/android-x86/cmake/CMakeFiles/CMakeTmp

Run Build Command:"/usr/bin/make" "cmTC_7d1d1/fast"
/usr/bin/make -f CMakeFiles/cmTC_7d1d1.dir/build.make CMakeFiles/cmTC_7d1d1.dir/build
make[1]: Entering directory '/root/linphone/linphone-android/WORK/android-x86/cmake/CMakeFiles/CMakeTmp'
Building C object CMakeFiles/cmTC_7d1d1.dir/feature_tests.c.o
/root/android-ndk-r15c/toolchains/llvm/prebuilt/linux-x86_64/bin/clang --target=i686-none-linux-android --gcc-toolchain=/root/android-ndk-r15c/toolchains/x86-4.9/prebuilt/linux-x86_64 --sysroot=/root/android-ndk-r15c/sysroot  -isystem /root/android-ndk-r15c/sysroot/usr/include -isystem /root/android-ndk-r15c/sysroot/usr/include/i686-linux-android  -funwind-tables -no-canonical-prefixes -D__ANDROID_API__=16 -fexceptions  -g -fPIE   -std=c11 -o CMakeFiles/cmTC_7d1d1.dir/feature_tests.c.o   -c /root/linphone/linphone-android/WORK/android-x86/cmake/CMakeFiles/feature_tests.c
Linking C executable cmTC_7d1d1
/usr/local/bin/cmake -E cmake_link_script CMakeFiles/cmTC_7d1d1.dir/link.txt --verbose=1
/root/android-ndk-r15c/toolchains/llvm/prebuilt/linux-x86_64/bin/clang --target=i686-none-linux-android --gcc-toolchain=/root/android-ndk-r15c/toolchains/x86-4.9/prebuilt/linux-x86_64 --sysroot=/root/android-ndk-r15c/platforms/android-16/arch-x86 -funwind-tables -no-canonical-prefixes -D__ANDROID_API__=16 -fexceptions  -g  -fPIE -pie -Wl,--gc-sections -Wl,-z,nocopyreloc  CMakeFiles/cmTC_7d1d1.dir/feature_tests.c.o  -o cmTC_7d1d1 
make[1]: Leaving directory '/root/linphone/linphone-android/WORK/android-x86/cmake/CMakeFiles/CMakeTmp'


    Feature record: C_FEATURE:1c_function_prototypes
    Feature record: C_FEATURE:1c_restrict
    Feature record: C_FEATURE:1c_static_assert
    Feature record: C_FEATURE:1c_variadic_macros


Detecting C [-std=c99] compiler features compiled with the following output:
Change Dir: /root/linphone/linphone-android/WORK/android-x86/cmake/CMakeFiles/CMakeTmp

Run Build Command:"/usr/bin/make" "cmTC_fa6f1/fast"
/usr/bin/make -f CMakeFiles/cmTC_fa6f1.dir/build.make CMakeFiles/cmTC_fa6f1.dir/build
make[1]: Entering directory '/root/linphone/linphone-android/WORK/android-x86/cmake/CMakeFiles/CMakeTmp'
Building C object CMakeFiles/cmTC_fa6f1.dir/feature_tests.c.o
/root/android-ndk-r15c/toolchains/llvm/prebuilt/linux-x86_64/bin/clang --target=i686-none-linux-android --gcc-toolchain=/root/android-ndk-r15c/toolchains/x86-4.9/prebuilt/linux-x86_64 --sysroot=/root/android-ndk-r15c/sysroot  -isystem /root/android-ndk-r15c/sysroot/usr/include -isystem /root/android-ndk-r15c/sysroot/usr/include/i686-linux-android  -funwind-tables -no-canonical-prefixes -D__ANDROID_API__=16 -fexceptions  -g -fPIE   -std=c99 -o CMakeFiles/cmTC_fa6f1.dir/feature_tests.c.o   -c /root/linphone/linphone-android/WORK/android-x86/cmake/CMakeFiles/feature_tests.c
Linking C executable cmTC_fa6f1
/usr/local/bin/cmake -E cmake_link_script CMakeFiles/cmTC_fa6f1.dir/link.txt --verbose=1
/root/android-ndk-r15c/toolchains/llvm/prebuilt/linux-x86_64/bin/clang --target=i686-none-linux-android --gcc-toolchain=/root/android-ndk-r15c/toolchains/x86-4.9/prebuilt/linux-x86_64 --sysroot=/root/android-ndk-r15c/platforms/android-16/arch-x86 -funwind-tables -no-canonical-prefixes -D__ANDROID_API__=16 -fexceptions  -g  -fPIE -pie -Wl,--gc-sections -Wl,-z,nocopyreloc  CMakeFiles/cmTC_fa6f1.dir/feature_tests.c.o  -o cmTC_fa6f1 
make[1]: Leaving directory '/root/linphone/linphone-android/WORK/android-x86/cmake/CMakeFiles/CMakeTmp'


    Feature record: C_FEATURE:1c_function_prototypes
    Feature record: C_FEATURE:1c_restrict
    Feature record: C_FEATURE:0c_static_assert
    Feature record: C_FEATURE:1c_variadic_macros


Detecting C [-std=c90] compiler features compiled with the following output:
Change Dir: /root/linphone/linphone-android/WORK/android-x86/cmake/CMakeFiles/CMakeTmp

Run Build Command:"/usr/bin/make" "cmTC_a729e/fast"
/usr/bin/make -f CMakeFiles/cmTC_a729e.dir/build.make CMakeFiles/cmTC_a729e.dir/build
make[1]: Entering directory '/root/linphone/linphone-android/WORK/android-x86/cmake/CMakeFiles/CMakeTmp'
Building C object CMakeFiles/cmTC_a729e.dir/feature_tests.c.o
/root/android-ndk-r15c/toolchains/llvm/prebuilt/linux-x86_64/bin/clang --target=i686-none-linux-android --gcc-toolchain=/root/android-ndk-r15c/toolchains/x86-4.9/prebuilt/linux-x86_64 --sysroot=/root/android-ndk-r15c/sysroot  -isystem /root/android-ndk-r15c/sysroot/usr/include -isystem /root/android-ndk-r15c/sysroot/usr/include/i686-linux-android  -funwind-tables -no-canonical-prefixes -D__ANDROID_API__=16 -fexceptions  -g -fPIE   -std=c90 -o CMakeFiles/cmTC_a729e.dir/feature_tests.c.o   -c /root/linphone/linphone-android/WORK/android-x86/cmake/CMakeFiles/feature_tests.c
Linking C executable cmTC_a729e
/usr/local/bin/cmake -E cmake_link_script CMakeFiles/cmTC_a729e.dir/link.txt --verbose=1
/root/android-ndk-r15c/toolchains/llvm/prebuilt/linux-x86_64/bin/clang --target=i686-none-linux-android --gcc-toolchain=/root/android-ndk-r15c/toolchains/x86-4.9/prebuilt/linux-x86_64 --sysroot=/root/android-ndk-r15c/platforms/android-16/arch-x86 -funwind-tables -no-canonical-prefixes -D__ANDROID_API__=16 -fexceptions  -g  -fPIE -pie -Wl,--gc-sections -Wl,-z,nocopyreloc  CMakeFiles/cmTC_a729e.dir/feature_tests.c.o  -o cmTC_a729e 
make[1]: Leaving directory '/root/linphone/linphone-android/WORK/android-x86/cmake/CMakeFiles/CMakeTmp'


    Feature record: C_FEATURE:1c_function_prototypes
    Feature record: C_FEATURE:0c_restrict
    Feature record: C_FEATURE:0c_static_assert
    Feature record: C_FEATURE:0c_variadic_macros
Determining if the CXX compiler works passed with the following output:
Change Dir: /root/linphone/linphone-android/WORK/android-x86/cmake/CMakeFiles/CMakeTmp

Run Build Command:"/usr/bin/make" "cmTC_094bf/fast"
/usr/bin/make -f CMakeFiles/cmTC_094bf.dir/build.make CMakeFiles/cmTC_094bf.dir/build
make[1]: Entering directory '/root/linphone/linphone-android/WORK/android-x86/cmake/CMakeFiles/CMakeTmp'
Building CXX object CMakeFiles/cmTC_094bf.dir/testCXXCompiler.cxx.o
/root/android-ndk-r15c/toolchains/llvm/prebuilt/linux-x86_64/bin/clang++ --target=i686-none-linux-android --gcc-toolchain=/root/android-ndk-r15c/toolchains/x86-4.9/prebuilt/linux-x86_64 --sysroot=/root/android-ndk-r15c/sysroot   -isystem /root/android-ndk-r15c/sources/cxx-stl/gnu-libstdc++/4.9/include -isystem /root/android-ndk-r15c/sources/cxx-stl/gnu-libstdc++/4.9/libs/x86/include -isystem /root/android-ndk-r15c/sources/cxx-stl/gnu-libstdc++/4.9/include/backward -isystem /root/android-ndk-r15c/sysroot/usr/include -isystem /root/android-ndk-r15c/sysroot/usr/include/i686-linux-android  -funwind-tables -no-canonical-prefixes -D__ANDROID_API__=16 -fexceptions -frtti  -g -fPIE   -o CMakeFiles/cmTC_094bf.dir/testCXXCompiler.cxx.o -c /root/linphone/linphone-android/WORK/android-x86/cmake/CMakeFiles/CMakeTmp/testCXXCompiler.cxx
Linking CXX executable cmTC_094bf
/usr/local/bin/cmake -E cmake_link_script CMakeFiles/cmTC_094bf.dir/link.txt --verbose=1
/root/android-ndk-r15c/toolchains/llvm/prebuilt/linux-x86_64/bin/clang++ --target=i686-none-linux-android --gcc-toolchain=/root/android-ndk-r15c/toolchains/x86-4.9/prebuilt/linux-x86_64 --sysroot=/root/android-ndk-r15c/platforms/android-16/arch-x86  -funwind-tables -no-canonical-prefixes -D__ANDROID_API__=16 -fexceptions -frtti  -g  -fPIE -pie -Wl,--gc-sections -Wl,-z,nocopyreloc  CMakeFiles/cmTC_094bf.dir/testCXXCompiler.cxx.o  -o cmTC_094bf  "/root/android-ndk-r15c/sources/cxx-stl/gnu-libstdc++/4.9/libs/x86/libgnustl_shared.so" 
make[1]: Leaving directory '/root/linphone/linphone-android/WORK/android-x86/cmake/CMakeFiles/CMakeTmp'


Detecting CXX compiler ABI info compiled with the following output:
Change Dir: /root/linphone/linphone-android/WORK/android-x86/cmake/CMakeFiles/CMakeTmp

Run Build Command:"/usr/bin/make" "cmTC_ac455/fast"
/usr/bin/make -f CMakeFiles/cmTC_ac455.dir/build.make CMakeFiles/cmTC_ac455.dir/build
make[1]: Entering directory '/root/linphone/linphone-android/WORK/android-x86/cmake/CMakeFiles/CMakeTmp'
Building CXX object CMakeFiles/cmTC_ac455.dir/CMakeCXXCompilerABI.cpp.o
/root/android-ndk-r15c/toolchains/llvm/prebuilt/linux-x86_64/bin/clang++ --target=i686-none-linux-android --gcc-toolchain=/root/android-ndk-r15c/toolchains/x86-4.9/prebuilt/linux-x86_64 --sysroot=/root/android-ndk-r15c/sysroot   -isystem /root/android-ndk-r15c/sources/cxx-stl/gnu-libstdc++/4.9/include -isystem /root/android-ndk-r15c/sources/cxx-stl/gnu-libstdc++/4.9/libs/x86/include -isystem /root/android-ndk-r15c/sources/cxx-stl/gnu-libstdc++/4.9/include/backward -isystem /root/android-ndk-r15c/sysroot/usr/include -isystem /root/android-ndk-r15c/sysroot/usr/include/i686-linux-android  -funwind-tables -no-canonical-prefixes -D__ANDROID_API__=16 -fexceptions -frtti  -g -fPIE   -o CMakeFiles/cmTC_ac455.dir/CMakeCXXCompilerABI.cpp.o -c /usr/local/share/cmake-3.11/Modules/CMakeCXXCompilerABI.cpp
Linking CXX executable cmTC_ac455
/usr/local/bin/cmake -E cmake_link_script CMakeFiles/cmTC_ac455.dir/link.txt --verbose=1
/root/android-ndk-r15c/toolchains/llvm/prebuilt/linux-x86_64/bin/clang++ --target=i686-none-linux-android --gcc-toolchain=/root/android-ndk-r15c/toolchains/x86-4.9/prebuilt/linux-x86_64 --sysroot=/root/android-ndk-r15c/platforms/android-16/arch-x86  -funwind-tables -no-canonical-prefixes -D__ANDROID_API__=16 -fexceptions -frtti  -g  -fPIE -pie -Wl,--gc-sections -Wl,-z,nocopyreloc -v CMakeFiles/cmTC_ac455.dir/CMakeCXXCompilerABI.cpp.o  -o cmTC_ac455  "/root/android-ndk-r15c/sources/cxx-stl/gnu-libstdc++/4.9/libs/x86/libgnustl_shared.so" 
Android clang version 5.0.300080  (based on LLVM 5.0.300080)
Target: i686-none-linux-android
Thread model: posix
InstalledDir: /root/android-ndk-r15c/toolchains/llvm/prebuilt/linux-x86_64/bin
Found candidate GCC installation: /root/android-ndk-r15c/toolchains/x86-4.9/prebuilt/linux-x86_64/lib/gcc/i686-linux-android/4.9.x
Selected GCC installation: /root/android-ndk-r15c/toolchains/x86-4.9/prebuilt/linux-x86_64/lib/gcc/i686-linux-android/4.9.x
Candidate multilib: .;@m32
Selected multilib: .;@m32
 "/root/android-ndk-r15c/toolchains/x86-4.9/prebuilt/linux-x86_64/lib/gcc/i686-linux-android/4.9.x/../../../../i686-linux-android/bin/ld" --sysroot=/root/android-ndk-r15c/platforms/android-16/arch-x86 -pie -z relro --eh-frame-hdr -m elf_i386 -dynamic-linker /system/bin/linker -o cmTC_ac455 /root/android-ndk-r15c/platforms/android-16/arch-x86/usr/lib/crtbegin_dynamic.o -L/root/android-ndk-r15c/toolchains/llvm/prebuilt/linux-x86_64/lib64/clang/5.0.300080/lib/linux/i386 -L/root/android-ndk-r15c/toolchains/x86-4.9/prebuilt/linux-x86_64/lib/gcc/i686-linux-android/4.9.x -L/root/android-ndk-r15c/toolchains/x86-4.9/prebuilt/linux-x86_64/lib/gcc/i686-linux-android/4.9.x/../../../../i686-linux-android/lib -L/root/android-ndk-r15c/platforms/android-16/arch-x86/usr/lib --gc-sections -z nocopyreloc CMakeFiles/cmTC_ac455.dir/CMakeCXXCompilerABI.cpp.o /root/android-ndk-r15c/sources/cxx-stl/gnu-libstdc++/4.9/libs/x86/libgnustl_shared.so -lstdc++ -lm -lgcc -lgcc -ldl -lc -lgcc -lgcc -ldl /root/android-ndk-r15c/platforms/android-16/arch-x86/usr/lib/crtend_android.o
make[1]: Leaving directory '/root/linphone/linphone-android/WORK/android-x86/cmake/CMakeFiles/CMakeTmp'


Parsed CXX implicit link information from above output:
  link line regex: [^( *|.*[/\])(i686-linux-android-ld|CMAKE_LINK_STARTFILE-NOTFOUND|([^/\]+-)?ld|collect2)[^/\]*( |$)]
  ignore line: [Change Dir: /root/linphone/linphone-android/WORK/android-x86/cmake/CMakeFiles/CMakeTmp]
  ignore line: []
  ignore line: [Run Build Command:"/usr/bin/make" "cmTC_ac455/fast"]
  ignore line: [/usr/bin/make -f CMakeFiles/cmTC_ac455.dir/build.make CMakeFiles/cmTC_ac455.dir/build]
  ignore line: [make[1]: Entering directory '/root/linphone/linphone-android/WORK/android-x86/cmake/CMakeFiles/CMakeTmp']
  ignore line: [Building CXX object CMakeFiles/cmTC_ac455.dir/CMakeCXXCompilerABI.cpp.o]
  ignore line: [/root/android-ndk-r15c/toolchains/llvm/prebuilt/linux-x86_64/bin/clang++ --target=i686-none-linux-android --gcc-toolchain=/root/android-ndk-r15c/toolchains/x86-4.9/prebuilt/linux-x86_64 --sysroot=/root/android-ndk-r15c/sysroot   -isystem /root/android-ndk-r15c/sources/cxx-stl/gnu-libstdc++/4.9/include -isystem /root/android-ndk-r15c/sources/cxx-stl/gnu-libstdc++/4.9/libs/x86/include -isystem /root/android-ndk-r15c/sources/cxx-stl/gnu-libstdc++/4.9/include/backward -isystem /root/android-ndk-r15c/sysroot/usr/include -isystem /root/android-ndk-r15c/sysroot/usr/include/i686-linux-android  -funwind-tables -no-canonical-prefixes -D__ANDROID_API__=16 -fexceptions -frtti  -g -fPIE   -o CMakeFiles/cmTC_ac455.dir/CMakeCXXCompilerABI.cpp.o -c /usr/local/share/cmake-3.11/Modules/CMakeCXXCompilerABI.cpp]
  ignore line: [Linking CXX executable cmTC_ac455]
  ignore line: [/usr/local/bin/cmake -E cmake_link_script CMakeFiles/cmTC_ac455.dir/link.txt --verbose=1]
  ignore line: [/root/android-ndk-r15c/toolchains/llvm/prebuilt/linux-x86_64/bin/clang++ --target=i686-none-linux-android --gcc-toolchain=/root/android-ndk-r15c/toolchains/x86-4.9/prebuilt/linux-x86_64 --sysroot=/root/android-ndk-r15c/platforms/android-16/arch-x86  -funwind-tables -no-canonical-prefixes -D__ANDROID_API__=16 -fexceptions -frtti  -g  -fPIE -pie -Wl,--gc-sections -Wl,-z,nocopyreloc -v CMakeFiles/cmTC_ac455.dir/CMakeCXXCompilerABI.cpp.o  -o cmTC_ac455  "/root/android-ndk-r15c/sources/cxx-stl/gnu-libstdc++/4.9/libs/x86/libgnustl_shared.so" ]
  ignore line: [Android clang version 5.0.300080  (based on LLVM 5.0.300080)]
  ignore line: [Target: i686-none-linux-android]
  ignore line: [Thread model: posix]
  ignore line: [InstalledDir: /root/android-ndk-r15c/toolchains/llvm/prebuilt/linux-x86_64/bin]
  ignore line: [Found candidate GCC installation: /root/android-ndk-r15c/toolchains/x86-4.9/prebuilt/linux-x86_64/lib/gcc/i686-linux-android/4.9.x]
  ignore line: [Selected GCC installation: /root/android-ndk-r15c/toolchains/x86-4.9/prebuilt/linux-x86_64/lib/gcc/i686-linux-android/4.9.x]
  ignore line: [Candidate multilib: .]
  ignore line: [@m32]
  ignore line: [Selected multilib: .]
  ignore line: [@m32]
  link line: [ "/root/android-ndk-r15c/toolchains/x86-4.9/prebuilt/linux-x86_64/lib/gcc/i686-linux-android/4.9.x/../../../../i686-linux-android/bin/ld" --sysroot=/root/android-ndk-r15c/platforms/android-16/arch-x86 -pie -z relro --eh-frame-hdr -m elf_i386 -dynamic-linker /system/bin/linker -o cmTC_ac455 /root/android-ndk-r15c/platforms/android-16/arch-x86/usr/lib/crtbegin_dynamic.o -L/root/android-ndk-r15c/toolchains/llvm/prebuilt/linux-x86_64/lib64/clang/5.0.300080/lib/linux/i386 -L/root/android-ndk-r15c/toolchains/x86-4.9/prebuilt/linux-x86_64/lib/gcc/i686-linux-android/4.9.x -L/root/android-ndk-r15c/toolchains/x86-4.9/prebuilt/linux-x86_64/lib/gcc/i686-linux-android/4.9.x/../../../../i686-linux-android/lib -L/root/android-ndk-r15c/platforms/android-16/arch-x86/usr/lib --gc-sections -z nocopyreloc CMakeFiles/cmTC_ac455.dir/CMakeCXXCompilerABI.cpp.o /root/android-ndk-r15c/sources/cxx-stl/gnu-libstdc++/4.9/libs/x86/libgnustl_shared.so -lstdc++ -lm -lgcc -lgcc -ldl -lc -lgcc -lgcc -ldl /root/android-ndk-r15c/platforms/android-16/arch-x86/usr/lib/crtend_android.o]
    arg [/root/android-ndk-r15c/toolchains/x86-4.9/prebuilt/linux-x86_64/lib/gcc/i686-linux-android/4.9.x/../../../../i686-linux-android/bin/ld] ==> ignore
    arg [--sysroot=/root/android-ndk-r15c/platforms/android-16/arch-x86] ==> ignore
    arg [-pie] ==> ignore
    arg [-zrelro] ==> ignore
    arg [--eh-frame-hdr] ==> ignore
    arg [-m] ==> ignore
    arg [elf_i386] ==> ignore
    arg [-dynamic-linker] ==> ignore
    arg [/system/bin/linker] ==> ignore
    arg [-o] ==> ignore
    arg [cmTC_ac455] ==> ignore
    arg [/root/android-ndk-r15c/platforms/android-16/arch-x86/usr/lib/crtbegin_dynamic.o] ==> ignore
    arg [-L/root/android-ndk-r15c/toolchains/llvm/prebuilt/linux-x86_64/lib64/clang/5.0.300080/lib/linux/i386] ==> dir [/root/android-ndk-r15c/toolchains/llvm/prebuilt/linux-x86_64/lib64/clang/5.0.300080/lib/linux/i386]
    arg [-L/root/android-ndk-r15c/toolchains/x86-4.9/prebuilt/linux-x86_64/lib/gcc/i686-linux-android/4.9.x] ==> dir [/root/android-ndk-r15c/toolchains/x86-4.9/prebuilt/linux-x86_64/lib/gcc/i686-linux-android/4.9.x]
    arg [-L/root/android-ndk-r15c/toolchains/x86-4.9/prebuilt/linux-x86_64/lib/gcc/i686-linux-android/4.9.x/../../../../i686-linux-android/lib] ==> dir [/root/android-ndk-r15c/toolchains/x86-4.9/prebuilt/linux-x86_64/lib/gcc/i686-linux-android/4.9.x/../../../../i686-linux-android/lib]
    arg [-L/root/android-ndk-r15c/platforms/android-16/arch-x86/usr/lib] ==> dir [/root/android-ndk-r15c/platforms/android-16/arch-x86/usr/lib]
    arg [--gc-sections] ==> ignore
    arg [-znocopyreloc] ==> ignore
    arg [CMakeFiles/cmTC_ac455.dir/CMakeCXXCompilerABI.cpp.o] ==> ignore
    arg [/root/android-ndk-r15c/sources/cxx-stl/gnu-libstdc++/4.9/libs/x86/libgnustl_shared.so] ==> ignore
    arg [-lstdc++] ==> lib [stdc++]
    arg [-lm] ==> lib [m]
    arg [-lgcc] ==> lib [gcc]
    arg [-lgcc] ==> lib [gcc]
    arg [-ldl] ==> lib [dl]
    arg [-lc] ==> lib [c]
    arg [-lgcc] ==> lib [gcc]
    arg [-lgcc] ==> lib [gcc]
    arg [-ldl] ==> lib [dl]
    arg [/root/android-ndk-r15c/platforms/android-16/arch-x86/usr/lib/crtend_android.o] ==> ignore
  collapse library dir [/root/android-ndk-r15c/toolchains/llvm/prebuilt/linux-x86_64/lib64/clang/5.0.300080/lib/linux/i386] ==> [/root/android-ndk-r15c/toolchains/llvm/prebuilt/linux-x86_64/lib64/clang/5.0.300080/lib/linux/i386]
  collapse library dir [/root/android-ndk-r15c/toolchains/x86-4.9/prebuilt/linux-x86_64/lib/gcc/i686-linux-android/4.9.x] ==> [/root/android-ndk-r15c/toolchains/x86-4.9/prebuilt/linux-x86_64/lib/gcc/i686-linux-android/4.9.x]
  collapse library dir [/root/android-ndk-r15c/toolchains/x86-4.9/prebuilt/linux-x86_64/lib/gcc/i686-linux-android/4.9.x/../../../../i686-linux-android/lib] ==> [/root/android-ndk-r15c/toolchains/x86-4.9/prebuilt/linux-x86_64/i686-linux-android/lib]
  collapse library dir [/root/android-ndk-r15c/platforms/android-16/arch-x86/usr/lib] ==> [/root/android-ndk-r15c/platforms/android-16/arch-x86/usr/lib]
  implicit libs: [stdc++;m;gcc;gcc;dl;c;gcc;gcc;dl]
  implicit dirs: [/root/android-ndk-r15c/toolchains/llvm/prebuilt/linux-x86_64/lib64/clang/5.0.300080/lib/linux/i386;/root/android-ndk-r15c/toolchains/x86-4.9/prebuilt/linux-x86_64/lib/gcc/i686-linux-android/4.9.x;/root/android-ndk-r15c/toolchains/x86-4.9/prebuilt/linux-x86_64/i686-linux-android/lib;/root/android-ndk-r15c/platforms/android-16/arch-x86/usr/lib]
  implicit fwks: []




Detecting CXX [-std=c++1z] compiler features compiled with the following output:
Change Dir: /root/linphone/linphone-android/WORK/android-x86/cmake/CMakeFiles/CMakeTmp

Run Build Command:"/usr/bin/make" "cmTC_6c6a5/fast"
/usr/bin/make -f CMakeFiles/cmTC_6c6a5.dir/build.make CMakeFiles/cmTC_6c6a5.dir/build
make[1]: Entering directory '/root/linphone/linphone-android/WORK/android-x86/cmake/CMakeFiles/CMakeTmp'
Building CXX object CMakeFiles/cmTC_6c6a5.dir/feature_tests.cxx.o
/root/android-ndk-r15c/toolchains/llvm/prebuilt/linux-x86_64/bin/clang++ --target=i686-none-linux-android --gcc-toolchain=/root/android-ndk-r15c/toolchains/x86-4.9/prebuilt/linux-x86_64 --sysroot=/root/android-ndk-r15c/sysroot   -isystem /root/android-ndk-r15c/sources/cxx-stl/gnu-libstdc++/4.9/include -isystem /root/android-ndk-r15c/sources/cxx-stl/gnu-libstdc++/4.9/libs/x86/include -isystem /root/android-ndk-r15c/sources/cxx-stl/gnu-libstdc++/4.9/include/backward -isystem /root/android-ndk-r15c/sysroot/usr/include -isystem /root/android-ndk-r15c/sysroot/usr/include/i686-linux-android  -funwind-tables -no-canonical-prefixes -D__ANDROID_API__=16 -fexceptions -frtti  -g -fPIE   -std=c++1z -o CMakeFiles/cmTC_6c6a5.dir/feature_tests.cxx.o -c /root/linphone/linphone-android/WORK/android-x86/cmake/CMakeFiles/feature_tests.cxx
Linking CXX executable cmTC_6c6a5
/usr/local/bin/cmake -E cmake_link_script CMakeFiles/cmTC_6c6a5.dir/link.txt --verbose=1
/root/android-ndk-r15c/toolchains/llvm/prebuilt/linux-x86_64/bin/clang++ --target=i686-none-linux-android --gcc-toolchain=/root/android-ndk-r15c/toolchains/x86-4.9/prebuilt/linux-x86_64 --sysroot=/root/android-ndk-r15c/platforms/android-16/arch-x86  -funwind-tables -no-canonical-prefixes -D__ANDROID_API__=16 -fexceptions -frtti  -g  -fPIE -pie -Wl,--gc-sections -Wl,-z,nocopyreloc  CMakeFiles/cmTC_6c6a5.dir/feature_tests.cxx.o  -o cmTC_6c6a5  "/root/android-ndk-r15c/sources/cxx-stl/gnu-libstdc++/4.9/libs/x86/libgnustl_shared.so" 
make[1]: Leaving directory '/root/linphone/linphone-android/WORK/android-x86/cmake/CMakeFiles/CMakeTmp'


    Feature record: CXX_FEATURE:1cxx_aggregate_default_initializers
    Feature record: CXX_FEATURE:1cxx_alias_templates
    Feature record: CXX_FEATURE:1cxx_alignas
    Feature record: CXX_FEATURE:1cxx_alignof
    Feature record: CXX_FEATURE:1cxx_attributes
    Feature record: CXX_FEATURE:1cxx_attribute_deprecated
    Feature record: CXX_FEATURE:1cxx_auto_type
    Feature record: CXX_FEATURE:1cxx_binary_literals
    Feature record: CXX_FEATURE:1cxx_constexpr
    Feature record: CXX_FEATURE:1cxx_contextual_conversions
    Feature record: CXX_FEATURE:1cxx_decltype
    Feature record: CXX_FEATURE:1cxx_decltype_auto
    Feature record: CXX_FEATURE:1cxx_decltype_incomplete_return_types
    Feature record: CXX_FEATURE:1cxx_default_function_template_args
    Feature record: CXX_FEATURE:1cxx_defaulted_functions
    Feature record: CXX_FEATURE:1cxx_defaulted_move_initializers
    Feature record: CXX_FEATURE:1cxx_delegating_constructors
    Feature record: CXX_FEATURE:1cxx_deleted_functions
    Feature record: CXX_FEATURE:1cxx_digit_separators
    Feature record: CXX_FEATURE:1cxx_enum_forward_declarations
    Feature record: CXX_FEATURE:1cxx_explicit_conversions
    Feature record: CXX_FEATURE:1cxx_extended_friend_declarations
    Feature record: CXX_FEATURE:1cxx_extern_templates
    Feature record: CXX_FEATURE:1cxx_final
    Feature record: CXX_FEATURE:1cxx_func_identifier
    Feature record: CXX_FEATURE:1cxx_generalized_initializers
    Feature record: CXX_FEATURE:1cxx_generic_lambdas
    Feature record: CXX_FEATURE:1cxx_inheriting_constructors
    Feature record: CXX_FEATURE:1cxx_inline_namespaces
    Feature record: CXX_FEATURE:1cxx_lambdas
    Feature record: CXX_FEATURE:1cxx_lambda_init_captures
    Feature record: CXX_FEATURE:1cxx_local_type_template_args
    Feature record: CXX_FEATURE:1cxx_long_long_type
    Feature record: CXX_FEATURE:1cxx_noexcept
    Feature record: CXX_FEATURE:1cxx_nonstatic_member_init
    Feature record: CXX_FEATURE:1cxx_nullptr
    Feature record: CXX_FEATURE:1cxx_override
    Feature record: CXX_FEATURE:1cxx_range_for
    Feature record: CXX_FEATURE:1cxx_raw_string_literals
    Feature record: CXX_FEATURE:1cxx_reference_qualified_functions
    Feature record: CXX_FEATURE:1cxx_relaxed_constexpr
    Feature record: CXX_FEATURE:1cxx_return_type_deduction
    Feature record: CXX_FEATURE:1cxx_right_angle_brackets
    Feature record: CXX_FEATURE:1cxx_rvalue_references
    Feature record: CXX_FEATURE:1cxx_sizeof_member
    Feature record: CXX_FEATURE:1cxx_static_assert
    Feature record: CXX_FEATURE:1cxx_strong_enums
    Feature record: CXX_FEATURE:1cxx_template_template_parameters
    Feature record: CXX_FEATURE:1cxx_thread_local
    Feature record: CXX_FEATURE:1cxx_trailing_return_types
    Feature record: CXX_FEATURE:1cxx_unicode_literals
    Feature record: CXX_FEATURE:1cxx_uniform_initialization
    Feature record: CXX_FEATURE:1cxx_unrestricted_unions
    Feature record: CXX_FEATURE:1cxx_user_literals
    Feature record: CXX_FEATURE:1cxx_variable_templates
    Feature record: CXX_FEATURE:1cxx_variadic_macros
    Feature record: CXX_FEATURE:1cxx_variadic_templates


Detecting CXX [-std=c++14] compiler features compiled with the following output:
Change Dir: /root/linphone/linphone-android/WORK/android-x86/cmake/CMakeFiles/CMakeTmp

Run Build Command:"/usr/bin/make" "cmTC_ea859/fast"
/usr/bin/make -f CMakeFiles/cmTC_ea859.dir/build.make CMakeFiles/cmTC_ea859.dir/build
make[1]: Entering directory '/root/linphone/linphone-android/WORK/android-x86/cmake/CMakeFiles/CMakeTmp'
Building CXX object CMakeFiles/cmTC_ea859.dir/feature_tests.cxx.o
/root/android-ndk-r15c/toolchains/llvm/prebuilt/linux-x86_64/bin/clang++ --target=i686-none-linux-android --gcc-toolchain=/root/android-ndk-r15c/toolchains/x86-4.9/prebuilt/linux-x86_64 --sysroot=/root/android-ndk-r15c/sysroot   -isystem /root/android-ndk-r15c/sources/cxx-stl/gnu-libstdc++/4.9/include -isystem /root/android-ndk-r15c/sources/cxx-stl/gnu-libstdc++/4.9/libs/x86/include -isystem /root/android-ndk-r15c/sources/cxx-stl/gnu-libstdc++/4.9/include/backward -isystem /root/android-ndk-r15c/sysroot/usr/include -isystem /root/android-ndk-r15c/sysroot/usr/include/i686-linux-android  -funwind-tables -no-canonical-prefixes -D__ANDROID_API__=16 -fexceptions -frtti  -g -fPIE   -std=c++14 -o CMakeFiles/cmTC_ea859.dir/feature_tests.cxx.o -c /root/linphone/linphone-android/WORK/android-x86/cmake/CMakeFiles/feature_tests.cxx
Linking CXX executable cmTC_ea859
/usr/local/bin/cmake -E cmake_link_script CMakeFiles/cmTC_ea859.dir/link.txt --verbose=1
/root/android-ndk-r15c/toolchains/llvm/prebuilt/linux-x86_64/bin/clang++ --target=i686-none-linux-android --gcc-toolchain=/root/android-ndk-r15c/toolchains/x86-4.9/prebuilt/linux-x86_64 --sysroot=/root/android-ndk-r15c/platforms/android-16/arch-x86  -funwind-tables -no-canonical-prefixes -D__ANDROID_API__=16 -fexceptions -frtti  -g  -fPIE -pie -Wl,--gc-sections -Wl,-z,nocopyreloc  CMakeFiles/cmTC_ea859.dir/feature_tests.cxx.o  -o cmTC_ea859  "/root/android-ndk-r15c/sources/cxx-stl/gnu-libstdc++/4.9/libs/x86/libgnustl_shared.so" 
make[1]: Leaving directory '/root/linphone/linphone-android/WORK/android-x86/cmake/CMakeFiles/CMakeTmp'


    Feature record: CXX_FEATURE:1cxx_aggregate_default_initializers
    Feature record: CXX_FEATURE:1cxx_alias_templates
    Feature record: CXX_FEATURE:1cxx_alignas
    Feature record: CXX_FEATURE:1cxx_alignof
    Feature record: CXX_FEATURE:1cxx_attributes
    Feature record: CXX_FEATURE:1cxx_attribute_deprecated
    Feature record: CXX_FEATURE:1cxx_auto_type
    Feature record: CXX_FEATURE:1cxx_binary_literals
    Feature record: CXX_FEATURE:1cxx_constexpr
    Feature record: CXX_FEATURE:1cxx_contextual_conversions
    Feature record: CXX_FEATURE:1cxx_decltype
    Feature record: CXX_FEATURE:1cxx_decltype_auto
    Feature record: CXX_FEATURE:1cxx_decltype_incomplete_return_types
    Feature record: CXX_FEATURE:1cxx_default_function_template_args
    Feature record: CXX_FEATURE:1cxx_defaulted_functions
    Feature record: CXX_FEATURE:1cxx_defaulted_move_initializers
    Feature record: CXX_FEATURE:1cxx_delegating_constructors
    Feature record: CXX_FEATURE:1cxx_deleted_functions
    Feature record: CXX_FEATURE:1cxx_digit_separators
    Feature record: CXX_FEATURE:1cxx_enum_forward_declarations
    Feature record: CXX_FEATURE:1cxx_explicit_conversions
    Feature record: CXX_FEATURE:1cxx_extended_friend_declarations
    Feature record: CXX_FEATURE:1cxx_extern_templates
    Feature record: CXX_FEATURE:1cxx_final
    Feature record: CXX_FEATURE:1cxx_func_identifier
    Feature record: CXX_FEATURE:1cxx_generalized_initializers
    Feature record: CXX_FEATURE:1cxx_generic_lambdas
    Feature record: CXX_FEATURE:1cxx_inheriting_constructors
    Feature record: CXX_FEATURE:1cxx_inline_namespaces
    Feature record: CXX_FEATURE:1cxx_lambdas
    Feature record: CXX_FEATURE:1cxx_lambda_init_captures
    Feature record: CXX_FEATURE:1cxx_local_type_template_args
    Feature record: CXX_FEATURE:1cxx_long_long_type
    Feature record: CXX_FEATURE:1cxx_noexcept
    Feature record: CXX_FEATURE:1cxx_nonstatic_member_init
    Feature record: CXX_FEATURE:1cxx_nullptr
    Feature record: CXX_FEATURE:1cxx_override
    Feature record: CXX_FEATURE:1cxx_range_for
    Feature record: CXX_FEATURE:1cxx_raw_string_literals
    Feature record: CXX_FEATURE:1cxx_reference_qualified_functions
    Feature record: CXX_FEATURE:1cxx_relaxed_constexpr
    Feature record: CXX_FEATURE:1cxx_return_type_deduction
    Feature record: CXX_FEATURE:1cxx_right_angle_brackets
    Feature record: CXX_FEATURE:1cxx_rvalue_references
    Feature record: CXX_FEATURE:1cxx_sizeof_member
    Feature record: CXX_FEATURE:1cxx_static_assert
    Feature record: CXX_FEATURE:1cxx_strong_enums
    Feature record: CXX_FEATURE:1cxx_template_template_parameters
    Feature record: CXX_FEATURE:1cxx_thread_local
    Feature record: CXX_FEATURE:1cxx_trailing_return_types
    Feature record: CXX_FEATURE:1cxx_unicode_literals
    Feature record: CXX_FEATURE:1cxx_uniform_initialization
    Feature record: CXX_FEATURE:1cxx_unrestricted_unions
    Feature record: CXX_FEATURE:1cxx_user_literals
    Feature record: CXX_FEATURE:1cxx_variable_templates
    Feature record: CXX_FEATURE:1cxx_variadic_macros
    Feature record: CXX_FEATURE:1cxx_variadic_templates


Detecting CXX [-std=c++11] compiler features compiled with the following output:
Change Dir: /root/linphone/linphone-android/WORK/android-x86/cmake/CMakeFiles/CMakeTmp

Run Build Command:"/usr/bin/make" "cmTC_44f1c/fast"
/usr/bin/make -f CMakeFiles/cmTC_44f1c.dir/build.make CMakeFiles/cmTC_44f1c.dir/build
make[1]: Entering directory '/root/linphone/linphone-android/WORK/android-x86/cmake/CMakeFiles/CMakeTmp'
Building CXX object CMakeFiles/cmTC_44f1c.dir/feature_tests.cxx.o
/root/android-ndk-r15c/toolchains/llvm/prebuilt/linux-x86_64/bin/clang++ --target=i686-none-linux-android --gcc-toolchain=/root/android-ndk-r15c/toolchains/x86-4.9/prebuilt/linux-x86_64 --sysroot=/root/android-ndk-r15c/sysroot   -isystem /root/android-ndk-r15c/sources/cxx-stl/gnu-libstdc++/4.9/include -isystem /root/android-ndk-r15c/sources/cxx-stl/gnu-libstdc++/4.9/libs/x86/include -isystem /root/android-ndk-r15c/sources/cxx-stl/gnu-libstdc++/4.9/include/backward -isystem /root/android-ndk-r15c/sysroot/usr/include -isystem /root/android-ndk-r15c/sysroot/usr/include/i686-linux-android  -funwind-tables -no-canonical-prefixes -D__ANDROID_API__=16 -fexceptions -frtti  -g -fPIE   -std=c++11 -o CMakeFiles/cmTC_44f1c.dir/feature_tests.cxx.o -c /root/linphone/linphone-android/WORK/android-x86/cmake/CMakeFiles/feature_tests.cxx
Linking CXX executable cmTC_44f1c
/usr/local/bin/cmake -E cmake_link_script CMakeFiles/cmTC_44f1c.dir/link.txt --verbose=1
/root/android-ndk-r15c/toolchains/llvm/prebuilt/linux-x86_64/bin/clang++ --target=i686-none-linux-android --gcc-toolchain=/root/android-ndk-r15c/toolchains/x86-4.9/prebuilt/linux-x86_64 --sysroot=/root/android-ndk-r15c/platforms/android-16/arch-x86  -funwind-tables -no-canonical-prefixes -D__ANDROID_API__=16 -fexceptions -frtti  -g  -fPIE -pie -Wl,--gc-sections -Wl,-z,nocopyreloc  CMakeFiles/cmTC_44f1c.dir/feature_tests.cxx.o  -o cmTC_44f1c  "/root/android-ndk-r15c/sources/cxx-stl/gnu-libstdc++/4.9/libs/x86/libgnustl_shared.so" 
make[1]: Leaving directory '/root/linphone/linphone-android/WORK/android-x86/cmake/CMakeFiles/CMakeTmp'


    Feature record: CXX_FEATURE:0cxx_aggregate_default_initializers
    Feature record: CXX_FEATURE:1cxx_alias_templates
    Feature record: CXX_FEATURE:1cxx_alignas
    Feature record: CXX_FEATURE:1cxx_alignof
    Feature record: CXX_FEATURE:1cxx_attributes
    Feature record: CXX_FEATURE:0cxx_attribute_deprecated
    Feature record: CXX_FEATURE:1cxx_auto_type
    Feature record: CXX_FEATURE:0cxx_binary_literals
    Feature record: CXX_FEATURE:1cxx_constexpr
    Feature record: CXX_FEATURE:0cxx_contextual_conversions
    Feature record: CXX_FEATURE:1cxx_decltype
    Feature record: CXX_FEATURE:0cxx_decltype_auto
    Feature record: CXX_FEATURE:1cxx_decltype_incomplete_return_types
    Feature record: CXX_FEATURE:1cxx_default_function_template_args
    Feature record: CXX_FEATURE:1cxx_defaulted_functions
    Feature record: CXX_FEATURE:1cxx_defaulted_move_initializers
    Feature record: CXX_FEATURE:1cxx_delegating_constructors
    Feature record: CXX_FEATURE:1cxx_deleted_functions
    Feature record: CXX_FEATURE:0cxx_digit_separators
    Feature record: CXX_FEATURE:1cxx_enum_forward_declarations
    Feature record: CXX_FEATURE:1cxx_explicit_conversions
    Feature record: CXX_FEATURE:1cxx_extended_friend_declarations
    Feature record: CXX_FEATURE:1cxx_extern_templates
    Feature record: CXX_FEATURE:1cxx_final
    Feature record: CXX_FEATURE:1cxx_func_identifier
    Feature record: CXX_FEATURE:1cxx_generalized_initializers
    Feature record: CXX_FEATURE:0cxx_generic_lambdas
    Feature record: CXX_FEATURE:1cxx_inheriting_constructors
    Feature record: CXX_FEATURE:1cxx_inline_namespaces
    Feature record: CXX_FEATURE:1cxx_lambdas
    Feature record: CXX_FEATURE:0cxx_lambda_init_captures
    Feature record: CXX_FEATURE:1cxx_local_type_template_args
    Feature record: CXX_FEATURE:1cxx_long_long_type
    Feature record: CXX_FEATURE:1cxx_noexcept
    Feature record: CXX_FEATURE:1cxx_nonstatic_member_init
    Feature record: CXX_FEATURE:1cxx_nullptr
    Feature record: CXX_FEATURE:1cxx_override
    Feature record: CXX_FEATURE:1cxx_range_for
    Feature record: CXX_FEATURE:1cxx_raw_string_literals
    Feature record: CXX_FEATURE:1cxx_reference_qualified_functions
    Feature record: CXX_FEATURE:0cxx_relaxed_constexpr
    Feature record: CXX_FEATURE:0cxx_return_type_deduction
    Feature record: CXX_FEATURE:1cxx_right_angle_brackets
    Feature record: CXX_FEATURE:1cxx_rvalue_references
    Feature record: CXX_FEATURE:1cxx_sizeof_member
    Feature record: CXX_FEATURE:1cxx_static_assert
    Feature record: CXX_FEATURE:1cxx_strong_enums
    Feature record: CXX_FEATURE:1cxx_template_template_parameters
    Feature record: CXX_FEATURE:1cxx_thread_local
    Feature record: CXX_FEATURE:1cxx_trailing_return_types
    Feature record: CXX_FEATURE:1cxx_unicode_literals
    Feature record: CXX_FEATURE:1cxx_uniform_initialization
    Feature record: CXX_FEATURE:1cxx_unrestricted_unions
    Feature record: CXX_FEATURE:1cxx_user_literals
    Feature record: CXX_FEATURE:0cxx_variable_templates
    Feature record: CXX_FEATURE:1cxx_variadic_macros
    Feature record: CXX_FEATURE:1cxx_variadic_templates


Detecting CXX [-std=c++98] compiler features compiled with the following output:
Change Dir: /root/linphone/linphone-android/WORK/android-x86/cmake/CMakeFiles/CMakeTmp

Run Build Command:"/usr/bin/make" "cmTC_e4b9a/fast"
/usr/bin/make -f CMakeFiles/cmTC_e4b9a.dir/build.make CMakeFiles/cmTC_e4b9a.dir/build
make[1]: Entering directory '/root/linphone/linphone-android/WORK/android-x86/cmake/CMakeFiles/CMakeTmp'
Building CXX object CMakeFiles/cmTC_e4b9a.dir/feature_tests.cxx.o
/root/android-ndk-r15c/toolchains/llvm/prebuilt/linux-x86_64/bin/clang++ --target=i686-none-linux-android --gcc-toolchain=/root/android-ndk-r15c/toolchains/x86-4.9/prebuilt/linux-x86_64 --sysroot=/root/android-ndk-r15c/sysroot   -isystem /root/android-ndk-r15c/sources/cxx-stl/gnu-libstdc++/4.9/include -isystem /root/android-ndk-r15c/sources/cxx-stl/gnu-libstdc++/4.9/libs/x86/include -isystem /root/android-ndk-r15c/sources/cxx-stl/gnu-libstdc++/4.9/include/backward -isystem /root/android-ndk-r15c/sysroot/usr/include -isystem /root/android-ndk-r15c/sysroot/usr/include/i686-linux-android  -funwind-tables -no-canonical-prefixes -D__ANDROID_API__=16 -fexceptions -frtti  -g -fPIE   -std=c++98 -o CMakeFiles/cmTC_e4b9a.dir/feature_tests.cxx.o -c /root/linphone/linphone-android/WORK/android-x86/cmake/CMakeFiles/feature_tests.cxx
Linking CXX executable cmTC_e4b9a
/usr/local/bin/cmake -E cmake_link_script CMakeFiles/cmTC_e4b9a.dir/link.txt --verbose=1
/root/android-ndk-r15c/toolchains/llvm/prebuilt/linux-x86_64/bin/clang++ --target=i686-none-linux-android --gcc-toolchain=/root/android-ndk-r15c/toolchains/x86-4.9/prebuilt/linux-x86_64 --sysroot=/root/android-ndk-r15c/platforms/android-16/arch-x86  -funwind-tables -no-canonical-prefixes -D__ANDROID_API__=16 -fexceptions -frtti  -g  -fPIE -pie -Wl,--gc-sections -Wl,-z,nocopyreloc  CMakeFiles/cmTC_e4b9a.dir/feature_tests.cxx.o  -o cmTC_e4b9a  "/root/android-ndk-r15c/sources/cxx-stl/gnu-libstdc++/4.9/libs/x86/libgnustl_shared.so" 
make[1]: Leaving directory '/root/linphone/linphone-android/WORK/android-x86/cmake/CMakeFiles/CMakeTmp'


    Feature record: CXX_FEATURE:0cxx_aggregate_default_initializers
    Feature record: CXX_FEATURE:0cxx_alias_templates
    Feature record: CXX_FEATURE:0cxx_alignas
    Feature record: CXX_FEATURE:0cxx_alignof
    Feature record: CXX_FEATURE:0cxx_attributes
    Feature record: CXX_FEATURE:0cxx_attribute_deprecated
    Feature record: CXX_FEATURE:0cxx_auto_type
    Feature record: CXX_FEATURE:0cxx_binary_literals
    Feature record: CXX_FEATURE:0cxx_constexpr
    Feature record: CXX_FEATURE:0cxx_contextual_conversions
    Feature record: CXX_FEATURE:0cxx_decltype
    Feature record: CXX_FEATURE:0cxx_decltype_auto
    Feature record: CXX_FEATURE:0cxx_decltype_incomplete_return_types
    Feature record: CXX_FEATURE:0cxx_default_function_template_args
    Feature record: CXX_FEATURE:0cxx_defaulted_functions
    Feature record: CXX_FEATURE:0cxx_defaulted_move_initializers
    Feature record: CXX_FEATURE:0cxx_delegating_constructors
    Feature record: CXX_FEATURE:0cxx_deleted_functions
    Feature record: CXX_FEATURE:0cxx_digit_separators
    Feature record: CXX_FEATURE:0cxx_enum_forward_declarations
    Feature record: CXX_FEATURE:0cxx_explicit_conversions
    Feature record: CXX_FEATURE:0cxx_extended_friend_declarations
    Feature record: CXX_FEATURE:0cxx_extern_templates
    Feature record: CXX_FEATURE:0cxx_final
    Feature record: CXX_FEATURE:0cxx_func_identifier
    Feature record: CXX_FEATURE:0cxx_generalized_initializers
    Feature record: CXX_FEATURE:0cxx_generic_lambdas
    Feature record: CXX_FEATURE:0cxx_inheriting_constructors
    Feature record: CXX_FEATURE:0cxx_inline_namespaces
    Feature record: CXX_FEATURE:0cxx_lambdas
    Feature record: CXX_FEATURE:0cxx_lambda_init_captures
    Feature record: CXX_FEATURE:0cxx_local_type_template_args
    Feature record: CXX_FEATURE:0cxx_long_long_type
    Feature record: CXX_FEATURE:0cxx_noexcept
    Feature record: CXX_FEATURE:0cxx_nonstatic_member_init
    Feature record: CXX_FEATURE:0cxx_nullptr
    Feature record: CXX_FEATURE:0cxx_override
    Feature record: CXX_FEATURE:0cxx_range_for
    Feature record: CXX_FEATURE:0cxx_raw_string_literals
    Feature record: CXX_FEATURE:0cxx_reference_qualified_functions
    Feature record: CXX_FEATURE:0cxx_relaxed_constexpr
    Feature record: CXX_FEATURE:0cxx_return_type_deduction
    Feature record: CXX_FEATURE:0cxx_right_angle_brackets
    Feature record: CXX_FEATURE:0cxx_rvalue_references
    Feature record: CXX_FEATURE:0cxx_sizeof_member
    Feature record: CXX_FEATURE:0cxx_static_assert
    Feature record: CXX_FEATURE:0cxx_strong_enums
    Feature record: CXX_FEATURE:1cxx_template_template_parameters
    Feature record: CXX_FEATURE:0cxx_thread_local
    Feature record: CXX_FEATURE:0cxx_trailing_return_types
    Feature record: CXX_FEATURE:0cxx_unicode_literals
    Feature record: CXX_FEATURE:0cxx_uniform_initialization
    Feature record: CXX_FEATURE:0cxx_unrestricted_unions
    Feature record: CXX_FEATURE:0cxx_user_literals
    Feature record: CXX_FEATURE:0cxx_variable_templates
    Feature record: CXX_FEATURE:0cxx_variadic_macros
    Feature record: CXX_FEATURE:0cxx_variadic_templates
