Determining if the include file machine/types.h exists failed with the following output:
Change Dir: /root/linphone/linphone-android/WORK/android-x86/Build/srtp/CMakeFiles/CMakeTmp

Run Build Command:"/usr/bin/make" "cmTC_9371e/fast"
make[4]: Entering directory '/root/linphone/linphone-android/WORK/android-x86/Build/srtp/CMakeFiles/CMakeTmp'
/usr/bin/make -f CMakeFiles/cmTC_9371e.dir/build.make CMakeFiles/cmTC_9371e.dir/build
make[5]: Entering directory '/root/linphone/linphone-android/WORK/android-x86/Build/srtp/CMakeFiles/CMakeTmp'
Building C object CMakeFiles/cmTC_9371e.dir/CheckIncludeFile.c.o
/root/android-ndk-r15c/toolchains/llvm/prebuilt/linux-x86_64/bin/clang --target=i686-none-linux-android --gcc-toolchain=/root/android-ndk-r15c/toolchains/x86-4.9/prebuilt/linux-x86_64 --sysroot=/root/android-ndk-r15c/sysroot  -isystem /root/android-ndk-r15c/sysroot/usr/include -isystem /root/android-ndk-r15c/sysroot/usr/include/i686-linux-android  -funwind-tables -no-canonical-prefixes -D__ANDROID_API__=16 -fexceptions  -g -fPIE   -o CMakeFiles/cmTC_9371e.dir/CheckIncludeFile.c.o   -c /root/linphone/linphone-android/WORK/android-x86/Build/srtp/CMakeFiles/CMakeTmp/CheckIncludeFile.c
/root/linphone/linphone-android/WORK/android-x86/Build/srtp/CMakeFiles/CMakeTmp/CheckIncludeFile.c:1:10: fatal error: 'machine/types.h' file not found
#include <machine/types.h>
         ^~~~~~~~~~~~~~~~~
1 error generated.
CMakeFiles/cmTC_9371e.dir/build.make:65: recipe for target 'CMakeFiles/cmTC_9371e.dir/CheckIncludeFile.c.o' failed
make[5]: *** [CMakeFiles/cmTC_9371e.dir/CheckIncludeFile.c.o] Error 1
make[5]: Leaving directory '/root/linphone/linphone-android/WORK/android-x86/Build/srtp/CMakeFiles/CMakeTmp'
Makefile:126: recipe for target 'cmTC_9371e/fast' failed
make[4]: *** [cmTC_9371e/fast] Error 2
make[4]: Leaving directory '/root/linphone/linphone-android/WORK/android-x86/Build/srtp/CMakeFiles/CMakeTmp'


Determining if the include file sys/int_types.h exists failed with the following output:
Change Dir: /root/linphone/linphone-android/WORK/android-x86/Build/srtp/CMakeFiles/CMakeTmp

Run Build Command:"/usr/bin/make" "cmTC_1ce26/fast"
make[4]: Entering directory '/root/linphone/linphone-android/WORK/android-x86/Build/srtp/CMakeFiles/CMakeTmp'
/usr/bin/make -f CMakeFiles/cmTC_1ce26.dir/build.make CMakeFiles/cmTC_1ce26.dir/build
make[5]: Entering directory '/root/linphone/linphone-android/WORK/android-x86/Build/srtp/CMakeFiles/CMakeTmp'
Building C object CMakeFiles/cmTC_1ce26.dir/CheckIncludeFile.c.o
/root/android-ndk-r15c/toolchains/llvm/prebuilt/linux-x86_64/bin/clang --target=i686-none-linux-android --gcc-toolchain=/root/android-ndk-r15c/toolchains/x86-4.9/prebuilt/linux-x86_64 --sysroot=/root/android-ndk-r15c/sysroot  -isystem /root/android-ndk-r15c/sysroot/usr/include -isystem /root/android-ndk-r15c/sysroot/usr/include/i686-linux-android  -funwind-tables -no-canonical-prefixes -D__ANDROID_API__=16 -fexceptions  -g -fPIE   -o CMakeFiles/cmTC_1ce26.dir/CheckIncludeFile.c.o   -c /root/linphone/linphone-android/WORK/android-x86/Build/srtp/CMakeFiles/CMakeTmp/CheckIncludeFile.c
/root/linphone/linphone-android/WORK/android-x86/Build/srtp/CMakeFiles/CMakeTmp/CheckIncludeFile.c:1:10: fatal error: 'sys/int_types.h' file not found
#include <sys/int_types.h>
         ^~~~~~~~~~~~~~~~~
1 error generated.
CMakeFiles/cmTC_1ce26.dir/build.make:65: recipe for target 'CMakeFiles/cmTC_1ce26.dir/CheckIncludeFile.c.o' failed
make[5]: *** [CMakeFiles/cmTC_1ce26.dir/CheckIncludeFile.c.o] Error 1
make[5]: Leaving directory '/root/linphone/linphone-android/WORK/android-x86/Build/srtp/CMakeFiles/CMakeTmp'
Makefile:126: recipe for target 'cmTC_1ce26/fast' failed
make[4]: *** [cmTC_1ce26/fast] Error 2
make[4]: Leaving directory '/root/linphone/linphone-android/WORK/android-x86/Build/srtp/CMakeFiles/CMakeTmp'


Determining if the include file windows.h exists failed with the following output:
Change Dir: /root/linphone/linphone-android/WORK/android-x86/Build/srtp/CMakeFiles/CMakeTmp

Run Build Command:"/usr/bin/make" "cmTC_aab54/fast"
make[4]: Entering directory '/root/linphone/linphone-android/WORK/android-x86/Build/srtp/CMakeFiles/CMakeTmp'
/usr/bin/make -f CMakeFiles/cmTC_aab54.dir/build.make CMakeFiles/cmTC_aab54.dir/build
make[5]: Entering directory '/root/linphone/linphone-android/WORK/android-x86/Build/srtp/CMakeFiles/CMakeTmp'
Building C object CMakeFiles/cmTC_aab54.dir/CheckIncludeFile.c.o
/root/android-ndk-r15c/toolchains/llvm/prebuilt/linux-x86_64/bin/clang --target=i686-none-linux-android --gcc-toolchain=/root/android-ndk-r15c/toolchains/x86-4.9/prebuilt/linux-x86_64 --sysroot=/root/android-ndk-r15c/sysroot  -isystem /root/android-ndk-r15c/sysroot/usr/include -isystem /root/android-ndk-r15c/sysroot/usr/include/i686-linux-android  -funwind-tables -no-canonical-prefixes -D__ANDROID_API__=16 -fexceptions  -g -fPIE   -o CMakeFiles/cmTC_aab54.dir/CheckIncludeFile.c.o   -c /root/linphone/linphone-android/WORK/android-x86/Build/srtp/CMakeFiles/CMakeTmp/CheckIncludeFile.c
/root/linphone/linphone-android/WORK/android-x86/Build/srtp/CMakeFiles/CMakeTmp/CheckIncludeFile.c:1:10: fatal error: 'windows.h' file not found
#include <windows.h>
         ^~~~~~~~~~~
1 error generated.
CMakeFiles/cmTC_aab54.dir/build.make:65: recipe for target 'CMakeFiles/cmTC_aab54.dir/CheckIncludeFile.c.o' failed
make[5]: *** [CMakeFiles/cmTC_aab54.dir/CheckIncludeFile.c.o] Error 1
make[5]: Leaving directory '/root/linphone/linphone-android/WORK/android-x86/Build/srtp/CMakeFiles/CMakeTmp'
Makefile:126: recipe for target 'cmTC_aab54/fast' failed
make[4]: *** [cmTC_aab54/fast] Error 2
make[4]: Leaving directory '/root/linphone/linphone-android/WORK/android-x86/Build/srtp/CMakeFiles/CMakeTmp'


