Determining if files libudev.h exist failed with the following output:
Change Dir: /root/linphone/linphone-android/WORK/android-armv7/Build/belcard/CMakeFiles/CMakeTmp

Run Build Command:"/usr/bin/make" "cmTC_af6e0/fast"
make[4]: Entering directory '/root/linphone/linphone-android/WORK/android-armv7/Build/belcard/CMakeFiles/CMakeTmp'
/usr/bin/make -f CMakeFiles/cmTC_af6e0.dir/build.make CMakeFiles/cmTC_af6e0.dir/build
make[5]: Entering directory '/root/linphone/linphone-android/WORK/android-armv7/Build/belcard/CMakeFiles/CMakeTmp'
Building C object CMakeFiles/cmTC_af6e0.dir/HAVE_LIBUDEV_H.c.o
/root/android-ndk-r15c/toolchains/llvm/prebuilt/linux-x86_64/bin/clang --target=armv7-none-linux-androideabi --gcc-toolchain=/root/android-ndk-r15c/toolchains/arm-linux-androideabi-4.9/prebuilt/linux-x86_64 --sysroot=/root/android-ndk-r15c/sysroot  -isystem /root/android-ndk-r15c/sysroot/usr/include -isystem /root/android-ndk-r15c/sysroot/usr/include/arm-linux-androideabi  -march=armv7-a -mthumb -mfpu=neon -mfloat-abi=softfp -funwind-tables -no-canonical-prefixes -D__ANDROID_API__=16 -fexceptions  -g -fPIE   -o CMakeFiles/cmTC_af6e0.dir/HAVE_LIBUDEV_H.c.o   -c /root/linphone/linphone-android/WORK/android-armv7/Build/belcard/CMakeFiles/CheckIncludeFiles/HAVE_LIBUDEV_H.c
/root/linphone/linphone-android/WORK/android-armv7/Build/belcard/CMakeFiles/CheckIncludeFiles/HAVE_LIBUDEV_H.c:2:10: fatal error: 'libudev.h' file not found
#include <libudev.h>
         ^~~~~~~~~~~
1 error generated.
CMakeFiles/cmTC_af6e0.dir/build.make:65: recipe for target 'CMakeFiles/cmTC_af6e0.dir/HAVE_LIBUDEV_H.c.o' failed
make[5]: *** [CMakeFiles/cmTC_af6e0.dir/HAVE_LIBUDEV_H.c.o] Error 1
make[5]: Leaving directory '/root/linphone/linphone-android/WORK/android-armv7/Build/belcard/CMakeFiles/CMakeTmp'
Makefile:126: recipe for target 'cmTC_af6e0/fast' failed
make[4]: *** [cmTC_af6e0/fast] Error 2
make[4]: Leaving directory '/root/linphone/linphone-android/WORK/android-armv7/Build/belcard/CMakeFiles/CMakeTmp'

Source:
/* */
#include <libudev.h>


int main(void){return 0;}

