Determining if the include file windows.h exists failed with the following output:
Change Dir: /root/linphone/linphone-android/WORK/android-x86/Build/xml2/CMakeFiles/CMakeTmp

Run Build Command:"/usr/bin/make" "cmTC_39948/fast"
make[4]: Entering directory '/root/linphone/linphone-android/WORK/android-x86/Build/xml2/CMakeFiles/CMakeTmp'
/usr/bin/make -f CMakeFiles/cmTC_39948.dir/build.make CMakeFiles/cmTC_39948.dir/build
make[5]: Entering directory '/root/linphone/linphone-android/WORK/android-x86/Build/xml2/CMakeFiles/CMakeTmp'
Building C object CMakeFiles/cmTC_39948.dir/CheckIncludeFile.c.o
/root/android-ndk-r15c/toolchains/llvm/prebuilt/linux-x86_64/bin/clang --target=i686-none-linux-android --gcc-toolchain=/root/android-ndk-r15c/toolchains/x86-4.9/prebuilt/linux-x86_64 --sysroot=/root/android-ndk-r15c/sysroot  -isystem /root/android-ndk-r15c/sysroot/usr/include -isystem /root/android-ndk-r15c/sysroot/usr/include/i686-linux-android  -funwind-tables -no-canonical-prefixes -D__ANDROID_API__=16 -fexceptions  -g -fPIE   -o CMakeFiles/cmTC_39948.dir/CheckIncludeFile.c.o   -c /root/linphone/linphone-android/WORK/android-x86/Build/xml2/CMakeFiles/CMakeTmp/CheckIncludeFile.c
/root/linphone/linphone-android/WORK/android-x86/Build/xml2/CMakeFiles/CMakeTmp/CheckIncludeFile.c:1:10: fatal error: 'windows.h' file not found
#include <windows.h>
         ^~~~~~~~~~~
1 error generated.
CMakeFiles/cmTC_39948.dir/build.make:65: recipe for target 'CMakeFiles/cmTC_39948.dir/CheckIncludeFile.c.o' failed
make[5]: *** [CMakeFiles/cmTC_39948.dir/CheckIncludeFile.c.o] Error 1
make[5]: Leaving directory '/root/linphone/linphone-android/WORK/android-x86/Build/xml2/CMakeFiles/CMakeTmp'
Makefile:126: recipe for target 'cmTC_39948/fast' failed
make[4]: *** [cmTC_39948/fast] Error 2
make[4]: Leaving directory '/root/linphone/linphone-android/WORK/android-x86/Build/xml2/CMakeFiles/CMakeTmp'


Determining if the include file ansidecl.h exists failed with the following output:
Change Dir: /root/linphone/linphone-android/WORK/android-x86/Build/xml2/CMakeFiles/CMakeTmp

Run Build Command:"/usr/bin/make" "cmTC_ebb18/fast"
make[4]: Entering directory '/root/linphone/linphone-android/WORK/android-x86/Build/xml2/CMakeFiles/CMakeTmp'
/usr/bin/make -f CMakeFiles/cmTC_ebb18.dir/build.make CMakeFiles/cmTC_ebb18.dir/build
make[5]: Entering directory '/root/linphone/linphone-android/WORK/android-x86/Build/xml2/CMakeFiles/CMakeTmp'
Building C object CMakeFiles/cmTC_ebb18.dir/CheckIncludeFile.c.o
/root/android-ndk-r15c/toolchains/llvm/prebuilt/linux-x86_64/bin/clang --target=i686-none-linux-android --gcc-toolchain=/root/android-ndk-r15c/toolchains/x86-4.9/prebuilt/linux-x86_64 --sysroot=/root/android-ndk-r15c/sysroot  -isystem /root/android-ndk-r15c/sysroot/usr/include -isystem /root/android-ndk-r15c/sysroot/usr/include/i686-linux-android  -funwind-tables -no-canonical-prefixes -D__ANDROID_API__=16 -fexceptions  -g -fPIE   -o CMakeFiles/cmTC_ebb18.dir/CheckIncludeFile.c.o   -c /root/linphone/linphone-android/WORK/android-x86/Build/xml2/CMakeFiles/CMakeTmp/CheckIncludeFile.c
/root/linphone/linphone-android/WORK/android-x86/Build/xml2/CMakeFiles/CMakeTmp/CheckIncludeFile.c:1:10: fatal error: 'ansidecl.h' file not found
#include <ansidecl.h>
         ^~~~~~~~~~~~
1 error generated.
CMakeFiles/cmTC_ebb18.dir/build.make:65: recipe for target 'CMakeFiles/cmTC_ebb18.dir/CheckIncludeFile.c.o' failed
make[5]: *** [CMakeFiles/cmTC_ebb18.dir/CheckIncludeFile.c.o] Error 1
make[5]: Leaving directory '/root/linphone/linphone-android/WORK/android-x86/Build/xml2/CMakeFiles/CMakeTmp'
Makefile:126: recipe for target 'cmTC_ebb18/fast' failed
make[4]: *** [cmTC_ebb18/fast] Error 2
make[4]: Leaving directory '/root/linphone/linphone-android/WORK/android-x86/Build/xml2/CMakeFiles/CMakeTmp'


Determining if the include file ieeefp.h exists failed with the following output:
Change Dir: /root/linphone/linphone-android/WORK/android-x86/Build/xml2/CMakeFiles/CMakeTmp

Run Build Command:"/usr/bin/make" "cmTC_bcafd/fast"
make[4]: Entering directory '/root/linphone/linphone-android/WORK/android-x86/Build/xml2/CMakeFiles/CMakeTmp'
/usr/bin/make -f CMakeFiles/cmTC_bcafd.dir/build.make CMakeFiles/cmTC_bcafd.dir/build
make[5]: Entering directory '/root/linphone/linphone-android/WORK/android-x86/Build/xml2/CMakeFiles/CMakeTmp'
Building C object CMakeFiles/cmTC_bcafd.dir/CheckIncludeFile.c.o
/root/android-ndk-r15c/toolchains/llvm/prebuilt/linux-x86_64/bin/clang --target=i686-none-linux-android --gcc-toolchain=/root/android-ndk-r15c/toolchains/x86-4.9/prebuilt/linux-x86_64 --sysroot=/root/android-ndk-r15c/sysroot  -isystem /root/android-ndk-r15c/sysroot/usr/include -isystem /root/android-ndk-r15c/sysroot/usr/include/i686-linux-android  -funwind-tables -no-canonical-prefixes -D__ANDROID_API__=16 -fexceptions  -g -fPIE   -o CMakeFiles/cmTC_bcafd.dir/CheckIncludeFile.c.o   -c /root/linphone/linphone-android/WORK/android-x86/Build/xml2/CMakeFiles/CMakeTmp/CheckIncludeFile.c
/root/linphone/linphone-android/WORK/android-x86/Build/xml2/CMakeFiles/CMakeTmp/CheckIncludeFile.c:1:10: fatal error: 'ieeefp.h' file not found
#include <ieeefp.h>
         ^~~~~~~~~~
1 error generated.
CMakeFiles/cmTC_bcafd.dir/build.make:65: recipe for target 'CMakeFiles/cmTC_bcafd.dir/CheckIncludeFile.c.o' failed
make[5]: *** [CMakeFiles/cmTC_bcafd.dir/CheckIncludeFile.c.o] Error 1
make[5]: Leaving directory '/root/linphone/linphone-android/WORK/android-x86/Build/xml2/CMakeFiles/CMakeTmp'
Makefile:126: recipe for target 'cmTC_bcafd/fast' failed
make[4]: *** [cmTC_bcafd/fast] Error 2
make[4]: Leaving directory '/root/linphone/linphone-android/WORK/android-x86/Build/xml2/CMakeFiles/CMakeTmp'


Determining if the include file nan.h exists failed with the following output:
Change Dir: /root/linphone/linphone-android/WORK/android-x86/Build/xml2/CMakeFiles/CMakeTmp

Run Build Command:"/usr/bin/make" "cmTC_75601/fast"
make[4]: Entering directory '/root/linphone/linphone-android/WORK/android-x86/Build/xml2/CMakeFiles/CMakeTmp'
/usr/bin/make -f CMakeFiles/cmTC_75601.dir/build.make CMakeFiles/cmTC_75601.dir/build
make[5]: Entering directory '/root/linphone/linphone-android/WORK/android-x86/Build/xml2/CMakeFiles/CMakeTmp'
Building C object CMakeFiles/cmTC_75601.dir/CheckIncludeFile.c.o
/root/android-ndk-r15c/toolchains/llvm/prebuilt/linux-x86_64/bin/clang --target=i686-none-linux-android --gcc-toolchain=/root/android-ndk-r15c/toolchains/x86-4.9/prebuilt/linux-x86_64 --sysroot=/root/android-ndk-r15c/sysroot  -isystem /root/android-ndk-r15c/sysroot/usr/include -isystem /root/android-ndk-r15c/sysroot/usr/include/i686-linux-android  -funwind-tables -no-canonical-prefixes -D__ANDROID_API__=16 -fexceptions  -g -fPIE   -o CMakeFiles/cmTC_75601.dir/CheckIncludeFile.c.o   -c /root/linphone/linphone-android/WORK/android-x86/Build/xml2/CMakeFiles/CMakeTmp/CheckIncludeFile.c
/root/linphone/linphone-android/WORK/android-x86/Build/xml2/CMakeFiles/CMakeTmp/CheckIncludeFile.c:1:10: fatal error: 'nan.h' file not found
#include <nan.h>
         ^~~~~~~
1 error generated.
CMakeFiles/cmTC_75601.dir/build.make:65: recipe for target 'CMakeFiles/cmTC_75601.dir/CheckIncludeFile.c.o' failed
make[5]: *** [CMakeFiles/cmTC_75601.dir/CheckIncludeFile.c.o] Error 1
make[5]: Leaving directory '/root/linphone/linphone-android/WORK/android-x86/Build/xml2/CMakeFiles/CMakeTmp'
Makefile:126: recipe for target 'cmTC_75601/fast' failed
make[4]: *** [cmTC_75601/fast] Error 2
make[4]: Leaving directory '/root/linphone/linphone-android/WORK/android-x86/Build/xml2/CMakeFiles/CMakeTmp'


Determining if the include file fp_class.h exists failed with the following output:
Change Dir: /root/linphone/linphone-android/WORK/android-x86/Build/xml2/CMakeFiles/CMakeTmp

Run Build Command:"/usr/bin/make" "cmTC_25ed0/fast"
make[4]: Entering directory '/root/linphone/linphone-android/WORK/android-x86/Build/xml2/CMakeFiles/CMakeTmp'
/usr/bin/make -f CMakeFiles/cmTC_25ed0.dir/build.make CMakeFiles/cmTC_25ed0.dir/build
make[5]: Entering directory '/root/linphone/linphone-android/WORK/android-x86/Build/xml2/CMakeFiles/CMakeTmp'
Building C object CMakeFiles/cmTC_25ed0.dir/CheckIncludeFile.c.o
/root/android-ndk-r15c/toolchains/llvm/prebuilt/linux-x86_64/bin/clang --target=i686-none-linux-android --gcc-toolchain=/root/android-ndk-r15c/toolchains/x86-4.9/prebuilt/linux-x86_64 --sysroot=/root/android-ndk-r15c/sysroot  -isystem /root/android-ndk-r15c/sysroot/usr/include -isystem /root/android-ndk-r15c/sysroot/usr/include/i686-linux-android  -funwind-tables -no-canonical-prefixes -D__ANDROID_API__=16 -fexceptions  -g -fPIE   -o CMakeFiles/cmTC_25ed0.dir/CheckIncludeFile.c.o   -c /root/linphone/linphone-android/WORK/android-x86/Build/xml2/CMakeFiles/CMakeTmp/CheckIncludeFile.c
/root/linphone/linphone-android/WORK/android-x86/Build/xml2/CMakeFiles/CMakeTmp/CheckIncludeFile.c:1:10: fatal error: 'fp_class.h' file not found
#include <fp_class.h>
         ^~~~~~~~~~~~
1 error generated.
CMakeFiles/cmTC_25ed0.dir/build.make:65: recipe for target 'CMakeFiles/cmTC_25ed0.dir/CheckIncludeFile.c.o' failed
make[5]: *** [CMakeFiles/cmTC_25ed0.dir/CheckIncludeFile.c.o] Error 1
make[5]: Leaving directory '/root/linphone/linphone-android/WORK/android-x86/Build/xml2/CMakeFiles/CMakeTmp'
Makefile:126: recipe for target 'cmTC_25ed0/fast' failed
make[4]: *** [cmTC_25ed0/fast] Error 2
make[4]: Leaving directory '/root/linphone/linphone-android/WORK/android-x86/Build/xml2/CMakeFiles/CMakeTmp'


Determining if the include file sys/timeb.h exists failed with the following output:
Change Dir: /root/linphone/linphone-android/WORK/android-x86/Build/xml2/CMakeFiles/CMakeTmp

Run Build Command:"/usr/bin/make" "cmTC_25f5e/fast"
make[4]: Entering directory '/root/linphone/linphone-android/WORK/android-x86/Build/xml2/CMakeFiles/CMakeTmp'
/usr/bin/make -f CMakeFiles/cmTC_25f5e.dir/build.make CMakeFiles/cmTC_25f5e.dir/build
make[5]: Entering directory '/root/linphone/linphone-android/WORK/android-x86/Build/xml2/CMakeFiles/CMakeTmp'
Building C object CMakeFiles/cmTC_25f5e.dir/CheckIncludeFile.c.o
/root/android-ndk-r15c/toolchains/llvm/prebuilt/linux-x86_64/bin/clang --target=i686-none-linux-android --gcc-toolchain=/root/android-ndk-r15c/toolchains/x86-4.9/prebuilt/linux-x86_64 --sysroot=/root/android-ndk-r15c/sysroot  -isystem /root/android-ndk-r15c/sysroot/usr/include -isystem /root/android-ndk-r15c/sysroot/usr/include/i686-linux-android  -funwind-tables -no-canonical-prefixes -D__ANDROID_API__=16 -fexceptions  -g -fPIE   -o CMakeFiles/cmTC_25f5e.dir/CheckIncludeFile.c.o   -c /root/linphone/linphone-android/WORK/android-x86/Build/xml2/CMakeFiles/CMakeTmp/CheckIncludeFile.c
/root/linphone/linphone-android/WORK/android-x86/Build/xml2/CMakeFiles/CMakeTmp/CheckIncludeFile.c:1:10: fatal error: 'sys/timeb.h' file not found
#include <sys/timeb.h>
         ^~~~~~~~~~~~~
1 error generated.
CMakeFiles/cmTC_25f5e.dir/build.make:65: recipe for target 'CMakeFiles/cmTC_25f5e.dir/CheckIncludeFile.c.o' failed
make[5]: *** [CMakeFiles/cmTC_25f5e.dir/CheckIncludeFile.c.o] Error 1
make[5]: Leaving directory '/root/linphone/linphone-android/WORK/android-x86/Build/xml2/CMakeFiles/CMakeTmp'
Makefile:126: recipe for target 'cmTC_25f5e/fast' failed
make[4]: *** [cmTC_25f5e/fast] Error 2
make[4]: Leaving directory '/root/linphone/linphone-android/WORK/android-x86/Build/xml2/CMakeFiles/CMakeTmp'


Determining if the include file dl.h exists failed with the following output:
Change Dir: /root/linphone/linphone-android/WORK/android-x86/Build/xml2/CMakeFiles/CMakeTmp

Run Build Command:"/usr/bin/make" "cmTC_7b0d8/fast"
make[4]: Entering directory '/root/linphone/linphone-android/WORK/android-x86/Build/xml2/CMakeFiles/CMakeTmp'
/usr/bin/make -f CMakeFiles/cmTC_7b0d8.dir/build.make CMakeFiles/cmTC_7b0d8.dir/build
make[5]: Entering directory '/root/linphone/linphone-android/WORK/android-x86/Build/xml2/CMakeFiles/CMakeTmp'
Building C object CMakeFiles/cmTC_7b0d8.dir/CheckIncludeFile.c.o
/root/android-ndk-r15c/toolchains/llvm/prebuilt/linux-x86_64/bin/clang --target=i686-none-linux-android --gcc-toolchain=/root/android-ndk-r15c/toolchains/x86-4.9/prebuilt/linux-x86_64 --sysroot=/root/android-ndk-r15c/sysroot  -isystem /root/android-ndk-r15c/sysroot/usr/include -isystem /root/android-ndk-r15c/sysroot/usr/include/i686-linux-android  -funwind-tables -no-canonical-prefixes -D__ANDROID_API__=16 -fexceptions  -g -fPIE   -o CMakeFiles/cmTC_7b0d8.dir/CheckIncludeFile.c.o   -c /root/linphone/linphone-android/WORK/android-x86/Build/xml2/CMakeFiles/CMakeTmp/CheckIncludeFile.c
/root/linphone/linphone-android/WORK/android-x86/Build/xml2/CMakeFiles/CMakeTmp/CheckIncludeFile.c:1:10: fatal error: 'dl.h' file not found
#include <dl.h>
         ^~~~~~
1 error generated.
CMakeFiles/cmTC_7b0d8.dir/build.make:65: recipe for target 'CMakeFiles/cmTC_7b0d8.dir/CheckIncludeFile.c.o' failed
make[5]: *** [CMakeFiles/cmTC_7b0d8.dir/CheckIncludeFile.c.o] Error 1
make[5]: Leaving directory '/root/linphone/linphone-android/WORK/android-x86/Build/xml2/CMakeFiles/CMakeTmp'
Makefile:126: recipe for target 'cmTC_7b0d8/fast' failed
make[4]: *** [cmTC_7b0d8/fast] Error 2
make[4]: Leaving directory '/root/linphone/linphone-android/WORK/android-x86/Build/xml2/CMakeFiles/CMakeTmp'


