The target system is: Android - 21 - aarch64
The host system is: Linux - 4.15.0-041500-generic - x86_64
Compiling the C compiler identification source file "CMakeCCompilerId.c" succeeded.
Compiler: /root/android-ndk-r15c/toolchains/llvm/prebuilt/linux-x86_64/bin/clang 
Build flags: 
Id flags:  

The output was:
0


Compilation of the C compiler identification source "CMakeCCompilerId.c" produced "a.out"

The C compiler identification is Clang, found in "/root/linphone/linphone-android/WORK/android-arm64/Build/xml2/CMakeFiles/3.11.0-rc2/CompilerIdC/a.out"

Determining if the C compiler works passed with the following output:
Change Dir: /root/linphone/linphone-android/WORK/android-arm64/Build/xml2/CMakeFiles/CMakeTmp

Run Build Command:"/usr/bin/make" "cmTC_140bc/fast"
make[4]: Entering directory '/root/linphone/linphone-android/WORK/android-arm64/Build/xml2/CMakeFiles/CMakeTmp'
/usr/bin/make -f CMakeFiles/cmTC_140bc.dir/build.make CMakeFiles/cmTC_140bc.dir/build
make[5]: Entering directory '/root/linphone/linphone-android/WORK/android-arm64/Build/xml2/CMakeFiles/CMakeTmp'
Building C object CMakeFiles/cmTC_140bc.dir/testCCompiler.c.o
/root/android-ndk-r15c/toolchains/llvm/prebuilt/linux-x86_64/bin/clang --target=aarch64-none-linux-android --gcc-toolchain=/root/android-ndk-r15c/toolchains/aarch64-linux-android-4.9/prebuilt/linux-x86_64 --sysroot=/root/android-ndk-r15c/sysroot  -isystem /root/android-ndk-r15c/sysroot/usr/include -isystem /root/android-ndk-r15c/sysroot/usr/include/aarch64-linux-android  -funwind-tables -no-canonical-prefixes -D__ANDROID_API__=21 -fexceptions  -g -fPIE   -o CMakeFiles/cmTC_140bc.dir/testCCompiler.c.o   -c /root/linphone/linphone-android/WORK/android-arm64/Build/xml2/CMakeFiles/CMakeTmp/testCCompiler.c
Linking C executable cmTC_140bc
/usr/local/bin/cmake -E cmake_link_script CMakeFiles/cmTC_140bc.dir/link.txt --verbose=1
/root/android-ndk-r15c/toolchains/llvm/prebuilt/linux-x86_64/bin/clang --target=aarch64-none-linux-android --gcc-toolchain=/root/android-ndk-r15c/toolchains/aarch64-linux-android-4.9/prebuilt/linux-x86_64 --sysroot=/root/android-ndk-r15c/platforms/android-21/arch-arm64 -funwind-tables -no-canonical-prefixes -D__ANDROID_API__=21 -fexceptions  -g  -fPIE -pie -Wl,--gc-sections  CMakeFiles/cmTC_140bc.dir/testCCompiler.c.o  -o cmTC_140bc 
make[5]: Leaving directory '/root/linphone/linphone-android/WORK/android-arm64/Build/xml2/CMakeFiles/CMakeTmp'
make[4]: Leaving directory '/root/linphone/linphone-android/WORK/android-arm64/Build/xml2/CMakeFiles/CMakeTmp'


Detecting C compiler ABI info compiled with the following output:
Change Dir: /root/linphone/linphone-android/WORK/android-arm64/Build/xml2/CMakeFiles/CMakeTmp

Run Build Command:"/usr/bin/make" "cmTC_c03e2/fast"
make[4]: Entering directory '/root/linphone/linphone-android/WORK/android-arm64/Build/xml2/CMakeFiles/CMakeTmp'
/usr/bin/make -f CMakeFiles/cmTC_c03e2.dir/build.make CMakeFiles/cmTC_c03e2.dir/build
make[5]: Entering directory '/root/linphone/linphone-android/WORK/android-arm64/Build/xml2/CMakeFiles/CMakeTmp'
Building C object CMakeFiles/cmTC_c03e2.dir/CMakeCCompilerABI.c.o
/root/android-ndk-r15c/toolchains/llvm/prebuilt/linux-x86_64/bin/clang --target=aarch64-none-linux-android --gcc-toolchain=/root/android-ndk-r15c/toolchains/aarch64-linux-android-4.9/prebuilt/linux-x86_64 --sysroot=/root/android-ndk-r15c/sysroot  -isystem /root/android-ndk-r15c/sysroot/usr/include -isystem /root/android-ndk-r15c/sysroot/usr/include/aarch64-linux-android  -funwind-tables -no-canonical-prefixes -D__ANDROID_API__=21 -fexceptions  -g -fPIE   -o CMakeFiles/cmTC_c03e2.dir/CMakeCCompilerABI.c.o   -c /usr/local/share/cmake-3.11/Modules/CMakeCCompilerABI.c
Linking C executable cmTC_c03e2
/usr/local/bin/cmake -E cmake_link_script CMakeFiles/cmTC_c03e2.dir/link.txt --verbose=1
/root/android-ndk-r15c/toolchains/llvm/prebuilt/linux-x86_64/bin/clang --target=aarch64-none-linux-android --gcc-toolchain=/root/android-ndk-r15c/toolchains/aarch64-linux-android-4.9/prebuilt/linux-x86_64 --sysroot=/root/android-ndk-r15c/platforms/android-21/arch-arm64 -funwind-tables -no-canonical-prefixes -D__ANDROID_API__=21 -fexceptions  -g  -fPIE -pie -Wl,--gc-sections -v CMakeFiles/cmTC_c03e2.dir/CMakeCCompilerABI.c.o  -o cmTC_c03e2 
Android clang version 5.0.300080  (based on LLVM 5.0.300080)
Target: aarch64-none-linux-android
Thread model: posix
InstalledDir: /root/android-ndk-r15c/toolchains/llvm/prebuilt/linux-x86_64/bin
Found candidate GCC installation: /root/android-ndk-r15c/toolchains/aarch64-linux-android-4.9/prebuilt/linux-x86_64/lib/gcc/aarch64-linux-android/4.9.x
Selected GCC installation: /root/android-ndk-r15c/toolchains/aarch64-linux-android-4.9/prebuilt/linux-x86_64/lib/gcc/aarch64-linux-android/4.9.x
Candidate multilib: .;@m64
Selected multilib: .;@m64
 "/root/android-ndk-r15c/toolchains/aarch64-linux-android-4.9/prebuilt/linux-x86_64/lib/gcc/aarch64-linux-android/4.9.x/../../../../aarch64-linux-android/bin/ld" --sysroot=/root/android-ndk-r15c/platforms/android-21/arch-arm64 -pie --fix-cortex-a53-843419 -z relro --eh-frame-hdr -m aarch64linux -dynamic-linker /system/bin/linker64 -o cmTC_c03e2 /root/android-ndk-r15c/platforms/android-21/arch-arm64/usr/lib/crtbegin_dynamic.o -L/root/android-ndk-r15c/toolchains/llvm/prebuilt/linux-x86_64/lib64/clang/5.0.300080/lib/linux/aarch64 -L/root/android-ndk-r15c/toolchains/aarch64-linux-android-4.9/prebuilt/linux-x86_64/lib/gcc/aarch64-linux-android/4.9.x -L/root/android-ndk-r15c/toolchains/aarch64-linux-android-4.9/prebuilt/linux-x86_64/lib/gcc/aarch64-linux-android/4.9.x/../../../../aarch64-linux-android/lib/../lib64 -L/root/android-ndk-r15c/toolchains/aarch64-linux-android-4.9/prebuilt/linux-x86_64/lib/gcc/aarch64-linux-android/4.9.x/../../../../aarch64-linux-android/lib -L/root/android-ndk-r15c/platforms/android-21/arch-arm64/usr/lib --gc-sections CMakeFiles/cmTC_c03e2.dir/CMakeCCompilerABI.c.o -lgcc -ldl -lc -lgcc -ldl /root/android-ndk-r15c/platforms/android-21/arch-arm64/usr/lib/crtend_android.o
make[5]: Leaving directory '/root/linphone/linphone-android/WORK/android-arm64/Build/xml2/CMakeFiles/CMakeTmp'
make[4]: Leaving directory '/root/linphone/linphone-android/WORK/android-arm64/Build/xml2/CMakeFiles/CMakeTmp'


Parsed C implicit link information from above output:
  link line regex: [^( *|.*[/\])(aarch64-linux-android-ld|CMAKE_LINK_STARTFILE-NOTFOUND|([^/\]+-)?ld|collect2)[^/\]*( |$)]
  ignore line: [Change Dir: /root/linphone/linphone-android/WORK/android-arm64/Build/xml2/CMakeFiles/CMakeTmp]
  ignore line: []
  ignore line: [Run Build Command:"/usr/bin/make" "cmTC_c03e2/fast"]
  ignore line: [make[4]: Entering directory '/root/linphone/linphone-android/WORK/android-arm64/Build/xml2/CMakeFiles/CMakeTmp']
  ignore line: [/usr/bin/make -f CMakeFiles/cmTC_c03e2.dir/build.make CMakeFiles/cmTC_c03e2.dir/build]
  ignore line: [make[5]: Entering directory '/root/linphone/linphone-android/WORK/android-arm64/Build/xml2/CMakeFiles/CMakeTmp']
  ignore line: [Building C object CMakeFiles/cmTC_c03e2.dir/CMakeCCompilerABI.c.o]
  ignore line: [/root/android-ndk-r15c/toolchains/llvm/prebuilt/linux-x86_64/bin/clang --target=aarch64-none-linux-android --gcc-toolchain=/root/android-ndk-r15c/toolchains/aarch64-linux-android-4.9/prebuilt/linux-x86_64 --sysroot=/root/android-ndk-r15c/sysroot  -isystem /root/android-ndk-r15c/sysroot/usr/include -isystem /root/android-ndk-r15c/sysroot/usr/include/aarch64-linux-android  -funwind-tables -no-canonical-prefixes -D__ANDROID_API__=21 -fexceptions  -g -fPIE   -o CMakeFiles/cmTC_c03e2.dir/CMakeCCompilerABI.c.o   -c /usr/local/share/cmake-3.11/Modules/CMakeCCompilerABI.c]
  ignore line: [Linking C executable cmTC_c03e2]
  ignore line: [/usr/local/bin/cmake -E cmake_link_script CMakeFiles/cmTC_c03e2.dir/link.txt --verbose=1]
  ignore line: [/root/android-ndk-r15c/toolchains/llvm/prebuilt/linux-x86_64/bin/clang --target=aarch64-none-linux-android --gcc-toolchain=/root/android-ndk-r15c/toolchains/aarch64-linux-android-4.9/prebuilt/linux-x86_64 --sysroot=/root/android-ndk-r15c/platforms/android-21/arch-arm64 -funwind-tables -no-canonical-prefixes -D__ANDROID_API__=21 -fexceptions  -g  -fPIE -pie -Wl,--gc-sections -v CMakeFiles/cmTC_c03e2.dir/CMakeCCompilerABI.c.o  -o cmTC_c03e2 ]
  ignore line: [Android clang version 5.0.300080  (based on LLVM 5.0.300080)]
  ignore line: [Target: aarch64-none-linux-android]
  ignore line: [Thread model: posix]
  ignore line: [InstalledDir: /root/android-ndk-r15c/toolchains/llvm/prebuilt/linux-x86_64/bin]
  ignore line: [Found candidate GCC installation: /root/android-ndk-r15c/toolchains/aarch64-linux-android-4.9/prebuilt/linux-x86_64/lib/gcc/aarch64-linux-android/4.9.x]
  ignore line: [Selected GCC installation: /root/android-ndk-r15c/toolchains/aarch64-linux-android-4.9/prebuilt/linux-x86_64/lib/gcc/aarch64-linux-android/4.9.x]
  ignore line: [Candidate multilib: .]
  ignore line: [@m64]
  ignore line: [Selected multilib: .]
  ignore line: [@m64]
  link line: [ "/root/android-ndk-r15c/toolchains/aarch64-linux-android-4.9/prebuilt/linux-x86_64/lib/gcc/aarch64-linux-android/4.9.x/../../../../aarch64-linux-android/bin/ld" --sysroot=/root/android-ndk-r15c/platforms/android-21/arch-arm64 -pie --fix-cortex-a53-843419 -z relro --eh-frame-hdr -m aarch64linux -dynamic-linker /system/bin/linker64 -o cmTC_c03e2 /root/android-ndk-r15c/platforms/android-21/arch-arm64/usr/lib/crtbegin_dynamic.o -L/root/android-ndk-r15c/toolchains/llvm/prebuilt/linux-x86_64/lib64/clang/5.0.300080/lib/linux/aarch64 -L/root/android-ndk-r15c/toolchains/aarch64-linux-android-4.9/prebuilt/linux-x86_64/lib/gcc/aarch64-linux-android/4.9.x -L/root/android-ndk-r15c/toolchains/aarch64-linux-android-4.9/prebuilt/linux-x86_64/lib/gcc/aarch64-linux-android/4.9.x/../../../../aarch64-linux-android/lib/../lib64 -L/root/android-ndk-r15c/toolchains/aarch64-linux-android-4.9/prebuilt/linux-x86_64/lib/gcc/aarch64-linux-android/4.9.x/../../../../aarch64-linux-android/lib -L/root/android-ndk-r15c/platforms/android-21/arch-arm64/usr/lib --gc-sections CMakeFiles/cmTC_c03e2.dir/CMakeCCompilerABI.c.o -lgcc -ldl -lc -lgcc -ldl /root/android-ndk-r15c/platforms/android-21/arch-arm64/usr/lib/crtend_android.o]
    arg [/root/android-ndk-r15c/toolchains/aarch64-linux-android-4.9/prebuilt/linux-x86_64/lib/gcc/aarch64-linux-android/4.9.x/../../../../aarch64-linux-android/bin/ld] ==> ignore
    arg [--sysroot=/root/android-ndk-r15c/platforms/android-21/arch-arm64] ==> ignore
    arg [-pie] ==> ignore
    arg [--fix-cortex-a53-843419] ==> ignore
    arg [-zrelro] ==> ignore
    arg [--eh-frame-hdr] ==> ignore
    arg [-m] ==> ignore
    arg [aarch64linux] ==> ignore
    arg [-dynamic-linker] ==> ignore
    arg [/system/bin/linker64] ==> ignore
    arg [-o] ==> ignore
    arg [cmTC_c03e2] ==> ignore
    arg [/root/android-ndk-r15c/platforms/android-21/arch-arm64/usr/lib/crtbegin_dynamic.o] ==> ignore
    arg [-L/root/android-ndk-r15c/toolchains/llvm/prebuilt/linux-x86_64/lib64/clang/5.0.300080/lib/linux/aarch64] ==> dir [/root/android-ndk-r15c/toolchains/llvm/prebuilt/linux-x86_64/lib64/clang/5.0.300080/lib/linux/aarch64]
    arg [-L/root/android-ndk-r15c/toolchains/aarch64-linux-android-4.9/prebuilt/linux-x86_64/lib/gcc/aarch64-linux-android/4.9.x] ==> dir [/root/android-ndk-r15c/toolchains/aarch64-linux-android-4.9/prebuilt/linux-x86_64/lib/gcc/aarch64-linux-android/4.9.x]
    arg [-L/root/android-ndk-r15c/toolchains/aarch64-linux-android-4.9/prebuilt/linux-x86_64/lib/gcc/aarch64-linux-android/4.9.x/../../../../aarch64-linux-android/lib/../lib64] ==> dir [/root/android-ndk-r15c/toolchains/aarch64-linux-android-4.9/prebuilt/linux-x86_64/lib/gcc/aarch64-linux-android/4.9.x/../../../../aarch64-linux-android/lib/../lib64]
    arg [-L/root/android-ndk-r15c/toolchains/aarch64-linux-android-4.9/prebuilt/linux-x86_64/lib/gcc/aarch64-linux-android/4.9.x/../../../../aarch64-linux-android/lib] ==> dir [/root/android-ndk-r15c/toolchains/aarch64-linux-android-4.9/prebuilt/linux-x86_64/lib/gcc/aarch64-linux-android/4.9.x/../../../../aarch64-linux-android/lib]
    arg [-L/root/android-ndk-r15c/platforms/android-21/arch-arm64/usr/lib] ==> dir [/root/android-ndk-r15c/platforms/android-21/arch-arm64/usr/lib]
    arg [--gc-sections] ==> ignore
    arg [CMakeFiles/cmTC_c03e2.dir/CMakeCCompilerABI.c.o] ==> ignore
    arg [-lgcc] ==> lib [gcc]
    arg [-ldl] ==> lib [dl]
    arg [-lc] ==> lib [c]
    arg [-lgcc] ==> lib [gcc]
    arg [-ldl] ==> lib [dl]
    arg [/root/android-ndk-r15c/platforms/android-21/arch-arm64/usr/lib/crtend_android.o] ==> ignore
  collapse library dir [/root/android-ndk-r15c/toolchains/llvm/prebuilt/linux-x86_64/lib64/clang/5.0.300080/lib/linux/aarch64] ==> [/root/android-ndk-r15c/toolchains/llvm/prebuilt/linux-x86_64/lib64/clang/5.0.300080/lib/linux/aarch64]
  collapse library dir [/root/android-ndk-r15c/toolchains/aarch64-linux-android-4.9/prebuilt/linux-x86_64/lib/gcc/aarch64-linux-android/4.9.x] ==> [/root/android-ndk-r15c/toolchains/aarch64-linux-android-4.9/prebuilt/linux-x86_64/lib/gcc/aarch64-linux-android/4.9.x]
  collapse library dir [/root/android-ndk-r15c/toolchains/aarch64-linux-android-4.9/prebuilt/linux-x86_64/lib/gcc/aarch64-linux-android/4.9.x/../../../../aarch64-linux-android/lib/../lib64] ==> [/root/android-ndk-r15c/toolchains/aarch64-linux-android-4.9/prebuilt/linux-x86_64/aarch64-linux-android/lib64]
  collapse library dir [/root/android-ndk-r15c/toolchains/aarch64-linux-android-4.9/prebuilt/linux-x86_64/lib/gcc/aarch64-linux-android/4.9.x/../../../../aarch64-linux-android/lib] ==> [/root/android-ndk-r15c/toolchains/aarch64-linux-android-4.9/prebuilt/linux-x86_64/aarch64-linux-android/lib]
  collapse library dir [/root/android-ndk-r15c/platforms/android-21/arch-arm64/usr/lib] ==> [/root/android-ndk-r15c/platforms/android-21/arch-arm64/usr/lib]
  implicit libs: [gcc;dl;c;gcc;dl]
  implicit dirs: [/root/android-ndk-r15c/toolchains/llvm/prebuilt/linux-x86_64/lib64/clang/5.0.300080/lib/linux/aarch64;/root/android-ndk-r15c/toolchains/aarch64-linux-android-4.9/prebuilt/linux-x86_64/lib/gcc/aarch64-linux-android/4.9.x;/root/android-ndk-r15c/toolchains/aarch64-linux-android-4.9/prebuilt/linux-x86_64/aarch64-linux-android/lib64;/root/android-ndk-r15c/toolchains/aarch64-linux-android-4.9/prebuilt/linux-x86_64/aarch64-linux-android/lib;/root/android-ndk-r15c/platforms/android-21/arch-arm64/usr/lib]
  implicit fwks: []




Detecting C [-std=c11] compiler features compiled with the following output:
Change Dir: /root/linphone/linphone-android/WORK/android-arm64/Build/xml2/CMakeFiles/CMakeTmp

Run Build Command:"/usr/bin/make" "cmTC_6b15f/fast"
make[4]: Entering directory '/root/linphone/linphone-android/WORK/android-arm64/Build/xml2/CMakeFiles/CMakeTmp'
/usr/bin/make -f CMakeFiles/cmTC_6b15f.dir/build.make CMakeFiles/cmTC_6b15f.dir/build
make[5]: Entering directory '/root/linphone/linphone-android/WORK/android-arm64/Build/xml2/CMakeFiles/CMakeTmp'
Building C object CMakeFiles/cmTC_6b15f.dir/feature_tests.c.o
/root/android-ndk-r15c/toolchains/llvm/prebuilt/linux-x86_64/bin/clang --target=aarch64-none-linux-android --gcc-toolchain=/root/android-ndk-r15c/toolchains/aarch64-linux-android-4.9/prebuilt/linux-x86_64 --sysroot=/root/android-ndk-r15c/sysroot  -isystem /root/android-ndk-r15c/sysroot/usr/include -isystem /root/android-ndk-r15c/sysroot/usr/include/aarch64-linux-android  -funwind-tables -no-canonical-prefixes -D__ANDROID_API__=21 -fexceptions  -g -fPIE   -std=c11 -o CMakeFiles/cmTC_6b15f.dir/feature_tests.c.o   -c /root/linphone/linphone-android/WORK/android-arm64/Build/xml2/CMakeFiles/feature_tests.c
Linking C executable cmTC_6b15f
/usr/local/bin/cmake -E cmake_link_script CMakeFiles/cmTC_6b15f.dir/link.txt --verbose=1
/root/android-ndk-r15c/toolchains/llvm/prebuilt/linux-x86_64/bin/clang --target=aarch64-none-linux-android --gcc-toolchain=/root/android-ndk-r15c/toolchains/aarch64-linux-android-4.9/prebuilt/linux-x86_64 --sysroot=/root/android-ndk-r15c/platforms/android-21/arch-arm64 -funwind-tables -no-canonical-prefixes -D__ANDROID_API__=21 -fexceptions  -g  -fPIE -pie -Wl,--gc-sections  CMakeFiles/cmTC_6b15f.dir/feature_tests.c.o  -o cmTC_6b15f 
make[5]: Leaving directory '/root/linphone/linphone-android/WORK/android-arm64/Build/xml2/CMakeFiles/CMakeTmp'
make[4]: Leaving directory '/root/linphone/linphone-android/WORK/android-arm64/Build/xml2/CMakeFiles/CMakeTmp'


    Feature record: C_FEATURE:1c_function_prototypes
    Feature record: C_FEATURE:1c_restrict
    Feature record: C_FEATURE:1c_static_assert
    Feature record: C_FEATURE:1c_variadic_macros


Detecting C [-std=c99] compiler features compiled with the following output:
Change Dir: /root/linphone/linphone-android/WORK/android-arm64/Build/xml2/CMakeFiles/CMakeTmp

Run Build Command:"/usr/bin/make" "cmTC_b0d3e/fast"
make[4]: Entering directory '/root/linphone/linphone-android/WORK/android-arm64/Build/xml2/CMakeFiles/CMakeTmp'
/usr/bin/make -f CMakeFiles/cmTC_b0d3e.dir/build.make CMakeFiles/cmTC_b0d3e.dir/build
make[5]: Entering directory '/root/linphone/linphone-android/WORK/android-arm64/Build/xml2/CMakeFiles/CMakeTmp'
Building C object CMakeFiles/cmTC_b0d3e.dir/feature_tests.c.o
/root/android-ndk-r15c/toolchains/llvm/prebuilt/linux-x86_64/bin/clang --target=aarch64-none-linux-android --gcc-toolchain=/root/android-ndk-r15c/toolchains/aarch64-linux-android-4.9/prebuilt/linux-x86_64 --sysroot=/root/android-ndk-r15c/sysroot  -isystem /root/android-ndk-r15c/sysroot/usr/include -isystem /root/android-ndk-r15c/sysroot/usr/include/aarch64-linux-android  -funwind-tables -no-canonical-prefixes -D__ANDROID_API__=21 -fexceptions  -g -fPIE   -std=c99 -o CMakeFiles/cmTC_b0d3e.dir/feature_tests.c.o   -c /root/linphone/linphone-android/WORK/android-arm64/Build/xml2/CMakeFiles/feature_tests.c
Linking C executable cmTC_b0d3e
/usr/local/bin/cmake -E cmake_link_script CMakeFiles/cmTC_b0d3e.dir/link.txt --verbose=1
/root/android-ndk-r15c/toolchains/llvm/prebuilt/linux-x86_64/bin/clang --target=aarch64-none-linux-android --gcc-toolchain=/root/android-ndk-r15c/toolchains/aarch64-linux-android-4.9/prebuilt/linux-x86_64 --sysroot=/root/android-ndk-r15c/platforms/android-21/arch-arm64 -funwind-tables -no-canonical-prefixes -D__ANDROID_API__=21 -fexceptions  -g  -fPIE -pie -Wl,--gc-sections  CMakeFiles/cmTC_b0d3e.dir/feature_tests.c.o  -o cmTC_b0d3e 
make[5]: Leaving directory '/root/linphone/linphone-android/WORK/android-arm64/Build/xml2/CMakeFiles/CMakeTmp'
make[4]: Leaving directory '/root/linphone/linphone-android/WORK/android-arm64/Build/xml2/CMakeFiles/CMakeTmp'


    Feature record: C_FEATURE:1c_function_prototypes
    Feature record: C_FEATURE:1c_restrict
    Feature record: C_FEATURE:0c_static_assert
    Feature record: C_FEATURE:1c_variadic_macros


Detecting C [-std=c90] compiler features compiled with the following output:
Change Dir: /root/linphone/linphone-android/WORK/android-arm64/Build/xml2/CMakeFiles/CMakeTmp

Run Build Command:"/usr/bin/make" "cmTC_18740/fast"
make[4]: Entering directory '/root/linphone/linphone-android/WORK/android-arm64/Build/xml2/CMakeFiles/CMakeTmp'
/usr/bin/make -f CMakeFiles/cmTC_18740.dir/build.make CMakeFiles/cmTC_18740.dir/build
make[5]: Entering directory '/root/linphone/linphone-android/WORK/android-arm64/Build/xml2/CMakeFiles/CMakeTmp'
Building C object CMakeFiles/cmTC_18740.dir/feature_tests.c.o
/root/android-ndk-r15c/toolchains/llvm/prebuilt/linux-x86_64/bin/clang --target=aarch64-none-linux-android --gcc-toolchain=/root/android-ndk-r15c/toolchains/aarch64-linux-android-4.9/prebuilt/linux-x86_64 --sysroot=/root/android-ndk-r15c/sysroot  -isystem /root/android-ndk-r15c/sysroot/usr/include -isystem /root/android-ndk-r15c/sysroot/usr/include/aarch64-linux-android  -funwind-tables -no-canonical-prefixes -D__ANDROID_API__=21 -fexceptions  -g -fPIE   -std=c90 -o CMakeFiles/cmTC_18740.dir/feature_tests.c.o   -c /root/linphone/linphone-android/WORK/android-arm64/Build/xml2/CMakeFiles/feature_tests.c
Linking C executable cmTC_18740
/usr/local/bin/cmake -E cmake_link_script CMakeFiles/cmTC_18740.dir/link.txt --verbose=1
/root/android-ndk-r15c/toolchains/llvm/prebuilt/linux-x86_64/bin/clang --target=aarch64-none-linux-android --gcc-toolchain=/root/android-ndk-r15c/toolchains/aarch64-linux-android-4.9/prebuilt/linux-x86_64 --sysroot=/root/android-ndk-r15c/platforms/android-21/arch-arm64 -funwind-tables -no-canonical-prefixes -D__ANDROID_API__=21 -fexceptions  -g  -fPIE -pie -Wl,--gc-sections  CMakeFiles/cmTC_18740.dir/feature_tests.c.o  -o cmTC_18740 
make[5]: Leaving directory '/root/linphone/linphone-android/WORK/android-arm64/Build/xml2/CMakeFiles/CMakeTmp'
make[4]: Leaving directory '/root/linphone/linphone-android/WORK/android-arm64/Build/xml2/CMakeFiles/CMakeTmp'


    Feature record: C_FEATURE:1c_function_prototypes
    Feature record: C_FEATURE:0c_restrict
    Feature record: C_FEATURE:0c_static_assert
    Feature record: C_FEATURE:0c_variadic_macros
Determining if the include file inttypes.h exists passed with the following output:
Change Dir: /root/linphone/linphone-android/WORK/android-arm64/Build/xml2/CMakeFiles/CMakeTmp

Run Build Command:"/usr/bin/make" "cmTC_8c4b4/fast"
make[4]: Entering directory '/root/linphone/linphone-android/WORK/android-arm64/Build/xml2/CMakeFiles/CMakeTmp'
/usr/bin/make -f CMakeFiles/cmTC_8c4b4.dir/build.make CMakeFiles/cmTC_8c4b4.dir/build
make[5]: Entering directory '/root/linphone/linphone-android/WORK/android-arm64/Build/xml2/CMakeFiles/CMakeTmp'
Building C object CMakeFiles/cmTC_8c4b4.dir/CheckIncludeFile.c.o
/root/android-ndk-r15c/toolchains/llvm/prebuilt/linux-x86_64/bin/clang --target=aarch64-none-linux-android --gcc-toolchain=/root/android-ndk-r15c/toolchains/aarch64-linux-android-4.9/prebuilt/linux-x86_64 --sysroot=/root/android-ndk-r15c/sysroot  -isystem /root/android-ndk-r15c/sysroot/usr/include -isystem /root/android-ndk-r15c/sysroot/usr/include/aarch64-linux-android  -funwind-tables -no-canonical-prefixes -D__ANDROID_API__=21 -fexceptions  -g -fPIE   -o CMakeFiles/cmTC_8c4b4.dir/CheckIncludeFile.c.o   -c /root/linphone/linphone-android/WORK/android-arm64/Build/xml2/CMakeFiles/CMakeTmp/CheckIncludeFile.c
Linking C executable cmTC_8c4b4
/usr/local/bin/cmake -E cmake_link_script CMakeFiles/cmTC_8c4b4.dir/link.txt --verbose=1
/root/android-ndk-r15c/toolchains/llvm/prebuilt/linux-x86_64/bin/clang --target=aarch64-none-linux-android --gcc-toolchain=/root/android-ndk-r15c/toolchains/aarch64-linux-android-4.9/prebuilt/linux-x86_64 --sysroot=/root/android-ndk-r15c/platforms/android-21/arch-arm64 -funwind-tables -no-canonical-prefixes -D__ANDROID_API__=21 -fexceptions  -g  -fPIE -pie -Wl,--gc-sections  CMakeFiles/cmTC_8c4b4.dir/CheckIncludeFile.c.o  -o cmTC_8c4b4 
make[5]: Leaving directory '/root/linphone/linphone-android/WORK/android-arm64/Build/xml2/CMakeFiles/CMakeTmp'
make[4]: Leaving directory '/root/linphone/linphone-android/WORK/android-arm64/Build/xml2/CMakeFiles/CMakeTmp'


Determining if the include file memory.h exists passed with the following output:
Change Dir: /root/linphone/linphone-android/WORK/android-arm64/Build/xml2/CMakeFiles/CMakeTmp

Run Build Command:"/usr/bin/make" "cmTC_ba28d/fast"
make[4]: Entering directory '/root/linphone/linphone-android/WORK/android-arm64/Build/xml2/CMakeFiles/CMakeTmp'
/usr/bin/make -f CMakeFiles/cmTC_ba28d.dir/build.make CMakeFiles/cmTC_ba28d.dir/build
make[5]: Entering directory '/root/linphone/linphone-android/WORK/android-arm64/Build/xml2/CMakeFiles/CMakeTmp'
Building C object CMakeFiles/cmTC_ba28d.dir/CheckIncludeFile.c.o
/root/android-ndk-r15c/toolchains/llvm/prebuilt/linux-x86_64/bin/clang --target=aarch64-none-linux-android --gcc-toolchain=/root/android-ndk-r15c/toolchains/aarch64-linux-android-4.9/prebuilt/linux-x86_64 --sysroot=/root/android-ndk-r15c/sysroot  -isystem /root/android-ndk-r15c/sysroot/usr/include -isystem /root/android-ndk-r15c/sysroot/usr/include/aarch64-linux-android  -funwind-tables -no-canonical-prefixes -D__ANDROID_API__=21 -fexceptions  -g -fPIE   -o CMakeFiles/cmTC_ba28d.dir/CheckIncludeFile.c.o   -c /root/linphone/linphone-android/WORK/android-arm64/Build/xml2/CMakeFiles/CMakeTmp/CheckIncludeFile.c
Linking C executable cmTC_ba28d
/usr/local/bin/cmake -E cmake_link_script CMakeFiles/cmTC_ba28d.dir/link.txt --verbose=1
/root/android-ndk-r15c/toolchains/llvm/prebuilt/linux-x86_64/bin/clang --target=aarch64-none-linux-android --gcc-toolchain=/root/android-ndk-r15c/toolchains/aarch64-linux-android-4.9/prebuilt/linux-x86_64 --sysroot=/root/android-ndk-r15c/platforms/android-21/arch-arm64 -funwind-tables -no-canonical-prefixes -D__ANDROID_API__=21 -fexceptions  -g  -fPIE -pie -Wl,--gc-sections  CMakeFiles/cmTC_ba28d.dir/CheckIncludeFile.c.o  -o cmTC_ba28d 
make[5]: Leaving directory '/root/linphone/linphone-android/WORK/android-arm64/Build/xml2/CMakeFiles/CMakeTmp'
make[4]: Leaving directory '/root/linphone/linphone-android/WORK/android-arm64/Build/xml2/CMakeFiles/CMakeTmp'


Determining if the include file stdint.h exists passed with the following output:
Change Dir: /root/linphone/linphone-android/WORK/android-arm64/Build/xml2/CMakeFiles/CMakeTmp

Run Build Command:"/usr/bin/make" "cmTC_3d1f2/fast"
make[4]: Entering directory '/root/linphone/linphone-android/WORK/android-arm64/Build/xml2/CMakeFiles/CMakeTmp'
/usr/bin/make -f CMakeFiles/cmTC_3d1f2.dir/build.make CMakeFiles/cmTC_3d1f2.dir/build
make[5]: Entering directory '/root/linphone/linphone-android/WORK/android-arm64/Build/xml2/CMakeFiles/CMakeTmp'
Building C object CMakeFiles/cmTC_3d1f2.dir/CheckIncludeFile.c.o
/root/android-ndk-r15c/toolchains/llvm/prebuilt/linux-x86_64/bin/clang --target=aarch64-none-linux-android --gcc-toolchain=/root/android-ndk-r15c/toolchains/aarch64-linux-android-4.9/prebuilt/linux-x86_64 --sysroot=/root/android-ndk-r15c/sysroot  -isystem /root/android-ndk-r15c/sysroot/usr/include -isystem /root/android-ndk-r15c/sysroot/usr/include/aarch64-linux-android  -funwind-tables -no-canonical-prefixes -D__ANDROID_API__=21 -fexceptions  -g -fPIE   -o CMakeFiles/cmTC_3d1f2.dir/CheckIncludeFile.c.o   -c /root/linphone/linphone-android/WORK/android-arm64/Build/xml2/CMakeFiles/CMakeTmp/CheckIncludeFile.c
Linking C executable cmTC_3d1f2
/usr/local/bin/cmake -E cmake_link_script CMakeFiles/cmTC_3d1f2.dir/link.txt --verbose=1
/root/android-ndk-r15c/toolchains/llvm/prebuilt/linux-x86_64/bin/clang --target=aarch64-none-linux-android --gcc-toolchain=/root/android-ndk-r15c/toolchains/aarch64-linux-android-4.9/prebuilt/linux-x86_64 --sysroot=/root/android-ndk-r15c/platforms/android-21/arch-arm64 -funwind-tables -no-canonical-prefixes -D__ANDROID_API__=21 -fexceptions  -g  -fPIE -pie -Wl,--gc-sections  CMakeFiles/cmTC_3d1f2.dir/CheckIncludeFile.c.o  -o cmTC_3d1f2 
make[5]: Leaving directory '/root/linphone/linphone-android/WORK/android-arm64/Build/xml2/CMakeFiles/CMakeTmp'
make[4]: Leaving directory '/root/linphone/linphone-android/WORK/android-arm64/Build/xml2/CMakeFiles/CMakeTmp'


Determining if the include file stdlib.h exists passed with the following output:
Change Dir: /root/linphone/linphone-android/WORK/android-arm64/Build/xml2/CMakeFiles/CMakeTmp

Run Build Command:"/usr/bin/make" "cmTC_7d76c/fast"
make[4]: Entering directory '/root/linphone/linphone-android/WORK/android-arm64/Build/xml2/CMakeFiles/CMakeTmp'
/usr/bin/make -f CMakeFiles/cmTC_7d76c.dir/build.make CMakeFiles/cmTC_7d76c.dir/build
make[5]: Entering directory '/root/linphone/linphone-android/WORK/android-arm64/Build/xml2/CMakeFiles/CMakeTmp'
Building C object CMakeFiles/cmTC_7d76c.dir/CheckIncludeFile.c.o
/root/android-ndk-r15c/toolchains/llvm/prebuilt/linux-x86_64/bin/clang --target=aarch64-none-linux-android --gcc-toolchain=/root/android-ndk-r15c/toolchains/aarch64-linux-android-4.9/prebuilt/linux-x86_64 --sysroot=/root/android-ndk-r15c/sysroot  -isystem /root/android-ndk-r15c/sysroot/usr/include -isystem /root/android-ndk-r15c/sysroot/usr/include/aarch64-linux-android  -funwind-tables -no-canonical-prefixes -D__ANDROID_API__=21 -fexceptions  -g -fPIE   -o CMakeFiles/cmTC_7d76c.dir/CheckIncludeFile.c.o   -c /root/linphone/linphone-android/WORK/android-arm64/Build/xml2/CMakeFiles/CMakeTmp/CheckIncludeFile.c
Linking C executable cmTC_7d76c
/usr/local/bin/cmake -E cmake_link_script CMakeFiles/cmTC_7d76c.dir/link.txt --verbose=1
/root/android-ndk-r15c/toolchains/llvm/prebuilt/linux-x86_64/bin/clang --target=aarch64-none-linux-android --gcc-toolchain=/root/android-ndk-r15c/toolchains/aarch64-linux-android-4.9/prebuilt/linux-x86_64 --sysroot=/root/android-ndk-r15c/platforms/android-21/arch-arm64 -funwind-tables -no-canonical-prefixes -D__ANDROID_API__=21 -fexceptions  -g  -fPIE -pie -Wl,--gc-sections  CMakeFiles/cmTC_7d76c.dir/CheckIncludeFile.c.o  -o cmTC_7d76c 
make[5]: Leaving directory '/root/linphone/linphone-android/WORK/android-arm64/Build/xml2/CMakeFiles/CMakeTmp'
make[4]: Leaving directory '/root/linphone/linphone-android/WORK/android-arm64/Build/xml2/CMakeFiles/CMakeTmp'


Determining if the include file strings.h exists passed with the following output:
Change Dir: /root/linphone/linphone-android/WORK/android-arm64/Build/xml2/CMakeFiles/CMakeTmp

Run Build Command:"/usr/bin/make" "cmTC_0fa30/fast"
make[4]: Entering directory '/root/linphone/linphone-android/WORK/android-arm64/Build/xml2/CMakeFiles/CMakeTmp'
/usr/bin/make -f CMakeFiles/cmTC_0fa30.dir/build.make CMakeFiles/cmTC_0fa30.dir/build
make[5]: Entering directory '/root/linphone/linphone-android/WORK/android-arm64/Build/xml2/CMakeFiles/CMakeTmp'
Building C object CMakeFiles/cmTC_0fa30.dir/CheckIncludeFile.c.o
/root/android-ndk-r15c/toolchains/llvm/prebuilt/linux-x86_64/bin/clang --target=aarch64-none-linux-android --gcc-toolchain=/root/android-ndk-r15c/toolchains/aarch64-linux-android-4.9/prebuilt/linux-x86_64 --sysroot=/root/android-ndk-r15c/sysroot  -isystem /root/android-ndk-r15c/sysroot/usr/include -isystem /root/android-ndk-r15c/sysroot/usr/include/aarch64-linux-android  -funwind-tables -no-canonical-prefixes -D__ANDROID_API__=21 -fexceptions  -g -fPIE   -o CMakeFiles/cmTC_0fa30.dir/CheckIncludeFile.c.o   -c /root/linphone/linphone-android/WORK/android-arm64/Build/xml2/CMakeFiles/CMakeTmp/CheckIncludeFile.c
Linking C executable cmTC_0fa30
/usr/local/bin/cmake -E cmake_link_script CMakeFiles/cmTC_0fa30.dir/link.txt --verbose=1
/root/android-ndk-r15c/toolchains/llvm/prebuilt/linux-x86_64/bin/clang --target=aarch64-none-linux-android --gcc-toolchain=/root/android-ndk-r15c/toolchains/aarch64-linux-android-4.9/prebuilt/linux-x86_64 --sysroot=/root/android-ndk-r15c/platforms/android-21/arch-arm64 -funwind-tables -no-canonical-prefixes -D__ANDROID_API__=21 -fexceptions  -g  -fPIE -pie -Wl,--gc-sections  CMakeFiles/cmTC_0fa30.dir/CheckIncludeFile.c.o  -o cmTC_0fa30 
make[5]: Leaving directory '/root/linphone/linphone-android/WORK/android-arm64/Build/xml2/CMakeFiles/CMakeTmp'
make[4]: Leaving directory '/root/linphone/linphone-android/WORK/android-arm64/Build/xml2/CMakeFiles/CMakeTmp'


Determining if the include file string.h exists passed with the following output:
Change Dir: /root/linphone/linphone-android/WORK/android-arm64/Build/xml2/CMakeFiles/CMakeTmp

Run Build Command:"/usr/bin/make" "cmTC_05e03/fast"
make[4]: Entering directory '/root/linphone/linphone-android/WORK/android-arm64/Build/xml2/CMakeFiles/CMakeTmp'
/usr/bin/make -f CMakeFiles/cmTC_05e03.dir/build.make CMakeFiles/cmTC_05e03.dir/build
make[5]: Entering directory '/root/linphone/linphone-android/WORK/android-arm64/Build/xml2/CMakeFiles/CMakeTmp'
Building C object CMakeFiles/cmTC_05e03.dir/CheckIncludeFile.c.o
/root/android-ndk-r15c/toolchains/llvm/prebuilt/linux-x86_64/bin/clang --target=aarch64-none-linux-android --gcc-toolchain=/root/android-ndk-r15c/toolchains/aarch64-linux-android-4.9/prebuilt/linux-x86_64 --sysroot=/root/android-ndk-r15c/sysroot  -isystem /root/android-ndk-r15c/sysroot/usr/include -isystem /root/android-ndk-r15c/sysroot/usr/include/aarch64-linux-android  -funwind-tables -no-canonical-prefixes -D__ANDROID_API__=21 -fexceptions  -g -fPIE   -o CMakeFiles/cmTC_05e03.dir/CheckIncludeFile.c.o   -c /root/linphone/linphone-android/WORK/android-arm64/Build/xml2/CMakeFiles/CMakeTmp/CheckIncludeFile.c
Linking C executable cmTC_05e03
/usr/local/bin/cmake -E cmake_link_script CMakeFiles/cmTC_05e03.dir/link.txt --verbose=1
/root/android-ndk-r15c/toolchains/llvm/prebuilt/linux-x86_64/bin/clang --target=aarch64-none-linux-android --gcc-toolchain=/root/android-ndk-r15c/toolchains/aarch64-linux-android-4.9/prebuilt/linux-x86_64 --sysroot=/root/android-ndk-r15c/platforms/android-21/arch-arm64 -funwind-tables -no-canonical-prefixes -D__ANDROID_API__=21 -fexceptions  -g  -fPIE -pie -Wl,--gc-sections  CMakeFiles/cmTC_05e03.dir/CheckIncludeFile.c.o  -o cmTC_05e03 
make[5]: Leaving directory '/root/linphone/linphone-android/WORK/android-arm64/Build/xml2/CMakeFiles/CMakeTmp'
make[4]: Leaving directory '/root/linphone/linphone-android/WORK/android-arm64/Build/xml2/CMakeFiles/CMakeTmp'


Determining if the include file sys/stat.h exists passed with the following output:
Change Dir: /root/linphone/linphone-android/WORK/android-arm64/Build/xml2/CMakeFiles/CMakeTmp

Run Build Command:"/usr/bin/make" "cmTC_936cf/fast"
make[4]: Entering directory '/root/linphone/linphone-android/WORK/android-arm64/Build/xml2/CMakeFiles/CMakeTmp'
/usr/bin/make -f CMakeFiles/cmTC_936cf.dir/build.make CMakeFiles/cmTC_936cf.dir/build
make[5]: Entering directory '/root/linphone/linphone-android/WORK/android-arm64/Build/xml2/CMakeFiles/CMakeTmp'
Building C object CMakeFiles/cmTC_936cf.dir/CheckIncludeFile.c.o
/root/android-ndk-r15c/toolchains/llvm/prebuilt/linux-x86_64/bin/clang --target=aarch64-none-linux-android --gcc-toolchain=/root/android-ndk-r15c/toolchains/aarch64-linux-android-4.9/prebuilt/linux-x86_64 --sysroot=/root/android-ndk-r15c/sysroot  -isystem /root/android-ndk-r15c/sysroot/usr/include -isystem /root/android-ndk-r15c/sysroot/usr/include/aarch64-linux-android  -funwind-tables -no-canonical-prefixes -D__ANDROID_API__=21 -fexceptions  -g -fPIE   -o CMakeFiles/cmTC_936cf.dir/CheckIncludeFile.c.o   -c /root/linphone/linphone-android/WORK/android-arm64/Build/xml2/CMakeFiles/CMakeTmp/CheckIncludeFile.c
Linking C executable cmTC_936cf
/usr/local/bin/cmake -E cmake_link_script CMakeFiles/cmTC_936cf.dir/link.txt --verbose=1
/root/android-ndk-r15c/toolchains/llvm/prebuilt/linux-x86_64/bin/clang --target=aarch64-none-linux-android --gcc-toolchain=/root/android-ndk-r15c/toolchains/aarch64-linux-android-4.9/prebuilt/linux-x86_64 --sysroot=/root/android-ndk-r15c/platforms/android-21/arch-arm64 -funwind-tables -no-canonical-prefixes -D__ANDROID_API__=21 -fexceptions  -g  -fPIE -pie -Wl,--gc-sections  CMakeFiles/cmTC_936cf.dir/CheckIncludeFile.c.o  -o cmTC_936cf 
make[5]: Leaving directory '/root/linphone/linphone-android/WORK/android-arm64/Build/xml2/CMakeFiles/CMakeTmp'
make[4]: Leaving directory '/root/linphone/linphone-android/WORK/android-arm64/Build/xml2/CMakeFiles/CMakeTmp'


Determining if the include file sys/types.h exists passed with the following output:
Change Dir: /root/linphone/linphone-android/WORK/android-arm64/Build/xml2/CMakeFiles/CMakeTmp

Run Build Command:"/usr/bin/make" "cmTC_fcf64/fast"
make[4]: Entering directory '/root/linphone/linphone-android/WORK/android-arm64/Build/xml2/CMakeFiles/CMakeTmp'
/usr/bin/make -f CMakeFiles/cmTC_fcf64.dir/build.make CMakeFiles/cmTC_fcf64.dir/build
make[5]: Entering directory '/root/linphone/linphone-android/WORK/android-arm64/Build/xml2/CMakeFiles/CMakeTmp'
Building C object CMakeFiles/cmTC_fcf64.dir/CheckIncludeFile.c.o
/root/android-ndk-r15c/toolchains/llvm/prebuilt/linux-x86_64/bin/clang --target=aarch64-none-linux-android --gcc-toolchain=/root/android-ndk-r15c/toolchains/aarch64-linux-android-4.9/prebuilt/linux-x86_64 --sysroot=/root/android-ndk-r15c/sysroot  -isystem /root/android-ndk-r15c/sysroot/usr/include -isystem /root/android-ndk-r15c/sysroot/usr/include/aarch64-linux-android  -funwind-tables -no-canonical-prefixes -D__ANDROID_API__=21 -fexceptions  -g -fPIE   -o CMakeFiles/cmTC_fcf64.dir/CheckIncludeFile.c.o   -c /root/linphone/linphone-android/WORK/android-arm64/Build/xml2/CMakeFiles/CMakeTmp/CheckIncludeFile.c
Linking C executable cmTC_fcf64
/usr/local/bin/cmake -E cmake_link_script CMakeFiles/cmTC_fcf64.dir/link.txt --verbose=1
/root/android-ndk-r15c/toolchains/llvm/prebuilt/linux-x86_64/bin/clang --target=aarch64-none-linux-android --gcc-toolchain=/root/android-ndk-r15c/toolchains/aarch64-linux-android-4.9/prebuilt/linux-x86_64 --sysroot=/root/android-ndk-r15c/platforms/android-21/arch-arm64 -funwind-tables -no-canonical-prefixes -D__ANDROID_API__=21 -fexceptions  -g  -fPIE -pie -Wl,--gc-sections  CMakeFiles/cmTC_fcf64.dir/CheckIncludeFile.c.o  -o cmTC_fcf64 
make[5]: Leaving directory '/root/linphone/linphone-android/WORK/android-arm64/Build/xml2/CMakeFiles/CMakeTmp'
make[4]: Leaving directory '/root/linphone/linphone-android/WORK/android-arm64/Build/xml2/CMakeFiles/CMakeTmp'


Determining if the include file poll.h exists passed with the following output:
Change Dir: /root/linphone/linphone-android/WORK/android-arm64/Build/xml2/CMakeFiles/CMakeTmp

Run Build Command:"/usr/bin/make" "cmTC_87684/fast"
make[4]: Entering directory '/root/linphone/linphone-android/WORK/android-arm64/Build/xml2/CMakeFiles/CMakeTmp'
/usr/bin/make -f CMakeFiles/cmTC_87684.dir/build.make CMakeFiles/cmTC_87684.dir/build
make[5]: Entering directory '/root/linphone/linphone-android/WORK/android-arm64/Build/xml2/CMakeFiles/CMakeTmp'
Building C object CMakeFiles/cmTC_87684.dir/CheckIncludeFile.c.o
/root/android-ndk-r15c/toolchains/llvm/prebuilt/linux-x86_64/bin/clang --target=aarch64-none-linux-android --gcc-toolchain=/root/android-ndk-r15c/toolchains/aarch64-linux-android-4.9/prebuilt/linux-x86_64 --sysroot=/root/android-ndk-r15c/sysroot  -isystem /root/android-ndk-r15c/sysroot/usr/include -isystem /root/android-ndk-r15c/sysroot/usr/include/aarch64-linux-android  -funwind-tables -no-canonical-prefixes -D__ANDROID_API__=21 -fexceptions  -g -fPIE   -o CMakeFiles/cmTC_87684.dir/CheckIncludeFile.c.o   -c /root/linphone/linphone-android/WORK/android-arm64/Build/xml2/CMakeFiles/CMakeTmp/CheckIncludeFile.c
Linking C executable cmTC_87684
/usr/local/bin/cmake -E cmake_link_script CMakeFiles/cmTC_87684.dir/link.txt --verbose=1
/root/android-ndk-r15c/toolchains/llvm/prebuilt/linux-x86_64/bin/clang --target=aarch64-none-linux-android --gcc-toolchain=/root/android-ndk-r15c/toolchains/aarch64-linux-android-4.9/prebuilt/linux-x86_64 --sysroot=/root/android-ndk-r15c/platforms/android-21/arch-arm64 -funwind-tables -no-canonical-prefixes -D__ANDROID_API__=21 -fexceptions  -g  -fPIE -pie -Wl,--gc-sections  CMakeFiles/cmTC_87684.dir/CheckIncludeFile.c.o  -o cmTC_87684 
make[5]: Leaving directory '/root/linphone/linphone-android/WORK/android-arm64/Build/xml2/CMakeFiles/CMakeTmp'
make[4]: Leaving directory '/root/linphone/linphone-android/WORK/android-arm64/Build/xml2/CMakeFiles/CMakeTmp'


Determining if the include file sys/poll.h exists passed with the following output:
Change Dir: /root/linphone/linphone-android/WORK/android-arm64/Build/xml2/CMakeFiles/CMakeTmp

Run Build Command:"/usr/bin/make" "cmTC_cd262/fast"
make[4]: Entering directory '/root/linphone/linphone-android/WORK/android-arm64/Build/xml2/CMakeFiles/CMakeTmp'
/usr/bin/make -f CMakeFiles/cmTC_cd262.dir/build.make CMakeFiles/cmTC_cd262.dir/build
make[5]: Entering directory '/root/linphone/linphone-android/WORK/android-arm64/Build/xml2/CMakeFiles/CMakeTmp'
Building C object CMakeFiles/cmTC_cd262.dir/CheckIncludeFile.c.o
/root/android-ndk-r15c/toolchains/llvm/prebuilt/linux-x86_64/bin/clang --target=aarch64-none-linux-android --gcc-toolchain=/root/android-ndk-r15c/toolchains/aarch64-linux-android-4.9/prebuilt/linux-x86_64 --sysroot=/root/android-ndk-r15c/sysroot  -isystem /root/android-ndk-r15c/sysroot/usr/include -isystem /root/android-ndk-r15c/sysroot/usr/include/aarch64-linux-android  -funwind-tables -no-canonical-prefixes -D__ANDROID_API__=21 -fexceptions  -g -fPIE   -o CMakeFiles/cmTC_cd262.dir/CheckIncludeFile.c.o   -c /root/linphone/linphone-android/WORK/android-arm64/Build/xml2/CMakeFiles/CMakeTmp/CheckIncludeFile.c
Linking C executable cmTC_cd262
/usr/local/bin/cmake -E cmake_link_script CMakeFiles/cmTC_cd262.dir/link.txt --verbose=1
/root/android-ndk-r15c/toolchains/llvm/prebuilt/linux-x86_64/bin/clang --target=aarch64-none-linux-android --gcc-toolchain=/root/android-ndk-r15c/toolchains/aarch64-linux-android-4.9/prebuilt/linux-x86_64 --sysroot=/root/android-ndk-r15c/platforms/android-21/arch-arm64 -funwind-tables -no-canonical-prefixes -D__ANDROID_API__=21 -fexceptions  -g  -fPIE -pie -Wl,--gc-sections  CMakeFiles/cmTC_cd262.dir/CheckIncludeFile.c.o  -o cmTC_cd262 
make[5]: Leaving directory '/root/linphone/linphone-android/WORK/android-arm64/Build/xml2/CMakeFiles/CMakeTmp'
make[4]: Leaving directory '/root/linphone/linphone-android/WORK/android-arm64/Build/xml2/CMakeFiles/CMakeTmp'


Determining if the include file sys/uio.h exists passed with the following output:
Change Dir: /root/linphone/linphone-android/WORK/android-arm64/Build/xml2/CMakeFiles/CMakeTmp

Run Build Command:"/usr/bin/make" "cmTC_a50b4/fast"
make[4]: Entering directory '/root/linphone/linphone-android/WORK/android-arm64/Build/xml2/CMakeFiles/CMakeTmp'
/usr/bin/make -f CMakeFiles/cmTC_a50b4.dir/build.make CMakeFiles/cmTC_a50b4.dir/build
make[5]: Entering directory '/root/linphone/linphone-android/WORK/android-arm64/Build/xml2/CMakeFiles/CMakeTmp'
Building C object CMakeFiles/cmTC_a50b4.dir/CheckIncludeFile.c.o
/root/android-ndk-r15c/toolchains/llvm/prebuilt/linux-x86_64/bin/clang --target=aarch64-none-linux-android --gcc-toolchain=/root/android-ndk-r15c/toolchains/aarch64-linux-android-4.9/prebuilt/linux-x86_64 --sysroot=/root/android-ndk-r15c/sysroot  -isystem /root/android-ndk-r15c/sysroot/usr/include -isystem /root/android-ndk-r15c/sysroot/usr/include/aarch64-linux-android  -funwind-tables -no-canonical-prefixes -D__ANDROID_API__=21 -fexceptions  -g -fPIE   -o CMakeFiles/cmTC_a50b4.dir/CheckIncludeFile.c.o   -c /root/linphone/linphone-android/WORK/android-arm64/Build/xml2/CMakeFiles/CMakeTmp/CheckIncludeFile.c
Linking C executable cmTC_a50b4
/usr/local/bin/cmake -E cmake_link_script CMakeFiles/cmTC_a50b4.dir/link.txt --verbose=1
/root/android-ndk-r15c/toolchains/llvm/prebuilt/linux-x86_64/bin/clang --target=aarch64-none-linux-android --gcc-toolchain=/root/android-ndk-r15c/toolchains/aarch64-linux-android-4.9/prebuilt/linux-x86_64 --sysroot=/root/android-ndk-r15c/platforms/android-21/arch-arm64 -funwind-tables -no-canonical-prefixes -D__ANDROID_API__=21 -fexceptions  -g  -fPIE -pie -Wl,--gc-sections  CMakeFiles/cmTC_a50b4.dir/CheckIncludeFile.c.o  -o cmTC_a50b4 
make[5]: Leaving directory '/root/linphone/linphone-android/WORK/android-arm64/Build/xml2/CMakeFiles/CMakeTmp'
make[4]: Leaving directory '/root/linphone/linphone-android/WORK/android-arm64/Build/xml2/CMakeFiles/CMakeTmp'


Determining if the include file fcntl.h exists passed with the following output:
Change Dir: /root/linphone/linphone-android/WORK/android-arm64/Build/xml2/CMakeFiles/CMakeTmp

Run Build Command:"/usr/bin/make" "cmTC_82f23/fast"
make[4]: Entering directory '/root/linphone/linphone-android/WORK/android-arm64/Build/xml2/CMakeFiles/CMakeTmp'
/usr/bin/make -f CMakeFiles/cmTC_82f23.dir/build.make CMakeFiles/cmTC_82f23.dir/build
make[5]: Entering directory '/root/linphone/linphone-android/WORK/android-arm64/Build/xml2/CMakeFiles/CMakeTmp'
Building C object CMakeFiles/cmTC_82f23.dir/CheckIncludeFile.c.o
/root/android-ndk-r15c/toolchains/llvm/prebuilt/linux-x86_64/bin/clang --target=aarch64-none-linux-android --gcc-toolchain=/root/android-ndk-r15c/toolchains/aarch64-linux-android-4.9/prebuilt/linux-x86_64 --sysroot=/root/android-ndk-r15c/sysroot  -isystem /root/android-ndk-r15c/sysroot/usr/include -isystem /root/android-ndk-r15c/sysroot/usr/include/aarch64-linux-android  -funwind-tables -no-canonical-prefixes -D__ANDROID_API__=21 -fexceptions  -g -fPIE   -o CMakeFiles/cmTC_82f23.dir/CheckIncludeFile.c.o   -c /root/linphone/linphone-android/WORK/android-arm64/Build/xml2/CMakeFiles/CMakeTmp/CheckIncludeFile.c
Linking C executable cmTC_82f23
/usr/local/bin/cmake -E cmake_link_script CMakeFiles/cmTC_82f23.dir/link.txt --verbose=1
/root/android-ndk-r15c/toolchains/llvm/prebuilt/linux-x86_64/bin/clang --target=aarch64-none-linux-android --gcc-toolchain=/root/android-ndk-r15c/toolchains/aarch64-linux-android-4.9/prebuilt/linux-x86_64 --sysroot=/root/android-ndk-r15c/platforms/android-21/arch-arm64 -funwind-tables -no-canonical-prefixes -D__ANDROID_API__=21 -fexceptions  -g  -fPIE -pie -Wl,--gc-sections  CMakeFiles/cmTC_82f23.dir/CheckIncludeFile.c.o  -o cmTC_82f23 
make[5]: Leaving directory '/root/linphone/linphone-android/WORK/android-arm64/Build/xml2/CMakeFiles/CMakeTmp'
make[4]: Leaving directory '/root/linphone/linphone-android/WORK/android-arm64/Build/xml2/CMakeFiles/CMakeTmp'


Determining if the include file sys/time.h exists passed with the following output:
Change Dir: /root/linphone/linphone-android/WORK/android-arm64/Build/xml2/CMakeFiles/CMakeTmp

Run Build Command:"/usr/bin/make" "cmTC_f97eb/fast"
make[4]: Entering directory '/root/linphone/linphone-android/WORK/android-arm64/Build/xml2/CMakeFiles/CMakeTmp'
/usr/bin/make -f CMakeFiles/cmTC_f97eb.dir/build.make CMakeFiles/cmTC_f97eb.dir/build
make[5]: Entering directory '/root/linphone/linphone-android/WORK/android-arm64/Build/xml2/CMakeFiles/CMakeTmp'
Building C object CMakeFiles/cmTC_f97eb.dir/CheckIncludeFile.c.o
/root/android-ndk-r15c/toolchains/llvm/prebuilt/linux-x86_64/bin/clang --target=aarch64-none-linux-android --gcc-toolchain=/root/android-ndk-r15c/toolchains/aarch64-linux-android-4.9/prebuilt/linux-x86_64 --sysroot=/root/android-ndk-r15c/sysroot  -isystem /root/android-ndk-r15c/sysroot/usr/include -isystem /root/android-ndk-r15c/sysroot/usr/include/aarch64-linux-android  -funwind-tables -no-canonical-prefixes -D__ANDROID_API__=21 -fexceptions  -g -fPIE   -o CMakeFiles/cmTC_f97eb.dir/CheckIncludeFile.c.o   -c /root/linphone/linphone-android/WORK/android-arm64/Build/xml2/CMakeFiles/CMakeTmp/CheckIncludeFile.c
Linking C executable cmTC_f97eb
/usr/local/bin/cmake -E cmake_link_script CMakeFiles/cmTC_f97eb.dir/link.txt --verbose=1
/root/android-ndk-r15c/toolchains/llvm/prebuilt/linux-x86_64/bin/clang --target=aarch64-none-linux-android --gcc-toolchain=/root/android-ndk-r15c/toolchains/aarch64-linux-android-4.9/prebuilt/linux-x86_64 --sysroot=/root/android-ndk-r15c/platforms/android-21/arch-arm64 -funwind-tables -no-canonical-prefixes -D__ANDROID_API__=21 -fexceptions  -g  -fPIE -pie -Wl,--gc-sections  CMakeFiles/cmTC_f97eb.dir/CheckIncludeFile.c.o  -o cmTC_f97eb 
make[5]: Leaving directory '/root/linphone/linphone-android/WORK/android-arm64/Build/xml2/CMakeFiles/CMakeTmp'
make[4]: Leaving directory '/root/linphone/linphone-android/WORK/android-arm64/Build/xml2/CMakeFiles/CMakeTmp'


Determining if the include file unistd.h exists passed with the following output:
Change Dir: /root/linphone/linphone-android/WORK/android-arm64/Build/xml2/CMakeFiles/CMakeTmp

Run Build Command:"/usr/bin/make" "cmTC_90709/fast"
make[4]: Entering directory '/root/linphone/linphone-android/WORK/android-arm64/Build/xml2/CMakeFiles/CMakeTmp'
/usr/bin/make -f CMakeFiles/cmTC_90709.dir/build.make CMakeFiles/cmTC_90709.dir/build
make[5]: Entering directory '/root/linphone/linphone-android/WORK/android-arm64/Build/xml2/CMakeFiles/CMakeTmp'
Building C object CMakeFiles/cmTC_90709.dir/CheckIncludeFile.c.o
/root/android-ndk-r15c/toolchains/llvm/prebuilt/linux-x86_64/bin/clang --target=aarch64-none-linux-android --gcc-toolchain=/root/android-ndk-r15c/toolchains/aarch64-linux-android-4.9/prebuilt/linux-x86_64 --sysroot=/root/android-ndk-r15c/sysroot  -isystem /root/android-ndk-r15c/sysroot/usr/include -isystem /root/android-ndk-r15c/sysroot/usr/include/aarch64-linux-android  -funwind-tables -no-canonical-prefixes -D__ANDROID_API__=21 -fexceptions  -g -fPIE   -o CMakeFiles/cmTC_90709.dir/CheckIncludeFile.c.o   -c /root/linphone/linphone-android/WORK/android-arm64/Build/xml2/CMakeFiles/CMakeTmp/CheckIncludeFile.c
Linking C executable cmTC_90709
/usr/local/bin/cmake -E cmake_link_script CMakeFiles/cmTC_90709.dir/link.txt --verbose=1
/root/android-ndk-r15c/toolchains/llvm/prebuilt/linux-x86_64/bin/clang --target=aarch64-none-linux-android --gcc-toolchain=/root/android-ndk-r15c/toolchains/aarch64-linux-android-4.9/prebuilt/linux-x86_64 --sysroot=/root/android-ndk-r15c/platforms/android-21/arch-arm64 -funwind-tables -no-canonical-prefixes -D__ANDROID_API__=21 -fexceptions  -g  -fPIE -pie -Wl,--gc-sections  CMakeFiles/cmTC_90709.dir/CheckIncludeFile.c.o  -o cmTC_90709 
make[5]: Leaving directory '/root/linphone/linphone-android/WORK/android-arm64/Build/xml2/CMakeFiles/CMakeTmp'
make[4]: Leaving directory '/root/linphone/linphone-android/WORK/android-arm64/Build/xml2/CMakeFiles/CMakeTmp'


Determining if the include file sys/shm.h exists passed with the following output:
Change Dir: /root/linphone/linphone-android/WORK/android-arm64/Build/xml2/CMakeFiles/CMakeTmp

Run Build Command:"/usr/bin/make" "cmTC_fd564/fast"
make[4]: Entering directory '/root/linphone/linphone-android/WORK/android-arm64/Build/xml2/CMakeFiles/CMakeTmp'
/usr/bin/make -f CMakeFiles/cmTC_fd564.dir/build.make CMakeFiles/cmTC_fd564.dir/build
make[5]: Entering directory '/root/linphone/linphone-android/WORK/android-arm64/Build/xml2/CMakeFiles/CMakeTmp'
Building C object CMakeFiles/cmTC_fd564.dir/CheckIncludeFile.c.o
/root/android-ndk-r15c/toolchains/llvm/prebuilt/linux-x86_64/bin/clang --target=aarch64-none-linux-android --gcc-toolchain=/root/android-ndk-r15c/toolchains/aarch64-linux-android-4.9/prebuilt/linux-x86_64 --sysroot=/root/android-ndk-r15c/sysroot  -isystem /root/android-ndk-r15c/sysroot/usr/include -isystem /root/android-ndk-r15c/sysroot/usr/include/aarch64-linux-android  -funwind-tables -no-canonical-prefixes -D__ANDROID_API__=21 -fexceptions  -g -fPIE   -o CMakeFiles/cmTC_fd564.dir/CheckIncludeFile.c.o   -c /root/linphone/linphone-android/WORK/android-arm64/Build/xml2/CMakeFiles/CMakeTmp/CheckIncludeFile.c
Linking C executable cmTC_fd564
/usr/local/bin/cmake -E cmake_link_script CMakeFiles/cmTC_fd564.dir/link.txt --verbose=1
/root/android-ndk-r15c/toolchains/llvm/prebuilt/linux-x86_64/bin/clang --target=aarch64-none-linux-android --gcc-toolchain=/root/android-ndk-r15c/toolchains/aarch64-linux-android-4.9/prebuilt/linux-x86_64 --sysroot=/root/android-ndk-r15c/platforms/android-21/arch-arm64 -funwind-tables -no-canonical-prefixes -D__ANDROID_API__=21 -fexceptions  -g  -fPIE -pie -Wl,--gc-sections  CMakeFiles/cmTC_fd564.dir/CheckIncludeFile.c.o  -o cmTC_fd564 
make[5]: Leaving directory '/root/linphone/linphone-android/WORK/android-arm64/Build/xml2/CMakeFiles/CMakeTmp'
make[4]: Leaving directory '/root/linphone/linphone-android/WORK/android-arm64/Build/xml2/CMakeFiles/CMakeTmp'


Determining if the include file dlfcn.h exists passed with the following output:
Change Dir: /root/linphone/linphone-android/WORK/android-arm64/Build/xml2/CMakeFiles/CMakeTmp

Run Build Command:"/usr/bin/make" "cmTC_ecf39/fast"
make[4]: Entering directory '/root/linphone/linphone-android/WORK/android-arm64/Build/xml2/CMakeFiles/CMakeTmp'
/usr/bin/make -f CMakeFiles/cmTC_ecf39.dir/build.make CMakeFiles/cmTC_ecf39.dir/build
make[5]: Entering directory '/root/linphone/linphone-android/WORK/android-arm64/Build/xml2/CMakeFiles/CMakeTmp'
Building C object CMakeFiles/cmTC_ecf39.dir/CheckIncludeFile.c.o
/root/android-ndk-r15c/toolchains/llvm/prebuilt/linux-x86_64/bin/clang --target=aarch64-none-linux-android --gcc-toolchain=/root/android-ndk-r15c/toolchains/aarch64-linux-android-4.9/prebuilt/linux-x86_64 --sysroot=/root/android-ndk-r15c/sysroot  -isystem /root/android-ndk-r15c/sysroot/usr/include -isystem /root/android-ndk-r15c/sysroot/usr/include/aarch64-linux-android  -funwind-tables -no-canonical-prefixes -D__ANDROID_API__=21 -fexceptions  -g -fPIE   -o CMakeFiles/cmTC_ecf39.dir/CheckIncludeFile.c.o   -c /root/linphone/linphone-android/WORK/android-arm64/Build/xml2/CMakeFiles/CMakeTmp/CheckIncludeFile.c
Linking C executable cmTC_ecf39
/usr/local/bin/cmake -E cmake_link_script CMakeFiles/cmTC_ecf39.dir/link.txt --verbose=1
/root/android-ndk-r15c/toolchains/llvm/prebuilt/linux-x86_64/bin/clang --target=aarch64-none-linux-android --gcc-toolchain=/root/android-ndk-r15c/toolchains/aarch64-linux-android-4.9/prebuilt/linux-x86_64 --sysroot=/root/android-ndk-r15c/platforms/android-21/arch-arm64 -funwind-tables -no-canonical-prefixes -D__ANDROID_API__=21 -fexceptions  -g  -fPIE -pie -Wl,--gc-sections  CMakeFiles/cmTC_ecf39.dir/CheckIncludeFile.c.o  -o cmTC_ecf39 
make[5]: Leaving directory '/root/linphone/linphone-android/WORK/android-arm64/Build/xml2/CMakeFiles/CMakeTmp'
make[4]: Leaving directory '/root/linphone/linphone-android/WORK/android-arm64/Build/xml2/CMakeFiles/CMakeTmp'


Determining if the include file alloca.h exists passed with the following output:
Change Dir: /root/linphone/linphone-android/WORK/android-arm64/Build/xml2/CMakeFiles/CMakeTmp

Run Build Command:"/usr/bin/make" "cmTC_d0a13/fast"
make[4]: Entering directory '/root/linphone/linphone-android/WORK/android-arm64/Build/xml2/CMakeFiles/CMakeTmp'
/usr/bin/make -f CMakeFiles/cmTC_d0a13.dir/build.make CMakeFiles/cmTC_d0a13.dir/build
make[5]: Entering directory '/root/linphone/linphone-android/WORK/android-arm64/Build/xml2/CMakeFiles/CMakeTmp'
Building C object CMakeFiles/cmTC_d0a13.dir/CheckIncludeFile.c.o
/root/android-ndk-r15c/toolchains/llvm/prebuilt/linux-x86_64/bin/clang --target=aarch64-none-linux-android --gcc-toolchain=/root/android-ndk-r15c/toolchains/aarch64-linux-android-4.9/prebuilt/linux-x86_64 --sysroot=/root/android-ndk-r15c/sysroot  -isystem /root/android-ndk-r15c/sysroot/usr/include -isystem /root/android-ndk-r15c/sysroot/usr/include/aarch64-linux-android  -funwind-tables -no-canonical-prefixes -D__ANDROID_API__=21 -fexceptions  -g -fPIE   -o CMakeFiles/cmTC_d0a13.dir/CheckIncludeFile.c.o   -c /root/linphone/linphone-android/WORK/android-arm64/Build/xml2/CMakeFiles/CMakeTmp/CheckIncludeFile.c
Linking C executable cmTC_d0a13
/usr/local/bin/cmake -E cmake_link_script CMakeFiles/cmTC_d0a13.dir/link.txt --verbose=1
/root/android-ndk-r15c/toolchains/llvm/prebuilt/linux-x86_64/bin/clang --target=aarch64-none-linux-android --gcc-toolchain=/root/android-ndk-r15c/toolchains/aarch64-linux-android-4.9/prebuilt/linux-x86_64 --sysroot=/root/android-ndk-r15c/platforms/android-21/arch-arm64 -funwind-tables -no-canonical-prefixes -D__ANDROID_API__=21 -fexceptions  -g  -fPIE -pie -Wl,--gc-sections  CMakeFiles/cmTC_d0a13.dir/CheckIncludeFile.c.o  -o cmTC_d0a13 
make[5]: Leaving directory '/root/linphone/linphone-android/WORK/android-arm64/Build/xml2/CMakeFiles/CMakeTmp'
make[4]: Leaving directory '/root/linphone/linphone-android/WORK/android-arm64/Build/xml2/CMakeFiles/CMakeTmp'


Determining if the include file ctype.h exists passed with the following output:
Change Dir: /root/linphone/linphone-android/WORK/android-arm64/Build/xml2/CMakeFiles/CMakeTmp

Run Build Command:"/usr/bin/make" "cmTC_270ef/fast"
make[4]: Entering directory '/root/linphone/linphone-android/WORK/android-arm64/Build/xml2/CMakeFiles/CMakeTmp'
/usr/bin/make -f CMakeFiles/cmTC_270ef.dir/build.make CMakeFiles/cmTC_270ef.dir/build
make[5]: Entering directory '/root/linphone/linphone-android/WORK/android-arm64/Build/xml2/CMakeFiles/CMakeTmp'
Building C object CMakeFiles/cmTC_270ef.dir/CheckIncludeFile.c.o
/root/android-ndk-r15c/toolchains/llvm/prebuilt/linux-x86_64/bin/clang --target=aarch64-none-linux-android --gcc-toolchain=/root/android-ndk-r15c/toolchains/aarch64-linux-android-4.9/prebuilt/linux-x86_64 --sysroot=/root/android-ndk-r15c/sysroot  -isystem /root/android-ndk-r15c/sysroot/usr/include -isystem /root/android-ndk-r15c/sysroot/usr/include/aarch64-linux-android  -funwind-tables -no-canonical-prefixes -D__ANDROID_API__=21 -fexceptions  -g -fPIE   -o CMakeFiles/cmTC_270ef.dir/CheckIncludeFile.c.o   -c /root/linphone/linphone-android/WORK/android-arm64/Build/xml2/CMakeFiles/CMakeTmp/CheckIncludeFile.c
Linking C executable cmTC_270ef
/usr/local/bin/cmake -E cmake_link_script CMakeFiles/cmTC_270ef.dir/link.txt --verbose=1
/root/android-ndk-r15c/toolchains/llvm/prebuilt/linux-x86_64/bin/clang --target=aarch64-none-linux-android --gcc-toolchain=/root/android-ndk-r15c/toolchains/aarch64-linux-android-4.9/prebuilt/linux-x86_64 --sysroot=/root/android-ndk-r15c/platforms/android-21/arch-arm64 -funwind-tables -no-canonical-prefixes -D__ANDROID_API__=21 -fexceptions  -g  -fPIE -pie -Wl,--gc-sections  CMakeFiles/cmTC_270ef.dir/CheckIncludeFile.c.o  -o cmTC_270ef 
make[5]: Leaving directory '/root/linphone/linphone-android/WORK/android-arm64/Build/xml2/CMakeFiles/CMakeTmp'
make[4]: Leaving directory '/root/linphone/linphone-android/WORK/android-arm64/Build/xml2/CMakeFiles/CMakeTmp'


Determining if the include file dirent.h exists passed with the following output:
Change Dir: /root/linphone/linphone-android/WORK/android-arm64/Build/xml2/CMakeFiles/CMakeTmp

Run Build Command:"/usr/bin/make" "cmTC_8c37e/fast"
make[4]: Entering directory '/root/linphone/linphone-android/WORK/android-arm64/Build/xml2/CMakeFiles/CMakeTmp'
/usr/bin/make -f CMakeFiles/cmTC_8c37e.dir/build.make CMakeFiles/cmTC_8c37e.dir/build
make[5]: Entering directory '/root/linphone/linphone-android/WORK/android-arm64/Build/xml2/CMakeFiles/CMakeTmp'
Building C object CMakeFiles/cmTC_8c37e.dir/CheckIncludeFile.c.o
/root/android-ndk-r15c/toolchains/llvm/prebuilt/linux-x86_64/bin/clang --target=aarch64-none-linux-android --gcc-toolchain=/root/android-ndk-r15c/toolchains/aarch64-linux-android-4.9/prebuilt/linux-x86_64 --sysroot=/root/android-ndk-r15c/sysroot  -isystem /root/android-ndk-r15c/sysroot/usr/include -isystem /root/android-ndk-r15c/sysroot/usr/include/aarch64-linux-android  -funwind-tables -no-canonical-prefixes -D__ANDROID_API__=21 -fexceptions  -g -fPIE   -o CMakeFiles/cmTC_8c37e.dir/CheckIncludeFile.c.o   -c /root/linphone/linphone-android/WORK/android-arm64/Build/xml2/CMakeFiles/CMakeTmp/CheckIncludeFile.c
Linking C executable cmTC_8c37e
/usr/local/bin/cmake -E cmake_link_script CMakeFiles/cmTC_8c37e.dir/link.txt --verbose=1
/root/android-ndk-r15c/toolchains/llvm/prebuilt/linux-x86_64/bin/clang --target=aarch64-none-linux-android --gcc-toolchain=/root/android-ndk-r15c/toolchains/aarch64-linux-android-4.9/prebuilt/linux-x86_64 --sysroot=/root/android-ndk-r15c/platforms/android-21/arch-arm64 -funwind-tables -no-canonical-prefixes -D__ANDROID_API__=21 -fexceptions  -g  -fPIE -pie -Wl,--gc-sections  CMakeFiles/cmTC_8c37e.dir/CheckIncludeFile.c.o  -o cmTC_8c37e 
make[5]: Leaving directory '/root/linphone/linphone-android/WORK/android-arm64/Build/xml2/CMakeFiles/CMakeTmp'
make[4]: Leaving directory '/root/linphone/linphone-android/WORK/android-arm64/Build/xml2/CMakeFiles/CMakeTmp'


Determining if the include file errno.h exists passed with the following output:
Change Dir: /root/linphone/linphone-android/WORK/android-arm64/Build/xml2/CMakeFiles/CMakeTmp

Run Build Command:"/usr/bin/make" "cmTC_a14a9/fast"
make[4]: Entering directory '/root/linphone/linphone-android/WORK/android-arm64/Build/xml2/CMakeFiles/CMakeTmp'
/usr/bin/make -f CMakeFiles/cmTC_a14a9.dir/build.make CMakeFiles/cmTC_a14a9.dir/build
make[5]: Entering directory '/root/linphone/linphone-android/WORK/android-arm64/Build/xml2/CMakeFiles/CMakeTmp'
Building C object CMakeFiles/cmTC_a14a9.dir/CheckIncludeFile.c.o
/root/android-ndk-r15c/toolchains/llvm/prebuilt/linux-x86_64/bin/clang --target=aarch64-none-linux-android --gcc-toolchain=/root/android-ndk-r15c/toolchains/aarch64-linux-android-4.9/prebuilt/linux-x86_64 --sysroot=/root/android-ndk-r15c/sysroot  -isystem /root/android-ndk-r15c/sysroot/usr/include -isystem /root/android-ndk-r15c/sysroot/usr/include/aarch64-linux-android  -funwind-tables -no-canonical-prefixes -D__ANDROID_API__=21 -fexceptions  -g -fPIE   -o CMakeFiles/cmTC_a14a9.dir/CheckIncludeFile.c.o   -c /root/linphone/linphone-android/WORK/android-arm64/Build/xml2/CMakeFiles/CMakeTmp/CheckIncludeFile.c
Linking C executable cmTC_a14a9
/usr/local/bin/cmake -E cmake_link_script CMakeFiles/cmTC_a14a9.dir/link.txt --verbose=1
/root/android-ndk-r15c/toolchains/llvm/prebuilt/linux-x86_64/bin/clang --target=aarch64-none-linux-android --gcc-toolchain=/root/android-ndk-r15c/toolchains/aarch64-linux-android-4.9/prebuilt/linux-x86_64 --sysroot=/root/android-ndk-r15c/platforms/android-21/arch-arm64 -funwind-tables -no-canonical-prefixes -D__ANDROID_API__=21 -fexceptions  -g  -fPIE -pie -Wl,--gc-sections  CMakeFiles/cmTC_a14a9.dir/CheckIncludeFile.c.o  -o cmTC_a14a9 
make[5]: Leaving directory '/root/linphone/linphone-android/WORK/android-arm64/Build/xml2/CMakeFiles/CMakeTmp'
make[4]: Leaving directory '/root/linphone/linphone-android/WORK/android-arm64/Build/xml2/CMakeFiles/CMakeTmp'


Determining if the include file malloc.h exists passed with the following output:
Change Dir: /root/linphone/linphone-android/WORK/android-arm64/Build/xml2/CMakeFiles/CMakeTmp

Run Build Command:"/usr/bin/make" "cmTC_9018c/fast"
make[4]: Entering directory '/root/linphone/linphone-android/WORK/android-arm64/Build/xml2/CMakeFiles/CMakeTmp'
/usr/bin/make -f CMakeFiles/cmTC_9018c.dir/build.make CMakeFiles/cmTC_9018c.dir/build
make[5]: Entering directory '/root/linphone/linphone-android/WORK/android-arm64/Build/xml2/CMakeFiles/CMakeTmp'
Building C object CMakeFiles/cmTC_9018c.dir/CheckIncludeFile.c.o
/root/android-ndk-r15c/toolchains/llvm/prebuilt/linux-x86_64/bin/clang --target=aarch64-none-linux-android --gcc-toolchain=/root/android-ndk-r15c/toolchains/aarch64-linux-android-4.9/prebuilt/linux-x86_64 --sysroot=/root/android-ndk-r15c/sysroot  -isystem /root/android-ndk-r15c/sysroot/usr/include -isystem /root/android-ndk-r15c/sysroot/usr/include/aarch64-linux-android  -funwind-tables -no-canonical-prefixes -D__ANDROID_API__=21 -fexceptions  -g -fPIE   -o CMakeFiles/cmTC_9018c.dir/CheckIncludeFile.c.o   -c /root/linphone/linphone-android/WORK/android-arm64/Build/xml2/CMakeFiles/CMakeTmp/CheckIncludeFile.c
Linking C executable cmTC_9018c
/usr/local/bin/cmake -E cmake_link_script CMakeFiles/cmTC_9018c.dir/link.txt --verbose=1
/root/android-ndk-r15c/toolchains/llvm/prebuilt/linux-x86_64/bin/clang --target=aarch64-none-linux-android --gcc-toolchain=/root/android-ndk-r15c/toolchains/aarch64-linux-android-4.9/prebuilt/linux-x86_64 --sysroot=/root/android-ndk-r15c/platforms/android-21/arch-arm64 -funwind-tables -no-canonical-prefixes -D__ANDROID_API__=21 -fexceptions  -g  -fPIE -pie -Wl,--gc-sections  CMakeFiles/cmTC_9018c.dir/CheckIncludeFile.c.o  -o cmTC_9018c 
make[5]: Leaving directory '/root/linphone/linphone-android/WORK/android-arm64/Build/xml2/CMakeFiles/CMakeTmp'
make[4]: Leaving directory '/root/linphone/linphone-android/WORK/android-arm64/Build/xml2/CMakeFiles/CMakeTmp'


Determining if the include file stdarg.h exists passed with the following output:
Change Dir: /root/linphone/linphone-android/WORK/android-arm64/Build/xml2/CMakeFiles/CMakeTmp

Run Build Command:"/usr/bin/make" "cmTC_df109/fast"
make[4]: Entering directory '/root/linphone/linphone-android/WORK/android-arm64/Build/xml2/CMakeFiles/CMakeTmp'
/usr/bin/make -f CMakeFiles/cmTC_df109.dir/build.make CMakeFiles/cmTC_df109.dir/build
make[5]: Entering directory '/root/linphone/linphone-android/WORK/android-arm64/Build/xml2/CMakeFiles/CMakeTmp'
Building C object CMakeFiles/cmTC_df109.dir/CheckIncludeFile.c.o
/root/android-ndk-r15c/toolchains/llvm/prebuilt/linux-x86_64/bin/clang --target=aarch64-none-linux-android --gcc-toolchain=/root/android-ndk-r15c/toolchains/aarch64-linux-android-4.9/prebuilt/linux-x86_64 --sysroot=/root/android-ndk-r15c/sysroot  -isystem /root/android-ndk-r15c/sysroot/usr/include -isystem /root/android-ndk-r15c/sysroot/usr/include/aarch64-linux-android  -funwind-tables -no-canonical-prefixes -D__ANDROID_API__=21 -fexceptions  -g -fPIE   -o CMakeFiles/cmTC_df109.dir/CheckIncludeFile.c.o   -c /root/linphone/linphone-android/WORK/android-arm64/Build/xml2/CMakeFiles/CMakeTmp/CheckIncludeFile.c
Linking C executable cmTC_df109
/usr/local/bin/cmake -E cmake_link_script CMakeFiles/cmTC_df109.dir/link.txt --verbose=1
/root/android-ndk-r15c/toolchains/llvm/prebuilt/linux-x86_64/bin/clang --target=aarch64-none-linux-android --gcc-toolchain=/root/android-ndk-r15c/toolchains/aarch64-linux-android-4.9/prebuilt/linux-x86_64 --sysroot=/root/android-ndk-r15c/platforms/android-21/arch-arm64 -funwind-tables -no-canonical-prefixes -D__ANDROID_API__=21 -fexceptions  -g  -fPIE -pie -Wl,--gc-sections  CMakeFiles/cmTC_df109.dir/CheckIncludeFile.c.o  -o cmTC_df109 
make[5]: Leaving directory '/root/linphone/linphone-android/WORK/android-arm64/Build/xml2/CMakeFiles/CMakeTmp'
make[4]: Leaving directory '/root/linphone/linphone-android/WORK/android-arm64/Build/xml2/CMakeFiles/CMakeTmp'


Determining if the include file time.h exists passed with the following output:
Change Dir: /root/linphone/linphone-android/WORK/android-arm64/Build/xml2/CMakeFiles/CMakeTmp

Run Build Command:"/usr/bin/make" "cmTC_8df41/fast"
make[4]: Entering directory '/root/linphone/linphone-android/WORK/android-arm64/Build/xml2/CMakeFiles/CMakeTmp'
/usr/bin/make -f CMakeFiles/cmTC_8df41.dir/build.make CMakeFiles/cmTC_8df41.dir/build
make[5]: Entering directory '/root/linphone/linphone-android/WORK/android-arm64/Build/xml2/CMakeFiles/CMakeTmp'
Building C object CMakeFiles/cmTC_8df41.dir/CheckIncludeFile.c.o
/root/android-ndk-r15c/toolchains/llvm/prebuilt/linux-x86_64/bin/clang --target=aarch64-none-linux-android --gcc-toolchain=/root/android-ndk-r15c/toolchains/aarch64-linux-android-4.9/prebuilt/linux-x86_64 --sysroot=/root/android-ndk-r15c/sysroot  -isystem /root/android-ndk-r15c/sysroot/usr/include -isystem /root/android-ndk-r15c/sysroot/usr/include/aarch64-linux-android  -funwind-tables -no-canonical-prefixes -D__ANDROID_API__=21 -fexceptions  -g -fPIE   -o CMakeFiles/cmTC_8df41.dir/CheckIncludeFile.c.o   -c /root/linphone/linphone-android/WORK/android-arm64/Build/xml2/CMakeFiles/CMakeTmp/CheckIncludeFile.c
Linking C executable cmTC_8df41
/usr/local/bin/cmake -E cmake_link_script CMakeFiles/cmTC_8df41.dir/link.txt --verbose=1
/root/android-ndk-r15c/toolchains/llvm/prebuilt/linux-x86_64/bin/clang --target=aarch64-none-linux-android --gcc-toolchain=/root/android-ndk-r15c/toolchains/aarch64-linux-android-4.9/prebuilt/linux-x86_64 --sysroot=/root/android-ndk-r15c/platforms/android-21/arch-arm64 -funwind-tables -no-canonical-prefixes -D__ANDROID_API__=21 -fexceptions  -g  -fPIE -pie -Wl,--gc-sections  CMakeFiles/cmTC_8df41.dir/CheckIncludeFile.c.o  -o cmTC_8df41 
make[5]: Leaving directory '/root/linphone/linphone-android/WORK/android-arm64/Build/xml2/CMakeFiles/CMakeTmp'
make[4]: Leaving directory '/root/linphone/linphone-android/WORK/android-arm64/Build/xml2/CMakeFiles/CMakeTmp'


Determining if the include file math.h exists passed with the following output:
Change Dir: /root/linphone/linphone-android/WORK/android-arm64/Build/xml2/CMakeFiles/CMakeTmp

Run Build Command:"/usr/bin/make" "cmTC_170ec/fast"
make[4]: Entering directory '/root/linphone/linphone-android/WORK/android-arm64/Build/xml2/CMakeFiles/CMakeTmp'
/usr/bin/make -f CMakeFiles/cmTC_170ec.dir/build.make CMakeFiles/cmTC_170ec.dir/build
make[5]: Entering directory '/root/linphone/linphone-android/WORK/android-arm64/Build/xml2/CMakeFiles/CMakeTmp'
Building C object CMakeFiles/cmTC_170ec.dir/CheckIncludeFile.c.o
/root/android-ndk-r15c/toolchains/llvm/prebuilt/linux-x86_64/bin/clang --target=aarch64-none-linux-android --gcc-toolchain=/root/android-ndk-r15c/toolchains/aarch64-linux-android-4.9/prebuilt/linux-x86_64 --sysroot=/root/android-ndk-r15c/sysroot  -isystem /root/android-ndk-r15c/sysroot/usr/include -isystem /root/android-ndk-r15c/sysroot/usr/include/aarch64-linux-android  -funwind-tables -no-canonical-prefixes -D__ANDROID_API__=21 -fexceptions  -g -fPIE   -o CMakeFiles/cmTC_170ec.dir/CheckIncludeFile.c.o   -c /root/linphone/linphone-android/WORK/android-arm64/Build/xml2/CMakeFiles/CMakeTmp/CheckIncludeFile.c
Linking C executable cmTC_170ec
/usr/local/bin/cmake -E cmake_link_script CMakeFiles/cmTC_170ec.dir/link.txt --verbose=1
/root/android-ndk-r15c/toolchains/llvm/prebuilt/linux-x86_64/bin/clang --target=aarch64-none-linux-android --gcc-toolchain=/root/android-ndk-r15c/toolchains/aarch64-linux-android-4.9/prebuilt/linux-x86_64 --sysroot=/root/android-ndk-r15c/platforms/android-21/arch-arm64 -funwind-tables -no-canonical-prefixes -D__ANDROID_API__=21 -fexceptions  -g  -fPIE -pie -Wl,--gc-sections  CMakeFiles/cmTC_170ec.dir/CheckIncludeFile.c.o  -o cmTC_170ec 
make[5]: Leaving directory '/root/linphone/linphone-android/WORK/android-arm64/Build/xml2/CMakeFiles/CMakeTmp'
make[4]: Leaving directory '/root/linphone/linphone-android/WORK/android-arm64/Build/xml2/CMakeFiles/CMakeTmp'


Determining if the include file limits.h exists passed with the following output:
Change Dir: /root/linphone/linphone-android/WORK/android-arm64/Build/xml2/CMakeFiles/CMakeTmp

Run Build Command:"/usr/bin/make" "cmTC_2f8bf/fast"
make[4]: Entering directory '/root/linphone/linphone-android/WORK/android-arm64/Build/xml2/CMakeFiles/CMakeTmp'
/usr/bin/make -f CMakeFiles/cmTC_2f8bf.dir/build.make CMakeFiles/cmTC_2f8bf.dir/build
make[5]: Entering directory '/root/linphone/linphone-android/WORK/android-arm64/Build/xml2/CMakeFiles/CMakeTmp'
Building C object CMakeFiles/cmTC_2f8bf.dir/CheckIncludeFile.c.o
/root/android-ndk-r15c/toolchains/llvm/prebuilt/linux-x86_64/bin/clang --target=aarch64-none-linux-android --gcc-toolchain=/root/android-ndk-r15c/toolchains/aarch64-linux-android-4.9/prebuilt/linux-x86_64 --sysroot=/root/android-ndk-r15c/sysroot  -isystem /root/android-ndk-r15c/sysroot/usr/include -isystem /root/android-ndk-r15c/sysroot/usr/include/aarch64-linux-android  -funwind-tables -no-canonical-prefixes -D__ANDROID_API__=21 -fexceptions  -g -fPIE   -o CMakeFiles/cmTC_2f8bf.dir/CheckIncludeFile.c.o   -c /root/linphone/linphone-android/WORK/android-arm64/Build/xml2/CMakeFiles/CMakeTmp/CheckIncludeFile.c
Linking C executable cmTC_2f8bf
/usr/local/bin/cmake -E cmake_link_script CMakeFiles/cmTC_2f8bf.dir/link.txt --verbose=1
/root/android-ndk-r15c/toolchains/llvm/prebuilt/linux-x86_64/bin/clang --target=aarch64-none-linux-android --gcc-toolchain=/root/android-ndk-r15c/toolchains/aarch64-linux-android-4.9/prebuilt/linux-x86_64 --sysroot=/root/android-ndk-r15c/platforms/android-21/arch-arm64 -funwind-tables -no-canonical-prefixes -D__ANDROID_API__=21 -fexceptions  -g  -fPIE -pie -Wl,--gc-sections  CMakeFiles/cmTC_2f8bf.dir/CheckIncludeFile.c.o  -o cmTC_2f8bf 
make[5]: Leaving directory '/root/linphone/linphone-android/WORK/android-arm64/Build/xml2/CMakeFiles/CMakeTmp'
make[4]: Leaving directory '/root/linphone/linphone-android/WORK/android-arm64/Build/xml2/CMakeFiles/CMakeTmp'


Determining if the include file float.h exists passed with the following output:
Change Dir: /root/linphone/linphone-android/WORK/android-arm64/Build/xml2/CMakeFiles/CMakeTmp

Run Build Command:"/usr/bin/make" "cmTC_51883/fast"
make[4]: Entering directory '/root/linphone/linphone-android/WORK/android-arm64/Build/xml2/CMakeFiles/CMakeTmp'
/usr/bin/make -f CMakeFiles/cmTC_51883.dir/build.make CMakeFiles/cmTC_51883.dir/build
make[5]: Entering directory '/root/linphone/linphone-android/WORK/android-arm64/Build/xml2/CMakeFiles/CMakeTmp'
Building C object CMakeFiles/cmTC_51883.dir/CheckIncludeFile.c.o
/root/android-ndk-r15c/toolchains/llvm/prebuilt/linux-x86_64/bin/clang --target=aarch64-none-linux-android --gcc-toolchain=/root/android-ndk-r15c/toolchains/aarch64-linux-android-4.9/prebuilt/linux-x86_64 --sysroot=/root/android-ndk-r15c/sysroot  -isystem /root/android-ndk-r15c/sysroot/usr/include -isystem /root/android-ndk-r15c/sysroot/usr/include/aarch64-linux-android  -funwind-tables -no-canonical-prefixes -D__ANDROID_API__=21 -fexceptions  -g -fPIE   -o CMakeFiles/cmTC_51883.dir/CheckIncludeFile.c.o   -c /root/linphone/linphone-android/WORK/android-arm64/Build/xml2/CMakeFiles/CMakeTmp/CheckIncludeFile.c
Linking C executable cmTC_51883
/usr/local/bin/cmake -E cmake_link_script CMakeFiles/cmTC_51883.dir/link.txt --verbose=1
/root/android-ndk-r15c/toolchains/llvm/prebuilt/linux-x86_64/bin/clang --target=aarch64-none-linux-android --gcc-toolchain=/root/android-ndk-r15c/toolchains/aarch64-linux-android-4.9/prebuilt/linux-x86_64 --sysroot=/root/android-ndk-r15c/platforms/android-21/arch-arm64 -funwind-tables -no-canonical-prefixes -D__ANDROID_API__=21 -fexceptions  -g  -fPIE -pie -Wl,--gc-sections  CMakeFiles/cmTC_51883.dir/CheckIncludeFile.c.o  -o cmTC_51883 
make[5]: Leaving directory '/root/linphone/linphone-android/WORK/android-arm64/Build/xml2/CMakeFiles/CMakeTmp'
make[4]: Leaving directory '/root/linphone/linphone-android/WORK/android-arm64/Build/xml2/CMakeFiles/CMakeTmp'


Determining if the include file sys/socket.h exists passed with the following output:
Change Dir: /root/linphone/linphone-android/WORK/android-arm64/Build/xml2/CMakeFiles/CMakeTmp

Run Build Command:"/usr/bin/make" "cmTC_feb7b/fast"
make[4]: Entering directory '/root/linphone/linphone-android/WORK/android-arm64/Build/xml2/CMakeFiles/CMakeTmp'
/usr/bin/make -f CMakeFiles/cmTC_feb7b.dir/build.make CMakeFiles/cmTC_feb7b.dir/build
make[5]: Entering directory '/root/linphone/linphone-android/WORK/android-arm64/Build/xml2/CMakeFiles/CMakeTmp'
Building C object CMakeFiles/cmTC_feb7b.dir/CheckIncludeFile.c.o
/root/android-ndk-r15c/toolchains/llvm/prebuilt/linux-x86_64/bin/clang --target=aarch64-none-linux-android --gcc-toolchain=/root/android-ndk-r15c/toolchains/aarch64-linux-android-4.9/prebuilt/linux-x86_64 --sysroot=/root/android-ndk-r15c/sysroot  -isystem /root/android-ndk-r15c/sysroot/usr/include -isystem /root/android-ndk-r15c/sysroot/usr/include/aarch64-linux-android  -funwind-tables -no-canonical-prefixes -D__ANDROID_API__=21 -fexceptions  -g -fPIE   -o CMakeFiles/cmTC_feb7b.dir/CheckIncludeFile.c.o   -c /root/linphone/linphone-android/WORK/android-arm64/Build/xml2/CMakeFiles/CMakeTmp/CheckIncludeFile.c
Linking C executable cmTC_feb7b
/usr/local/bin/cmake -E cmake_link_script CMakeFiles/cmTC_feb7b.dir/link.txt --verbose=1
/root/android-ndk-r15c/toolchains/llvm/prebuilt/linux-x86_64/bin/clang --target=aarch64-none-linux-android --gcc-toolchain=/root/android-ndk-r15c/toolchains/aarch64-linux-android-4.9/prebuilt/linux-x86_64 --sysroot=/root/android-ndk-r15c/platforms/android-21/arch-arm64 -funwind-tables -no-canonical-prefixes -D__ANDROID_API__=21 -fexceptions  -g  -fPIE -pie -Wl,--gc-sections  CMakeFiles/cmTC_feb7b.dir/CheckIncludeFile.c.o  -o cmTC_feb7b 
make[5]: Leaving directory '/root/linphone/linphone-android/WORK/android-arm64/Build/xml2/CMakeFiles/CMakeTmp'
make[4]: Leaving directory '/root/linphone/linphone-android/WORK/android-arm64/Build/xml2/CMakeFiles/CMakeTmp'


Determining if the include file netinet/in.h exists passed with the following output:
Change Dir: /root/linphone/linphone-android/WORK/android-arm64/Build/xml2/CMakeFiles/CMakeTmp

Run Build Command:"/usr/bin/make" "cmTC_6dbbd/fast"
make[4]: Entering directory '/root/linphone/linphone-android/WORK/android-arm64/Build/xml2/CMakeFiles/CMakeTmp'
/usr/bin/make -f CMakeFiles/cmTC_6dbbd.dir/build.make CMakeFiles/cmTC_6dbbd.dir/build
make[5]: Entering directory '/root/linphone/linphone-android/WORK/android-arm64/Build/xml2/CMakeFiles/CMakeTmp'
Building C object CMakeFiles/cmTC_6dbbd.dir/CheckIncludeFile.c.o
/root/android-ndk-r15c/toolchains/llvm/prebuilt/linux-x86_64/bin/clang --target=aarch64-none-linux-android --gcc-toolchain=/root/android-ndk-r15c/toolchains/aarch64-linux-android-4.9/prebuilt/linux-x86_64 --sysroot=/root/android-ndk-r15c/sysroot  -isystem /root/android-ndk-r15c/sysroot/usr/include -isystem /root/android-ndk-r15c/sysroot/usr/include/aarch64-linux-android  -funwind-tables -no-canonical-prefixes -D__ANDROID_API__=21 -fexceptions  -g -fPIE   -o CMakeFiles/cmTC_6dbbd.dir/CheckIncludeFile.c.o   -c /root/linphone/linphone-android/WORK/android-arm64/Build/xml2/CMakeFiles/CMakeTmp/CheckIncludeFile.c
Linking C executable cmTC_6dbbd
/usr/local/bin/cmake -E cmake_link_script CMakeFiles/cmTC_6dbbd.dir/link.txt --verbose=1
/root/android-ndk-r15c/toolchains/llvm/prebuilt/linux-x86_64/bin/clang --target=aarch64-none-linux-android --gcc-toolchain=/root/android-ndk-r15c/toolchains/aarch64-linux-android-4.9/prebuilt/linux-x86_64 --sysroot=/root/android-ndk-r15c/platforms/android-21/arch-arm64 -funwind-tables -no-canonical-prefixes -D__ANDROID_API__=21 -fexceptions  -g  -fPIE -pie -Wl,--gc-sections  CMakeFiles/cmTC_6dbbd.dir/CheckIncludeFile.c.o  -o cmTC_6dbbd 
make[5]: Leaving directory '/root/linphone/linphone-android/WORK/android-arm64/Build/xml2/CMakeFiles/CMakeTmp'
make[4]: Leaving directory '/root/linphone/linphone-android/WORK/android-arm64/Build/xml2/CMakeFiles/CMakeTmp'


Determining if the include file arpa/inet.h exists passed with the following output:
Change Dir: /root/linphone/linphone-android/WORK/android-arm64/Build/xml2/CMakeFiles/CMakeTmp

Run Build Command:"/usr/bin/make" "cmTC_1204e/fast"
make[4]: Entering directory '/root/linphone/linphone-android/WORK/android-arm64/Build/xml2/CMakeFiles/CMakeTmp'
/usr/bin/make -f CMakeFiles/cmTC_1204e.dir/build.make CMakeFiles/cmTC_1204e.dir/build
make[5]: Entering directory '/root/linphone/linphone-android/WORK/android-arm64/Build/xml2/CMakeFiles/CMakeTmp'
Building C object CMakeFiles/cmTC_1204e.dir/CheckIncludeFile.c.o
/root/android-ndk-r15c/toolchains/llvm/prebuilt/linux-x86_64/bin/clang --target=aarch64-none-linux-android --gcc-toolchain=/root/android-ndk-r15c/toolchains/aarch64-linux-android-4.9/prebuilt/linux-x86_64 --sysroot=/root/android-ndk-r15c/sysroot  -isystem /root/android-ndk-r15c/sysroot/usr/include -isystem /root/android-ndk-r15c/sysroot/usr/include/aarch64-linux-android  -funwind-tables -no-canonical-prefixes -D__ANDROID_API__=21 -fexceptions  -g -fPIE   -o CMakeFiles/cmTC_1204e.dir/CheckIncludeFile.c.o   -c /root/linphone/linphone-android/WORK/android-arm64/Build/xml2/CMakeFiles/CMakeTmp/CheckIncludeFile.c
Linking C executable cmTC_1204e
/usr/local/bin/cmake -E cmake_link_script CMakeFiles/cmTC_1204e.dir/link.txt --verbose=1
/root/android-ndk-r15c/toolchains/llvm/prebuilt/linux-x86_64/bin/clang --target=aarch64-none-linux-android --gcc-toolchain=/root/android-ndk-r15c/toolchains/aarch64-linux-android-4.9/prebuilt/linux-x86_64 --sysroot=/root/android-ndk-r15c/platforms/android-21/arch-arm64 -funwind-tables -no-canonical-prefixes -D__ANDROID_API__=21 -fexceptions  -g  -fPIE -pie -Wl,--gc-sections  CMakeFiles/cmTC_1204e.dir/CheckIncludeFile.c.o  -o cmTC_1204e 
make[5]: Leaving directory '/root/linphone/linphone-android/WORK/android-arm64/Build/xml2/CMakeFiles/CMakeTmp'
make[4]: Leaving directory '/root/linphone/linphone-android/WORK/android-arm64/Build/xml2/CMakeFiles/CMakeTmp'


Determining if the include file netdb.h exists passed with the following output:
Change Dir: /root/linphone/linphone-android/WORK/android-arm64/Build/xml2/CMakeFiles/CMakeTmp

Run Build Command:"/usr/bin/make" "cmTC_16508/fast"
make[4]: Entering directory '/root/linphone/linphone-android/WORK/android-arm64/Build/xml2/CMakeFiles/CMakeTmp'
/usr/bin/make -f CMakeFiles/cmTC_16508.dir/build.make CMakeFiles/cmTC_16508.dir/build
make[5]: Entering directory '/root/linphone/linphone-android/WORK/android-arm64/Build/xml2/CMakeFiles/CMakeTmp'
Building C object CMakeFiles/cmTC_16508.dir/CheckIncludeFile.c.o
/root/android-ndk-r15c/toolchains/llvm/prebuilt/linux-x86_64/bin/clang --target=aarch64-none-linux-android --gcc-toolchain=/root/android-ndk-r15c/toolchains/aarch64-linux-android-4.9/prebuilt/linux-x86_64 --sysroot=/root/android-ndk-r15c/sysroot  -isystem /root/android-ndk-r15c/sysroot/usr/include -isystem /root/android-ndk-r15c/sysroot/usr/include/aarch64-linux-android  -funwind-tables -no-canonical-prefixes -D__ANDROID_API__=21 -fexceptions  -g -fPIE   -o CMakeFiles/cmTC_16508.dir/CheckIncludeFile.c.o   -c /root/linphone/linphone-android/WORK/android-arm64/Build/xml2/CMakeFiles/CMakeTmp/CheckIncludeFile.c
Linking C executable cmTC_16508
/usr/local/bin/cmake -E cmake_link_script CMakeFiles/cmTC_16508.dir/link.txt --verbose=1
/root/android-ndk-r15c/toolchains/llvm/prebuilt/linux-x86_64/bin/clang --target=aarch64-none-linux-android --gcc-toolchain=/root/android-ndk-r15c/toolchains/aarch64-linux-android-4.9/prebuilt/linux-x86_64 --sysroot=/root/android-ndk-r15c/platforms/android-21/arch-arm64 -funwind-tables -no-canonical-prefixes -D__ANDROID_API__=21 -fexceptions  -g  -fPIE -pie -Wl,--gc-sections  CMakeFiles/cmTC_16508.dir/CheckIncludeFile.c.o  -o cmTC_16508 
make[5]: Leaving directory '/root/linphone/linphone-android/WORK/android-arm64/Build/xml2/CMakeFiles/CMakeTmp'
make[4]: Leaving directory '/root/linphone/linphone-android/WORK/android-arm64/Build/xml2/CMakeFiles/CMakeTmp'


Determining if the include file sys/select.h exists passed with the following output:
Change Dir: /root/linphone/linphone-android/WORK/android-arm64/Build/xml2/CMakeFiles/CMakeTmp

Run Build Command:"/usr/bin/make" "cmTC_3efd1/fast"
make[4]: Entering directory '/root/linphone/linphone-android/WORK/android-arm64/Build/xml2/CMakeFiles/CMakeTmp'
/usr/bin/make -f CMakeFiles/cmTC_3efd1.dir/build.make CMakeFiles/cmTC_3efd1.dir/build
make[5]: Entering directory '/root/linphone/linphone-android/WORK/android-arm64/Build/xml2/CMakeFiles/CMakeTmp'
Building C object CMakeFiles/cmTC_3efd1.dir/CheckIncludeFile.c.o
/root/android-ndk-r15c/toolchains/llvm/prebuilt/linux-x86_64/bin/clang --target=aarch64-none-linux-android --gcc-toolchain=/root/android-ndk-r15c/toolchains/aarch64-linux-android-4.9/prebuilt/linux-x86_64 --sysroot=/root/android-ndk-r15c/sysroot  -isystem /root/android-ndk-r15c/sysroot/usr/include -isystem /root/android-ndk-r15c/sysroot/usr/include/aarch64-linux-android  -funwind-tables -no-canonical-prefixes -D__ANDROID_API__=21 -fexceptions  -g -fPIE   -o CMakeFiles/cmTC_3efd1.dir/CheckIncludeFile.c.o   -c /root/linphone/linphone-android/WORK/android-arm64/Build/xml2/CMakeFiles/CMakeTmp/CheckIncludeFile.c
Linking C executable cmTC_3efd1
/usr/local/bin/cmake -E cmake_link_script CMakeFiles/cmTC_3efd1.dir/link.txt --verbose=1
/root/android-ndk-r15c/toolchains/llvm/prebuilt/linux-x86_64/bin/clang --target=aarch64-none-linux-android --gcc-toolchain=/root/android-ndk-r15c/toolchains/aarch64-linux-android-4.9/prebuilt/linux-x86_64 --sysroot=/root/android-ndk-r15c/platforms/android-21/arch-arm64 -funwind-tables -no-canonical-prefixes -D__ANDROID_API__=21 -fexceptions  -g  -fPIE -pie -Wl,--gc-sections  CMakeFiles/cmTC_3efd1.dir/CheckIncludeFile.c.o  -o cmTC_3efd1 
make[5]: Leaving directory '/root/linphone/linphone-android/WORK/android-arm64/Build/xml2/CMakeFiles/CMakeTmp'
make[4]: Leaving directory '/root/linphone/linphone-android/WORK/android-arm64/Build/xml2/CMakeFiles/CMakeTmp'


Determining if the include file sys/mman.h exists passed with the following output:
Change Dir: /root/linphone/linphone-android/WORK/android-arm64/Build/xml2/CMakeFiles/CMakeTmp

Run Build Command:"/usr/bin/make" "cmTC_b87ec/fast"
make[4]: Entering directory '/root/linphone/linphone-android/WORK/android-arm64/Build/xml2/CMakeFiles/CMakeTmp'
/usr/bin/make -f CMakeFiles/cmTC_b87ec.dir/build.make CMakeFiles/cmTC_b87ec.dir/build
make[5]: Entering directory '/root/linphone/linphone-android/WORK/android-arm64/Build/xml2/CMakeFiles/CMakeTmp'
Building C object CMakeFiles/cmTC_b87ec.dir/CheckIncludeFile.c.o
/root/android-ndk-r15c/toolchains/llvm/prebuilt/linux-x86_64/bin/clang --target=aarch64-none-linux-android --gcc-toolchain=/root/android-ndk-r15c/toolchains/aarch64-linux-android-4.9/prebuilt/linux-x86_64 --sysroot=/root/android-ndk-r15c/sysroot  -isystem /root/android-ndk-r15c/sysroot/usr/include -isystem /root/android-ndk-r15c/sysroot/usr/include/aarch64-linux-android  -funwind-tables -no-canonical-prefixes -D__ANDROID_API__=21 -fexceptions  -g -fPIE   -o CMakeFiles/cmTC_b87ec.dir/CheckIncludeFile.c.o   -c /root/linphone/linphone-android/WORK/android-arm64/Build/xml2/CMakeFiles/CMakeTmp/CheckIncludeFile.c
Linking C executable cmTC_b87ec
/usr/local/bin/cmake -E cmake_link_script CMakeFiles/cmTC_b87ec.dir/link.txt --verbose=1
/root/android-ndk-r15c/toolchains/llvm/prebuilt/linux-x86_64/bin/clang --target=aarch64-none-linux-android --gcc-toolchain=/root/android-ndk-r15c/toolchains/aarch64-linux-android-4.9/prebuilt/linux-x86_64 --sysroot=/root/android-ndk-r15c/platforms/android-21/arch-arm64 -funwind-tables -no-canonical-prefixes -D__ANDROID_API__=21 -fexceptions  -g  -fPIE -pie -Wl,--gc-sections  CMakeFiles/cmTC_b87ec.dir/CheckIncludeFile.c.o  -o cmTC_b87ec 
make[5]: Leaving directory '/root/linphone/linphone-android/WORK/android-arm64/Build/xml2/CMakeFiles/CMakeTmp'
make[4]: Leaving directory '/root/linphone/linphone-android/WORK/android-arm64/Build/xml2/CMakeFiles/CMakeTmp'


Determining if the include file signal.h exists passed with the following output:
Change Dir: /root/linphone/linphone-android/WORK/android-arm64/Build/xml2/CMakeFiles/CMakeTmp

Run Build Command:"/usr/bin/make" "cmTC_70518/fast"
make[4]: Entering directory '/root/linphone/linphone-android/WORK/android-arm64/Build/xml2/CMakeFiles/CMakeTmp'
/usr/bin/make -f CMakeFiles/cmTC_70518.dir/build.make CMakeFiles/cmTC_70518.dir/build
make[5]: Entering directory '/root/linphone/linphone-android/WORK/android-arm64/Build/xml2/CMakeFiles/CMakeTmp'
Building C object CMakeFiles/cmTC_70518.dir/CheckIncludeFile.c.o
/root/android-ndk-r15c/toolchains/llvm/prebuilt/linux-x86_64/bin/clang --target=aarch64-none-linux-android --gcc-toolchain=/root/android-ndk-r15c/toolchains/aarch64-linux-android-4.9/prebuilt/linux-x86_64 --sysroot=/root/android-ndk-r15c/sysroot  -isystem /root/android-ndk-r15c/sysroot/usr/include -isystem /root/android-ndk-r15c/sysroot/usr/include/aarch64-linux-android  -funwind-tables -no-canonical-prefixes -D__ANDROID_API__=21 -fexceptions  -g -fPIE   -o CMakeFiles/cmTC_70518.dir/CheckIncludeFile.c.o   -c /root/linphone/linphone-android/WORK/android-arm64/Build/xml2/CMakeFiles/CMakeTmp/CheckIncludeFile.c
Linking C executable cmTC_70518
/usr/local/bin/cmake -E cmake_link_script CMakeFiles/cmTC_70518.dir/link.txt --verbose=1
/root/android-ndk-r15c/toolchains/llvm/prebuilt/linux-x86_64/bin/clang --target=aarch64-none-linux-android --gcc-toolchain=/root/android-ndk-r15c/toolchains/aarch64-linux-android-4.9/prebuilt/linux-x86_64 --sysroot=/root/android-ndk-r15c/platforms/android-21/arch-arm64 -funwind-tables -no-canonical-prefixes -D__ANDROID_API__=21 -fexceptions  -g  -fPIE -pie -Wl,--gc-sections  CMakeFiles/cmTC_70518.dir/CheckIncludeFile.c.o  -o cmTC_70518 
make[5]: Leaving directory '/root/linphone/linphone-android/WORK/android-arm64/Build/xml2/CMakeFiles/CMakeTmp'
make[4]: Leaving directory '/root/linphone/linphone-android/WORK/android-arm64/Build/xml2/CMakeFiles/CMakeTmp'


Determining if the include file arpa/nameser.h exists passed with the following output:
Change Dir: /root/linphone/linphone-android/WORK/android-arm64/Build/xml2/CMakeFiles/CMakeTmp

Run Build Command:"/usr/bin/make" "cmTC_ce1cf/fast"
make[4]: Entering directory '/root/linphone/linphone-android/WORK/android-arm64/Build/xml2/CMakeFiles/CMakeTmp'
/usr/bin/make -f CMakeFiles/cmTC_ce1cf.dir/build.make CMakeFiles/cmTC_ce1cf.dir/build
make[5]: Entering directory '/root/linphone/linphone-android/WORK/android-arm64/Build/xml2/CMakeFiles/CMakeTmp'
Building C object CMakeFiles/cmTC_ce1cf.dir/CheckIncludeFile.c.o
/root/android-ndk-r15c/toolchains/llvm/prebuilt/linux-x86_64/bin/clang --target=aarch64-none-linux-android --gcc-toolchain=/root/android-ndk-r15c/toolchains/aarch64-linux-android-4.9/prebuilt/linux-x86_64 --sysroot=/root/android-ndk-r15c/sysroot  -isystem /root/android-ndk-r15c/sysroot/usr/include -isystem /root/android-ndk-r15c/sysroot/usr/include/aarch64-linux-android  -funwind-tables -no-canonical-prefixes -D__ANDROID_API__=21 -fexceptions  -g -fPIE   -o CMakeFiles/cmTC_ce1cf.dir/CheckIncludeFile.c.o   -c /root/linphone/linphone-android/WORK/android-arm64/Build/xml2/CMakeFiles/CMakeTmp/CheckIncludeFile.c
Linking C executable cmTC_ce1cf
/usr/local/bin/cmake -E cmake_link_script CMakeFiles/cmTC_ce1cf.dir/link.txt --verbose=1
/root/android-ndk-r15c/toolchains/llvm/prebuilt/linux-x86_64/bin/clang --target=aarch64-none-linux-android --gcc-toolchain=/root/android-ndk-r15c/toolchains/aarch64-linux-android-4.9/prebuilt/linux-x86_64 --sysroot=/root/android-ndk-r15c/platforms/android-21/arch-arm64 -funwind-tables -no-canonical-prefixes -D__ANDROID_API__=21 -fexceptions  -g  -fPIE -pie -Wl,--gc-sections  CMakeFiles/cmTC_ce1cf.dir/CheckIncludeFile.c.o  -o cmTC_ce1cf 
make[5]: Leaving directory '/root/linphone/linphone-android/WORK/android-arm64/Build/xml2/CMakeFiles/CMakeTmp'
make[4]: Leaving directory '/root/linphone/linphone-android/WORK/android-arm64/Build/xml2/CMakeFiles/CMakeTmp'


Determining if the include file resolv.h exists passed with the following output:
Change Dir: /root/linphone/linphone-android/WORK/android-arm64/Build/xml2/CMakeFiles/CMakeTmp

Run Build Command:"/usr/bin/make" "cmTC_72b1b/fast"
make[4]: Entering directory '/root/linphone/linphone-android/WORK/android-arm64/Build/xml2/CMakeFiles/CMakeTmp'
/usr/bin/make -f CMakeFiles/cmTC_72b1b.dir/build.make CMakeFiles/cmTC_72b1b.dir/build
make[5]: Entering directory '/root/linphone/linphone-android/WORK/android-arm64/Build/xml2/CMakeFiles/CMakeTmp'
Building C object CMakeFiles/cmTC_72b1b.dir/CheckIncludeFile.c.o
/root/android-ndk-r15c/toolchains/llvm/prebuilt/linux-x86_64/bin/clang --target=aarch64-none-linux-android --gcc-toolchain=/root/android-ndk-r15c/toolchains/aarch64-linux-android-4.9/prebuilt/linux-x86_64 --sysroot=/root/android-ndk-r15c/sysroot  -isystem /root/android-ndk-r15c/sysroot/usr/include -isystem /root/android-ndk-r15c/sysroot/usr/include/aarch64-linux-android  -funwind-tables -no-canonical-prefixes -D__ANDROID_API__=21 -fexceptions  -g -fPIE   -o CMakeFiles/cmTC_72b1b.dir/CheckIncludeFile.c.o   -c /root/linphone/linphone-android/WORK/android-arm64/Build/xml2/CMakeFiles/CMakeTmp/CheckIncludeFile.c
Linking C executable cmTC_72b1b
/usr/local/bin/cmake -E cmake_link_script CMakeFiles/cmTC_72b1b.dir/link.txt --verbose=1
/root/android-ndk-r15c/toolchains/llvm/prebuilt/linux-x86_64/bin/clang --target=aarch64-none-linux-android --gcc-toolchain=/root/android-ndk-r15c/toolchains/aarch64-linux-android-4.9/prebuilt/linux-x86_64 --sysroot=/root/android-ndk-r15c/platforms/android-21/arch-arm64 -funwind-tables -no-canonical-prefixes -D__ANDROID_API__=21 -fexceptions  -g  -fPIE -pie -Wl,--gc-sections  CMakeFiles/cmTC_72b1b.dir/CheckIncludeFile.c.o  -o cmTC_72b1b 
make[5]: Leaving directory '/root/linphone/linphone-android/WORK/android-arm64/Build/xml2/CMakeFiles/CMakeTmp'
make[4]: Leaving directory '/root/linphone/linphone-android/WORK/android-arm64/Build/xml2/CMakeFiles/CMakeTmp'


Determining if the va_copy exist passed with the following output:
Change Dir: /root/linphone/linphone-android/WORK/android-arm64/Build/xml2/CMakeFiles/CMakeTmp

Run Build Command:"/usr/bin/make" "cmTC_e838c/fast"
make[4]: Entering directory '/root/linphone/linphone-android/WORK/android-arm64/Build/xml2/CMakeFiles/CMakeTmp'
/usr/bin/make -f CMakeFiles/cmTC_e838c.dir/build.make CMakeFiles/cmTC_e838c.dir/build
make[5]: Entering directory '/root/linphone/linphone-android/WORK/android-arm64/Build/xml2/CMakeFiles/CMakeTmp'
Building C object CMakeFiles/cmTC_e838c.dir/CheckSymbolExists.c.o
/root/android-ndk-r15c/toolchains/llvm/prebuilt/linux-x86_64/bin/clang --target=aarch64-none-linux-android --gcc-toolchain=/root/android-ndk-r15c/toolchains/aarch64-linux-android-4.9/prebuilt/linux-x86_64 --sysroot=/root/android-ndk-r15c/sysroot  -isystem /root/android-ndk-r15c/sysroot/usr/include -isystem /root/android-ndk-r15c/sysroot/usr/include/aarch64-linux-android  -funwind-tables -no-canonical-prefixes -D__ANDROID_API__=21 -fexceptions  -g -fPIE   -o CMakeFiles/cmTC_e838c.dir/CheckSymbolExists.c.o   -c /root/linphone/linphone-android/WORK/android-arm64/Build/xml2/CMakeFiles/CMakeTmp/CheckSymbolExists.c
Linking C executable cmTC_e838c
/usr/local/bin/cmake -E cmake_link_script CMakeFiles/cmTC_e838c.dir/link.txt --verbose=1
/root/android-ndk-r15c/toolchains/llvm/prebuilt/linux-x86_64/bin/clang --target=aarch64-none-linux-android --gcc-toolchain=/root/android-ndk-r15c/toolchains/aarch64-linux-android-4.9/prebuilt/linux-x86_64 --sysroot=/root/android-ndk-r15c/platforms/android-21/arch-arm64 -funwind-tables -no-canonical-prefixes -D__ANDROID_API__=21 -fexceptions  -g  -fPIE -pie -Wl,--gc-sections  CMakeFiles/cmTC_e838c.dir/CheckSymbolExists.c.o  -o cmTC_e838c 
make[5]: Leaving directory '/root/linphone/linphone-android/WORK/android-arm64/Build/xml2/CMakeFiles/CMakeTmp'
make[4]: Leaving directory '/root/linphone/linphone-android/WORK/android-arm64/Build/xml2/CMakeFiles/CMakeTmp'

File /root/linphone/linphone-android/WORK/android-arm64/Build/xml2/CMakeFiles/CMakeTmp/CheckSymbolExists.c:
/* */
#include <stdarg.h>

int main(int argc, char** argv)
{
  (void)argv;
#ifndef va_copy
  return ((int*)(&va_copy))[argc];
#else
  (void)argc;
  return 0;
#endif
}

